2023-08-11 16:21:30.308 | INFO     | __main__:__init__:120 - all init start
2023-08-11 16:21:30.496 | INFO     | petC:setMouseEvent:219 - setMouseEvent running--- slime
2023-08-11 16:21:30.499 | INFO     | petC:setMouseEvent:224 - 

2023-08-11 16:21:30.502 | INFO     | petC:initAI:419 - slime initAI running
2023-08-11 16:21:30.503 | DEBUG    | __main__:run:31 - []
2023-08-11 16:21:30.531 | INFO     | petC:hide:227 - slime hide
2023-08-11 16:21:30.552 | INFO     | petC:setMouseEvent:219 - setMouseEvent running--- red
2023-08-11 16:21:30.553 | DEBUG    | __main__:run:31 - []
2023-08-11 16:21:30.554 | INFO     | petC:setMouseEvent:224 - 

2023-08-11 16:21:30.560 | INFO     | petC:initAI:419 - red initAI running
2023-08-11 16:21:30.562 | DEBUG    | __main__:run:31 - []
2023-08-11 16:21:30.565 | INFO     | petC:hide:227 - red hide
2023-08-11 16:21:30.588 | INFO     | petC:setMouseEvent:219 - setMouseEvent running--- orange
2023-08-11 16:21:30.590 | DEBUG    | __main__:run:31 - []
2023-08-11 16:21:30.591 | INFO     | petC:setMouseEvent:224 - 

2023-08-11 16:21:30.595 | INFO     | petC:initAI:419 - orange initAI running
2023-08-11 16:21:30.597 | DEBUG    | __main__:run:31 - []
2023-08-11 16:21:30.601 | INFO     | petC:hide:227 - orange hide
2023-08-11 16:21:30.628 | INFO     | petC:setMouseEvent:219 - setMouseEvent running--- yellow
2023-08-11 16:21:30.631 | DEBUG    | __main__:run:31 - []
2023-08-11 16:21:30.633 | INFO     | petC:setMouseEvent:224 - 

2023-08-11 16:21:30.638 | INFO     | petC:initAI:419 - yellow initAI running
2023-08-11 16:21:30.640 | DEBUG    | __main__:run:31 - []
2023-08-11 16:21:30.642 | INFO     | petC:hide:227 - yellow hide
2023-08-11 16:21:30.649 | DEBUG    | __main__:run:31 - []
2023-08-11 16:21:30.669 | INFO     | petC:setMouseEvent:219 - setMouseEvent running--- green
2023-08-11 16:21:30.674 | INFO     | petC:setMouseEvent:224 - 

2023-08-11 16:21:30.676 | DEBUG    | __main__:run:31 - []
2023-08-11 16:21:30.679 | INFO     | petC:initAI:419 - green initAI running
2023-08-11 16:21:30.686 | INFO     | petC:hide:227 - green hide
2023-08-11 16:21:30.688 | DEBUG    | __main__:run:31 - []
2023-08-11 16:21:30.704 | INFO     | petC:setMouseEvent:219 - setMouseEvent running--- blue
2023-08-11 16:21:30.711 | INFO     | petC:setMouseEvent:224 - 

2023-08-11 16:21:30.711 | DEBUG    | __main__:run:31 - []
2023-08-11 16:21:30.714 | INFO     | petC:initAI:419 - blue initAI running
2023-08-11 16:21:30.722 | INFO     | petC:hide:227 - blue hide
2023-08-11 16:21:30.723 | DEBUG    | __main__:run:31 - []
2023-08-11 16:21:30.745 | INFO     | petC:setMouseEvent:219 - setMouseEvent running--- purple
2023-08-11 16:21:30.751 | INFO     | petC:setMouseEvent:224 - 

2023-08-11 16:21:30.753 | DEBUG    | __main__:run:31 - []
2023-08-11 16:21:30.754 | INFO     | petC:initAI:419 - purple initAI running
2023-08-11 16:21:30.763 | INFO     | petC:hide:227 - purple hide
2023-08-11 16:21:30.764 | DEBUG    | __main__:run:31 - []
2023-08-11 16:21:30.767 | INFO     | __main__:initCtrlWindow:180 - init CtrlWindow
2023-08-11 16:21:30.774 | DEBUG    | __main__:run:31 - []
2023-08-11 16:21:31.655 | INFO     | ctrlWindow:__init__:21 - <__main__.Main object at 0x000002D67B7F3490>
2023-08-11 16:21:31.662 | INFO     | ctrlWindow:initEvents:31 - init Events
2023-08-11 16:21:31.664 | DEBUG    | __main__:run:31 - []
2023-08-11 16:21:31.667 | INFO     | __main__:initSysMenu:194 - initSysMenu
2023-08-11 16:21:31.723 | DEBUG    | __main__:run:31 - []
2023-08-11 16:21:31.733 | DEBUG    | __main__:run:31 - []
2023-08-11 16:21:31.743 | DEBUG    | __main__:run:31 - []
2023-08-11 16:21:31.751 | DEBUG    | __main__:run:31 - []
2023-08-11 16:21:31.763 | DEBUG    | __main__:run:31 - []
2023-08-11 16:21:31.772 | DEBUG    | __main__:run:31 - []
2023-08-11 16:21:31.779 | DEBUG    | __main__:run:31 - []
2023-08-11 16:21:31.787 | DEBUG    | __main__:run:31 - []
2023-08-11 16:21:31.795 | DEBUG    | __main__:run:31 - []
2023-08-11 16:21:31.804 | DEBUG    | __main__:run:31 - []
2023-08-11 16:21:31.811 | DEBUG    | __main__:run:31 - []
2023-08-11 16:21:31.821 | DEBUG    | __main__:run:31 - []
2023-08-11 16:21:31.830 | DEBUG    | __main__:run:31 - []
2023-08-11 16:21:31.840 | DEBUG    | __main__:run:31 - []
2023-08-11 16:21:31.847 | DEBUG    | __main__:run:31 - []
2023-08-11 16:21:31.857 | DEBUG    | __main__:run:31 - []
2023-08-11 16:21:31.864 | DEBUG    | __main__:run:31 - []
2023-08-11 16:21:31.872 | DEBUG    | __main__:run:31 - []
2023-08-11 16:21:31.879 | DEBUG    | __main__:run:31 - []
2023-08-11 16:21:31.887 | DEBUG    | __main__:run:31 - []
2023-08-11 16:21:31.893 | DEBUG    | __main__:run:31 - []
2023-08-11 16:21:31.900 | DEBUG    | __main__:run:31 - []
2023-08-11 16:21:31.906 | DEBUG    | __main__:run:31 - []
2023-08-11 16:21:31.913 | DEBUG    | __main__:run:31 - []
2023-08-11 16:21:31.921 | DEBUG    | __main__:run:31 - []
2023-08-11 16:21:31.930 | DEBUG    | __main__:run:31 - []
2023-08-11 16:21:31.936 | DEBUG    | __main__:run:31 - []
2023-08-11 16:21:31.943 | DEBUG    | __main__:run:31 - []
2023-08-11 16:21:31.951 | DEBUG    | __main__:run:31 - []
2023-08-11 16:21:31.958 | DEBUG    | __main__:run:31 - []
2023-08-11 16:21:31.964 | DEBUG    | __main__:run:31 - []
2023-08-11 16:21:31.971 | DEBUG    | __main__:run:31 - []
2023-08-11 16:21:31.977 | DEBUG    | __main__:run:31 - []
2023-08-11 16:21:31.983 | DEBUG    | __main__:run:31 - []
2023-08-11 16:21:31.990 | DEBUG    | __main__:run:31 - []
2023-08-11 16:21:31.996 | DEBUG    | __main__:run:31 - []
2023-08-11 16:21:32.002 | DEBUG    | __main__:run:31 - []
2023-08-11 16:21:32.008 | DEBUG    | __main__:run:31 - []
2023-08-11 16:21:32.013 | DEBUG    | __main__:run:31 - []
2023-08-11 16:21:32.019 | DEBUG    | __main__:run:31 - []
2023-08-11 16:21:32.025 | DEBUG    | __main__:run:31 - []
2023-08-11 16:21:32.031 | DEBUG    | __main__:run:31 - []
2023-08-11 16:21:32.037 | DEBUG    | __main__:run:31 - []
2023-08-11 16:21:32.043 | DEBUG    | __main__:run:31 - []
2023-08-11 16:21:32.048 | DEBUG    | __main__:run:31 - []
2023-08-11 16:21:32.057 | DEBUG    | __main__:run:31 - []
2023-08-11 16:21:32.062 | DEBUG    | __main__:run:31 - []
2023-08-11 16:21:32.068 | DEBUG    | __main__:run:31 - []
2023-08-11 16:21:32.076 | DEBUG    | __main__:run:31 - []
2023-08-11 16:21:32.082 | DEBUG    | __main__:run:31 - []
2023-08-11 16:21:32.088 | DEBUG    | __main__:run:31 - []
2023-08-11 16:21:32.094 | DEBUG    | __main__:run:31 - []
2023-08-11 16:21:32.101 | DEBUG    | __main__:run:31 - []
2023-08-11 16:21:32.109 | DEBUG    | __main__:run:31 - []
2023-08-11 16:21:32.117 | DEBUG    | __main__:run:31 - []
2023-08-11 16:21:32.122 | DEBUG    | __main__:run:31 - []
2023-08-11 16:21:32.127 | DEBUG    | __main__:run:31 - []
2023-08-11 16:21:32.134 | DEBUG    | __main__:run:31 - []
2023-08-11 16:21:32.141 | DEBUG    | __main__:run:31 - []
2023-08-11 16:21:32.148 | DEBUG    | __main__:run:31 - []
2023-08-11 16:21:32.155 | DEBUG    | __main__:run:31 - []
2023-08-11 16:21:32.161 | DEBUG    | __main__:run:31 - []
2023-08-11 16:21:32.169 | DEBUG    | __main__:run:31 - []
2023-08-11 16:21:32.175 | DEBUG    | __main__:run:31 - []
2023-08-11 16:21:32.181 | DEBUG    | __main__:run:31 - []
2023-08-11 16:21:32.186 | DEBUG    | __main__:run:31 - []
2023-08-11 16:21:32.192 | DEBUG    | __main__:run:31 - []
2023-08-11 16:21:32.200 | DEBUG    | __main__:run:31 - []
2023-08-11 16:21:32.205 | DEBUG    | __main__:run:31 - []
2023-08-11 16:21:32.211 | DEBUG    | __main__:run:31 - []
2023-08-11 16:21:32.217 | DEBUG    | __main__:run:31 - []
2023-08-11 16:21:32.223 | DEBUG    | __main__:run:31 - []
2023-08-11 16:21:32.230 | DEBUG    | __main__:run:31 - []
2023-08-11 16:21:32.236 | DEBUG    | __main__:run:31 - []
2023-08-11 16:21:32.242 | DEBUG    | __main__:run:31 - []
2023-08-11 16:21:32.250 | DEBUG    | __main__:run:31 - []
2023-08-11 16:21:32.256 | DEBUG    | __main__:run:31 - []
2023-08-11 16:21:32.263 | DEBUG    | __main__:run:31 - []
2023-08-11 16:21:32.269 | DEBUG    | __main__:run:31 - []
2023-08-11 16:21:32.275 | DEBUG    | __main__:run:31 - []
2023-08-11 16:21:32.281 | DEBUG    | __main__:run:31 - []
2023-08-11 16:21:32.288 | DEBUG    | __main__:run:31 - []
2023-08-11 16:21:32.295 | DEBUG    | __main__:run:31 - []
2023-08-11 16:21:32.301 | DEBUG    | __main__:run:31 - []
2023-08-11 16:21:32.306 | DEBUG    | __main__:run:31 - []
2023-08-11 16:21:32.312 | DEBUG    | __main__:run:31 - []
2023-08-11 16:21:32.317 | DEBUG    | __main__:run:31 - []
2023-08-11 16:21:32.323 | DEBUG    | __main__:run:31 - []
2023-08-11 16:21:32.328 | DEBUG    | __main__:run:31 - []
2023-08-11 16:21:32.334 | DEBUG    | __main__:run:31 - []
2023-08-11 16:21:32.341 | DEBUG    | __main__:run:31 - []
2023-08-11 16:21:32.348 | DEBUG    | __main__:run:31 - []
2023-08-11 16:21:32.354 | DEBUG    | __main__:run:31 - []
2023-08-11 16:21:32.359 | DEBUG    | __main__:run:31 - []
2023-08-11 16:21:32.366 | DEBUG    | __main__:run:31 - []
2023-08-11 16:21:32.372 | DEBUG    | __main__:run:31 - []
2023-08-11 16:21:32.378 | DEBUG    | __main__:run:31 - []
2023-08-11 16:21:32.384 | DEBUG    | __main__:run:31 - []
2023-08-11 16:21:32.390 | DEBUG    | __main__:run:31 - []
2023-08-11 16:21:32.397 | DEBUG    | __main__:run:31 - []
2023-08-11 16:21:32.403 | DEBUG    | __main__:run:31 - []
2023-08-11 16:21:32.408 | DEBUG    | __main__:run:31 - []
2023-08-11 16:21:32.413 | DEBUG    | __main__:run:31 - []
2023-08-11 16:21:32.419 | DEBUG    | __main__:run:31 - []
2023-08-11 16:21:32.425 | DEBUG    | __main__:run:31 - []
2023-08-11 16:21:32.431 | DEBUG    | __main__:run:31 - []
2023-08-11 16:21:32.439 | DEBUG    | __main__:run:31 - []
2023-08-11 16:21:32.445 | DEBUG    | __main__:run:31 - []
2023-08-11 16:21:32.451 | DEBUG    | __main__:run:31 - []
2023-08-11 16:21:32.458 | DEBUG    | __main__:run:31 - []
2023-08-11 16:21:32.464 | DEBUG    | __main__:run:31 - []
2023-08-11 16:21:32.471 | DEBUG    | __main__:run:31 - []
2023-08-11 16:21:32.477 | DEBUG    | __main__:run:31 - []
2023-08-11 16:21:32.488 | DEBUG    | __main__:run:31 - []
2023-08-11 16:21:32.495 | DEBUG    | __main__:run:31 - []
2023-08-11 16:21:32.504 | DEBUG    | __main__:run:31 - []
2023-08-11 16:21:32.509 | DEBUG    | __main__:run:31 - []
2023-08-11 16:21:32.515 | DEBUG    | __main__:run:31 - []
2023-08-11 16:21:32.523 | DEBUG    | __main__:run:31 - []
2023-08-11 16:21:32.529 | DEBUG    | __main__:run:31 - []
2023-08-11 16:21:32.536 | DEBUG    | __main__:run:31 - []
2023-08-11 16:21:32.540 | DEBUG    | __main__:run:31 - []
2023-08-11 16:21:32.546 | DEBUG    | __main__:run:31 - []
2023-08-11 16:21:32.552 | DEBUG    | __main__:run:31 - []
2023-08-11 16:21:32.557 | DEBUG    | __main__:run:31 - []
2023-08-11 16:21:32.564 | DEBUG    | __main__:run:31 - []
2023-08-11 16:21:32.569 | DEBUG    | __main__:run:31 - []
2023-08-11 16:21:32.575 | DEBUG    | __main__:run:31 - []
2023-08-11 16:21:32.582 | DEBUG    | __main__:run:31 - []
2023-08-11 16:21:32.588 | DEBUG    | __main__:run:31 - []
2023-08-11 16:21:32.593 | DEBUG    | __main__:run:31 - []
2023-08-11 16:21:32.600 | DEBUG    | __main__:run:31 - []
2023-08-11 16:21:32.605 | DEBUG    | __main__:run:31 - []
2023-08-11 16:21:32.611 | DEBUG    | __main__:run:31 - []
2023-08-11 16:21:32.617 | DEBUG    | __main__:run:31 - []
2023-08-11 16:21:32.622 | DEBUG    | __main__:run:31 - []
2023-08-11 16:21:32.628 | DEBUG    | __main__:run:31 - []
2023-08-11 16:21:32.634 | DEBUG    | __main__:run:31 - []
2023-08-11 16:21:32.639 | DEBUG    | __main__:run:31 - []
2023-08-11 16:21:32.649 | DEBUG    | __main__:run:31 - []
2023-08-11 16:21:32.656 | DEBUG    | __main__:run:31 - []
2023-08-11 16:21:32.667 | DEBUG    | __main__:run:31 - []
2023-08-11 16:21:32.673 | DEBUG    | __main__:run:31 - []
2023-08-11 16:21:32.679 | DEBUG    | __main__:run:31 - []
2023-08-11 16:21:32.685 | DEBUG    | __main__:run:31 - []
2023-08-11 16:21:32.692 | DEBUG    | __main__:run:31 - []
2023-08-11 16:21:32.698 | DEBUG    | __main__:run:31 - []
2023-08-11 16:21:32.704 | DEBUG    | __main__:run:31 - []
2023-08-11 16:21:32.713 | DEBUG    | __main__:run:31 - []
2023-08-11 16:21:32.719 | DEBUG    | __main__:run:31 - []
2023-08-11 16:21:32.727 | DEBUG    | __main__:run:31 - []
2023-08-11 16:21:32.733 | DEBUG    | __main__:run:31 - []
2023-08-11 16:21:32.743 | DEBUG    | __main__:run:31 - []
2023-08-11 16:21:32.749 | DEBUG    | __main__:run:31 - []
2023-08-11 16:21:32.755 | DEBUG    | __main__:run:31 - []
2023-08-11 16:21:32.762 | DEBUG    | __main__:run:31 - []
2023-08-11 16:21:32.769 | DEBUG    | __main__:run:31 - []
2023-08-11 16:21:32.775 | DEBUG    | __main__:run:31 - []
2023-08-11 16:21:32.783 | DEBUG    | __main__:run:31 - []
2023-08-11 16:21:32.789 | DEBUG    | __main__:run:31 - []
2023-08-11 16:21:32.794 | DEBUG    | __main__:run:31 - []
2023-08-11 16:21:32.801 | DEBUG    | __main__:run:31 - []
2023-08-11 16:21:32.807 | DEBUG    | __main__:run:31 - []
2023-08-11 16:21:32.813 | DEBUG    | __main__:run:31 - []
2023-08-11 16:21:32.818 | DEBUG    | __main__:run:31 - []
2023-08-11 16:21:32.824 | DEBUG    | __main__:run:31 - []
2023-08-11 16:21:32.830 | DEBUG    | __main__:run:31 - []
2023-08-11 16:21:32.835 | DEBUG    | __main__:run:31 - []
2023-08-11 16:21:32.841 | DEBUG    | __main__:run:31 - []
2023-08-11 16:21:32.847 | DEBUG    | __main__:run:31 - []
2023-08-11 16:21:32.853 | DEBUG    | __main__:run:31 - []
2023-08-11 16:21:32.859 | DEBUG    | __main__:run:31 - []
2023-08-11 16:21:32.866 | DEBUG    | __main__:run:31 - []
2023-08-11 16:21:32.872 | DEBUG    | __main__:run:31 - []
2023-08-11 16:21:32.878 | DEBUG    | __main__:run:31 - []
2023-08-11 16:21:32.884 | DEBUG    | __main__:run:31 - []
2023-08-11 16:21:32.889 | DEBUG    | __main__:run:31 - []
2023-08-11 16:21:32.895 | DEBUG    | __main__:run:31 - []
2023-08-11 16:21:32.901 | DEBUG    | __main__:run:31 - []
2023-08-11 16:21:32.907 | DEBUG    | __main__:run:31 - []
2023-08-11 16:21:32.915 | DEBUG    | __main__:run:31 - []
2023-08-11 16:21:32.921 | DEBUG    | __main__:run:31 - []
2023-08-11 16:21:32.928 | DEBUG    | __main__:run:31 - []
2023-08-11 16:21:32.934 | DEBUG    | __main__:run:31 - []
2023-08-11 16:21:32.941 | DEBUG    | __main__:run:31 - []
2023-08-11 16:21:32.950 | DEBUG    | __main__:run:31 - []
2023-08-11 16:21:32.959 | DEBUG    | __main__:run:31 - []
2023-08-11 16:21:32.969 | DEBUG    | __main__:run:31 - []
2023-08-11 16:21:32.974 | DEBUG    | __main__:run:31 - []
2023-08-11 16:21:32.981 | DEBUG    | __main__:run:31 - []
2023-08-11 16:21:32.987 | DEBUG    | __main__:run:31 - []
2023-08-11 16:21:32.993 | DEBUG    | __main__:run:31 - []
2023-08-11 16:21:32.999 | DEBUG    | __main__:run:31 - []
2023-08-11 16:21:33.007 | DEBUG    | __main__:run:31 - []
2023-08-11 16:21:33.012 | DEBUG    | __main__:run:31 - []
2023-08-11 16:21:33.018 | DEBUG    | __main__:run:31 - []
2023-08-11 16:21:33.025 | DEBUG    | __main__:run:31 - []
2023-08-11 16:21:33.030 | DEBUG    | __main__:run:31 - []
2023-08-11 16:21:33.036 | DEBUG    | __main__:run:31 - []
2023-08-11 16:21:33.046 | DEBUG    | __main__:run:31 - []
2023-08-11 16:21:33.052 | DEBUG    | __main__:run:31 - []
2023-08-11 16:21:33.061 | DEBUG    | __main__:run:31 - []
2023-08-11 16:21:33.068 | DEBUG    | __main__:run:31 - []
2023-08-11 16:21:33.075 | DEBUG    | __main__:run:31 - []
2023-08-11 16:21:33.081 | DEBUG    | __main__:run:31 - []
2023-08-11 16:21:33.087 | DEBUG    | __main__:run:31 - []
2023-08-11 16:21:33.096 | DEBUG    | __main__:run:31 - []
2023-08-11 16:21:33.102 | DEBUG    | __main__:run:31 - []
2023-08-11 16:21:33.107 | DEBUG    | __main__:run:31 - []
2023-08-11 16:21:33.113 | DEBUG    | __main__:run:31 - []
2023-08-11 16:21:33.122 | DEBUG    | __main__:run:31 - []
2023-08-11 16:21:33.128 | DEBUG    | __main__:run:31 - []
2023-08-11 16:21:33.133 | DEBUG    | __main__:run:31 - []
2023-08-11 16:21:33.139 | DEBUG    | __main__:run:31 - []
2023-08-11 16:21:33.145 | DEBUG    | __main__:run:31 - []
2023-08-11 16:21:33.152 | DEBUG    | __main__:run:31 - []
2023-08-11 16:21:33.158 | DEBUG    | __main__:run:31 - []
2023-08-11 16:21:33.165 | DEBUG    | __main__:run:31 - []
2023-08-11 16:21:33.173 | DEBUG    | __main__:run:31 - []
2023-08-11 16:21:33.178 | DEBUG    | __main__:run:31 - []
2023-08-11 16:21:33.185 | DEBUG    | __main__:run:31 - []
2023-08-11 16:21:33.190 | DEBUG    | __main__:run:31 - []
2023-08-11 16:21:33.196 | DEBUG    | __main__:run:31 - []
2023-08-11 16:21:33.201 | DEBUG    | __main__:run:31 - []
2023-08-11 16:21:33.207 | DEBUG    | __main__:run:31 - []
2023-08-11 16:21:33.215 | DEBUG    | __main__:run:31 - []
2023-08-11 16:21:33.222 | DEBUG    | __main__:run:31 - []
2023-08-11 16:21:33.228 | DEBUG    | __main__:run:31 - []
2023-08-11 16:21:33.234 | DEBUG    | __main__:run:31 - []
2023-08-11 16:21:33.241 | DEBUG    | __main__:run:31 - []
2023-08-11 16:21:33.248 | DEBUG    | __main__:run:31 - []
2023-08-11 16:21:33.254 | DEBUG    | __main__:run:31 - []
2023-08-11 16:21:33.261 | DEBUG    | __main__:run:31 - []
2023-08-11 16:21:33.267 | DEBUG    | __main__:run:31 - []
2023-08-11 16:21:33.273 | DEBUG    | __main__:run:31 - []
2023-08-11 16:21:33.282 | DEBUG    | __main__:run:31 - []
2023-08-11 16:21:33.290 | DEBUG    | __main__:run:31 - []
2023-08-11 16:21:33.299 | DEBUG    | __main__:run:31 - []
2023-08-11 16:21:33.306 | DEBUG    | __main__:run:31 - []
2023-08-11 16:21:33.318 | DEBUG    | __main__:run:31 - []
2023-08-11 16:21:33.325 | DEBUG    | __main__:run:31 - []
2023-08-11 16:21:33.332 | DEBUG    | __main__:run:31 - []
2023-08-11 16:21:33.340 | DEBUG    | __main__:run:31 - []
2023-08-11 16:21:33.346 | DEBUG    | __main__:run:31 - []
2023-08-11 16:21:33.352 | DEBUG    | __main__:run:31 - []
2023-08-11 16:21:33.361 | DEBUG    | __main__:run:31 - []
2023-08-11 16:21:33.368 | DEBUG    | __main__:run:31 - []
2023-08-11 16:21:33.374 | DEBUG    | __main__:run:31 - []
2023-08-11 16:21:33.381 | DEBUG    | __main__:run:31 - []
2023-08-11 16:21:33.387 | DEBUG    | __main__:run:31 - []
2023-08-11 16:21:33.395 | DEBUG    | __main__:run:31 - []
2023-08-11 16:21:33.401 | DEBUG    | __main__:run:31 - []
2023-08-11 16:21:33.411 | DEBUG    | __main__:run:31 - []
2023-08-11 16:21:33.417 | DEBUG    | __main__:run:31 - []
2023-08-11 16:21:33.425 | DEBUG    | __main__:run:31 - []
2023-08-11 16:21:33.432 | DEBUG    | __main__:run:31 - []
2023-08-11 16:21:33.442 | DEBUG    | __main__:run:31 - []
2023-08-11 16:21:33.448 | DEBUG    | __main__:run:31 - []
2023-08-11 16:21:33.457 | DEBUG    | __main__:run:31 - []
2023-08-11 16:21:33.462 | DEBUG    | __main__:run:31 - []
2023-08-11 16:21:33.469 | DEBUG    | __main__:run:31 - []
2023-08-11 16:21:33.476 | DEBUG    | __main__:run:31 - []
2023-08-11 16:21:33.482 | DEBUG    | __main__:run:31 - []
2023-08-11 16:21:33.490 | DEBUG    | __main__:run:31 - []
2023-08-11 16:21:33.496 | DEBUG    | __main__:run:31 - []
2023-08-11 16:21:33.503 | DEBUG    | __main__:run:31 - []
2023-08-11 16:21:33.509 | DEBUG    | __main__:run:31 - []
2023-08-11 16:21:33.514 | DEBUG    | __main__:run:31 - []
2023-08-11 16:21:33.521 | DEBUG    | __main__:run:31 - []
2023-08-11 16:21:33.526 | DEBUG    | __main__:run:31 - []
2023-08-11 16:21:33.533 | DEBUG    | __main__:run:31 - []
2023-08-11 16:21:33.539 | DEBUG    | __main__:run:31 - []
2023-08-11 16:21:33.545 | DEBUG    | __main__:run:31 - []
2023-08-11 16:21:33.551 | DEBUG    | __main__:run:31 - []
2023-08-11 16:21:33.556 | DEBUG    | __main__:run:31 - []
2023-08-11 16:21:33.562 | DEBUG    | __main__:run:31 - []
2023-08-11 16:21:33.567 | DEBUG    | __main__:run:31 - []
2023-08-11 16:21:33.574 | DEBUG    | __main__:run:31 - []
2023-08-11 16:21:33.582 | DEBUG    | __main__:run:31 - []
2023-08-11 16:21:33.588 | DEBUG    | __main__:run:31 - []
2023-08-11 16:21:33.598 | DEBUG    | __main__:run:31 - []
2023-08-11 16:21:33.603 | DEBUG    | __main__:run:31 - []
2023-08-11 16:21:33.611 | DEBUG    | __main__:run:31 - []
2023-08-11 16:21:33.616 | DEBUG    | __main__:run:31 - []
2023-08-11 16:21:33.623 | DEBUG    | __main__:run:31 - []
2023-08-11 16:21:33.629 | DEBUG    | __main__:run:31 - []
2023-08-11 16:21:33.635 | DEBUG    | __main__:run:31 - []
2023-08-11 16:21:33.642 | DEBUG    | __main__:run:31 - []
2023-08-11 16:21:33.648 | DEBUG    | __main__:run:31 - []
2023-08-11 16:21:33.654 | DEBUG    | __main__:run:31 - []
2023-08-11 16:21:33.661 | DEBUG    | __main__:run:31 - []
2023-08-11 16:21:33.668 | DEBUG    | __main__:run:31 - []
2023-08-11 16:21:33.675 | DEBUG    | __main__:run:31 - []
2023-08-11 16:21:33.680 | DEBUG    | __main__:run:31 - []
2023-08-11 16:21:33.686 | DEBUG    | __main__:run:31 - []
2023-08-11 16:21:33.693 | DEBUG    | __main__:run:31 - []
2023-08-11 16:21:33.698 | DEBUG    | __main__:run:31 - []
2023-08-11 16:21:33.706 | DEBUG    | __main__:run:31 - []
2023-08-11 16:21:33.712 | DEBUG    | __main__:run:31 - []
2023-08-11 16:21:33.723 | DEBUG    | __main__:run:31 - []
2023-08-11 16:21:33.728 | DEBUG    | __main__:run:31 - []
2023-08-11 16:21:33.736 | DEBUG    | __main__:run:31 - []
2023-08-11 16:21:33.741 | DEBUG    | __main__:run:31 - []
2023-08-11 16:21:33.747 | DEBUG    | __main__:run:31 - []
2023-08-11 16:21:33.754 | DEBUG    | __main__:run:31 - []
2023-08-11 16:21:33.759 | DEBUG    | __main__:run:31 - []
2023-08-11 16:21:33.767 | DEBUG    | __main__:run:31 - []
2023-08-11 16:21:33.773 | DEBUG    | __main__:run:31 - []
2023-08-11 16:21:33.779 | DEBUG    | __main__:run:31 - []
2023-08-11 16:21:33.785 | DEBUG    | __main__:run:31 - []
2023-08-11 16:21:33.791 | DEBUG    | __main__:run:31 - []
2023-08-11 16:21:33.799 | DEBUG    | __main__:run:31 - []
2023-08-11 16:21:33.805 | DEBUG    | __main__:run:31 - []
2023-08-11 16:21:33.812 | DEBUG    | __main__:run:31 - []
2023-08-11 16:21:33.819 | DEBUG    | __main__:run:31 - []
2023-08-11 16:21:33.826 | DEBUG    | __main__:run:31 - []
2023-08-11 16:21:33.832 | DEBUG    | __main__:run:31 - []
2023-08-11 16:21:33.838 | DEBUG    | __main__:run:31 - []
2023-08-11 16:21:33.844 | DEBUG    | __main__:run:31 - []
2023-08-11 16:21:33.851 | DEBUG    | __main__:run:31 - []
2023-08-11 16:21:33.858 | DEBUG    | __main__:run:31 - []
2023-08-11 16:21:33.865 | DEBUG    | __main__:run:31 - []
2023-08-11 16:21:33.871 | DEBUG    | __main__:run:31 - []
2023-08-11 16:21:33.878 | DEBUG    | __main__:run:31 - []
2023-08-11 16:21:33.884 | DEBUG    | __main__:run:31 - []
2023-08-11 16:21:33.891 | DEBUG    | __main__:run:31 - []
2023-08-11 16:21:33.897 | DEBUG    | __main__:run:31 - []
2023-08-11 16:21:33.904 | DEBUG    | __main__:run:31 - []
2023-08-11 16:21:33.911 | DEBUG    | __main__:run:31 - []
2023-08-11 16:21:33.917 | DEBUG    | __main__:run:31 - []
2023-08-11 16:21:33.925 | DEBUG    | __main__:run:31 - []
2023-08-11 16:21:33.931 | DEBUG    | __main__:run:31 - []
2023-08-11 16:21:33.939 | DEBUG    | __main__:run:31 - []
2023-08-11 16:21:33.947 | DEBUG    | __main__:run:31 - []
2023-08-11 16:21:33.954 | DEBUG    | __main__:run:31 - []
2023-08-11 16:21:33.962 | DEBUG    | __main__:run:31 - []
2023-08-11 16:21:33.970 | DEBUG    | __main__:run:31 - []
2023-08-11 16:21:33.976 | DEBUG    | __main__:run:31 - []
2023-08-11 16:21:33.982 | DEBUG    | __main__:run:31 - []
2023-08-11 16:21:33.991 | DEBUG    | __main__:run:31 - []
2023-08-11 16:21:33.999 | DEBUG    | __main__:run:31 - []
2023-08-11 16:21:34.009 | DEBUG    | __main__:run:31 - []
2023-08-11 16:21:34.016 | DEBUG    | __main__:run:31 - []
2023-08-11 16:21:34.023 | DEBUG    | __main__:run:31 - []
2023-08-11 16:21:34.029 | DEBUG    | __main__:run:31 - []
2023-08-11 16:21:34.038 | DEBUG    | __main__:run:31 - []
2023-08-11 16:21:34.044 | DEBUG    | __main__:run:31 - []
2023-08-11 16:21:34.054 | DEBUG    | __main__:run:31 - []
2023-08-11 16:21:34.060 | DEBUG    | __main__:run:31 - []
2023-08-11 16:21:34.067 | DEBUG    | __main__:run:31 - []
2023-08-11 16:21:34.073 | DEBUG    | __main__:run:31 - []
2023-08-11 16:21:34.080 | DEBUG    | __main__:run:31 - []
2023-08-11 16:21:34.086 | DEBUG    | __main__:run:31 - []
2023-08-11 16:21:34.092 | DEBUG    | __main__:run:31 - []
2023-08-11 16:21:34.098 | DEBUG    | __main__:run:31 - []
2023-08-11 16:21:34.104 | DEBUG    | __main__:run:31 - []
2023-08-11 16:21:34.111 | DEBUG    | __main__:run:31 - []
2023-08-11 16:21:34.116 | DEBUG    | __main__:run:31 - []
2023-08-11 16:21:34.122 | DEBUG    | __main__:run:31 - []
2023-08-11 16:21:34.129 | DEBUG    | __main__:run:31 - []
2023-08-11 16:21:34.134 | DEBUG    | __main__:run:31 - []
2023-08-11 16:21:34.139 | DEBUG    | __main__:run:31 - []
2023-08-11 16:21:34.148 | DEBUG    | __main__:run:31 - []
2023-08-11 16:21:34.158 | DEBUG    | __main__:run:31 - []
2023-08-11 16:21:34.171 | DEBUG    | __main__:run:31 - []
2023-08-11 16:21:34.183 | DEBUG    | __main__:run:31 - []
2023-08-11 16:21:34.191 | DEBUG    | __main__:run:31 - []
2023-08-11 16:21:34.197 | DEBUG    | __main__:run:31 - []
2023-08-11 16:21:34.205 | DEBUG    | __main__:run:31 - []
2023-08-11 16:21:34.211 | DEBUG    | __main__:run:31 - []
2023-08-11 16:21:34.217 | DEBUG    | __main__:run:31 - []
2023-08-11 16:21:34.224 | DEBUG    | __main__:run:31 - []
2023-08-11 16:21:34.232 | DEBUG    | __main__:run:31 - []
2023-08-11 16:21:34.240 | DEBUG    | __main__:run:31 - []
2023-08-11 16:21:34.248 | DEBUG    | __main__:run:31 - []
2023-08-11 16:21:34.256 | DEBUG    | __main__:run:31 - []
2023-08-11 16:21:34.262 | DEBUG    | __main__:run:31 - []
2023-08-11 16:21:34.271 | DEBUG    | __main__:run:31 - []
2023-08-11 16:21:34.278 | DEBUG    | __main__:run:31 - []
2023-08-11 16:21:34.284 | DEBUG    | __main__:run:31 - []
2023-08-11 16:21:34.292 | DEBUG    | __main__:run:31 - []
2023-08-11 16:21:34.299 | DEBUG    | __main__:run:31 - []
2023-08-11 16:21:34.312 | DEBUG    | __main__:run:31 - []
2023-08-11 16:21:34.322 | DEBUG    | __main__:run:31 - []
2023-08-11 16:21:34.331 | DEBUG    | __main__:run:31 - []
2023-08-11 16:21:34.343 | DEBUG    | __main__:run:31 - []
2023-08-11 16:21:34.352 | DEBUG    | __main__:run:31 - []
2023-08-11 16:21:34.359 | DEBUG    | __main__:run:31 - []
2023-08-11 16:21:34.370 | DEBUG    | __main__:run:31 - []
2023-08-11 16:21:34.376 | DEBUG    | __main__:run:31 - []
2023-08-11 16:21:34.385 | DEBUG    | __main__:run:31 - []
2023-08-11 16:21:34.392 | DEBUG    | __main__:run:31 - []
2023-08-11 16:21:34.403 | DEBUG    | __main__:run:31 - []
2023-08-11 16:21:34.410 | DEBUG    | __main__:run:31 - []
2023-08-11 16:21:34.416 | DEBUG    | __main__:run:31 - []
2023-08-11 16:21:34.423 | DEBUG    | __main__:run:31 - []
2023-08-11 16:21:34.429 | DEBUG    | __main__:run:31 - []
2023-08-11 16:21:34.435 | DEBUG    | __main__:run:31 - []
2023-08-11 16:21:34.441 | DEBUG    | __main__:run:31 - []
2023-08-11 16:21:34.446 | DEBUG    | __main__:run:31 - []
2023-08-11 16:21:34.452 | DEBUG    | __main__:run:31 - []
2023-08-11 16:21:34.460 | DEBUG    | __main__:run:31 - []
2023-08-11 16:21:34.466 | DEBUG    | __main__:run:31 - []
2023-08-11 16:21:34.479 | DEBUG    | __main__:run:31 - []
2023-08-11 16:21:34.488 | DEBUG    | __main__:run:31 - []
2023-08-11 16:21:34.496 | DEBUG    | __main__:run:31 - []
2023-08-11 16:21:34.504 | DEBUG    | __main__:run:31 - []
2023-08-11 16:21:34.515 | DEBUG    | __main__:run:31 - []
2023-08-11 16:21:34.523 | DEBUG    | __main__:run:31 - []
2023-08-11 16:21:34.530 | DEBUG    | __main__:run:31 - []
2023-08-11 16:21:34.541 | DEBUG    | __main__:run:31 - []
2023-08-11 16:21:34.547 | DEBUG    | __main__:run:31 - []
2023-08-11 16:21:34.558 | DEBUG    | __main__:run:31 - []
2023-08-11 16:21:34.564 | DEBUG    | __main__:run:31 - []
2023-08-11 16:21:34.574 | DEBUG    | __main__:run:31 - []
2023-08-11 16:21:34.582 | DEBUG    | __main__:run:31 - []
2023-08-11 16:21:34.593 | DEBUG    | __main__:run:31 - []
2023-08-11 16:21:34.603 | DEBUG    | __main__:run:31 - []
2023-08-11 16:21:34.609 | DEBUG    | __main__:run:31 - []
2023-08-11 16:21:34.623 | DEBUG    | __main__:run:31 - []
2023-08-11 16:21:34.639 | DEBUG    | __main__:run:31 - []
2023-08-11 16:21:34.647 | DEBUG    | __main__:run:31 - []
2023-08-11 16:21:34.659 | DEBUG    | __main__:run:31 - []
2023-08-11 16:21:34.671 | DEBUG    | __main__:run:31 - []
2023-08-11 16:21:34.679 | DEBUG    | __main__:run:31 - []
2023-08-11 16:21:34.690 | DEBUG    | __main__:run:31 - []
2023-08-11 16:21:34.701 | DEBUG    | __main__:run:31 - []
2023-08-11 16:21:34.711 | DEBUG    | __main__:run:31 - []
2023-08-11 16:21:34.724 | DEBUG    | __main__:run:31 - []
2023-08-11 16:21:34.734 | DEBUG    | __main__:run:31 - []
2023-08-11 16:21:34.743 | DEBUG    | __main__:run:31 - []
2023-08-11 16:21:34.754 | DEBUG    | __main__:run:31 - []
2023-08-11 16:21:34.764 | DEBUG    | __main__:run:31 - []
2023-08-11 16:21:34.773 | DEBUG    | __main__:run:31 - []
2023-08-11 16:21:34.783 | DEBUG    | __main__:run:31 - []
2023-08-11 16:21:34.791 | DEBUG    | __main__:run:31 - []
2023-08-11 16:21:34.797 | DEBUG    | __main__:run:31 - []
2023-08-11 16:21:34.804 | DEBUG    | __main__:run:31 - []
2023-08-11 16:21:34.812 | DEBUG    | __main__:run:31 - []
2023-08-11 16:21:34.819 | DEBUG    | __main__:run:31 - []
2023-08-11 16:21:34.830 | DEBUG    | __main__:run:31 - []
2023-08-11 16:21:34.836 | DEBUG    | __main__:run:31 - []
2023-08-11 16:21:34.847 | DEBUG    | __main__:run:31 - []
2023-08-11 16:21:34.855 | DEBUG    | __main__:run:31 - []
2023-08-11 16:21:34.861 | DEBUG    | __main__:run:31 - []
2023-08-11 16:21:34.867 | DEBUG    | __main__:run:31 - []
2023-08-11 16:21:34.872 | DEBUG    | __main__:run:31 - []
2023-08-11 16:21:34.881 | DEBUG    | __main__:run:31 - []
2023-08-11 16:21:34.893 | DEBUG    | __main__:run:31 - []
2023-08-11 16:21:34.908 | DEBUG    | __main__:run:31 - []
2023-08-11 16:21:34.917 | DEBUG    | __main__:run:31 - []
2023-08-11 16:21:34.924 | DEBUG    | __main__:run:31 - []
2023-08-11 16:21:34.931 | DEBUG    | __main__:run:31 - []
2023-08-11 16:21:34.938 | DEBUG    | __main__:run:31 - []
2023-08-11 16:21:34.946 | DEBUG    | __main__:run:31 - []
2023-08-11 16:21:34.953 | DEBUG    | __main__:run:31 - []
2023-08-11 16:21:34.959 | DEBUG    | __main__:run:31 - []
2023-08-11 16:21:34.966 | DEBUG    | __main__:run:31 - []
2023-08-11 16:21:34.972 | DEBUG    | __main__:run:31 - []
2023-08-11 16:21:34.984 | DEBUG    | __main__:run:31 - []
2023-08-11 16:21:34.995 | DEBUG    | __main__:run:31 - []
2023-08-11 16:21:35.005 | DEBUG    | __main__:run:31 - []
2023-08-11 16:21:35.016 | DEBUG    | __main__:run:31 - []
2023-08-11 16:21:35.023 | DEBUG    | __main__:run:31 - []
2023-08-11 16:21:35.033 | DEBUG    | __main__:run:31 - []
2023-08-11 16:21:35.041 | DEBUG    | __main__:run:31 - []
2023-08-11 16:21:35.051 | DEBUG    | __main__:run:31 - []
2023-08-11 16:21:35.061 | DEBUG    | __main__:run:31 - []
2023-08-11 16:21:35.068 | DEBUG    | __main__:run:31 - []
2023-08-11 16:21:35.077 | DEBUG    | __main__:run:31 - []
2023-08-11 16:21:35.082 | DEBUG    | __main__:run:31 - []
2023-08-11 16:21:35.091 | DEBUG    | __main__:run:31 - []
2023-08-11 16:21:35.098 | DEBUG    | __main__:run:31 - []
2023-08-11 16:21:35.107 | DEBUG    | __main__:run:31 - []
2023-08-11 16:21:35.112 | DEBUG    | __main__:run:31 - []
2023-08-11 16:21:35.121 | DEBUG    | __main__:run:31 - []
2023-08-11 16:21:35.126 | DEBUG    | __main__:run:31 - []
2023-08-11 16:21:35.132 | DEBUG    | __main__:run:31 - []
2023-08-11 16:21:35.139 | DEBUG    | __main__:run:31 - []
2023-08-11 16:21:35.145 | DEBUG    | __main__:run:31 - []
2023-08-11 16:21:35.152 | DEBUG    | __main__:run:31 - []
2023-08-11 16:21:35.157 | DEBUG    | __main__:run:31 - []
2023-08-11 16:21:35.163 | DEBUG    | __main__:run:31 - []
2023-08-11 16:21:35.169 | DEBUG    | __main__:run:31 - []
2023-08-11 16:21:35.175 | DEBUG    | __main__:run:31 - []
2023-08-11 16:21:35.184 | DEBUG    | __main__:run:31 - []
2023-08-11 16:21:35.190 | DEBUG    | __main__:run:31 - []
2023-08-11 16:21:35.201 | DEBUG    | __main__:run:31 - []
2023-08-11 16:21:35.207 | DEBUG    | __main__:run:31 - []
2023-08-11 16:21:35.214 | DEBUG    | __main__:run:31 - []
2023-08-11 16:21:35.221 | DEBUG    | __main__:run:31 - []
2023-08-11 16:21:35.230 | DEBUG    | __main__:run:31 - []
2023-08-11 16:21:35.235 | DEBUG    | __main__:run:31 - []
2023-08-11 16:21:35.241 | DEBUG    | __main__:run:31 - []
2023-08-11 16:21:35.248 | DEBUG    | __main__:run:31 - []
2023-08-11 16:21:35.255 | DEBUG    | __main__:run:31 - []
2023-08-11 16:21:35.261 | DEBUG    | __main__:run:31 - []
2023-08-11 16:21:35.266 | DEBUG    | __main__:run:31 - []
2023-08-11 16:21:35.274 | DEBUG    | __main__:run:31 - []
2023-08-11 16:21:35.280 | DEBUG    | __main__:run:31 - []
2023-08-11 16:21:35.286 | DEBUG    | __main__:run:31 - []
2023-08-11 16:21:35.293 | DEBUG    | __main__:run:31 - []
2023-08-11 16:21:35.299 | DEBUG    | __main__:run:31 - []
2023-08-11 16:21:35.307 | DEBUG    | __main__:run:31 - []
2023-08-11 16:21:35.313 | DEBUG    | __main__:run:31 - []
2023-08-11 16:21:35.324 | DEBUG    | __main__:run:31 - []
2023-08-11 16:21:35.332 | DEBUG    | __main__:run:31 - []
2023-08-11 16:21:35.339 | DEBUG    | __main__:run:31 - []
2023-08-11 16:21:35.348 | DEBUG    | __main__:run:31 - []
2023-08-11 16:21:35.355 | DEBUG    | __main__:run:31 - []
2023-08-11 16:21:35.360 | DEBUG    | __main__:run:31 - []
2023-08-11 16:21:35.368 | DEBUG    | __main__:run:31 - []
2023-08-11 16:21:35.374 | DEBUG    | __main__:run:31 - []
2023-08-11 16:21:35.384 | DEBUG    | __main__:run:31 - []
2023-08-11 16:21:35.392 | DEBUG    | __main__:run:31 - []
2023-08-11 16:21:35.398 | DEBUG    | __main__:run:31 - []
2023-08-11 16:21:35.404 | DEBUG    | __main__:run:31 - []
2023-08-11 16:21:35.411 | DEBUG    | __main__:run:31 - []
2023-08-11 16:21:35.417 | DEBUG    | __main__:run:31 - []
2023-08-11 16:21:35.423 | DEBUG    | __main__:run:31 - []
2023-08-11 16:21:35.431 | DEBUG    | __main__:run:31 - []
2023-08-11 16:21:35.437 | DEBUG    | __main__:run:31 - []
2023-08-11 16:21:35.443 | DEBUG    | __main__:run:31 - []
2023-08-11 16:21:35.449 | DEBUG    | __main__:run:31 - []
2023-08-11 16:21:35.455 | DEBUG    | __main__:run:31 - []
2023-08-11 16:21:35.461 | DEBUG    | __main__:run:31 - []
2023-08-11 16:21:35.467 | DEBUG    | __main__:run:31 - []
2023-08-11 16:21:35.474 | DEBUG    | __main__:run:31 - []
2023-08-11 16:21:35.480 | DEBUG    | __main__:run:31 - []
2023-08-11 16:21:35.486 | DEBUG    | __main__:run:31 - []
2023-08-11 16:21:35.492 | DEBUG    | __main__:run:31 - []
2023-08-11 16:21:35.498 | DEBUG    | __main__:run:31 - []
2023-08-11 16:21:35.509 | DEBUG    | __main__:run:31 - []
2023-08-11 16:21:35.516 | DEBUG    | __main__:run:31 - []
2023-08-11 16:21:35.527 | DEBUG    | __main__:run:31 - []
2023-08-11 16:21:35.536 | DEBUG    | __main__:run:31 - []
2023-08-11 16:21:35.544 | DEBUG    | __main__:run:31 - []
2023-08-11 16:21:35.551 | DEBUG    | __main__:run:31 - []
2023-08-11 16:21:35.559 | DEBUG    | __main__:run:31 - []
2023-08-11 16:21:35.566 | DEBUG    | __main__:run:31 - []
2023-08-11 16:21:35.573 | DEBUG    | __main__:run:31 - []
2023-08-11 16:21:35.579 | DEBUG    | __main__:run:31 - []
2023-08-11 16:21:35.586 | DEBUG    | __main__:run:31 - []
2023-08-11 16:21:35.593 | DEBUG    | __main__:run:31 - []
2023-08-11 16:21:35.601 | DEBUG    | __main__:run:31 - []
2023-08-11 16:21:35.608 | DEBUG    | __main__:run:31 - []
2023-08-11 16:21:35.614 | DEBUG    | __main__:run:31 - []
2023-08-11 16:21:35.620 | DEBUG    | __main__:run:31 - []
2023-08-11 16:21:35.625 | DEBUG    | __main__:run:31 - []
2023-08-11 16:21:35.631 | DEBUG    | __main__:run:31 - []
2023-08-11 16:21:35.637 | DEBUG    | __main__:run:31 - []
2023-08-11 16:21:35.642 | DEBUG    | __main__:run:31 - []
2023-08-11 16:21:35.650 | DEBUG    | __main__:run:31 - []
2023-08-11 16:21:35.657 | DEBUG    | __main__:run:31 - []
2023-08-11 16:21:35.666 | DEBUG    | __main__:run:31 - []
2023-08-11 16:21:35.673 | DEBUG    | __main__:run:31 - []
2023-08-11 16:21:35.682 | DEBUG    | __main__:run:31 - []
2023-08-11 16:21:35.688 | DEBUG    | __main__:run:31 - []
2023-08-11 16:21:35.693 | DEBUG    | __main__:run:31 - []
2023-08-11 16:21:35.699 | DEBUG    | __main__:run:31 - []
2023-08-11 16:21:35.705 | DEBUG    | __main__:run:31 - []
2023-08-11 16:21:35.711 | DEBUG    | __main__:run:31 - []
2023-08-11 16:21:35.717 | DEBUG    | __main__:run:31 - []
2023-08-11 16:21:35.724 | DEBUG    | __main__:run:31 - []
2023-08-11 16:21:35.732 | DEBUG    | __main__:run:31 - []
2023-08-11 16:21:35.739 | DEBUG    | __main__:run:31 - []
2023-08-11 16:21:35.750 | DEBUG    | __main__:run:31 - []
2023-08-11 16:21:35.757 | DEBUG    | __main__:run:31 - []
2023-08-11 16:21:35.763 | DEBUG    | __main__:run:31 - []
2023-08-11 16:21:35.770 | DEBUG    | __main__:run:31 - []
2023-08-11 16:21:35.776 | DEBUG    | __main__:run:31 - []
2023-08-11 16:21:35.781 | DEBUG    | __main__:run:31 - []
2023-08-11 16:21:35.787 | DEBUG    | __main__:run:31 - []
2023-08-11 16:21:35.795 | DEBUG    | __main__:run:31 - []
2023-08-11 16:21:35.802 | DEBUG    | __main__:run:31 - []
2023-08-11 16:21:35.811 | DEBUG    | __main__:run:31 - []
2023-08-11 16:21:35.818 | DEBUG    | __main__:run:31 - []
2023-08-11 16:21:35.826 | DEBUG    | __main__:run:31 - []
2023-08-11 16:21:35.832 | DEBUG    | __main__:run:31 - []
2023-08-11 16:21:35.840 | DEBUG    | __main__:run:31 - []
2023-08-11 16:21:35.846 | DEBUG    | __main__:run:31 - []
2023-08-11 16:21:35.856 | DEBUG    | __main__:run:31 - []
2023-08-11 16:21:35.864 | DEBUG    | __main__:run:31 - []
2023-08-11 16:21:35.875 | DEBUG    | __main__:run:31 - []
2023-08-11 16:21:35.878 | INFO     | petC:show:233 - green show
2023-08-11 16:21:35.919 | DEBUG    | __main__:run:31 - []
2023-08-11 16:21:35.928 | DEBUG    | __main__:run:31 - []
2023-08-11 16:21:35.938 | DEBUG    | __main__:run:31 - []
2023-08-11 16:21:35.948 | DEBUG    | __main__:run:31 - []
2023-08-11 16:21:35.957 | DEBUG    | __main__:run:31 - []
2023-08-11 16:21:35.966 | DEBUG    | __main__:run:31 - []
2023-08-11 16:21:35.973 | DEBUG    | __main__:run:31 - []
2023-08-11 16:21:35.981 | DEBUG    | __main__:run:31 - []
2023-08-11 16:21:35.987 | DEBUG    | __main__:run:31 - []
2023-08-11 16:21:35.993 | DEBUG    | __main__:run:31 - []
2023-08-11 16:21:35.999 | DEBUG    | __main__:run:31 - []
2023-08-11 16:21:36.005 | DEBUG    | __main__:run:31 - []
2023-08-11 16:21:36.011 | DEBUG    | __main__:run:31 - []
2023-08-11 16:21:36.017 | DEBUG    | __main__:run:31 - []
2023-08-11 16:21:36.023 | DEBUG    | __main__:run:31 - []
2023-08-11 16:21:36.030 | DEBUG    | __main__:run:31 - []
2023-08-11 16:21:36.036 | DEBUG    | __main__:run:31 - []
2023-08-11 16:21:36.042 | DEBUG    | __main__:run:31 - []
2023-08-11 16:21:36.048 | DEBUG    | __main__:run:31 - []
2023-08-11 16:21:36.053 | DEBUG    | __main__:run:31 - []
2023-08-11 16:21:36.059 | DEBUG    | __main__:run:31 - []
2023-08-11 16:21:36.066 | DEBUG    | __main__:run:31 - []
2023-08-11 16:21:36.074 | DEBUG    | __main__:run:31 - []
2023-08-11 16:21:36.082 | DEBUG    | __main__:run:31 - []
2023-08-11 16:21:36.092 | DEBUG    | __main__:run:31 - []
2023-08-11 16:21:36.101 | DEBUG    | __main__:run:31 - []
2023-08-11 16:21:36.108 | DEBUG    | __main__:run:31 - []
2023-08-11 16:21:36.115 | DEBUG    | __main__:run:31 - []
2023-08-11 16:21:36.122 | DEBUG    | __main__:run:31 - []
2023-08-11 16:21:36.128 | DEBUG    | __main__:run:31 - []
2023-08-11 16:21:36.134 | DEBUG    | __main__:run:31 - []
2023-08-11 16:21:36.140 | DEBUG    | __main__:run:31 - []
2023-08-11 16:21:36.146 | DEBUG    | __main__:run:31 - []
2023-08-11 16:21:36.155 | DEBUG    | __main__:run:31 - []
2023-08-11 16:21:36.164 | DEBUG    | __main__:run:31 - []
2023-08-11 16:21:36.172 | DEBUG    | __main__:run:31 - []
2023-08-11 16:21:36.179 | DEBUG    | __main__:run:31 - []
2023-08-11 16:21:36.185 | DEBUG    | __main__:run:31 - []
2023-08-11 16:21:36.195 | DEBUG    | __main__:run:31 - []
2023-08-11 16:21:36.203 | DEBUG    | __main__:run:31 - []
2023-08-11 16:21:36.209 | DEBUG    | __main__:run:31 - []
2023-08-11 16:21:36.220 | DEBUG    | __main__:run:31 - []
2023-08-11 16:21:36.228 | DEBUG    | __main__:run:31 - []
2023-08-11 16:21:36.235 | DEBUG    | __main__:run:31 - []
2023-08-11 16:21:36.241 | DEBUG    | __main__:run:31 - []
2023-08-11 16:21:36.248 | DEBUG    | __main__:run:31 - []
2023-08-11 16:21:36.255 | DEBUG    | __main__:run:31 - []
2023-08-11 16:21:36.262 | DEBUG    | __main__:run:31 - []
2023-08-11 16:21:36.272 | DEBUG    | __main__:run:31 - []
2023-08-11 16:21:36.282 | DEBUG    | __main__:run:31 - []
2023-08-11 16:21:36.291 | DEBUG    | __main__:run:31 - []
2023-08-11 16:21:36.298 | DEBUG    | __main__:run:31 - []
2023-08-11 16:21:36.303 | DEBUG    | __main__:run:31 - []
2023-08-11 16:21:36.309 | DEBUG    | __main__:run:31 - []
2023-08-11 16:21:36.316 | DEBUG    | __main__:run:31 - []
2023-08-11 16:21:36.322 | DEBUG    | __main__:run:31 - []
2023-08-11 16:21:36.328 | DEBUG    | __main__:run:31 - []
2023-08-11 16:21:36.335 | DEBUG    | __main__:run:31 - []
2023-08-11 16:21:36.344 | DEBUG    | __main__:run:31 - []
2023-08-11 16:21:36.351 | DEBUG    | __main__:run:31 - []
2023-08-11 16:21:36.358 | DEBUG    | __main__:run:31 - []
2023-08-11 16:21:36.367 | DEBUG    | __main__:run:31 - []
2023-08-11 16:21:36.373 | DEBUG    | __main__:run:31 - []
2023-08-11 16:21:36.379 | DEBUG    | __main__:run:31 - []
2023-08-11 16:21:36.386 | DEBUG    | __main__:run:31 - []
2023-08-11 16:21:36.397 | DEBUG    | __main__:run:31 - []
2023-08-11 16:21:36.404 | DEBUG    | __main__:run:31 - []
2023-08-11 16:21:36.410 | DEBUG    | __main__:run:31 - []
2023-08-11 16:21:36.417 | DEBUG    | __main__:run:31 - []
2023-08-11 16:21:36.423 | DEBUG    | __main__:run:31 - []
2023-08-11 16:21:36.431 | DEBUG    | __main__:run:31 - []
2023-08-11 16:21:36.437 | DEBUG    | __main__:run:31 - []
2023-08-11 16:21:36.444 | DEBUG    | __main__:run:31 - []
2023-08-11 16:21:36.454 | DEBUG    | __main__:run:31 - []
2023-08-11 16:21:36.465 | DEBUG    | __main__:run:31 - []
2023-08-11 16:21:36.472 | DEBUG    | __main__:run:31 - []
2023-08-11 16:21:36.481 | DEBUG    | __main__:run:31 - []
2023-08-11 16:21:36.487 | DEBUG    | __main__:run:31 - []
2023-08-11 16:21:36.495 | DEBUG    | __main__:run:31 - []
2023-08-11 16:21:36.503 | DEBUG    | __main__:run:31 - []
2023-08-11 16:21:36.513 | DEBUG    | __main__:run:31 - []
2023-08-11 16:21:36.519 | DEBUG    | __main__:run:31 - []
2023-08-11 16:21:36.527 | DEBUG    | __main__:run:31 - []
2023-08-11 16:21:36.533 | DEBUG    | __main__:run:31 - []
2023-08-11 16:21:36.539 | DEBUG    | __main__:run:31 - []
2023-08-11 16:21:36.545 | DEBUG    | __main__:run:31 - []
2023-08-11 16:21:36.554 | DEBUG    | __main__:run:31 - []
2023-08-11 16:21:36.560 | DEBUG    | __main__:run:31 - []
2023-08-11 16:21:36.565 | DEBUG    | __main__:run:31 - []
2023-08-11 16:21:36.572 | DEBUG    | __main__:run:31 - []
2023-08-11 16:21:36.578 | DEBUG    | __main__:run:31 - []
2023-08-11 16:21:36.583 | DEBUG    | __main__:run:31 - []
2023-08-11 16:21:36.591 | DEBUG    | __main__:run:31 - []
2023-08-11 16:21:36.597 | DEBUG    | __main__:run:31 - []
2023-08-11 16:21:36.610 | DEBUG    | __main__:run:31 - []
2023-08-11 16:21:36.616 | DEBUG    | __main__:run:31 - []
2023-08-11 16:21:36.622 | DEBUG    | __main__:run:31 - []
2023-08-11 16:21:36.628 | DEBUG    | __main__:run:31 - []
2023-08-11 16:21:36.634 | DEBUG    | __main__:run:31 - []
2023-08-11 16:21:36.640 | DEBUG    | __main__:run:31 - []
2023-08-11 16:21:36.646 | DEBUG    | __main__:run:31 - []
2023-08-11 16:21:36.655 | DEBUG    | __main__:run:31 - []
2023-08-11 16:21:36.661 | DEBUG    | __main__:run:31 - []
2023-08-11 16:21:36.668 | DEBUG    | __main__:run:31 - []
2023-08-11 16:21:36.673 | DEBUG    | __main__:run:31 - []
2023-08-11 16:21:36.679 | DEBUG    | __main__:run:31 - []
2023-08-11 16:21:36.685 | DEBUG    | __main__:run:31 - []
2023-08-11 16:21:36.690 | DEBUG    | __main__:run:31 - []
2023-08-11 16:21:36.697 | DEBUG    | __main__:run:31 - []
2023-08-11 16:21:36.706 | DEBUG    | __main__:run:31 - []
2023-08-11 16:21:36.712 | DEBUG    | __main__:run:31 - []
2023-08-11 16:21:36.718 | DEBUG    | __main__:run:31 - []
2023-08-11 16:21:36.724 | DEBUG    | __main__:run:31 - []
2023-08-11 16:21:36.730 | DEBUG    | __main__:run:31 - []
2023-08-11 16:21:36.737 | DEBUG    | __main__:run:31 - []
2023-08-11 16:21:36.743 | DEBUG    | __main__:run:31 - []
2023-08-11 16:21:36.752 | DEBUG    | __main__:run:31 - []
2023-08-11 16:21:36.759 | DEBUG    | __main__:run:31 - []
2023-08-11 16:21:36.765 | DEBUG    | __main__:run:31 - []
2023-08-11 16:21:36.771 | DEBUG    | __main__:run:31 - []
2023-08-11 16:21:36.780 | DEBUG    | __main__:run:31 - []
2023-08-11 16:21:36.786 | DEBUG    | __main__:run:31 - []
2023-08-11 16:21:36.792 | DEBUG    | __main__:run:31 - []
2023-08-11 16:21:36.801 | DEBUG    | __main__:run:31 - []
2023-08-11 16:21:36.808 | DEBUG    | __main__:run:31 - []
2023-08-11 16:21:36.814 | DEBUG    | __main__:run:31 - []
2023-08-11 16:21:36.820 | DEBUG    | __main__:run:31 - []
2023-08-11 16:21:36.827 | DEBUG    | __main__:run:31 - []
2023-08-11 16:21:36.833 | DEBUG    | __main__:run:31 - []
2023-08-11 16:21:36.839 | DEBUG    | __main__:run:31 - []
2023-08-11 16:21:36.846 | DEBUG    | __main__:run:31 - []
2023-08-11 16:21:36.854 | DEBUG    | __main__:run:31 - []
2023-08-11 16:21:36.860 | DEBUG    | __main__:run:31 - []
2023-08-11 16:21:36.866 | DEBUG    | __main__:run:31 - []
2023-08-11 16:21:36.876 | DEBUG    | __main__:run:31 - []
2023-08-11 16:21:36.881 | DEBUG    | __main__:run:31 - []
2023-08-11 16:21:36.891 | DEBUG    | __main__:run:31 - []
2023-08-11 16:21:36.899 | DEBUG    | __main__:run:31 - []
2023-08-11 16:21:36.908 | DEBUG    | __main__:run:31 - []
2023-08-11 16:21:36.914 | DEBUG    | __main__:run:31 - []
2023-08-11 16:21:36.923 | DEBUG    | __main__:run:31 - []
2023-08-11 16:21:36.929 | DEBUG    | __main__:run:31 - []
2023-08-11 16:21:36.937 | DEBUG    | __main__:run:31 - []
2023-08-11 16:21:36.947 | DEBUG    | __main__:run:31 - []
2023-08-11 16:21:36.959 | DEBUG    | __main__:run:31 - []
2023-08-11 16:21:36.968 | DEBUG    | __main__:run:31 - []
2023-08-11 16:21:36.975 | DEBUG    | __main__:run:31 - []
2023-08-11 16:21:36.986 | DEBUG    | __main__:run:31 - []
2023-08-11 16:21:36.992 | DEBUG    | __main__:run:31 - []
2023-08-11 16:21:37.000 | DEBUG    | __main__:run:31 - []
2023-08-11 16:21:37.009 | DEBUG    | __main__:run:31 - []
2023-08-11 16:21:37.019 | DEBUG    | __main__:run:31 - []
2023-08-11 16:21:37.025 | DEBUG    | __main__:run:31 - []
2023-08-11 16:21:37.034 | DEBUG    | __main__:run:31 - []
2023-08-11 16:21:37.040 | DEBUG    | __main__:run:31 - []
2023-08-11 16:21:37.049 | DEBUG    | __main__:run:31 - []
2023-08-11 16:21:37.059 | DEBUG    | __main__:run:31 - []
2023-08-11 16:21:37.066 | DEBUG    | __main__:run:31 - []
2023-08-11 16:21:37.073 | DEBUG    | __main__:run:31 - []
2023-08-11 16:21:37.081 | DEBUG    | __main__:run:31 - []
2023-08-11 16:21:37.086 | DEBUG    | __main__:run:31 - []
2023-08-11 16:21:37.095 | DEBUG    | __main__:run:31 - []
2023-08-11 16:21:37.101 | DEBUG    | __main__:run:31 - []
2023-08-11 16:21:37.115 | DEBUG    | __main__:run:31 - []
2023-08-11 16:21:37.123 | DEBUG    | __main__:run:31 - []
2023-08-11 16:21:37.129 | DEBUG    | __main__:run:31 - []
2023-08-11 16:21:37.136 | DEBUG    | __main__:run:31 - []
2023-08-11 16:21:37.141 | DEBUG    | __main__:run:31 - []
2023-08-11 16:21:37.147 | DEBUG    | __main__:run:31 - []
2023-08-11 16:21:37.153 | DEBUG    | __main__:run:31 - []
2023-08-11 16:21:37.162 | DEBUG    | __main__:run:31 - []
2023-08-11 16:21:37.168 | DEBUG    | __main__:run:31 - []
2023-08-11 16:21:37.174 | DEBUG    | __main__:run:31 - []
2023-08-11 16:21:37.180 | DEBUG    | __main__:run:31 - []
2023-08-11 16:21:37.187 | DEBUG    | __main__:run:31 - []
2023-08-11 16:21:37.193 | DEBUG    | __main__:run:31 - []
2023-08-11 16:21:37.199 | DEBUG    | __main__:run:31 - []
2023-08-11 16:21:37.211 | DEBUG    | __main__:run:31 - []
2023-08-11 16:21:37.217 | DEBUG    | __main__:run:31 - []
2023-08-11 16:21:37.224 | DEBUG    | __main__:run:31 - []
2023-08-11 16:21:37.229 | DEBUG    | __main__:run:31 - []
2023-08-11 16:21:37.235 | DEBUG    | __main__:run:31 - []
2023-08-11 16:21:37.241 | DEBUG    | __main__:run:31 - []
2023-08-11 16:21:37.248 | DEBUG    | __main__:run:31 - []
2023-08-11 16:21:37.256 | DEBUG    | __main__:run:31 - []
2023-08-11 16:21:37.265 | DEBUG    | __main__:run:31 - []
2023-08-11 16:21:37.274 | DEBUG    | __main__:run:31 - []
2023-08-11 16:21:37.283 | DEBUG    | __main__:run:31 - []
2023-08-11 16:21:37.289 | DEBUG    | __main__:run:31 - []
2023-08-11 16:21:37.294 | DEBUG    | __main__:run:31 - []
2023-08-11 16:21:37.301 | DEBUG    | __main__:run:31 - []
2023-08-11 16:21:37.307 | DEBUG    | __main__:run:31 - []
2023-08-11 16:21:37.319 | DEBUG    | __main__:run:31 - []
2023-08-11 16:21:37.326 | DEBUG    | __main__:run:31 - []
2023-08-11 16:21:37.334 | DEBUG    | __main__:run:31 - []
2023-08-11 16:21:37.340 | DEBUG    | __main__:run:31 - []
2023-08-11 16:21:37.348 | DEBUG    | __main__:run:31 - []
2023-08-11 16:21:37.354 | DEBUG    | __main__:run:31 - []
2023-08-11 16:21:37.368 | DEBUG    | __main__:run:31 - []
2023-08-11 16:21:37.375 | DEBUG    | __main__:run:31 - []
2023-08-11 16:21:37.381 | DEBUG    | __main__:run:31 - []
2023-08-11 16:21:37.388 | DEBUG    | __main__:run:31 - []
2023-08-11 16:21:37.394 | DEBUG    | __main__:run:31 - []
2023-08-11 16:21:37.400 | DEBUG    | __main__:run:31 - []
2023-08-11 16:21:37.406 | DEBUG    | __main__:run:31 - []
2023-08-11 16:21:37.412 | DEBUG    | __main__:run:31 - []
2023-08-11 16:21:37.422 | DEBUG    | __main__:run:31 - []
2023-08-11 16:21:37.430 | DEBUG    | __main__:run:31 - []
2023-08-11 16:21:37.438 | DEBUG    | __main__:run:31 - []
2023-08-11 16:21:37.444 | DEBUG    | __main__:run:31 - []
2023-08-11 16:21:37.450 | DEBUG    | __main__:run:31 - []
2023-08-11 16:21:37.458 | DEBUG    | __main__:run:31 - []
2023-08-11 16:21:37.467 | DEBUG    | __main__:run:31 - []
2023-08-11 16:21:37.479 | DEBUG    | __main__:run:31 - []
2023-08-11 16:21:37.492 | DEBUG    | __main__:run:31 - []
2023-08-11 16:21:37.500 | DEBUG    | __main__:run:31 - []
2023-08-11 16:21:37.507 | DEBUG    | __main__:run:31 - []
2023-08-11 16:21:37.513 | DEBUG    | __main__:run:31 - []
2023-08-11 16:21:37.523 | DEBUG    | __main__:run:31 - []
2023-08-11 16:21:37.529 | DEBUG    | __main__:run:31 - []
2023-08-11 16:21:37.543 | DEBUG    | __main__:run:31 - []
2023-08-11 16:21:37.552 | DEBUG    | __main__:run:31 - []
2023-08-11 16:21:37.558 | DEBUG    | __main__:run:31 - []
2023-08-11 16:21:37.568 | DEBUG    | __main__:run:31 - []
2023-08-11 16:21:37.574 | DEBUG    | __main__:run:31 - []
2023-08-11 16:21:37.585 | DEBUG    | __main__:run:31 - []
2023-08-11 16:21:37.592 | DEBUG    | __main__:run:31 - []
2023-08-11 16:21:37.604 | DEBUG    | __main__:run:31 - []
2023-08-11 16:21:37.610 | DEBUG    | __main__:run:31 - []
2023-08-11 16:21:37.619 | DEBUG    | __main__:run:31 - []
2023-08-11 16:21:37.625 | DEBUG    | __main__:run:31 - []
2023-08-11 16:21:37.631 | DEBUG    | __main__:run:31 - []
2023-08-11 16:21:37.637 | DEBUG    | __main__:run:31 - []
2023-08-11 16:21:37.644 | DEBUG    | __main__:run:31 - []
2023-08-11 16:21:37.653 | DEBUG    | __main__:run:31 - []
2023-08-11 16:21:37.660 | DEBUG    | __main__:run:31 - []
2023-08-11 16:21:37.666 | DEBUG    | __main__:run:31 - []
2023-08-11 16:21:37.673 | DEBUG    | __main__:run:31 - []
2023-08-11 16:21:37.680 | DEBUG    | __main__:run:31 - []
2023-08-11 16:21:37.687 | DEBUG    | __main__:run:31 - []
2023-08-11 16:21:37.698 | DEBUG    | __main__:run:31 - []
2023-08-11 16:21:37.713 | DEBUG    | __main__:run:31 - []
2023-08-11 16:21:37.720 | DEBUG    | __main__:run:31 - []
2023-08-11 16:21:37.727 | DEBUG    | __main__:run:31 - []
2023-08-11 16:21:37.734 | DEBUG    | __main__:run:31 - []
2023-08-11 16:21:37.744 | DEBUG    | __main__:run:31 - []
2023-08-11 16:21:37.752 | DEBUG    | __main__:run:31 - []
2023-08-11 16:21:37.759 | DEBUG    | __main__:run:31 - []
2023-08-11 16:21:37.769 | DEBUG    | __main__:run:31 - []
2023-08-11 16:21:37.776 | DEBUG    | __main__:run:31 - []
2023-08-11 16:21:37.782 | DEBUG    | __main__:run:31 - []
2023-08-11 16:21:37.788 | DEBUG    | __main__:run:31 - []
2023-08-11 16:21:37.794 | DEBUG    | __main__:run:31 - []
2023-08-11 16:21:37.801 | DEBUG    | __main__:run:31 - []
2023-08-11 16:21:37.807 | DEBUG    | __main__:run:31 - []
2023-08-11 16:21:37.815 | DEBUG    | __main__:run:31 - []
2023-08-11 16:21:37.824 | DEBUG    | __main__:run:31 - []
2023-08-11 16:21:37.834 | DEBUG    | __main__:run:31 - []
2023-08-11 16:21:37.841 | DEBUG    | __main__:run:31 - []
2023-08-11 16:21:37.853 | DEBUG    | __main__:run:31 - []
2023-08-11 16:21:37.859 | DEBUG    | __main__:run:31 - []
2023-08-11 16:21:37.866 | DEBUG    | __main__:run:31 - []
2023-08-11 16:21:37.873 | DEBUG    | __main__:run:31 - []
2023-08-11 16:21:37.884 | DEBUG    | __main__:run:31 - []
2023-08-11 16:21:37.891 | DEBUG    | __main__:run:31 - []
2023-08-11 16:21:37.899 | DEBUG    | __main__:run:31 - []
2023-08-11 16:21:37.905 | DEBUG    | __main__:run:31 - []
2023-08-11 16:21:37.911 | DEBUG    | __main__:run:31 - []
2023-08-11 16:21:37.917 | DEBUG    | __main__:run:31 - []
2023-08-11 16:21:37.923 | DEBUG    | __main__:run:31 - []
2023-08-11 16:21:37.932 | DEBUG    | __main__:run:31 - []
2023-08-11 16:21:37.939 | DEBUG    | __main__:run:31 - []
2023-08-11 16:21:37.946 | DEBUG    | __main__:run:31 - []
2023-08-11 16:21:37.952 | DEBUG    | __main__:run:31 - []
2023-08-11 16:21:37.958 | DEBUG    | __main__:run:31 - []
2023-08-11 16:21:37.964 | DEBUG    | __main__:run:31 - []
2023-08-11 16:21:37.970 | DEBUG    | __main__:run:31 - []
2023-08-11 16:21:37.976 | DEBUG    | __main__:run:31 - []
2023-08-11 16:21:37.985 | DEBUG    | __main__:run:31 - []
2023-08-11 16:21:37.992 | DEBUG    | __main__:run:31 - []
2023-08-11 16:21:37.998 | DEBUG    | __main__:run:31 - []
2023-08-11 16:21:38.006 | DEBUG    | __main__:run:31 - []
2023-08-11 16:21:38.012 | DEBUG    | __main__:run:31 - []
2023-08-11 16:21:38.022 | DEBUG    | __main__:run:31 - []
2023-08-11 16:21:38.028 | DEBUG    | __main__:run:31 - []
2023-08-11 16:21:38.038 | DEBUG    | __main__:run:31 - []
2023-08-11 16:21:38.045 | DEBUG    | __main__:run:31 - []
2023-08-11 16:21:38.054 | DEBUG    | __main__:run:31 - []
2023-08-11 16:21:38.061 | DEBUG    | __main__:run:31 - []
2023-08-11 16:21:38.072 | DEBUG    | __main__:run:31 - []
2023-08-11 16:21:38.078 | DEBUG    | __main__:run:31 - []
2023-08-11 16:21:38.083 | DEBUG    | __main__:run:31 - []
2023-08-11 16:21:38.091 | DEBUG    | __main__:run:31 - []
2023-08-11 16:21:38.101 | DEBUG    | __main__:run:31 - []
2023-08-11 16:21:38.107 | DEBUG    | __main__:run:31 - []
2023-08-11 16:21:38.117 | DEBUG    | __main__:run:31 - []
2023-08-11 16:21:38.124 | DEBUG    | __main__:run:31 - []
2023-08-11 16:21:38.130 | DEBUG    | __main__:run:31 - []
2023-08-11 16:21:38.136 | DEBUG    | __main__:run:31 - []
2023-08-11 16:21:38.148 | DEBUG    | __main__:run:31 - []
2023-08-11 16:21:38.156 | DEBUG    | __main__:run:31 - []
2023-08-11 16:21:38.163 | DEBUG    | __main__:run:31 - []
2023-08-11 16:21:38.169 | DEBUG    | __main__:run:31 - []
2023-08-11 16:21:38.176 | DEBUG    | __main__:run:31 - []
2023-08-11 16:21:38.182 | DEBUG    | __main__:run:31 - []
2023-08-11 16:21:38.190 | DEBUG    | __main__:run:31 - []
2023-08-11 16:21:38.196 | DEBUG    | __main__:run:31 - []
2023-08-11 16:21:38.202 | DEBUG    | __main__:run:31 - []
2023-08-11 16:21:38.214 | DEBUG    | __main__:run:31 - []
2023-08-11 16:21:38.222 | DEBUG    | __main__:run:31 - []
2023-08-11 16:21:38.228 | DEBUG    | __main__:run:31 - []
2023-08-11 16:21:38.234 | DEBUG    | __main__:run:31 - []
2023-08-11 16:21:38.241 | DEBUG    | __main__:run:31 - []
2023-08-11 16:21:38.247 | DEBUG    | __main__:run:31 - []
2023-08-11 16:21:38.254 | DEBUG    | __main__:run:31 - []
2023-08-11 16:21:38.261 | DEBUG    | __main__:run:31 - []
2023-08-11 16:21:38.268 | DEBUG    | __main__:run:31 - []
2023-08-11 16:21:38.275 | DEBUG    | __main__:run:31 - []
2023-08-11 16:21:38.281 | DEBUG    | __main__:run:31 - []
2023-08-11 16:21:38.290 | DEBUG    | __main__:run:31 - []
2023-08-11 16:21:38.296 | DEBUG    | __main__:run:31 - []
2023-08-11 16:21:38.307 | DEBUG    | __main__:run:31 - []
2023-08-11 16:21:38.315 | DEBUG    | __main__:run:31 - []
2023-08-11 16:21:38.323 | DEBUG    | __main__:run:31 - []
2023-08-11 16:21:38.329 | DEBUG    | __main__:run:31 - []
2023-08-11 16:21:38.339 | DEBUG    | __main__:run:31 - []
2023-08-11 16:21:38.345 | DEBUG    | __main__:run:31 - []
2023-08-11 16:21:38.355 | DEBUG    | __main__:run:31 - []
2023-08-11 16:21:38.361 | DEBUG    | __main__:run:31 - []
2023-08-11 16:21:38.370 | DEBUG    | __main__:run:31 - []
2023-08-11 16:21:38.378 | DEBUG    | __main__:run:31 - []
2023-08-11 16:21:38.390 | DEBUG    | __main__:run:31 - []
2023-08-11 16:21:38.397 | DEBUG    | __main__:run:31 - []
2023-08-11 16:21:38.405 | DEBUG    | __main__:run:31 - []
2023-08-11 16:21:38.411 | DEBUG    | __main__:run:31 - []
2023-08-11 16:21:38.418 | DEBUG    | __main__:run:31 - []
2023-08-11 16:21:38.425 | DEBUG    | __main__:run:31 - []
2023-08-11 16:21:38.435 | DEBUG    | __main__:run:31 - []
2023-08-11 16:21:38.443 | DEBUG    | __main__:run:31 - []
2023-08-11 16:21:38.450 | DEBUG    | __main__:run:31 - []
2023-08-11 16:21:38.457 | DEBUG    | __main__:run:31 - []
2023-08-11 16:21:38.463 | DEBUG    | __main__:run:31 - []
2023-08-11 16:21:38.469 | DEBUG    | __main__:run:31 - []
2023-08-11 16:21:38.475 | DEBUG    | __main__:run:31 - []
2023-08-11 16:21:38.481 | DEBUG    | __main__:run:31 - []
2023-08-11 16:21:38.491 | DEBUG    | __main__:run:31 - []
2023-08-11 16:21:38.498 | DEBUG    | __main__:run:31 - []
2023-08-11 16:21:38.505 | DEBUG    | __main__:run:31 - []
2023-08-11 16:21:38.512 | DEBUG    | __main__:run:31 - []
2023-08-11 16:21:38.517 | DEBUG    | __main__:run:31 - []
2023-08-11 16:21:38.523 | DEBUG    | __main__:run:31 - []
2023-08-11 16:21:38.529 | DEBUG    | __main__:run:31 - []
2023-08-11 16:21:38.535 | DEBUG    | __main__:run:31 - []
2023-08-11 16:21:38.544 | DEBUG    | __main__:run:31 - []
2023-08-11 16:21:38.550 | DEBUG    | __main__:run:31 - []
2023-08-11 16:21:38.559 | DEBUG    | __main__:run:31 - []
2023-08-11 16:21:38.565 | DEBUG    | __main__:run:31 - []
2023-08-11 16:21:38.571 | DEBUG    | __main__:run:31 - []
2023-08-11 16:21:38.578 | DEBUG    | __main__:run:31 - []
2023-08-11 16:21:38.584 | DEBUG    | __main__:run:31 - []
2023-08-11 16:21:38.592 | DEBUG    | __main__:run:31 - []
2023-08-11 16:21:38.599 | DEBUG    | __main__:run:31 - []
2023-08-11 16:21:38.610 | DEBUG    | __main__:run:31 - []
2023-08-11 16:21:38.616 | DEBUG    | __main__:run:31 - []
2023-08-11 16:21:38.625 | DEBUG    | __main__:run:31 - []
2023-08-11 16:21:38.631 | DEBUG    | __main__:run:31 - []
2023-08-11 16:21:38.640 | DEBUG    | __main__:run:31 - []
2023-08-11 16:21:38.647 | DEBUG    | __main__:run:31 - []
2023-08-11 16:21:38.654 | DEBUG    | __main__:run:31 - []
2023-08-11 16:21:38.660 | DEBUG    | __main__:run:31 - []
2023-08-11 16:21:38.668 | DEBUG    | __main__:run:31 - []
2023-08-11 16:21:38.675 | DEBUG    | __main__:run:31 - []
2023-08-11 16:21:38.684 | DEBUG    | __main__:run:31 - []
2023-08-11 16:21:38.690 | DEBUG    | __main__:run:31 - []
2023-08-11 16:21:38.701 | DEBUG    | __main__:run:31 - []
2023-08-11 16:21:38.709 | DEBUG    | __main__:run:31 - []
2023-08-11 16:21:38.718 | DEBUG    | __main__:run:31 - []
2023-08-11 16:21:38.724 | DEBUG    | __main__:run:31 - []
2023-08-11 16:21:38.734 | DEBUG    | __main__:run:31 - []
2023-08-11 16:21:38.740 | DEBUG    | __main__:run:31 - []
2023-08-11 16:21:38.750 | DEBUG    | __main__:run:31 - []
2023-08-11 16:21:38.757 | DEBUG    | __main__:run:31 - []
2023-08-11 16:21:38.767 | DEBUG    | __main__:run:31 - []
2023-08-11 16:21:38.774 | DEBUG    | __main__:run:31 - []
2023-08-11 16:21:38.781 | DEBUG    | __main__:run:31 - []
2023-08-11 16:21:38.788 | DEBUG    | __main__:run:31 - []
2023-08-11 16:21:38.794 | DEBUG    | __main__:run:31 - []
2023-08-11 16:21:38.801 | DEBUG    | __main__:run:31 - []
2023-08-11 16:21:38.811 | DEBUG    | __main__:run:31 - []
2023-08-11 16:21:38.820 | DEBUG    | __main__:run:31 - []
2023-08-11 16:21:38.832 | DEBUG    | __main__:run:31 - []
2023-08-11 16:21:38.845 | DEBUG    | __main__:run:31 - []
2023-08-11 16:21:38.853 | DEBUG    | __main__:run:31 - []
2023-08-11 16:21:38.866 | DEBUG    | __main__:run:31 - []
2023-08-11 16:21:38.876 | DEBUG    | __main__:run:31 - []
2023-08-11 16:21:38.882 | DEBUG    | __main__:run:31 - []
2023-08-11 16:21:38.894 | DEBUG    | __main__:run:31 - []
2023-08-11 16:21:38.900 | DEBUG    | __main__:run:31 - []
2023-08-11 16:21:38.909 | DEBUG    | __main__:run:31 - []
2023-08-11 16:21:38.915 | DEBUG    | __main__:run:31 - []
2023-08-11 16:21:38.927 | DEBUG    | __main__:run:31 - []
2023-08-11 16:21:38.933 | DEBUG    | __main__:run:31 - []
2023-08-11 16:21:38.939 | DEBUG    | __main__:run:31 - []
2023-08-11 16:21:38.946 | DEBUG    | __main__:run:31 - []
2023-08-11 16:21:38.953 | DEBUG    | __main__:run:31 - []
2023-08-11 16:21:38.959 | DEBUG    | __main__:run:31 - []
2023-08-11 16:21:38.965 | DEBUG    | __main__:run:31 - []
2023-08-11 16:21:38.972 | DEBUG    | __main__:run:31 - []
2023-08-11 16:21:38.977 | DEBUG    | __main__:run:31 - []
2023-08-11 16:21:38.985 | DEBUG    | __main__:run:31 - []
2023-08-11 16:21:38.992 | DEBUG    | __main__:run:31 - []
2023-08-11 16:21:39.005 | DEBUG    | __main__:run:31 - []
2023-08-11 16:21:39.013 | DEBUG    | __main__:run:31 - []
2023-08-11 16:21:39.025 | DEBUG    | __main__:run:31 - []
2023-08-11 16:21:39.035 | DEBUG    | __main__:run:31 - []
2023-08-11 16:21:39.044 | DEBUG    | __main__:run:31 - []
2023-08-11 16:21:39.052 | DEBUG    | __main__:run:31 - []
2023-08-11 16:21:39.061 | DEBUG    | __main__:run:31 - []
2023-08-11 16:21:39.068 | DEBUG    | __main__:run:31 - []
2023-08-11 16:21:39.076 | DEBUG    | __main__:run:31 - []
2023-08-11 16:21:39.084 | DEBUG    | __main__:run:31 - []
2023-08-11 16:21:39.092 | DEBUG    | __main__:run:31 - []
2023-08-11 16:21:39.099 | DEBUG    | __main__:run:31 - []
2023-08-11 16:21:39.105 | DEBUG    | __main__:run:31 - []
2023-08-11 16:21:39.112 | DEBUG    | __main__:run:31 - []
2023-08-11 16:21:39.120 | DEBUG    | __main__:run:31 - []
2023-08-11 16:21:39.130 | DEBUG    | __main__:run:31 - []
2023-08-11 16:21:39.137 | DEBUG    | __main__:run:31 - []
2023-08-11 16:21:39.147 | DEBUG    | __main__:run:31 - []
2023-08-11 16:21:39.154 | DEBUG    | __main__:run:31 - []
2023-08-11 16:21:39.160 | DEBUG    | __main__:run:31 - []
2023-08-11 16:21:39.166 | DEBUG    | __main__:run:31 - []
2023-08-11 16:21:39.173 | DEBUG    | __main__:run:31 - []
2023-08-11 16:21:39.179 | DEBUG    | __main__:run:31 - []
2023-08-11 16:21:39.186 | DEBUG    | __main__:run:31 - []
2023-08-11 16:21:39.192 | DEBUG    | __main__:run:31 - []
2023-08-11 16:21:39.198 | DEBUG    | __main__:run:31 - []
2023-08-11 16:21:39.204 | DEBUG    | __main__:run:31 - []
2023-08-11 16:21:39.210 | DEBUG    | __main__:run:31 - []
2023-08-11 16:21:39.216 | DEBUG    | __main__:run:31 - []
2023-08-11 16:21:39.225 | DEBUG    | __main__:run:31 - []
2023-08-11 16:21:39.231 | DEBUG    | __main__:run:31 - []
2023-08-11 16:21:39.242 | DEBUG    | __main__:run:31 - []
2023-08-11 16:21:39.248 | DEBUG    | __main__:run:31 - []
2023-08-11 16:21:39.254 | DEBUG    | __main__:run:31 - []
2023-08-11 16:21:39.259 | DEBUG    | __main__:run:31 - []
2023-08-11 16:21:39.265 | DEBUG    | __main__:run:31 - []
2023-08-11 16:21:39.272 | DEBUG    | __main__:run:31 - []
2023-08-11 16:21:39.278 | DEBUG    | __main__:run:31 - []
2023-08-11 16:21:39.284 | DEBUG    | __main__:run:31 - []
2023-08-11 16:21:39.290 | DEBUG    | __main__:run:31 - []
2023-08-11 16:21:39.297 | DEBUG    | __main__:run:31 - []
2023-08-11 16:21:39.303 | DEBUG    | __main__:run:31 - []
2023-08-11 16:21:39.309 | DEBUG    | __main__:run:31 - []
2023-08-11 16:21:39.315 | DEBUG    | __main__:run:31 - []
2023-08-11 16:21:39.321 | DEBUG    | __main__:run:31 - []
2023-08-11 16:21:39.326 | DEBUG    | __main__:run:31 - []
2023-08-11 16:21:39.332 | DEBUG    | __main__:run:31 - []
2023-08-11 16:21:39.339 | DEBUG    | __main__:run:31 - []
2023-08-11 16:21:39.345 | DEBUG    | __main__:run:31 - []
2023-08-11 16:21:39.351 | DEBUG    | __main__:run:31 - []
2023-08-11 16:21:39.357 | DEBUG    | __main__:run:31 - []
2023-08-11 16:21:39.363 | DEBUG    | __main__:run:31 - []
2023-08-11 16:21:39.372 | DEBUG    | __main__:run:31 - []
2023-08-11 16:21:39.388 | DEBUG    | __main__:run:31 - []
2023-08-11 16:21:39.402 | DEBUG    | __main__:run:31 - []
2023-08-11 16:21:39.409 | DEBUG    | __main__:run:31 - []
2023-08-11 16:21:39.417 | DEBUG    | __main__:run:31 - []
2023-08-11 16:21:39.425 | DEBUG    | __main__:run:31 - []
2023-08-11 16:21:39.433 | DEBUG    | __main__:run:31 - []
2023-08-11 16:21:39.439 | DEBUG    | __main__:run:31 - []
2023-08-11 16:21:39.446 | DEBUG    | __main__:run:31 - []
2023-08-11 16:21:39.452 | DEBUG    | __main__:run:31 - []
2023-08-11 16:21:39.458 | DEBUG    | __main__:run:31 - []
2023-08-11 16:21:39.466 | DEBUG    | __main__:run:31 - []
2023-08-11 16:21:39.477 | DEBUG    | __main__:run:31 - []
2023-08-11 16:21:39.483 | DEBUG    | __main__:run:31 - []
2023-08-11 16:21:39.493 | DEBUG    | __main__:run:31 - []
2023-08-11 16:21:39.500 | DEBUG    | __main__:run:31 - []
2023-08-11 16:21:39.507 | DEBUG    | __main__:run:31 - []
2023-08-11 16:21:39.513 | DEBUG    | __main__:run:31 - []
2023-08-11 16:21:39.519 | DEBUG    | __main__:run:31 - []
2023-08-11 16:21:39.525 | DEBUG    | __main__:run:31 - []
2023-08-11 16:21:39.531 | DEBUG    | __main__:run:31 - []
2023-08-11 16:21:39.538 | DEBUG    | __main__:run:31 - []
2023-08-11 16:21:39.544 | DEBUG    | __main__:run:31 - []
2023-08-11 16:21:39.551 | DEBUG    | __main__:run:31 - []
2023-08-11 16:21:39.558 | DEBUG    | __main__:run:31 - []
2023-08-11 16:21:39.564 | DEBUG    | __main__:run:31 - []
2023-08-11 16:21:39.570 | DEBUG    | __main__:run:31 - []
2023-08-11 16:21:39.576 | DEBUG    | __main__:run:31 - []
2023-08-11 16:21:39.582 | DEBUG    | __main__:run:31 - []
2023-08-11 16:21:39.588 | DEBUG    | __main__:run:31 - []
2023-08-11 16:21:39.593 | DEBUG    | __main__:run:31 - []
2023-08-11 16:21:39.603 | DEBUG    | __main__:run:31 - []
2023-08-11 16:21:39.609 | DEBUG    | __main__:run:31 - []
2023-08-11 16:21:39.615 | DEBUG    | __main__:run:31 - []
2023-08-11 16:21:39.622 | DEBUG    | __main__:run:31 - []
2023-08-11 16:21:39.628 | DEBUG    | __main__:run:31 - []
2023-08-11 16:21:39.634 | DEBUG    | __main__:run:31 - []
2023-08-11 16:21:39.640 | DEBUG    | __main__:run:31 - []
2023-08-11 16:21:39.646 | DEBUG    | __main__:run:31 - []
2023-08-11 16:21:39.652 | DEBUG    | __main__:run:31 - []
2023-08-11 16:21:39.659 | DEBUG    | __main__:run:31 - []
2023-08-11 16:21:39.666 | DEBUG    | __main__:run:31 - []
2023-08-11 16:21:39.672 | DEBUG    | __main__:run:31 - []
2023-08-11 16:21:39.679 | DEBUG    | __main__:run:31 - []
2023-08-11 16:21:39.685 | DEBUG    | __main__:run:31 - []
2023-08-11 16:21:39.691 | DEBUG    | __main__:run:31 - []
2023-08-11 16:21:39.697 | DEBUG    | __main__:run:31 - []
2023-08-11 16:21:39.702 | DEBUG    | __main__:run:31 - []
2023-08-11 16:21:39.712 | DEBUG    | __main__:run:31 - []
2023-08-11 16:21:39.719 | DEBUG    | __main__:run:31 - []
2023-08-11 16:21:39.725 | DEBUG    | __main__:run:31 - []
2023-08-11 16:21:39.731 | DEBUG    | __main__:run:31 - []
2023-08-11 16:21:39.738 | DEBUG    | __main__:run:31 - []
2023-08-11 16:21:39.746 | DEBUG    | __main__:run:31 - []
2023-08-11 16:21:39.752 | DEBUG    | __main__:run:31 - []
2023-08-11 16:21:39.763 | DEBUG    | __main__:run:31 - []
2023-08-11 16:21:39.770 | DEBUG    | __main__:run:31 - []
2023-08-11 16:21:39.778 | DEBUG    | __main__:run:31 - []
2023-08-11 16:21:39.784 | DEBUG    | __main__:run:31 - []
2023-08-11 16:21:39.793 | DEBUG    | __main__:run:31 - []
2023-08-11 16:21:39.800 | DEBUG    | __main__:run:31 - []
2023-08-11 16:21:39.808 | DEBUG    | __main__:run:31 - []
2023-08-11 16:21:39.815 | DEBUG    | __main__:run:31 - []
2023-08-11 16:21:39.826 | DEBUG    | __main__:run:31 - []
2023-08-11 16:21:39.832 | DEBUG    | __main__:run:31 - []
2023-08-11 16:21:39.841 | DEBUG    | __main__:run:31 - []
2023-08-11 16:21:39.847 | DEBUG    | __main__:run:31 - []
2023-08-11 16:21:39.860 | DEBUG    | __main__:run:31 - []
2023-08-11 16:21:39.870 | DEBUG    | __main__:run:31 - []
2023-08-11 16:21:39.876 | DEBUG    | __main__:run:31 - []
2023-08-11 16:21:39.882 | DEBUG    | __main__:run:31 - []
2023-08-11 16:21:39.890 | DEBUG    | __main__:run:31 - []
2023-08-11 16:21:39.896 | DEBUG    | __main__:run:31 - []
2023-08-11 16:21:39.903 | DEBUG    | __main__:run:31 - []
2023-08-11 16:21:39.909 | DEBUG    | __main__:run:31 - []
2023-08-11 16:21:39.917 | DEBUG    | __main__:run:31 - []
2023-08-11 16:21:39.924 | DEBUG    | __main__:run:31 - []
2023-08-11 16:21:39.933 | DEBUG    | __main__:run:31 - []
2023-08-11 16:21:39.939 | DEBUG    | __main__:run:31 - []
2023-08-11 16:21:39.950 | DEBUG    | __main__:run:31 - []
2023-08-11 16:21:39.956 | DEBUG    | __main__:run:31 - []
2023-08-11 16:21:39.965 | DEBUG    | __main__:run:31 - []
2023-08-11 16:21:39.973 | DEBUG    | __main__:run:31 - []
2023-08-11 16:21:39.983 | DEBUG    | __main__:run:31 - []
2023-08-11 16:21:39.990 | DEBUG    | __main__:run:31 - []
2023-08-11 16:21:39.996 | DEBUG    | __main__:run:31 - []
2023-08-11 16:21:40.001 | DEBUG    | __main__:run:31 - []
2023-08-11 16:21:40.008 | DEBUG    | __main__:run:31 - []
2023-08-11 16:21:40.013 | DEBUG    | __main__:run:31 - []
2023-08-11 16:21:40.020 | DEBUG    | __main__:run:31 - []
2023-08-11 16:21:40.029 | DEBUG    | __main__:run:31 - []
2023-08-11 16:21:40.035 | DEBUG    | __main__:run:31 - []
2023-08-11 16:21:40.046 | DEBUG    | __main__:run:31 - []
2023-08-11 16:21:40.053 | DEBUG    | __main__:run:31 - []
2023-08-11 16:21:40.059 | DEBUG    | __main__:run:31 - []
2023-08-11 16:21:40.065 | DEBUG    | __main__:run:31 - []
2023-08-11 16:21:40.072 | DEBUG    | __main__:run:31 - []
2023-08-11 16:21:40.078 | DEBUG    | __main__:run:31 - []
2023-08-11 16:21:40.084 | DEBUG    | __main__:run:31 - []
2023-08-11 16:21:40.111 | DEBUG    | __main__:run:31 - []
2023-08-11 16:21:40.118 | DEBUG    | __main__:run:31 - []
2023-08-11 16:21:40.128 | DEBUG    | __main__:run:31 - []
2023-08-11 16:21:40.139 | DEBUG    | __main__:run:31 - []
2023-08-11 16:21:40.146 | DEBUG    | __main__:run:31 - []
2023-08-11 16:21:40.164 | DEBUG    | __main__:run:31 - []
2023-08-11 16:21:40.174 | DEBUG    | __main__:run:31 - []
2023-08-11 16:21:40.181 | DEBUG    | __main__:run:31 - []
2023-08-11 16:21:40.187 | DEBUG    | __main__:run:31 - []
2023-08-11 16:21:40.194 | DEBUG    | __main__:run:31 - []
2023-08-11 16:21:40.201 | DEBUG    | __main__:run:31 - []
2023-08-11 16:21:40.207 | DEBUG    | __main__:run:31 - []
2023-08-11 16:21:40.214 | DEBUG    | __main__:run:31 - []
2023-08-11 16:21:40.220 | DEBUG    | __main__:run:31 - []
2023-08-11 16:21:40.228 | DEBUG    | __main__:run:31 - []
2023-08-11 16:21:40.235 | DEBUG    | __main__:run:31 - []
2023-08-11 16:21:40.243 | DEBUG    | __main__:run:31 - []
2023-08-11 16:21:40.250 | DEBUG    | __main__:run:31 - []
2023-08-11 16:21:40.257 | DEBUG    | __main__:run:31 - []
2023-08-11 16:21:40.275 | DEBUG    | __main__:run:31 - []
2023-08-11 16:21:40.287 | DEBUG    | __main__:run:31 - []
2023-08-11 16:21:40.294 | DEBUG    | __main__:run:31 - []
2023-08-11 16:21:40.300 | DEBUG    | __main__:run:31 - []
2023-08-11 16:21:40.307 | DEBUG    | __main__:run:31 - []
2023-08-11 16:21:40.314 | DEBUG    | __main__:run:31 - []
2023-08-11 16:21:40.328 | DEBUG    | __main__:run:31 - []
2023-08-11 16:21:40.336 | DEBUG    | __main__:run:31 - []
2023-08-11 16:21:40.347 | DEBUG    | __main__:run:31 - []
2023-08-11 16:21:40.354 | DEBUG    | __main__:run:31 - []
2023-08-11 16:21:40.363 | DEBUG    | __main__:run:31 - []
2023-08-11 16:21:40.369 | DEBUG    | __main__:run:31 - []
2023-08-11 16:21:40.376 | DEBUG    | __main__:run:31 - []
2023-08-11 16:21:40.392 | DEBUG    | __main__:run:31 - []
2023-08-11 16:21:40.399 | DEBUG    | __main__:run:31 - []
2023-08-11 16:21:40.410 | DEBUG    | __main__:run:31 - []
2023-08-11 16:21:40.416 | DEBUG    | __main__:run:31 - []
2023-08-11 16:21:40.425 | DEBUG    | __main__:run:31 - []
2023-08-11 16:21:40.431 | DEBUG    | __main__:run:31 - []
2023-08-11 16:21:40.459 | DEBUG    | __main__:run:31 - []
2023-08-11 16:21:40.466 | DEBUG    | __main__:run:31 - []
2023-08-11 16:21:40.473 | DEBUG    | __main__:run:31 - []
2023-08-11 16:21:40.479 | DEBUG    | __main__:run:31 - []
2023-08-11 16:21:40.485 | DEBUG    | __main__:run:31 - []
2023-08-11 16:21:40.491 | DEBUG    | __main__:run:31 - []
2023-08-11 16:21:40.497 | DEBUG    | __main__:run:31 - []
2023-08-11 16:21:40.511 | DEBUG    | __main__:run:31 - []
2023-08-11 16:21:40.518 | DEBUG    | __main__:run:31 - []
2023-08-11 16:21:40.524 | DEBUG    | __main__:run:31 - []
2023-08-11 16:21:40.531 | DEBUG    | __main__:run:31 - []
2023-08-11 16:21:40.539 | DEBUG    | __main__:run:31 - []
2023-08-11 16:21:40.545 | DEBUG    | __main__:run:31 - []
2023-08-11 16:21:40.551 | DEBUG    | __main__:run:31 - []
2023-08-11 16:21:40.563 | DEBUG    | __main__:run:31 - []
2023-08-11 16:21:40.571 | DEBUG    | __main__:run:31 - []
2023-08-11 16:21:40.585 | DEBUG    | __main__:run:31 - []
2023-08-11 16:21:40.592 | DEBUG    | __main__:run:31 - []
2023-08-11 16:21:40.598 | DEBUG    | __main__:run:31 - []
2023-08-11 16:21:40.604 | DEBUG    | __main__:run:31 - []
2023-08-11 16:21:40.611 | DEBUG    | __main__:run:31 - []
2023-08-11 16:21:40.617 | DEBUG    | __main__:run:31 - []
2023-08-11 16:21:40.624 | DEBUG    | __main__:run:31 - []
2023-08-11 16:21:40.636 | DEBUG    | __main__:run:31 - []
2023-08-11 16:21:40.644 | DEBUG    | __main__:run:31 - []
2023-08-11 16:21:40.650 | DEBUG    | __main__:run:31 - []
2023-08-11 16:21:40.656 | DEBUG    | __main__:run:31 - []
2023-08-11 16:21:40.662 | DEBUG    | __main__:run:31 - []
2023-08-11 16:21:40.668 | DEBUG    | __main__:run:31 - []
2023-08-11 16:21:40.676 | DEBUG    | __main__:run:31 - []
2023-08-11 16:21:40.689 | DEBUG    | __main__:run:31 - []
2023-08-11 16:21:40.697 | DEBUG    | __main__:run:31 - []
2023-08-11 16:21:40.705 | DEBUG    | __main__:run:31 - []
2023-08-11 16:21:40.711 | DEBUG    | __main__:run:31 - []
2023-08-11 16:21:40.717 | DEBUG    | __main__:run:31 - []
2023-08-11 16:21:40.723 | DEBUG    | __main__:run:31 - []
2023-08-11 16:21:40.730 | DEBUG    | __main__:run:31 - []
2023-08-11 16:21:40.736 | DEBUG    | __main__:run:31 - []
2023-08-11 16:21:40.746 | DEBUG    | __main__:run:31 - []
2023-08-11 16:21:40.755 | DEBUG    | __main__:run:31 - []
2023-08-11 16:21:40.765 | DEBUG    | __main__:run:31 - []
2023-08-11 16:21:40.773 | DEBUG    | __main__:run:31 - []
2023-08-11 16:21:40.782 | DEBUG    | __main__:run:31 - []
2023-08-11 16:21:40.790 | DEBUG    | __main__:run:31 - []
2023-08-11 16:21:40.797 | DEBUG    | __main__:run:31 - []
2023-08-11 16:21:40.805 | DEBUG    | __main__:run:31 - []
2023-08-11 16:21:40.833 | DEBUG    | __main__:run:31 - []
2023-08-11 16:21:40.841 | DEBUG    | __main__:run:31 - []
2023-08-11 16:21:40.849 | DEBUG    | __main__:run:31 - []
2023-08-11 16:21:40.857 | DEBUG    | __main__:run:31 - []
2023-08-11 16:21:40.866 | DEBUG    | __main__:run:31 - []
2023-08-11 16:21:40.872 | DEBUG    | __main__:run:31 - []
2023-08-11 16:21:40.882 | DEBUG    | __main__:run:31 - []
2023-08-11 16:21:40.897 | DEBUG    | __main__:run:31 - []
2023-08-11 16:21:40.906 | DEBUG    | __main__:run:31 - []
2023-08-11 16:21:40.913 | DEBUG    | __main__:run:31 - []
2023-08-11 16:21:40.919 | DEBUG    | __main__:run:31 - []
2023-08-11 16:21:40.926 | DEBUG    | __main__:run:31 - []
2023-08-11 16:21:40.932 | DEBUG    | __main__:run:31 - []
2023-08-11 16:21:40.939 | DEBUG    | __main__:run:31 - []
2023-08-11 16:21:40.955 | DEBUG    | __main__:run:31 - []
2023-08-11 16:21:40.963 | DEBUG    | __main__:run:31 - []
2023-08-11 16:21:40.970 | DEBUG    | __main__:run:31 - []
2023-08-11 16:21:40.976 | DEBUG    | __main__:run:31 - []
2023-08-11 16:21:40.982 | DEBUG    | __main__:run:31 - []
2023-08-11 16:21:40.988 | DEBUG    | __main__:run:31 - []
2023-08-11 16:21:40.994 | DEBUG    | __main__:run:31 - []
2023-08-11 16:21:41.000 | DEBUG    | __main__:run:31 - []
2023-08-11 16:21:41.015 | DEBUG    | __main__:run:31 - []
2023-08-11 16:21:41.022 | DEBUG    | __main__:run:31 - []
2023-08-11 16:21:41.029 | DEBUG    | __main__:run:31 - []
2023-08-11 16:21:41.035 | DEBUG    | __main__:run:31 - []
2023-08-11 16:21:41.042 | DEBUG    | __main__:run:31 - []
2023-08-11 16:21:41.049 | DEBUG    | __main__:run:31 - []
2023-08-11 16:21:41.061 | DEBUG    | __main__:run:31 - []
2023-08-11 16:21:41.069 | DEBUG    | __main__:run:31 - []
2023-08-11 16:21:41.087 | DEBUG    | __main__:run:31 - []
2023-08-11 16:21:41.094 | DEBUG    | __main__:run:31 - []
2023-08-11 16:21:41.102 | DEBUG    | __main__:run:31 - []
2023-08-11 16:21:41.109 | DEBUG    | __main__:run:31 - []
2023-08-11 16:21:41.116 | DEBUG    | __main__:run:31 - []
2023-08-11 16:21:41.122 | DEBUG    | __main__:run:31 - []
2023-08-11 16:21:41.129 | DEBUG    | __main__:run:31 - []
2023-08-11 16:21:41.144 | DEBUG    | __main__:run:31 - []
2023-08-11 16:21:41.154 | DEBUG    | __main__:run:31 - []
2023-08-11 16:21:41.160 | DEBUG    | __main__:run:31 - []
2023-08-11 16:21:41.171 | DEBUG    | __main__:run:31 - []
2023-08-11 16:21:41.177 | DEBUG    | __main__:run:31 - []
2023-08-11 16:21:41.195 | DEBUG    | __main__:run:31 - []
2023-08-11 16:21:41.206 | DEBUG    | __main__:run:31 - []
2023-08-11 16:21:41.213 | DEBUG    | __main__:run:31 - []
2023-08-11 16:21:41.221 | DEBUG    | __main__:run:31 - []
2023-08-11 16:21:41.228 | DEBUG    | __main__:run:31 - []
2023-08-11 16:21:41.239 | DEBUG    | __main__:run:31 - []
2023-08-11 16:21:41.254 | DEBUG    | __main__:run:31 - []
2023-08-11 16:21:41.284 | DEBUG    | __main__:run:31 - []
2023-08-11 16:21:41.296 | DEBUG    | __main__:run:31 - []
2023-08-11 16:21:41.305 | DEBUG    | __main__:run:31 - []
2023-08-11 16:21:41.316 | DEBUG    | __main__:run:31 - []
2023-08-11 16:21:41.325 | DEBUG    | __main__:run:31 - []
2023-08-11 16:21:41.333 | DEBUG    | __main__:run:31 - []
2023-08-11 16:21:41.355 | DEBUG    | __main__:run:31 - []
2023-08-11 16:21:41.362 | DEBUG    | __main__:run:31 - []
2023-08-11 16:21:41.370 | DEBUG    | __main__:run:31 - []
2023-08-11 16:21:41.377 | DEBUG    | __main__:run:31 - []
2023-08-11 16:21:41.384 | DEBUG    | __main__:run:31 - []
2023-08-11 16:21:41.394 | DEBUG    | __main__:run:31 - []
2023-08-11 16:21:41.401 | DEBUG    | __main__:run:31 - []
2023-08-11 16:21:41.422 | DEBUG    | __main__:run:31 - []
2023-08-11 16:21:41.429 | DEBUG    | __main__:run:31 - []
2023-08-11 16:21:41.436 | DEBUG    | __main__:run:31 - []
2023-08-11 16:21:41.442 | DEBUG    | __main__:run:31 - []
2023-08-11 16:21:41.449 | DEBUG    | __main__:run:31 - []
2023-08-11 16:21:41.456 | DEBUG    | __main__:run:31 - []
2023-08-11 16:21:41.464 | DEBUG    | __main__:run:31 - []
2023-08-11 16:21:41.478 | DEBUG    | __main__:run:31 - []
2023-08-11 16:21:41.491 | DEBUG    | __main__:run:31 - []
2023-08-11 16:21:41.499 | DEBUG    | __main__:run:31 - []
2023-08-11 16:21:41.507 | DEBUG    | __main__:run:31 - []
2023-08-11 16:21:41.514 | DEBUG    | __main__:run:31 - []
2023-08-11 16:21:41.520 | DEBUG    | __main__:run:31 - []
2023-08-11 16:21:41.527 | DEBUG    | __main__:run:31 - []
2023-08-11 16:21:41.533 | DEBUG    | __main__:run:31 - []
2023-08-11 16:21:41.539 | DEBUG    | __main__:run:31 - []
2023-08-11 16:21:41.554 | DEBUG    | __main__:run:31 - []
2023-08-11 16:21:41.561 | DEBUG    | __main__:run:31 - []
2023-08-11 16:21:41.569 | DEBUG    | __main__:run:31 - []
2023-08-11 16:21:41.575 | DEBUG    | __main__:run:31 - []
2023-08-11 16:21:41.582 | DEBUG    | __main__:run:31 - []
2023-08-11 16:21:41.588 | DEBUG    | __main__:run:31 - []
2023-08-11 16:21:41.598 | DEBUG    | __main__:run:31 - []
2023-08-11 16:21:41.604 | DEBUG    | __main__:run:31 - []
2023-08-11 16:21:41.619 | DEBUG    | __main__:run:31 - []
2023-08-11 16:21:41.630 | DEBUG    | __main__:run:31 - []
2023-08-11 16:21:41.638 | DEBUG    | __main__:run:31 - []
2023-08-11 16:21:41.649 | DEBUG    | __main__:run:31 - []
2023-08-11 16:21:41.658 | DEBUG    | __main__:run:31 - []
2023-08-11 16:21:41.670 | DEBUG    | __main__:run:31 - []
2023-08-11 16:21:41.677 | DEBUG    | __main__:run:31 - []
2023-08-11 16:21:41.684 | DEBUG    | __main__:run:31 - []
2023-08-11 16:21:41.694 | DEBUG    | __main__:run:31 - []
2023-08-11 16:21:41.700 | DEBUG    | __main__:run:31 - []
2023-08-11 16:21:41.714 | DEBUG    | __main__:run:31 - []
2023-08-11 16:21:41.729 | DEBUG    | __main__:run:31 - []
2023-08-11 16:21:41.737 | DEBUG    | __main__:run:31 - []
2023-08-11 16:21:41.743 | DEBUG    | __main__:run:31 - []
2023-08-11 16:21:41.749 | DEBUG    | __main__:run:31 - []
2023-08-11 16:21:41.756 | DEBUG    | __main__:run:31 - []
2023-08-11 16:21:41.763 | DEBUG    | __main__:run:31 - []
2023-08-11 16:21:41.772 | DEBUG    | __main__:run:31 - []
2023-08-11 16:21:41.788 | DEBUG    | __main__:run:31 - []
2023-08-11 16:21:41.795 | DEBUG    | __main__:run:31 - []
2023-08-11 16:21:41.809 | DEBUG    | __main__:run:31 - []
2023-08-11 16:21:41.833 | DEBUG    | __main__:run:31 - []
2023-08-11 16:21:41.842 | DEBUG    | __main__:run:31 - []
2023-08-11 16:21:41.851 | DEBUG    | __main__:run:31 - []
2023-08-11 16:21:41.858 | DEBUG    | __main__:run:31 - []
2023-08-11 16:21:41.868 | DEBUG    | __main__:run:31 - []
2023-08-11 16:21:41.886 | DEBUG    | __main__:run:31 - []
2023-08-11 16:21:41.893 | DEBUG    | __main__:run:31 - []
2023-08-11 16:21:41.899 | DEBUG    | __main__:run:31 - []
2023-08-11 16:21:41.905 | DEBUG    | __main__:run:31 - []
2023-08-11 16:21:41.914 | DEBUG    | __main__:run:31 - []
2023-08-11 16:21:41.920 | DEBUG    | __main__:run:31 - []
2023-08-11 16:21:41.931 | DEBUG    | __main__:run:31 - []
2023-08-11 16:21:41.938 | DEBUG    | __main__:run:31 - []
2023-08-11 16:21:41.947 | DEBUG    | __main__:run:31 - []
2023-08-11 16:21:41.953 | DEBUG    | __main__:run:31 - []
2023-08-11 16:21:41.963 | DEBUG    | __main__:run:31 - []
2023-08-11 16:21:41.968 | DEBUG    | __main__:run:31 - []
2023-08-11 16:21:41.976 | DEBUG    | __main__:run:31 - []
2023-08-11 16:21:41.983 | DEBUG    | __main__:run:31 - []
2023-08-11 16:21:41.989 | DEBUG    | __main__:run:31 - []
2023-08-11 16:21:41.996 | DEBUG    | __main__:run:31 - []
2023-08-11 16:21:42.003 | DEBUG    | __main__:run:31 - []
2023-08-11 16:21:42.009 | DEBUG    | __main__:run:31 - []
2023-08-11 16:21:42.014 | DEBUG    | __main__:run:31 - []
2023-08-11 16:21:42.020 | DEBUG    | __main__:run:31 - []
2023-08-11 16:21:42.025 | DEBUG    | __main__:run:31 - []
2023-08-11 16:21:42.031 | DEBUG    | __main__:run:31 - []
2023-08-11 16:21:42.038 | DEBUG    | __main__:run:31 - []
2023-08-11 16:21:42.045 | DEBUG    | __main__:run:31 - []
2023-08-11 16:21:42.051 | DEBUG    | __main__:run:31 - []
2023-08-11 16:21:42.057 | DEBUG    | __main__:run:31 - []
2023-08-11 16:21:42.063 | DEBUG    | __main__:run:31 - []
2023-08-11 16:21:42.070 | DEBUG    | __main__:run:31 - []
2023-08-11 16:21:42.076 | DEBUG    | __main__:run:31 - []
2023-08-11 16:21:42.081 | DEBUG    | __main__:run:31 - []
2023-08-11 16:21:42.091 | DEBUG    | __main__:run:31 - []
2023-08-11 16:21:42.098 | DEBUG    | __main__:run:31 - []
2023-08-11 16:21:42.106 | DEBUG    | __main__:run:31 - []
2023-08-11 16:21:42.112 | DEBUG    | __main__:run:31 - []
2023-08-11 16:21:42.121 | DEBUG    | __main__:run:31 - []
2023-08-11 16:21:42.127 | DEBUG    | __main__:run:31 - []
2023-08-11 16:21:42.137 | DEBUG    | __main__:run:31 - []
2023-08-11 16:21:42.143 | DEBUG    | __main__:run:31 - []
2023-08-11 16:21:42.153 | DEBUG    | __main__:run:31 - []
2023-08-11 16:21:42.159 | DEBUG    | __main__:run:31 - []
2023-08-11 16:21:42.166 | DEBUG    | __main__:run:31 - []
2023-08-11 16:21:42.172 | DEBUG    | __main__:run:31 - []
2023-08-11 16:21:42.178 | DEBUG    | __main__:run:31 - []
2023-08-11 16:21:42.185 | DEBUG    | __main__:run:31 - []
2023-08-11 16:21:42.193 | DEBUG    | __main__:run:31 - []
2023-08-11 16:21:42.198 | DEBUG    | __main__:run:31 - []
2023-08-11 16:21:42.204 | DEBUG    | __main__:run:31 - []
2023-08-11 16:21:42.211 | DEBUG    | __main__:run:31 - []
2023-08-11 16:21:42.216 | DEBUG    | __main__:run:31 - []
2023-08-11 16:21:42.222 | DEBUG    | __main__:run:31 - []
2023-08-11 16:21:42.232 | DEBUG    | __main__:run:31 - []
2023-08-11 16:21:42.241 | DEBUG    | __main__:run:31 - []
2023-08-11 16:21:42.247 | DEBUG    | __main__:run:31 - []
2023-08-11 16:21:42.253 | DEBUG    | __main__:run:31 - []
2023-08-11 16:21:42.259 | DEBUG    | __main__:run:31 - []
2023-08-11 16:21:42.265 | DEBUG    | __main__:run:31 - []
2023-08-11 16:21:42.272 | DEBUG    | __main__:run:31 - []
2023-08-11 16:21:42.279 | DEBUG    | __main__:run:31 - []
2023-08-11 16:21:42.285 | DEBUG    | __main__:run:31 - []
2023-08-11 16:21:42.294 | DEBUG    | __main__:run:31 - []
2023-08-11 16:21:42.301 | DEBUG    | __main__:run:31 - []
2023-08-11 16:21:42.312 | DEBUG    | __main__:run:31 - []
2023-08-11 16:21:42.320 | DEBUG    | __main__:run:31 - []
2023-08-11 16:21:42.327 | DEBUG    | __main__:run:31 - []
2023-08-11 16:21:42.335 | DEBUG    | __main__:run:31 - []
2023-08-11 16:21:42.343 | DEBUG    | __main__:run:31 - []
2023-08-11 16:21:42.352 | DEBUG    | __main__:run:31 - []
2023-08-11 16:21:42.359 | DEBUG    | __main__:run:31 - []
2023-08-11 16:21:42.366 | DEBUG    | __main__:run:31 - []
2023-08-11 16:21:42.373 | DEBUG    | __main__:run:31 - []
2023-08-11 16:21:42.378 | DEBUG    | __main__:run:31 - []
2023-08-11 16:21:42.385 | DEBUG    | __main__:run:31 - []
2023-08-11 16:21:42.390 | DEBUG    | __main__:run:31 - []
2023-08-11 16:21:42.395 | DEBUG    | __main__:run:31 - []
2023-08-11 16:21:42.405 | DEBUG    | __main__:run:31 - []
2023-08-11 16:21:42.411 | DEBUG    | __main__:run:31 - []
2023-08-11 16:21:42.421 | DEBUG    | __main__:run:31 - []
2023-08-11 16:21:42.427 | DEBUG    | __main__:run:31 - []
2023-08-11 16:21:42.435 | DEBUG    | __main__:run:31 - []
2023-08-11 16:21:42.442 | DEBUG    | __main__:run:31 - []
2023-08-11 16:21:42.451 | DEBUG    | __main__:run:31 - []
2023-08-11 16:21:42.457 | DEBUG    | __main__:run:31 - []
2023-08-11 16:21:42.465 | DEBUG    | __main__:run:31 - []
2023-08-11 16:21:42.473 | DEBUG    | __main__:run:31 - []
2023-08-11 16:21:42.487 | DEBUG    | __main__:run:31 - []
2023-08-11 16:21:42.496 | DEBUG    | __main__:run:31 - []
2023-08-11 16:21:42.504 | DEBUG    | __main__:run:31 - []
2023-08-11 16:21:42.515 | DEBUG    | __main__:run:31 - []
2023-08-11 16:21:42.525 | DEBUG    | __main__:run:31 - []
2023-08-11 16:21:42.534 | DEBUG    | __main__:run:31 - []
2023-08-11 16:21:42.543 | DEBUG    | __main__:run:31 - []
2023-08-11 16:21:42.550 | DEBUG    | __main__:run:31 - []
2023-08-11 16:21:42.559 | DEBUG    | __main__:run:31 - []
2023-08-11 16:21:42.567 | DEBUG    | __main__:run:31 - []
2023-08-11 16:21:42.575 | DEBUG    | __main__:run:31 - []
2023-08-11 16:21:42.583 | DEBUG    | __main__:run:31 - []
2023-08-11 16:21:42.591 | DEBUG    | __main__:run:31 - []
2023-08-11 16:21:42.597 | DEBUG    | __main__:run:31 - []
2023-08-11 16:21:42.604 | DEBUG    | __main__:run:31 - []
2023-08-11 16:21:42.610 | DEBUG    | __main__:run:31 - []
2023-08-11 16:21:42.618 | DEBUG    | __main__:run:31 - []
2023-08-11 16:21:42.628 | DEBUG    | __main__:run:31 - []
2023-08-11 16:21:42.635 | DEBUG    | __main__:run:31 - []
2023-08-11 16:21:42.647 | DEBUG    | __main__:run:31 - []
2023-08-11 16:21:42.655 | DEBUG    | __main__:run:31 - []
2023-08-11 16:21:42.661 | DEBUG    | __main__:run:31 - []
2023-08-11 16:21:42.668 | DEBUG    | __main__:run:31 - []
2023-08-11 16:21:42.675 | DEBUG    | __main__:run:31 - []
2023-08-11 16:21:42.683 | DEBUG    | __main__:run:31 - []
2023-08-11 16:21:42.693 | DEBUG    | __main__:run:31 - []
2023-08-11 16:21:42.701 | DEBUG    | __main__:run:31 - []
2023-08-11 16:21:42.712 | DEBUG    | __main__:run:31 - []
2023-08-11 16:21:42.718 | DEBUG    | __main__:run:31 - []
2023-08-11 16:21:42.724 | DEBUG    | __main__:run:31 - []
2023-08-11 16:21:42.732 | DEBUG    | __main__:run:31 - []
2023-08-11 16:21:42.739 | DEBUG    | __main__:run:31 - []
2023-08-11 16:21:42.746 | DEBUG    | __main__:run:31 - []
2023-08-11 16:21:42.756 | DEBUG    | __main__:run:31 - []
2023-08-11 16:21:42.762 | DEBUG    | __main__:run:31 - []
2023-08-11 16:21:42.773 | DEBUG    | __main__:run:31 - []
2023-08-11 16:21:42.780 | DEBUG    | __main__:run:31 - []
2023-08-11 16:21:42.787 | DEBUG    | __main__:run:31 - []
2023-08-11 16:21:42.793 | DEBUG    | __main__:run:31 - []
2023-08-11 16:21:42.800 | DEBUG    | __main__:run:31 - []
2023-08-11 16:21:42.806 | DEBUG    | __main__:run:31 - []
2023-08-11 16:21:42.812 | DEBUG    | __main__:run:31 - []
2023-08-11 16:21:42.819 | DEBUG    | __main__:run:31 - []
2023-08-11 16:21:42.825 | DEBUG    | __main__:run:31 - []
2023-08-11 16:21:42.832 | DEBUG    | __main__:run:31 - []
2023-08-11 16:21:42.838 | DEBUG    | __main__:run:31 - []
2023-08-11 16:21:42.845 | DEBUG    | __main__:run:31 - []
2023-08-11 16:21:42.851 | DEBUG    | __main__:run:31 - []
2023-08-11 16:21:42.857 | DEBUG    | __main__:run:31 - []
2023-08-11 16:21:42.864 | DEBUG    | __main__:run:31 - []
2023-08-11 16:21:42.870 | DEBUG    | __main__:run:31 - []
2023-08-11 16:21:42.876 | DEBUG    | __main__:run:31 - []
2023-08-11 16:21:42.882 | DEBUG    | __main__:run:31 - []
2023-08-11 16:21:42.888 | DEBUG    | __main__:run:31 - []
2023-08-11 16:21:42.898 | DEBUG    | __main__:run:31 - []
2023-08-11 16:21:42.904 | DEBUG    | __main__:run:31 - []
2023-08-11 16:21:42.915 | DEBUG    | __main__:run:31 - []
2023-08-11 16:21:42.923 | DEBUG    | __main__:run:31 - []
2023-08-11 16:21:42.930 | DEBUG    | __main__:run:31 - []
2023-08-11 16:21:42.939 | DEBUG    | __main__:run:31 - []
2023-08-11 16:21:42.947 | DEBUG    | __main__:run:31 - []
2023-08-11 16:21:42.955 | DEBUG    | __main__:run:31 - []
2023-08-11 16:21:42.962 | DEBUG    | __main__:run:31 - []
2023-08-11 16:21:42.968 | DEBUG    | __main__:run:31 - []
2023-08-11 16:21:42.975 | DEBUG    | __main__:run:31 - []
2023-08-11 16:21:42.982 | DEBUG    | __main__:run:31 - []
2023-08-11 16:21:42.993 | DEBUG    | __main__:run:31 - []
2023-08-11 16:21:42.999 | DEBUG    | __main__:run:31 - []
2023-08-11 16:21:43.009 | DEBUG    | __main__:run:31 - []
2023-08-11 16:21:43.015 | DEBUG    | __main__:run:31 - []
2023-08-11 16:21:43.022 | DEBUG    | __main__:run:31 - []
2023-08-11 16:21:43.029 | DEBUG    | __main__:run:31 - []
2023-08-11 16:21:43.038 | DEBUG    | __main__:run:31 - []
2023-08-11 16:21:43.045 | DEBUG    | __main__:run:31 - []
2023-08-11 16:21:43.052 | DEBUG    | __main__:run:31 - []
2023-08-11 16:21:43.059 | DEBUG    | __main__:run:31 - []
2023-08-11 16:21:43.067 | DEBUG    | __main__:run:31 - []
2023-08-11 16:21:43.074 | DEBUG    | __main__:run:31 - []
2023-08-11 16:21:43.080 | DEBUG    | __main__:run:31 - []
2023-08-11 16:21:43.087 | DEBUG    | __main__:run:31 - []
2023-08-11 16:21:43.093 | DEBUG    | __main__:run:31 - []
2023-08-11 16:21:43.099 | DEBUG    | __main__:run:31 - []
2023-08-11 16:21:43.105 | DEBUG    | __main__:run:31 - []
2023-08-11 16:21:43.111 | DEBUG    | __main__:run:31 - []
2023-08-11 16:21:43.118 | DEBUG    | __main__:run:31 - []
2023-08-11 16:21:43.124 | DEBUG    | __main__:run:31 - []
2023-08-11 16:21:43.133 | DEBUG    | __main__:run:31 - []
2023-08-11 16:21:43.139 | DEBUG    | __main__:run:31 - []
2023-08-11 16:21:43.150 | DEBUG    | __main__:run:31 - []
2023-08-11 16:21:43.156 | DEBUG    | __main__:run:31 - []
2023-08-11 16:21:43.165 | DEBUG    | __main__:run:31 - []
2023-08-11 16:21:43.171 | DEBUG    | __main__:run:31 - []
2023-08-11 16:21:43.182 | DEBUG    | __main__:run:31 - []
2023-08-11 16:21:43.189 | DEBUG    | __main__:run:31 - []
2023-08-11 16:21:43.195 | DEBUG    | __main__:run:31 - []
2023-08-11 16:21:43.200 | DEBUG    | __main__:run:31 - []
