2023-08-11 20:52:26.264 | INFO     | __main__:__init__:122 - all init start
2023-08-11 20:52:26.422 | INFO     | petC:setMouseEvent:224 - setMouseEvent running--- slime
2023-08-11 20:52:26.422 | INFO     | petC:setMouseEvent:229 - 

2023-08-11 20:52:26.423 | INFO     | petC:initAI:428 - slime initAI running
2023-08-11 20:52:26.479 | INFO     | petC:hide:232 - slime hide
2023-08-11 20:52:26.502 | INFO     | petC:setMouseEvent:224 - setMouseEvent running--- red
2023-08-11 20:52:26.503 | INFO     | petC:setMouseEvent:229 - 

2023-08-11 20:52:26.503 | INFO     | petC:initAI:428 - red initAI running
2023-08-11 20:52:26.505 | INFO     | petC:hide:232 - red hide
2023-08-11 20:52:26.525 | INFO     | petC:setMouseEvent:224 - setMouseEvent running--- orange
2023-08-11 20:52:26.526 | INFO     | petC:setMouseEvent:229 - 

2023-08-11 20:52:26.526 | INFO     | petC:initAI:428 - orange initAI running
2023-08-11 20:52:26.528 | INFO     | petC:hide:232 - orange hide
2023-08-11 20:52:26.551 | INFO     | petC:setMouseEvent:224 - setMouseEvent running--- yellow
2023-08-11 20:52:26.551 | INFO     | petC:setMouseEvent:229 - 

2023-08-11 20:52:26.551 | INFO     | petC:initAI:428 - yellow initAI running
2023-08-11 20:52:26.553 | INFO     | petC:hide:232 - yellow hide
2023-08-11 20:52:26.580 | INFO     | petC:setMouseEvent:224 - setMouseEvent running--- green
2023-08-11 20:52:26.580 | INFO     | petC:setMouseEvent:229 - 

2023-08-11 20:52:26.581 | INFO     | petC:initAI:428 - green initAI running
2023-08-11 20:52:26.582 | INFO     | petC:hide:232 - green hide
2023-08-11 20:52:26.609 | INFO     | petC:setMouseEvent:224 - setMouseEvent running--- blue
2023-08-11 20:52:26.610 | INFO     | petC:setMouseEvent:229 - 

2023-08-11 20:52:26.610 | INFO     | petC:initAI:428 - blue initAI running
2023-08-11 20:52:26.612 | INFO     | petC:hide:232 - blue hide
2023-08-11 20:52:26.635 | INFO     | petC:setMouseEvent:224 - setMouseEvent running--- purple
2023-08-11 20:52:26.635 | INFO     | petC:setMouseEvent:229 - 

2023-08-11 20:52:26.636 | INFO     | petC:initAI:428 - purple initAI running
2023-08-11 20:52:26.637 | INFO     | petC:hide:232 - purple hide
2023-08-11 20:52:26.643 | INFO     | __main__:initCtrlWindow:183 - init CtrlWindow
2023-08-11 20:52:27.373 | INFO     | ctrlWindow:__init__:21 - <__main__.Main object at 0x000002077BE6F400>
2023-08-11 20:52:27.373 | INFO     | ctrlWindow:initEvents:31 - init Events
2023-08-11 20:52:27.375 | DEBUG    | petC:getLogic:344 - standing still,stand
2023-08-11 20:52:27.375 | WARNING  | petC:inRect:327 - in rect
2023-08-11 20:52:27.376 | INFO     | __main__:initSysMenu:197 - initSysMenu
2023-08-11 20:52:29.657 | INFO     | petC:show:238 - green show
2023-08-11 20:52:29.680 | DEBUG    | petC:doTask:415 - green doTask
