2023-08-08 16:44:56.371 | INFO     | __main__:__init__:123 - all init start
2023-08-08 16:44:56.496 | INFO     | petC:setMouseEvent:191 - setMouseEvent running--- slime
2023-08-08 16:44:56.497 | INFO     | petC:setMouseEvent:196 - 

2023-08-08 16:44:56.499 | INFO     | petC:initAI:441 - slime initAI running
2023-08-08 16:44:56.500 | INFO     | AI:__init__:57 - slime's AI init
2023-08-08 16:44:56.501 | INFO     | AI:__init__:58 - infos:
2023-08-08 16:44:56.502 | INFO     | AI:__init__:59 -     -id: slime_AI
2023-08-08 16:44:56.524 | INFO     | petC:hide:199 - slime hide
2023-08-08 16:44:56.536 | INFO     | petC:setMouseEvent:191 - setMouseEvent running--- red
2023-08-08 16:44:56.537 | INFO     | petC:setMouseEvent:196 - 

2023-08-08 16:44:56.538 | INFO     | petC:initAI:441 - red initAI running
2023-08-08 16:44:56.540 | INFO     | AI:__init__:57 - red's AI init
2023-08-08 16:44:56.541 | INFO     | AI:__init__:58 - infos:
2023-08-08 16:44:56.543 | INFO     | AI:__init__:59 -     -id: red_AI
2023-08-08 16:44:56.545 | INFO     | petC:hide:199 - red hide
2023-08-08 16:44:56.559 | INFO     | petC:setMouseEvent:191 - setMouseEvent running--- orange
2023-08-08 16:44:56.560 | INFO     | petC:setMouseEvent:196 - 

2023-08-08 16:44:56.562 | INFO     | petC:initAI:441 - orange initAI running
2023-08-08 16:44:56.564 | INFO     | AI:__init__:57 - orange's AI init
2023-08-08 16:44:56.565 | INFO     | AI:__init__:58 - infos:
2023-08-08 16:44:56.567 | INFO     | AI:__init__:59 -     -id: orange_AI
2023-08-08 16:44:56.570 | INFO     | petC:hide:199 - orange hide
2023-08-08 16:44:56.585 | INFO     | petC:setMouseEvent:191 - setMouseEvent running--- yellow
2023-08-08 16:44:56.587 | INFO     | petC:setMouseEvent:196 - 

2023-08-08 16:44:56.590 | INFO     | petC:initAI:441 - yellow initAI running
2023-08-08 16:44:56.592 | INFO     | AI:__init__:57 - yellow's AI init
2023-08-08 16:44:56.594 | INFO     | AI:__init__:58 - infos:
2023-08-08 16:44:56.595 | INFO     | AI:__init__:59 -     -id: yellow_AI
2023-08-08 16:44:56.599 | INFO     | petC:hide:199 - yellow hide
2023-08-08 16:44:56.612 | INFO     | petC:setMouseEvent:191 - setMouseEvent running--- green
2023-08-08 16:44:56.614 | INFO     | petC:setMouseEvent:196 - 

2023-08-08 16:44:56.617 | INFO     | petC:initAI:441 - green initAI running
2023-08-08 16:44:56.618 | INFO     | AI:__init__:57 - green's AI init
2023-08-08 16:44:56.621 | INFO     | AI:__init__:58 - infos:
2023-08-08 16:44:56.622 | INFO     | AI:__init__:59 -     -id: green_AI
2023-08-08 16:44:56.625 | INFO     | petC:hide:199 - green hide
2023-08-08 16:44:56.639 | INFO     | petC:setMouseEvent:191 - setMouseEvent running--- blue
2023-08-08 16:44:56.641 | INFO     | petC:setMouseEvent:196 - 

2023-08-08 16:44:56.643 | INFO     | petC:initAI:441 - blue initAI running
2023-08-08 16:44:56.644 | INFO     | AI:__init__:57 - blue's AI init
2023-08-08 16:44:56.646 | INFO     | AI:__init__:58 - infos:
2023-08-08 16:44:56.647 | INFO     | AI:__init__:59 -     -id: blue_AI
2023-08-08 16:44:56.650 | INFO     | petC:hide:199 - blue hide
2023-08-08 16:44:56.666 | INFO     | petC:setMouseEvent:191 - setMouseEvent running--- purple
2023-08-08 16:44:56.671 | INFO     | petC:setMouseEvent:196 - 

2023-08-08 16:44:56.672 | INFO     | petC:initAI:441 - purple initAI running
2023-08-08 16:44:56.674 | INFO     | AI:__init__:57 - purple's AI init
2023-08-08 16:44:56.675 | INFO     | AI:__init__:58 - infos:
2023-08-08 16:44:56.676 | INFO     | AI:__init__:59 -     -id: purple_AI
2023-08-08 16:44:56.678 | INFO     | petC:hide:199 - purple hide
2023-08-08 16:44:56.682 | INFO     | __main__:initCtrlWindow:157 - init CtrlWindow
2023-08-08 16:44:57.260 | INFO     | ctrlWindow:__init__:21 - <__main__.Main object at 0x0000012F10961630>
2023-08-08 16:44:57.262 | INFO     | ctrlWindow:initEvents:31 - init Events
2023-08-08 16:44:57.263 | INFO     | __main__:initSysMenu:171 - initSysMenu
2023-08-08 16:45:03.432 | INFO     | petC:show:205 - green show
2023-08-08 16:45:06.975 | DEBUG    | petC:getLogic:313 - standing still,stand
