2023-08-07 19:47:13.785 | INFO     | __main__:__init__:119 - all init start
2023-08-07 19:47:13.902 | INFO     | petC:setMouseEvent:191 - setMouseEvent running--- slime
2023-08-07 19:47:13.904 | INFO     | petC:setMouseEvent:196 - 

2023-08-07 19:47:13.905 | INFO     | petC:initAI:441 - slime initAI running
2023-08-07 19:47:13.906 | INFO     | AI:__init__:57 - slime's AI init
2023-08-07 19:47:13.906 | INFO     | AI:__init__:58 - infos:
2023-08-07 19:47:13.907 | INFO     | AI:__init__:59 -     -id: slime_AI
2023-08-07 19:47:13.929 | INFO     | petC:hide:199 - slime hide
2023-08-07 19:47:13.939 | INFO     | petC:setMouseEvent:191 - setMouseEvent running--- red
2023-08-07 19:47:13.940 | INFO     | petC:setMouseEvent:196 - 

2023-08-07 19:47:13.942 | INFO     | petC:initAI:441 - red initAI running
2023-08-07 19:47:13.943 | INFO     | AI:__init__:57 - red's AI init
2023-08-07 19:47:13.945 | INFO     | AI:__init__:58 - infos:
2023-08-07 19:47:13.946 | INFO     | AI:__init__:59 -     -id: red_AI
2023-08-07 19:47:13.948 | INFO     | petC:hide:199 - red hide
2023-08-07 19:47:13.957 | INFO     | petC:setMouseEvent:191 - setMouseEvent running--- orange
2023-08-07 19:47:13.958 | INFO     | petC:setMouseEvent:196 - 

2023-08-07 19:47:13.962 | INFO     | petC:initAI:441 - orange initAI running
2023-08-07 19:47:13.963 | INFO     | AI:__init__:57 - orange's AI init
2023-08-07 19:47:13.964 | INFO     | AI:__init__:58 - infos:
2023-08-07 19:47:13.965 | INFO     | AI:__init__:59 -     -id: orange_AI
2023-08-07 19:47:13.967 | INFO     | petC:hide:199 - orange hide
2023-08-07 19:47:13.977 | INFO     | petC:setMouseEvent:191 - setMouseEvent running--- yellow
2023-08-07 19:47:13.979 | INFO     | petC:setMouseEvent:196 - 

2023-08-07 19:47:13.980 | INFO     | petC:initAI:441 - yellow initAI running
2023-08-07 19:47:13.981 | INFO     | AI:__init__:57 - yellow's AI init
2023-08-07 19:47:13.982 | INFO     | AI:__init__:58 - infos:
2023-08-07 19:47:13.984 | INFO     | AI:__init__:59 -     -id: yellow_AI
2023-08-07 19:47:13.985 | INFO     | petC:hide:199 - yellow hide
2023-08-07 19:47:13.998 | INFO     | petC:setMouseEvent:191 - setMouseEvent running--- green
2023-08-07 19:47:14.000 | INFO     | petC:setMouseEvent:196 - 

2023-08-07 19:47:14.001 | INFO     | petC:initAI:441 - green initAI running
2023-08-07 19:47:14.003 | INFO     | AI:__init__:57 - green's AI init
2023-08-07 19:47:14.004 | INFO     | AI:__init__:58 - infos:
2023-08-07 19:47:14.005 | INFO     | AI:__init__:59 -     -id: green_AI
2023-08-07 19:47:14.007 | INFO     | petC:hide:199 - green hide
2023-08-07 19:47:14.017 | INFO     | petC:setMouseEvent:191 - setMouseEvent running--- blue
2023-08-07 19:47:14.018 | INFO     | petC:setMouseEvent:196 - 

2023-08-07 19:47:14.020 | INFO     | petC:initAI:441 - blue initAI running
2023-08-07 19:47:14.021 | INFO     | AI:__init__:57 - blue's AI init
2023-08-07 19:47:14.023 | INFO     | AI:__init__:58 - infos:
2023-08-07 19:47:14.024 | INFO     | AI:__init__:59 -     -id: blue_AI
2023-08-07 19:47:14.026 | INFO     | petC:hide:199 - blue hide
2023-08-07 19:47:14.037 | INFO     | petC:setMouseEvent:191 - setMouseEvent running--- purple
2023-08-07 19:47:14.040 | INFO     | petC:setMouseEvent:196 - 

2023-08-07 19:47:14.041 | INFO     | petC:initAI:441 - purple initAI running
2023-08-07 19:47:14.043 | INFO     | AI:__init__:57 - purple's AI init
2023-08-07 19:47:14.045 | INFO     | AI:__init__:58 - infos:
2023-08-07 19:47:14.046 | INFO     | AI:__init__:59 -     -id: purple_AI
2023-08-07 19:47:14.049 | INFO     | petC:hide:199 - purple hide
2023-08-07 19:47:14.052 | INFO     | __main__:initCtrlWindow:153 - init CtrlWindow
2023-08-07 19:47:14.639 | INFO     | ctrlWindow:__init__:21 - <__main__.Main object at 0x0000022068069630>
2023-08-07 19:47:14.641 | INFO     | ctrlWindow:initEvents:31 - init Events
2023-08-07 19:47:14.643 | INFO     | __main__:initSysMenu:167 - initSysMenu
2023-08-07 19:47:19.238 | INFO     | petC:show:205 - green show
2023-08-07 19:47:19.898 | DEBUG    | petC:getLogic:313 - standing still,stand
