2023-08-08 17:56:12.038 | INFO     | __main__:__init__:134 - all init start
2023-08-08 17:56:12.062 | INFO     | __main__:initTimerThread:165 - timer started
2023-08-08 17:56:12.268 | INFO     | petC:setMouseEvent:191 - setMouseEvent running--- slime
2023-08-08 17:56:12.272 | INFO     | petC:setMouseEvent:196 - 

2023-08-08 17:56:12.274 | INFO     | petC:initAI:445 - slime initAI running
2023-08-08 17:56:12.277 | INFO     | AI:__init__:57 - slime's AI init
2023-08-08 17:56:12.280 | INFO     | AI:__init__:58 - infos:
2023-08-08 17:56:12.283 | INFO     | AI:__init__:59 -     -id: slime_AI
2023-08-08 17:56:12.319 | INFO     | petC:hide:199 - slime hide
2023-08-08 17:56:12.355 | INFO     | petC:setMouseEvent:191 - setMouseEvent running--- red
2023-08-08 17:56:12.364 | INFO     | petC:setMouseEvent:196 - 

2023-08-08 17:56:12.371 | INFO     | petC:initAI:445 - red initAI running
2023-08-08 17:56:12.374 | INFO     | AI:__init__:57 - red's AI init
2023-08-08 17:56:12.376 | INFO     | AI:__init__:58 - infos:
2023-08-08 17:56:12.378 | INFO     | AI:__init__:59 -     -id: red_AI
2023-08-08 17:56:12.383 | INFO     | petC:hide:199 - red hide
2023-08-08 17:56:12.427 | INFO     | petC:setMouseEvent:191 - setMouseEvent running--- orange
2023-08-08 17:56:12.431 | INFO     | petC:setMouseEvent:196 - 

2023-08-08 17:56:12.434 | INFO     | petC:initAI:445 - orange initAI running
2023-08-08 17:56:12.437 | INFO     | AI:__init__:57 - orange's AI init
2023-08-08 17:56:12.440 | INFO     | AI:__init__:58 - infos:
2023-08-08 17:56:12.444 | INFO     | AI:__init__:59 -     -id: orange_AI
2023-08-08 17:56:12.455 | INFO     | petC:hide:199 - orange hide
2023-08-08 17:56:12.496 | INFO     | petC:setMouseEvent:191 - setMouseEvent running--- yellow
2023-08-08 17:56:12.503 | INFO     | petC:setMouseEvent:196 - 

2023-08-08 17:56:12.508 | INFO     | petC:initAI:445 - yellow initAI running
2023-08-08 17:56:12.513 | INFO     | AI:__init__:57 - yellow's AI init
2023-08-08 17:56:12.516 | INFO     | AI:__init__:58 - infos:
2023-08-08 17:56:12.520 | INFO     | AI:__init__:59 -     -id: yellow_AI
2023-08-08 17:56:12.525 | INFO     | petC:hide:199 - yellow hide
2023-08-08 17:56:12.565 | INFO     | petC:setMouseEvent:191 - setMouseEvent running--- green
2023-08-08 17:56:12.570 | INFO     | petC:setMouseEvent:196 - 

2023-08-08 17:56:12.574 | INFO     | petC:initAI:445 - green initAI running
2023-08-08 17:56:12.577 | INFO     | AI:__init__:57 - green's AI init
2023-08-08 17:56:12.581 | INFO     | AI:__init__:58 - infos:
2023-08-08 17:56:12.583 | INFO     | AI:__init__:59 -     -id: green_AI
2023-08-08 17:56:12.588 | INFO     | petC:hide:199 - green hide
2023-08-08 17:56:12.632 | INFO     | petC:setMouseEvent:191 - setMouseEvent running--- blue
2023-08-08 17:56:12.635 | INFO     | petC:setMouseEvent:196 - 

2023-08-08 17:56:12.644 | INFO     | petC:initAI:445 - blue initAI running
2023-08-08 17:56:12.647 | INFO     | AI:__init__:57 - blue's AI init
2023-08-08 17:56:12.655 | INFO     | AI:__init__:58 - infos:
2023-08-08 17:56:12.659 | INFO     | AI:__init__:59 -     -id: blue_AI
2023-08-08 17:56:12.664 | INFO     | petC:hide:199 - blue hide
2023-08-08 17:56:12.712 | INFO     | petC:setMouseEvent:191 - setMouseEvent running--- purple
2023-08-08 17:56:12.719 | INFO     | petC:setMouseEvent:196 - 

2023-08-08 17:56:12.722 | INFO     | petC:initAI:445 - purple initAI running
2023-08-08 17:56:12.726 | INFO     | AI:__init__:57 - purple's AI init
2023-08-08 17:56:12.734 | INFO     | AI:__init__:58 - infos:
2023-08-08 17:56:12.741 | INFO     | AI:__init__:59 -     -id: purple_AI
2023-08-08 17:56:12.746 | INFO     | petC:hide:199 - purple hide
2023-08-08 17:56:12.764 | INFO     | __main__:initMoveThread:158 - Move started
2023-08-08 17:56:12.771 | INFO     | __main__:initGenerator:152 - NLP started
2023-08-08 17:56:12.777 | INFO     | __main__:initCtrlWindow:171 - init CtrlWindow
2023-08-08 17:56:14.075 | INFO     | ctrlWindow:__init__:21 - <__main__.Main object at 0x000001B47CCE1750>
2023-08-08 17:56:14.085 | INFO     | ctrlWindow:initEvents:31 - init Events
2023-08-08 17:56:14.091 | INFO     | __main__:initSysMenu:185 - initSysMenu
2023-08-08 17:56:16.555 | INFO     | petC:show:205 - green show
2023-08-08 17:56:18.120 | WARNING  | AI:init:17 - generator [96minited[0m~~~~~~~~~~~~~~~~~~~~~
2023-08-08 17:56:25.302 | INFO     | petC:input:41 - type:<class 'str'>,text:ok
2023-08-08 17:56:25.527 | INFO     | petC:input:41 - type:<class 'str'>,text:ok 
2023-08-08 17:56:26.713 | INFO     | petC:input:41 - type:<class 'str'>,text:ok /
2023-08-08 17:56:27.167 | INFO     | petC:input:41 - type:<class 'str'>,text:ok /e
2023-08-08 17:56:27.330 | INFO     | petC:input:41 - type:<class 'str'>,text:ok /en
2023-08-08 17:56:27.499 | DEBUG    | petC:getLogic:316 - standing still,stand
2023-08-08 17:56:27.503 | WARNING  | petC:inRect:294 - in rect
2023-08-08 17:56:27.921 | INFO     | petC:input:41 - type:<class 'str'>,text:ok /en/
2023-08-08 17:56:29.135 | INFO     | petC:speak:434 - green speaking,text:{'text': 'ok /en/'}
2023-08-08 17:56:29.394 | INFO     | petC:input:41 - type:<class 'str'>,text:ok /en
2023-08-08 17:56:30.097 | INFO     | petC:input:41 - type:<class 'str'>,text:ok /end
2023-08-08 17:56:30.320 | INFO     | petC:speak:434 - green speaking,text:{'text': 'ok '}
2023-08-08 17:56:30.323 | INFO     | petC:input:39 - type:<class 'str'>,text:ok /end/
2023-08-08 17:56:30.549 | DEBUG    | petC:getLogic:316 - standing still,stand
2023-08-08 17:56:30.552 | WARNING  | petC:inRect:294 - in rect
2023-08-08 17:56:33.595 | DEBUG    | petC:getLogic:316 - standing still,stand
2023-08-08 17:56:33.598 | WARNING  | petC:inRect:294 - in rect
2023-08-08 17:56:36.235 | DEBUG    | petC:getLogic:316 - standing still,stand
2023-08-08 17:56:36.238 | WARNING  | petC:inRect:294 - in rect
2023-08-08 17:56:37.922 | INFO     | petC:mainWindow_re__mousePressEvent:152 - mainWindow_re__mousePressEvent running--- green
2023-08-08 17:56:37.929 | INFO     | petC:mainWindow_re__mousePressEvent:158 - green mouseButtonDown changed: True, mousePos_toWindow changed: pos(x=63, y=37)

2023-08-08 17:56:37.969 | INFO     | petC:mainWindow_re__mouseMoveEvent:176 - mainWindow_re__mouseMoveEvent running--- green
2023-08-08 17:56:37.975 | INFO     | petC:mainWindow_re__mouseMoveEvent:181 - mouse pos: (953, 494) id: green
2023-08-08 17:56:37.978 | INFO     | petC:mainWindow_re__mouseMoveEvent:182 - mouse pos window: (63, 37) id: green
2023-08-08 17:56:37.980 | INFO     | petC:mainWindow_re__mouseMoveEvent:183 - mouse pos move to: (890, 457) id: green
2023-08-08 17:56:37.983 | INFO     | petC:mainWindow_re__mouseMoveEvent:188 - green mouseButtonDown changed: False

2023-08-08 17:56:38.002 | INFO     | petC:mainWindow_re__mouseMoveEvent:176 - mainWindow_re__mouseMoveEvent running--- green
2023-08-08 17:56:38.005 | INFO     | petC:mainWindow_re__mouseMoveEvent:181 - mouse pos: (953, 495) id: green
2023-08-08 17:56:38.007 | INFO     | petC:mainWindow_re__mouseMoveEvent:182 - mouse pos window: (63, 37) id: green
2023-08-08 17:56:38.010 | INFO     | petC:mainWindow_re__mouseMoveEvent:183 - mouse pos move to: (890, 458) id: green
2023-08-08 17:56:38.014 | INFO     | petC:mainWindow_re__mouseMoveEvent:188 - green mouseButtonDown changed: False

2023-08-08 17:56:38.017 | INFO     | petC:mainWindow_re__mouseMoveEvent:176 - mainWindow_re__mouseMoveEvent running--- green
2023-08-08 17:56:38.020 | INFO     | petC:mainWindow_re__mouseMoveEvent:181 - mouse pos: (949, 496) id: green
2023-08-08 17:56:38.022 | INFO     | petC:mainWindow_re__mouseMoveEvent:182 - mouse pos window: (63, 37) id: green
2023-08-08 17:56:38.024 | INFO     | petC:mainWindow_re__mouseMoveEvent:183 - mouse pos move to: (886, 459) id: green
2023-08-08 17:56:38.027 | INFO     | petC:mainWindow_re__mouseMoveEvent:188 - green mouseButtonDown changed: False

2023-08-08 17:56:38.030 | INFO     | petC:mainWindow_re__mouseMoveEvent:176 - mainWindow_re__mouseMoveEvent running--- green
2023-08-08 17:56:38.032 | INFO     | petC:mainWindow_re__mouseMoveEvent:181 - mouse pos: (947, 497) id: green
2023-08-08 17:56:38.034 | INFO     | petC:mainWindow_re__mouseMoveEvent:182 - mouse pos window: (63, 37) id: green
2023-08-08 17:56:38.038 | INFO     | petC:mainWindow_re__mouseMoveEvent:183 - mouse pos move to: (884, 460) id: green
2023-08-08 17:56:38.041 | INFO     | petC:mainWindow_re__mouseMoveEvent:188 - green mouseButtonDown changed: False

2023-08-08 17:56:38.044 | INFO     | petC:mainWindow_re__mouseMoveEvent:176 - mainWindow_re__mouseMoveEvent running--- green
2023-08-08 17:56:38.046 | INFO     | petC:mainWindow_re__mouseMoveEvent:181 - mouse pos: (943, 497) id: green
2023-08-08 17:56:38.048 | INFO     | petC:mainWindow_re__mouseMoveEvent:182 - mouse pos window: (63, 37) id: green
2023-08-08 17:56:38.052 | INFO     | petC:mainWindow_re__mouseMoveEvent:183 - mouse pos move to: (880, 460) id: green
2023-08-08 17:56:38.055 | INFO     | petC:mainWindow_re__mouseMoveEvent:188 - green mouseButtonDown changed: False

2023-08-08 17:56:38.058 | INFO     | petC:mainWindow_re__mouseMoveEvent:176 - mainWindow_re__mouseMoveEvent running--- green
2023-08-08 17:56:38.060 | INFO     | petC:mainWindow_re__mouseMoveEvent:181 - mouse pos: (940, 497) id: green
2023-08-08 17:56:38.062 | INFO     | petC:mainWindow_re__mouseMoveEvent:182 - mouse pos window: (63, 37) id: green
2023-08-08 17:56:38.064 | INFO     | petC:mainWindow_re__mouseMoveEvent:183 - mouse pos move to: (877, 460) id: green
2023-08-08 17:56:38.068 | INFO     | petC:mainWindow_re__mouseMoveEvent:188 - green mouseButtonDown changed: False

2023-08-08 17:56:38.071 | DEBUG    | petC:getLogic:316 - standing still,stand
2023-08-08 17:56:38.073 | WARNING  | petC:inRect:294 - in rect
2023-08-08 17:56:38.077 | INFO     | petC:mainWindow_re__mouseMoveEvent:176 - mainWindow_re__mouseMoveEvent running--- green
2023-08-08 17:56:38.079 | INFO     | petC:mainWindow_re__mouseMoveEvent:181 - mouse pos: (934, 498) id: green
2023-08-08 17:56:38.083 | INFO     | petC:mainWindow_re__mouseMoveEvent:182 - mouse pos window: (63, 37) id: green
2023-08-08 17:56:38.086 | INFO     | petC:mainWindow_re__mouseMoveEvent:183 - mouse pos move to: (871, 461) id: green
2023-08-08 17:56:38.089 | INFO     | petC:mainWindow_re__mouseMoveEvent:188 - green mouseButtonDown changed: False

2023-08-08 17:56:38.091 | INFO     | petC:mainWindow_re__mouseMoveEvent:176 - mainWindow_re__mouseMoveEvent running--- green
2023-08-08 17:56:38.093 | INFO     | petC:mainWindow_re__mouseMoveEvent:181 - mouse pos: (924, 500) id: green
2023-08-08 17:56:38.095 | INFO     | petC:mainWindow_re__mouseMoveEvent:182 - mouse pos window: (63, 37) id: green
2023-08-08 17:56:38.099 | INFO     | petC:mainWindow_re__mouseMoveEvent:183 - mouse pos move to: (861, 463) id: green
2023-08-08 17:56:38.102 | INFO     | petC:mainWindow_re__mouseMoveEvent:188 - green mouseButtonDown changed: False

2023-08-08 17:56:38.105 | INFO     | petC:mainWindow_re__mouseMoveEvent:176 - mainWindow_re__mouseMoveEvent running--- green
2023-08-08 17:56:38.107 | INFO     | petC:mainWindow_re__mouseMoveEvent:181 - mouse pos: (912, 502) id: green
2023-08-08 17:56:38.109 | INFO     | petC:mainWindow_re__mouseMoveEvent:182 - mouse pos window: (63, 37) id: green
2023-08-08 17:56:38.111 | INFO     | petC:mainWindow_re__mouseMoveEvent:183 - mouse pos move to: (849, 465) id: green
2023-08-08 17:56:38.115 | INFO     | petC:mainWindow_re__mouseMoveEvent:188 - green mouseButtonDown changed: False

2023-08-08 17:56:38.118 | INFO     | petC:mainWindow_re__mouseMoveEvent:176 - mainWindow_re__mouseMoveEvent running--- green
2023-08-08 17:56:38.121 | INFO     | petC:mainWindow_re__mouseMoveEvent:181 - mouse pos: (906, 503) id: green
2023-08-08 17:56:38.123 | INFO     | petC:mainWindow_re__mouseMoveEvent:182 - mouse pos window: (63, 37) id: green
2023-08-08 17:56:38.125 | INFO     | petC:mainWindow_re__mouseMoveEvent:183 - mouse pos move to: (843, 466) id: green
2023-08-08 17:56:38.128 | INFO     | petC:mainWindow_re__mouseMoveEvent:188 - green mouseButtonDown changed: False

2023-08-08 17:56:38.132 | INFO     | petC:mainWindow_re__mouseMoveEvent:176 - mainWindow_re__mouseMoveEvent running--- green
2023-08-08 17:56:38.134 | INFO     | petC:mainWindow_re__mouseMoveEvent:181 - mouse pos: (891, 504) id: green
2023-08-08 17:56:38.136 | INFO     | petC:mainWindow_re__mouseMoveEvent:182 - mouse pos window: (63, 37) id: green
2023-08-08 17:56:38.138 | INFO     | petC:mainWindow_re__mouseMoveEvent:183 - mouse pos move to: (828, 467) id: green
2023-08-08 17:56:38.141 | INFO     | petC:mainWindow_re__mouseMoveEvent:188 - green mouseButtonDown changed: False

2023-08-08 17:56:38.146 | INFO     | petC:mainWindow_re__mouseMoveEvent:176 - mainWindow_re__mouseMoveEvent running--- green
2023-08-08 17:56:38.148 | INFO     | petC:mainWindow_re__mouseMoveEvent:181 - mouse pos: (864, 505) id: green
2023-08-08 17:56:38.151 | INFO     | petC:mainWindow_re__mouseMoveEvent:182 - mouse pos window: (63, 37) id: green
2023-08-08 17:56:38.153 | INFO     | petC:mainWindow_re__mouseMoveEvent:183 - mouse pos move to: (801, 468) id: green
2023-08-08 17:56:38.156 | INFO     | petC:mainWindow_re__mouseMoveEvent:188 - green mouseButtonDown changed: False

2023-08-08 17:56:38.158 | INFO     | petC:mainWindow_re__mouseMoveEvent:176 - mainWindow_re__mouseMoveEvent running--- green
2023-08-08 17:56:38.164 | INFO     | petC:mainWindow_re__mouseMoveEvent:181 - mouse pos: (829, 506) id: green
2023-08-08 17:56:38.166 | INFO     | petC:mainWindow_re__mouseMoveEvent:182 - mouse pos window: (63, 37) id: green
2023-08-08 17:56:38.168 | INFO     | petC:mainWindow_re__mouseMoveEvent:183 - mouse pos move to: (766, 469) id: green
2023-08-08 17:56:38.171 | INFO     | petC:mainWindow_re__mouseMoveEvent:188 - green mouseButtonDown changed: False

2023-08-08 17:56:38.173 | INFO     | petC:mainWindow_re__mouseMoveEvent:176 - mainWindow_re__mouseMoveEvent running--- green
2023-08-08 17:56:38.179 | INFO     | petC:mainWindow_re__mouseMoveEvent:181 - mouse pos: (796, 508) id: green
2023-08-08 17:56:38.181 | INFO     | petC:mainWindow_re__mouseMoveEvent:182 - mouse pos window: (63, 37) id: green
2023-08-08 17:56:38.183 | INFO     | petC:mainWindow_re__mouseMoveEvent:183 - mouse pos move to: (733, 471) id: green
2023-08-08 17:56:38.187 | INFO     | petC:mainWindow_re__mouseMoveEvent:188 - green mouseButtonDown changed: False

2023-08-08 17:56:38.190 | INFO     | petC:mainWindow_re__mouseMoveEvent:176 - mainWindow_re__mouseMoveEvent running--- green
2023-08-08 17:56:38.194 | INFO     | petC:mainWindow_re__mouseMoveEvent:181 - mouse pos: (760, 510) id: green
2023-08-08 17:56:38.196 | INFO     | petC:mainWindow_re__mouseMoveEvent:182 - mouse pos window: (63, 37) id: green
2023-08-08 17:56:38.198 | INFO     | petC:mainWindow_re__mouseMoveEvent:183 - mouse pos move to: (697, 473) id: green
2023-08-08 17:56:38.201 | INFO     | petC:mainWindow_re__mouseMoveEvent:188 - green mouseButtonDown changed: False

2023-08-08 17:56:38.204 | INFO     | petC:mainWindow_re__mouseMoveEvent:176 - mainWindow_re__mouseMoveEvent running--- green
2023-08-08 17:56:38.206 | INFO     | petC:mainWindow_re__mouseMoveEvent:181 - mouse pos: (743, 511) id: green
2023-08-08 17:56:38.208 | INFO     | petC:mainWindow_re__mouseMoveEvent:182 - mouse pos window: (63, 37) id: green
2023-08-08 17:56:38.211 | INFO     | petC:mainWindow_re__mouseMoveEvent:183 - mouse pos move to: (680, 474) id: green
2023-08-08 17:56:38.214 | INFO     | petC:mainWindow_re__mouseMoveEvent:188 - green mouseButtonDown changed: False

2023-08-08 17:56:38.217 | INFO     | petC:mainWindow_re__mouseMoveEvent:176 - mainWindow_re__mouseMoveEvent running--- green
2023-08-08 17:56:38.220 | INFO     | petC:mainWindow_re__mouseMoveEvent:181 - mouse pos: (705, 511) id: green
2023-08-08 17:56:38.222 | INFO     | petC:mainWindow_re__mouseMoveEvent:182 - mouse pos window: (63, 37) id: green
2023-08-08 17:56:38.224 | INFO     | petC:mainWindow_re__mouseMoveEvent:183 - mouse pos move to: (642, 474) id: green
2023-08-08 17:56:38.230 | INFO     | petC:mainWindow_re__mouseMoveEvent:188 - green mouseButtonDown changed: False

2023-08-08 17:56:38.232 | INFO     | petC:mainWindow_re__mouseMoveEvent:176 - mainWindow_re__mouseMoveEvent running--- green
2023-08-08 17:56:38.234 | INFO     | petC:mainWindow_re__mouseMoveEvent:181 - mouse pos: (668, 511) id: green
2023-08-08 17:56:38.236 | INFO     | petC:mainWindow_re__mouseMoveEvent:182 - mouse pos window: (63, 37) id: green
2023-08-08 17:56:38.238 | INFO     | petC:mainWindow_re__mouseMoveEvent:183 - mouse pos move to: (605, 474) id: green
2023-08-08 17:56:38.243 | INFO     | petC:mainWindow_re__mouseMoveEvent:188 - green mouseButtonDown changed: False

2023-08-08 17:56:38.245 | INFO     | petC:mainWindow_re__mouseMoveEvent:176 - mainWindow_re__mouseMoveEvent running--- green
2023-08-08 17:56:38.248 | INFO     | petC:mainWindow_re__mouseMoveEvent:181 - mouse pos: (650, 511) id: green
2023-08-08 17:56:38.250 | INFO     | petC:mainWindow_re__mouseMoveEvent:182 - mouse pos window: (63, 37) id: green
2023-08-08 17:56:38.252 | INFO     | petC:mainWindow_re__mouseMoveEvent:183 - mouse pos move to: (587, 474) id: green
2023-08-08 17:56:38.255 | INFO     | petC:mainWindow_re__mouseMoveEvent:188 - green mouseButtonDown changed: False

2023-08-08 17:56:38.261 | INFO     | petC:mainWindow_re__mouseMoveEvent:176 - mainWindow_re__mouseMoveEvent running--- green
2023-08-08 17:56:38.263 | INFO     | petC:mainWindow_re__mouseMoveEvent:181 - mouse pos: (615, 511) id: green
2023-08-08 17:56:38.265 | INFO     | petC:mainWindow_re__mouseMoveEvent:182 - mouse pos window: (63, 37) id: green
2023-08-08 17:56:38.267 | INFO     | petC:mainWindow_re__mouseMoveEvent:183 - mouse pos move to: (552, 474) id: green
2023-08-08 17:56:38.269 | INFO     | petC:mainWindow_re__mouseMoveEvent:188 - green mouseButtonDown changed: False

2023-08-08 17:56:38.272 | INFO     | petC:mainWindow_re__mouseMoveEvent:176 - mainWindow_re__mouseMoveEvent running--- green
2023-08-08 17:56:38.276 | INFO     | petC:mainWindow_re__mouseMoveEvent:181 - mouse pos: (577, 511) id: green
2023-08-08 17:56:38.278 | INFO     | petC:mainWindow_re__mouseMoveEvent:182 - mouse pos window: (63, 37) id: green
2023-08-08 17:56:38.280 | INFO     | petC:mainWindow_re__mouseMoveEvent:183 - mouse pos move to: (514, 474) id: green
2023-08-08 17:56:38.283 | INFO     | petC:mainWindow_re__mouseMoveEvent:188 - green mouseButtonDown changed: False

2023-08-08 17:56:38.287 | INFO     | petC:mainWindow_re__mouseMoveEvent:176 - mainWindow_re__mouseMoveEvent running--- green
2023-08-08 17:56:38.291 | INFO     | petC:mainWindow_re__mouseMoveEvent:181 - mouse pos: (539, 511) id: green
2023-08-08 17:56:38.294 | INFO     | petC:mainWindow_re__mouseMoveEvent:182 - mouse pos window: (63, 37) id: green
2023-08-08 17:56:38.296 | INFO     | petC:mainWindow_re__mouseMoveEvent:183 - mouse pos move to: (476, 474) id: green
2023-08-08 17:56:38.299 | INFO     | petC:mainWindow_re__mouseMoveEvent:188 - green mouseButtonDown changed: False

2023-08-08 17:56:38.301 | INFO     | petC:mainWindow_re__mouseMoveEvent:176 - mainWindow_re__mouseMoveEvent running--- green
2023-08-08 17:56:38.303 | INFO     | petC:mainWindow_re__mouseMoveEvent:181 - mouse pos: (519, 511) id: green
2023-08-08 17:56:38.308 | INFO     | petC:mainWindow_re__mouseMoveEvent:182 - mouse pos window: (63, 37) id: green
2023-08-08 17:56:38.310 | INFO     | petC:mainWindow_re__mouseMoveEvent:183 - mouse pos move to: (456, 474) id: green
2023-08-08 17:56:38.312 | INFO     | petC:mainWindow_re__mouseMoveEvent:188 - green mouseButtonDown changed: False

2023-08-08 17:56:38.316 | INFO     | petC:mainWindow_re__mouseMoveEvent:176 - mainWindow_re__mouseMoveEvent running--- green
2023-08-08 17:56:38.318 | INFO     | petC:mainWindow_re__mouseMoveEvent:181 - mouse pos: (481, 511) id: green
2023-08-08 17:56:38.322 | INFO     | petC:mainWindow_re__mouseMoveEvent:182 - mouse pos window: (63, 37) id: green
2023-08-08 17:56:38.325 | INFO     | petC:mainWindow_re__mouseMoveEvent:183 - mouse pos move to: (418, 474) id: green
2023-08-08 17:56:38.328 | INFO     | petC:mainWindow_re__mouseMoveEvent:188 - green mouseButtonDown changed: False

2023-08-08 17:56:38.331 | INFO     | petC:mainWindow_re__mouseMoveEvent:176 - mainWindow_re__mouseMoveEvent running--- green
2023-08-08 17:56:38.333 | INFO     | petC:mainWindow_re__mouseMoveEvent:181 - mouse pos: (442, 512) id: green
2023-08-08 17:56:38.335 | INFO     | petC:mainWindow_re__mouseMoveEvent:182 - mouse pos window: (63, 37) id: green
2023-08-08 17:56:38.339 | INFO     | petC:mainWindow_re__mouseMoveEvent:183 - mouse pos move to: (379, 475) id: green
2023-08-08 17:56:38.342 | INFO     | petC:mainWindow_re__mouseMoveEvent:188 - green mouseButtonDown changed: False

2023-08-08 17:56:38.345 | INFO     | petC:mainWindow_re__mouseMoveEvent:176 - mainWindow_re__mouseMoveEvent running--- green
2023-08-08 17:56:38.347 | INFO     | petC:mainWindow_re__mouseMoveEvent:181 - mouse pos: (406, 515) id: green
2023-08-08 17:56:38.349 | INFO     | petC:mainWindow_re__mouseMoveEvent:182 - mouse pos window: (63, 37) id: green
2023-08-08 17:56:38.354 | INFO     | petC:mainWindow_re__mouseMoveEvent:183 - mouse pos move to: (343, 478) id: green
2023-08-08 17:56:38.357 | INFO     | petC:mainWindow_re__mouseMoveEvent:188 - green mouseButtonDown changed: False

2023-08-08 17:56:38.360 | INFO     | petC:mainWindow_re__mouseMoveEvent:176 - mainWindow_re__mouseMoveEvent running--- green
2023-08-08 17:56:38.362 | INFO     | petC:mainWindow_re__mouseMoveEvent:181 - mouse pos: (367, 520) id: green
2023-08-08 17:56:38.364 | INFO     | petC:mainWindow_re__mouseMoveEvent:182 - mouse pos window: (63, 37) id: green
2023-08-08 17:56:38.366 | INFO     | petC:mainWindow_re__mouseMoveEvent:183 - mouse pos move to: (304, 483) id: green
2023-08-08 17:56:38.371 | INFO     | petC:mainWindow_re__mouseMoveEvent:188 - green mouseButtonDown changed: False

2023-08-08 17:56:38.374 | INFO     | petC:mainWindow_re__mouseMoveEvent:176 - mainWindow_re__mouseMoveEvent running--- green
2023-08-08 17:56:38.376 | INFO     | petC:mainWindow_re__mouseMoveEvent:181 - mouse pos: (347, 524) id: green
2023-08-08 17:56:38.378 | INFO     | petC:mainWindow_re__mouseMoveEvent:182 - mouse pos window: (63, 37) id: green
2023-08-08 17:56:38.380 | INFO     | petC:mainWindow_re__mouseMoveEvent:183 - mouse pos move to: (284, 487) id: green
2023-08-08 17:56:38.383 | INFO     | petC:mainWindow_re__mouseMoveEvent:188 - green mouseButtonDown changed: False

2023-08-08 17:56:38.388 | INFO     | petC:mainWindow_re__mouseMoveEvent:176 - mainWindow_re__mouseMoveEvent running--- green
2023-08-08 17:56:38.390 | INFO     | petC:mainWindow_re__mouseMoveEvent:181 - mouse pos: (307, 531) id: green
2023-08-08 17:56:38.392 | INFO     | petC:mainWindow_re__mouseMoveEvent:182 - mouse pos window: (63, 37) id: green
2023-08-08 17:56:38.394 | INFO     | petC:mainWindow_re__mouseMoveEvent:183 - mouse pos move to: (244, 494) id: green
2023-08-08 17:56:38.397 | INFO     | petC:mainWindow_re__mouseMoveEvent:188 - green mouseButtonDown changed: False

2023-08-08 17:56:38.402 | INFO     | petC:mainWindow_re__mouseMoveEvent:176 - mainWindow_re__mouseMoveEvent running--- green
2023-08-08 17:56:38.404 | INFO     | petC:mainWindow_re__mouseMoveEvent:181 - mouse pos: (270, 538) id: green
2023-08-08 17:56:38.406 | INFO     | petC:mainWindow_re__mouseMoveEvent:182 - mouse pos window: (63, 37) id: green
2023-08-08 17:56:38.408 | INFO     | petC:mainWindow_re__mouseMoveEvent:183 - mouse pos move to: (207, 501) id: green
2023-08-08 17:56:38.411 | INFO     | petC:mainWindow_re__mouseMoveEvent:188 - green mouseButtonDown changed: False

2023-08-08 17:56:38.413 | INFO     | petC:mainWindow_re__mouseMoveEvent:176 - mainWindow_re__mouseMoveEvent running--- green
2023-08-08 17:56:38.419 | INFO     | petC:mainWindow_re__mouseMoveEvent:181 - mouse pos: (237, 544) id: green
2023-08-08 17:56:38.421 | INFO     | petC:mainWindow_re__mouseMoveEvent:182 - mouse pos window: (63, 37) id: green
2023-08-08 17:56:38.423 | INFO     | petC:mainWindow_re__mouseMoveEvent:183 - mouse pos move to: (174, 507) id: green
2023-08-08 17:56:38.427 | INFO     | petC:mainWindow_re__mouseMoveEvent:188 - green mouseButtonDown changed: False

2023-08-08 17:56:38.429 | INFO     | petC:mainWindow_re__mouseMoveEvent:176 - mainWindow_re__mouseMoveEvent running--- green
2023-08-08 17:56:38.434 | INFO     | petC:mainWindow_re__mouseMoveEvent:181 - mouse pos: (213, 546) id: green
2023-08-08 17:56:38.435 | INFO     | petC:mainWindow_re__mouseMoveEvent:182 - mouse pos window: (63, 37) id: green
2023-08-08 17:56:38.437 | INFO     | petC:mainWindow_re__mouseMoveEvent:183 - mouse pos move to: (150, 509) id: green
2023-08-08 17:56:38.440 | INFO     | petC:mainWindow_re__mouseMoveEvent:188 - green mouseButtonDown changed: False

2023-08-08 17:56:38.443 | INFO     | petC:mainWindow_re__mouseMoveEvent:176 - mainWindow_re__mouseMoveEvent running--- green
2023-08-08 17:56:38.445 | INFO     | petC:mainWindow_re__mouseMoveEvent:181 - mouse pos: (206, 547) id: green
2023-08-08 17:56:38.446 | INFO     | petC:mainWindow_re__mouseMoveEvent:182 - mouse pos window: (63, 37) id: green
2023-08-08 17:56:38.451 | INFO     | petC:mainWindow_re__mouseMoveEvent:183 - mouse pos move to: (143, 510) id: green
2023-08-08 17:56:38.454 | INFO     | petC:mainWindow_re__mouseMoveEvent:188 - green mouseButtonDown changed: False

2023-08-08 17:56:38.459 | INFO     | petC:mainWindow_re__mouseMoveEvent:176 - mainWindow_re__mouseMoveEvent running--- green
2023-08-08 17:56:38.461 | INFO     | petC:mainWindow_re__mouseMoveEvent:181 - mouse pos: (196, 547) id: green
2023-08-08 17:56:38.465 | INFO     | petC:mainWindow_re__mouseMoveEvent:182 - mouse pos window: (63, 37) id: green
2023-08-08 17:56:38.467 | INFO     | petC:mainWindow_re__mouseMoveEvent:183 - mouse pos move to: (133, 510) id: green
2023-08-08 17:56:38.470 | INFO     | petC:mainWindow_re__mouseMoveEvent:188 - green mouseButtonDown changed: False

2023-08-08 17:56:38.473 | DEBUG    | petC:getLogic:316 - standing still,stand
2023-08-08 17:56:38.475 | WARNING  | petC:inRect:294 - in rect
2023-08-08 17:56:38.479 | INFO     | petC:mainWindow_re__mouseMoveEvent:176 - mainWindow_re__mouseMoveEvent running--- green
2023-08-08 17:56:38.483 | INFO     | petC:mainWindow_re__mouseMoveEvent:181 - mouse pos: (195, 547) id: green
2023-08-08 17:56:38.485 | INFO     | petC:mainWindow_re__mouseMoveEvent:182 - mouse pos window: (63, 37) id: green
2023-08-08 17:56:38.487 | INFO     | petC:mainWindow_re__mouseMoveEvent:183 - mouse pos move to: (132, 510) id: green
2023-08-08 17:56:38.490 | INFO     | petC:mainWindow_re__mouseMoveEvent:188 - green mouseButtonDown changed: False

2023-08-08 17:56:38.537 | INFO     | petC:mainWindow_re__mouseMoveEvent:176 - mainWindow_re__mouseMoveEvent running--- green
2023-08-08 17:56:38.540 | INFO     | petC:mainWindow_re__mouseMoveEvent:181 - mouse pos: (194, 547) id: green
2023-08-08 17:56:38.543 | INFO     | petC:mainWindow_re__mouseMoveEvent:182 - mouse pos window: (63, 37) id: green
2023-08-08 17:56:38.546 | INFO     | petC:mainWindow_re__mouseMoveEvent:183 - mouse pos move to: (131, 510) id: green
2023-08-08 17:56:38.550 | INFO     | petC:mainWindow_re__mouseMoveEvent:188 - green mouseButtonDown changed: False

2023-08-08 17:56:38.628 | INFO     | petC:mainWindow_re__mouseReleaseEvent:163 - mainWindow_re__mouseReleaseEvent running--- green
2023-08-08 17:56:38.633 | INFO     | petC:mainWindow_re__mouseReleaseEvent:173 - green mouseButtonDown changed: False

2023-08-08 17:56:38.674 | DEBUG    | petC:getLogic:316 - standing still,stand
2023-08-08 17:56:38.678 | WARNING  | petC:inRect:294 - in rect
2023-08-08 17:56:42.937 | DEBUG    | petC:getLogic:316 - standing still,stand
2023-08-08 17:56:42.940 | WARNING  | petC:inRect:294 - in rect
2023-08-08 17:56:43.752 | DEBUG    | petC:getLogic:316 - standing still,stand
2023-08-08 17:56:43.756 | WARNING  | petC:inRect:294 - in rect
2023-08-08 17:56:44.165 | DEBUG    | petC:getLogic:316 - standing still,stand
2023-08-08 17:56:44.169 | WARNING  | petC:inRect:294 - in rect
2023-08-08 17:56:44.561 | DEBUG    | petC:getLogic:316 - standing still,stand
2023-08-08 17:56:44.564 | WARNING  | petC:inRect:294 - in rect
2023-08-08 17:56:48.443 | DEBUG    | petC:getLogic:316 - standing still,stand
2023-08-08 17:56:48.446 | WARNING  | petC:inRect:294 - in rect
