2023-08-11 16:31:50.216 | INFO     | __main__:__init__:122 - all init start
2023-08-11 16:31:50.407 | INFO     | petC:setMouseEvent:219 - setMouseEvent running--- slime
2023-08-11 16:31:50.410 | INFO     | petC:setMouseEvent:224 - 

2023-08-11 16:31:50.412 | INFO     | petC:initAI:419 - slime initAI running
2023-08-11 16:31:50.413 | DEBUG    | __main__:run:32 - 
2023-08-11 16:31:50.445 | INFO     | petC:hide:227 - slime hide
2023-08-11 16:31:50.465 | INFO     | petC:setMouseEvent:219 - setMouseEvent running--- red
2023-08-11 16:31:50.467 | INFO     | petC:setMouseEvent:224 - 

2023-08-11 16:31:50.468 | DEBUG    | __main__:run:32 - 
2023-08-11 16:31:50.471 | INFO     | petC:initAI:419 - red initAI running
2023-08-11 16:31:50.479 | INFO     | petC:hide:227 - red hide
2023-08-11 16:31:50.481 | DEBUG    | __main__:run:32 - 
2023-08-11 16:31:50.497 | INFO     | petC:setMouseEvent:219 - setMouseEvent running--- orange
2023-08-11 16:31:50.502 | INFO     | petC:setMouseEvent:224 - 

2023-08-11 16:31:50.505 | INFO     | petC:initAI:419 - orange initAI running
2023-08-11 16:31:50.505 | DEBUG    | __main__:run:32 - 
2023-08-11 16:31:50.509 | INFO     | petC:hide:227 - orange hide
2023-08-11 16:31:50.549 | INFO     | petC:setMouseEvent:219 - setMouseEvent running--- yellow
2023-08-11 16:31:50.551 | DEBUG    | __main__:run:32 - 
2023-08-11 16:31:50.553 | INFO     | petC:setMouseEvent:224 - 

2023-08-11 16:31:50.561 | INFO     | petC:initAI:419 - yellow initAI running
2023-08-11 16:31:50.563 | DEBUG    | __main__:run:32 - 
2023-08-11 16:31:50.566 | INFO     | petC:hide:227 - yellow hide
2023-08-11 16:31:50.591 | INFO     | petC:setMouseEvent:219 - setMouseEvent running--- green
2023-08-11 16:31:50.594 | DEBUG    | __main__:run:32 - 
2023-08-11 16:31:50.596 | INFO     | petC:setMouseEvent:224 - 

2023-08-11 16:31:50.607 | DEBUG    | __main__:run:32 - 
2023-08-11 16:31:50.608 | INFO     | petC:initAI:419 - green initAI running
2023-08-11 16:31:50.615 | INFO     | petC:hide:227 - green hide
2023-08-11 16:31:50.617 | DEBUG    | __main__:run:32 - 
2023-08-11 16:31:50.636 | INFO     | petC:setMouseEvent:219 - setMouseEvent running--- blue
2023-08-11 16:31:50.645 | INFO     | petC:setMouseEvent:224 - 

2023-08-11 16:31:50.647 | DEBUG    | __main__:run:32 - 
2023-08-11 16:31:50.649 | INFO     | petC:initAI:419 - blue initAI running
2023-08-11 16:31:50.659 | INFO     | petC:hide:227 - blue hide
2023-08-11 16:31:50.661 | DEBUG    | __main__:run:32 - 
2023-08-11 16:31:50.679 | INFO     | petC:setMouseEvent:219 - setMouseEvent running--- purple
2023-08-11 16:31:50.687 | INFO     | petC:setMouseEvent:224 - 

2023-08-11 16:31:50.690 | DEBUG    | __main__:run:32 - 
2023-08-11 16:31:50.694 | INFO     | petC:initAI:419 - purple initAI running
2023-08-11 16:31:50.702 | INFO     | petC:hide:227 - purple hide
2023-08-11 16:31:50.704 | DEBUG    | __main__:run:32 - 
2023-08-11 16:31:50.728 | INFO     | __main__:initCtrlWindow:182 - init CtrlWindow
2023-08-11 16:31:50.747 | DEBUG    | __main__:run:32 - 
2023-08-11 16:31:51.668 | INFO     | ctrlWindow:__init__:21 - <__main__.Main object at 0x000002215CFEF400>
2023-08-11 16:31:51.675 | INFO     | ctrlWindow:initEvents:31 - init Events
2023-08-11 16:31:51.678 | DEBUG    | __main__:run:32 - 
2023-08-11 16:31:51.681 | INFO     | __main__:initSysMenu:196 - initSysMenu
2023-08-11 16:31:51.690 | DEBUG    | __main__:run:32 - 
2023-08-11 16:31:51.867 | DEBUG    | __main__:run:32 - 
2023-08-11 16:31:51.948 | DEBUG    | __main__:run:32 - 
2023-08-11 16:31:52.018 | DEBUG    | __main__:run:32 - 
2023-08-11 16:31:52.084 | DEBUG    | __main__:run:32 - 
2023-08-11 16:31:52.142 | DEBUG    | __main__:run:32 - 
2023-08-11 16:31:52.197 | DEBUG    | __main__:run:32 - 
2023-08-11 16:31:52.245 | DEBUG    | __main__:run:32 - 
2023-08-11 16:31:52.297 | DEBUG    | __main__:run:32 - 
2023-08-11 16:31:52.354 | DEBUG    | __main__:run:32 - 
2023-08-11 16:31:52.402 | DEBUG    | __main__:run:32 - 
2023-08-11 16:31:52.461 | DEBUG    | __main__:run:32 - 
2023-08-11 16:31:52.514 | DEBUG    | __main__:run:32 - 
2023-08-11 16:31:52.567 | DEBUG    | __main__:run:32 - 
2023-08-11 16:31:52.623 | DEBUG    | __main__:run:32 - 
2023-08-11 16:31:52.677 | DEBUG    | __main__:run:32 - 
2023-08-11 16:31:52.727 | DEBUG    | __main__:run:32 - 
2023-08-11 16:31:52.781 | DEBUG    | __main__:run:32 - 
2023-08-11 16:31:52.834 | DEBUG    | __main__:run:32 - 
2023-08-11 16:31:52.886 | DEBUG    | __main__:run:32 - 
2023-08-11 16:31:52.934 | DEBUG    | __main__:run:32 - 
2023-08-11 16:31:52.986 | DEBUG    | __main__:run:32 - 
2023-08-11 16:31:53.038 | DEBUG    | __main__:run:32 - 
2023-08-11 16:31:53.097 | DEBUG    | __main__:run:32 - 
2023-08-11 16:31:53.146 | DEBUG    | __main__:run:32 - 
2023-08-11 16:31:53.192 | DEBUG    | __main__:run:32 - 
2023-08-11 16:31:53.242 | DEBUG    | __main__:run:32 - 
2023-08-11 16:31:53.297 | DEBUG    | __main__:run:32 - 
2023-08-11 16:31:53.353 | DEBUG    | __main__:run:32 - 
2023-08-11 16:31:53.403 | DEBUG    | __main__:run:32 - 
2023-08-11 16:31:53.456 | DEBUG    | __main__:run:32 - 
2023-08-11 16:31:53.506 | DEBUG    | __main__:run:32 - 
2023-08-11 16:31:53.556 | DEBUG    | __main__:run:32 - 
2023-08-11 16:31:53.603 | DEBUG    | __main__:run:32 - 
2023-08-11 16:31:53.652 | DEBUG    | __main__:run:32 - 
2023-08-11 16:31:53.699 | DEBUG    | __main__:run:32 - 
2023-08-11 16:31:53.750 | DEBUG    | __main__:run:32 - 
2023-08-11 16:31:53.799 | DEBUG    | __main__:run:32 - 
2023-08-11 16:31:53.849 | DEBUG    | __main__:run:32 - 
2023-08-11 16:31:53.904 | DEBUG    | __main__:run:32 - 
2023-08-11 16:31:53.955 | DEBUG    | __main__:run:32 - 
2023-08-11 16:31:54.006 | DEBUG    | __main__:run:32 - 
2023-08-11 16:31:54.056 | DEBUG    | __main__:run:32 - 
2023-08-11 16:31:54.110 | DEBUG    | __main__:run:32 - 
2023-08-11 16:31:54.159 | DEBUG    | __main__:run:32 - 
2023-08-11 16:31:54.211 | DEBUG    | __main__:run:32 - 
2023-08-11 16:31:54.269 | DEBUG    | __main__:run:32 - 
2023-08-11 16:31:54.323 | DEBUG    | __main__:run:32 - 
2023-08-11 16:31:54.380 | DEBUG    | __main__:run:32 - 
2023-08-11 16:31:54.431 | DEBUG    | __main__:run:32 - 
2023-08-11 16:31:54.484 | DEBUG    | __main__:run:32 - 
2023-08-11 16:31:54.535 | DEBUG    | __main__:run:32 - 
2023-08-11 16:31:54.584 | DEBUG    | __main__:run:32 - 
2023-08-11 16:31:54.638 | DEBUG    | __main__:run:32 - 
2023-08-11 16:31:54.691 | DEBUG    | __main__:run:32 - 
2023-08-11 16:31:54.741 | DEBUG    | __main__:run:32 - 
2023-08-11 16:31:54.797 | DEBUG    | __main__:run:32 - 
2023-08-11 16:31:54.852 | DEBUG    | __main__:run:32 - 
2023-08-11 16:31:54.902 | DEBUG    | __main__:run:32 - 
2023-08-11 16:31:54.956 | DEBUG    | __main__:run:32 - 
2023-08-11 16:31:55.006 | DEBUG    | __main__:run:32 - 
2023-08-11 16:31:55.059 | DEBUG    | __main__:run:32 - 
2023-08-11 16:31:55.119 | DEBUG    | __main__:run:32 - 
2023-08-11 16:31:55.173 | DEBUG    | __main__:run:32 - 
2023-08-11 16:31:55.224 | DEBUG    | __main__:run:32 - 
2023-08-11 16:31:55.274 | DEBUG    | __main__:run:32 - 
2023-08-11 16:31:55.332 | DEBUG    | __main__:run:32 - 
2023-08-11 16:31:55.386 | DEBUG    | __main__:run:32 - 
2023-08-11 16:31:55.444 | DEBUG    | __main__:run:32 - 
2023-08-11 16:31:55.494 | DEBUG    | __main__:run:32 - 
2023-08-11 16:31:55.545 | DEBUG    | __main__:run:32 - 
2023-08-11 16:31:55.601 | DEBUG    | __main__:run:32 - 
2023-08-11 16:31:55.652 | DEBUG    | __main__:run:32 - 
2023-08-11 16:31:55.706 | DEBUG    | __main__:run:32 - 
2023-08-11 16:31:55.762 | DEBUG    | __main__:run:32 - 
2023-08-11 16:31:55.821 | DEBUG    | __main__:run:32 - 
2023-08-11 16:31:55.878 | DEBUG    | __main__:run:32 - 
2023-08-11 16:31:55.944 | DEBUG    | __main__:run:32 - 
2023-08-11 16:31:56.007 | DEBUG    | __main__:run:32 - 
2023-08-11 16:31:56.078 | DEBUG    | __main__:run:32 - 
2023-08-11 16:31:56.138 | DEBUG    | __main__:run:32 - 
2023-08-11 16:31:56.195 | DEBUG    | __main__:run:32 - 
2023-08-11 16:31:56.245 | DEBUG    | __main__:run:32 - 
2023-08-11 16:31:56.310 | DEBUG    | __main__:run:32 - 
2023-08-11 16:31:56.366 | DEBUG    | __main__:run:32 - 
2023-08-11 16:31:56.417 | DEBUG    | __main__:run:32 - 
2023-08-11 16:31:56.469 | DEBUG    | __main__:run:32 - 
2023-08-11 16:31:56.520 | DEBUG    | __main__:run:32 - 
2023-08-11 16:31:56.572 | DEBUG    | __main__:run:32 - 
2023-08-11 16:31:56.624 | DEBUG    | __main__:run:32 - 
2023-08-11 16:31:56.678 | DEBUG    | __main__:run:32 - 
2023-08-11 16:31:56.735 | DEBUG    | __main__:run:32 - 
2023-08-11 16:31:56.792 | DEBUG    | __main__:run:32 - 
2023-08-11 16:31:56.844 | DEBUG    | __main__:run:32 - 
2023-08-11 16:31:56.895 | DEBUG    | __main__:run:32 - 
2023-08-11 16:31:56.946 | DEBUG    | __main__:run:32 - 
2023-08-11 16:31:57.003 | DEBUG    | __main__:run:32 - 
2023-08-11 16:31:57.061 | DEBUG    | __main__:run:32 - 
2023-08-11 16:31:57.120 | DEBUG    | __main__:run:32 - 
2023-08-11 16:31:57.179 | DEBUG    | __main__:run:32 - 
2023-08-11 16:31:57.237 | DEBUG    | __main__:run:32 - 
2023-08-11 16:31:57.293 | DEBUG    | __main__:run:32 - 
2023-08-11 16:31:57.337 | DEBUG    | __main__:run:32 - 
2023-08-11 16:31:57.381 | DEBUG    | __main__:run:32 - 
2023-08-11 16:31:57.423 | DEBUG    | __main__:run:32 - 
2023-08-11 16:31:57.467 | DEBUG    | __main__:run:32 - 
2023-08-11 16:31:57.510 | DEBUG    | __main__:run:32 - 
2023-08-11 16:31:57.552 | DEBUG    | __main__:run:32 - 
2023-08-11 16:31:57.591 | DEBUG    | __main__:run:32 - 
2023-08-11 16:31:57.637 | DEBUG    | __main__:run:32 - 
2023-08-11 16:31:57.682 | DEBUG    | __main__:run:32 - 
2023-08-11 16:31:57.720 | DEBUG    | __main__:run:32 - 
2023-08-11 16:31:57.758 | DEBUG    | __main__:run:32 - 
2023-08-11 16:31:57.801 | DEBUG    | __main__:run:32 - 
2023-08-11 16:31:57.846 | DEBUG    | __main__:run:32 - 
2023-08-11 16:31:57.894 | DEBUG    | __main__:run:32 - 
2023-08-11 16:31:57.941 | DEBUG    | __main__:run:32 - 
2023-08-11 16:31:57.989 | DEBUG    | __main__:run:32 - 
2023-08-11 16:31:58.038 | DEBUG    | __main__:run:32 - 
2023-08-11 16:31:58.081 | DEBUG    | __main__:run:32 - 
2023-08-11 16:31:58.122 | DEBUG    | __main__:run:32 - 
2023-08-11 16:31:58.162 | DEBUG    | __main__:run:32 - 
2023-08-11 16:31:58.203 | DEBUG    | __main__:run:32 - 
2023-08-11 16:31:58.252 | DEBUG    | __main__:run:32 - 
2023-08-11 16:31:58.303 | DEBUG    | __main__:run:32 - 
2023-08-11 16:31:58.355 | DEBUG    | __main__:run:32 - 
2023-08-11 16:31:58.406 | DEBUG    | __main__:run:32 - 
2023-08-11 16:31:58.457 | DEBUG    | __main__:run:32 - 
2023-08-11 16:31:58.499 | DEBUG    | __main__:run:32 - 
2023-08-11 16:31:58.544 | DEBUG    | __main__:run:32 - 
2023-08-11 16:31:58.585 | DEBUG    | __main__:run:32 - 
2023-08-11 16:31:58.624 | DEBUG    | __main__:run:32 - 
2023-08-11 16:31:58.670 | DEBUG    | __main__:run:32 - 
2023-08-11 16:31:58.708 | DEBUG    | __main__:run:32 - 
2023-08-11 16:31:58.752 | DEBUG    | __main__:run:32 - 
2023-08-11 16:31:58.797 | DEBUG    | __main__:run:32 - 
2023-08-11 16:31:58.842 | DEBUG    | __main__:run:32 - 
2023-08-11 16:31:58.883 | DEBUG    | __main__:run:32 - 
2023-08-11 16:31:58.921 | DEBUG    | __main__:run:32 - 
2023-08-11 16:31:58.966 | DEBUG    | __main__:run:32 - 
2023-08-11 16:31:59.008 | DEBUG    | __main__:run:32 - 
2023-08-11 16:31:59.060 | DEBUG    | __main__:run:32 - 
2023-08-11 16:31:59.102 | DEBUG    | __main__:run:32 - 
2023-08-11 16:31:59.143 | DEBUG    | __main__:run:32 - 
2023-08-11 16:31:59.183 | DEBUG    | __main__:run:32 - 
2023-08-11 16:31:59.225 | DEBUG    | __main__:run:32 - 
2023-08-11 16:31:59.265 | DEBUG    | __main__:run:32 - 
2023-08-11 16:31:59.315 | DEBUG    | __main__:run:32 - 
2023-08-11 16:31:59.361 | DEBUG    | __main__:run:32 - 
2023-08-11 16:31:59.408 | DEBUG    | __main__:run:32 - 
2023-08-11 16:31:59.451 | DEBUG    | __main__:run:32 - 
2023-08-11 16:31:59.498 | DEBUG    | __main__:run:32 - 
2023-08-11 16:31:59.539 | DEBUG    | __main__:run:32 - 
2023-08-11 16:31:59.578 | DEBUG    | __main__:run:32 - 
2023-08-11 16:31:59.623 | DEBUG    | __main__:run:32 - 
2023-08-11 16:31:59.665 | DEBUG    | __main__:run:32 - 
2023-08-11 16:31:59.705 | DEBUG    | __main__:run:32 - 
2023-08-11 16:31:59.748 | DEBUG    | __main__:run:32 - 
2023-08-11 16:31:59.810 | DEBUG    | __main__:run:32 - 
2023-08-11 16:31:59.859 | DEBUG    | __main__:run:32 - 
2023-08-11 16:31:59.904 | DEBUG    | __main__:run:32 - 
2023-08-11 16:31:59.951 | DEBUG    | __main__:run:32 - 
2023-08-11 16:31:59.990 | DEBUG    | __main__:run:32 - 
2023-08-11 16:32:00.033 | DEBUG    | __main__:run:32 - 
2023-08-11 16:32:00.078 | DEBUG    | __main__:run:32 - 
2023-08-11 16:32:00.120 | DEBUG    | __main__:run:32 - 
2023-08-11 16:32:00.163 | DEBUG    | __main__:run:32 - 
2023-08-11 16:32:00.208 | DEBUG    | __main__:run:32 - 
2023-08-11 16:32:00.250 | DEBUG    | __main__:run:32 - 
2023-08-11 16:32:00.289 | DEBUG    | __main__:run:32 - 
2023-08-11 16:32:00.328 | DEBUG    | __main__:run:32 - 
2023-08-11 16:32:00.374 | DEBUG    | __main__:run:32 - 
2023-08-11 16:32:00.415 | DEBUG    | __main__:run:32 - 
2023-08-11 16:32:00.455 | DEBUG    | __main__:run:32 - 
2023-08-11 16:32:00.494 | DEBUG    | __main__:run:32 - 
2023-08-11 16:32:00.530 | DEBUG    | __main__:run:32 - 
2023-08-11 16:32:00.565 | DEBUG    | __main__:run:32 - 
2023-08-11 16:32:00.604 | DEBUG    | __main__:run:32 - 
2023-08-11 16:32:00.649 | DEBUG    | __main__:run:32 - 
2023-08-11 16:32:00.687 | DEBUG    | __main__:run:32 - 
2023-08-11 16:32:00.727 | DEBUG    | __main__:run:32 - 
2023-08-11 16:32:00.767 | DEBUG    | __main__:run:32 - 
2023-08-11 16:32:00.811 | DEBUG    | __main__:run:32 - 
2023-08-11 16:32:00.854 | DEBUG    | __main__:run:32 - 
2023-08-11 16:32:00.894 | DEBUG    | __main__:run:32 - 
2023-08-11 16:32:00.931 | DEBUG    | __main__:run:32 - 
2023-08-11 16:32:00.970 | DEBUG    | __main__:run:32 - 
2023-08-11 16:32:01.017 | DEBUG    | __main__:run:32 - 
2023-08-11 16:32:01.059 | DEBUG    | __main__:run:32 - 
2023-08-11 16:32:01.102 | DEBUG    | __main__:run:32 - 
2023-08-11 16:32:01.147 | DEBUG    | __main__:run:32 - 
2023-08-11 16:32:01.196 | DEBUG    | __main__:run:32 - 
2023-08-11 16:32:01.240 | DEBUG    | __main__:run:32 - 
2023-08-11 16:32:01.284 | DEBUG    | __main__:run:32 - 
2023-08-11 16:32:01.331 | DEBUG    | __main__:run:32 - 
2023-08-11 16:32:01.382 | DEBUG    | __main__:run:32 - 
2023-08-11 16:32:01.429 | DEBUG    | __main__:run:32 - 
2023-08-11 16:32:01.481 | DEBUG    | __main__:run:32 - 
2023-08-11 16:32:01.527 | DEBUG    | __main__:run:32 - 
2023-08-11 16:32:01.571 | DEBUG    | __main__:run:32 - 
2023-08-11 16:32:01.650 | DEBUG    | __main__:run:32 - 
2023-08-11 16:32:01.732 | DEBUG    | __main__:run:32 - 
2023-08-11 16:32:01.819 | DEBUG    | __main__:run:32 - 
2023-08-11 16:32:01.885 | DEBUG    | __main__:run:32 - 
2023-08-11 16:32:01.947 | DEBUG    | __main__:run:32 - 
2023-08-11 16:32:02.011 | DEBUG    | __main__:run:32 - 
2023-08-11 16:32:02.071 | DEBUG    | __main__:run:32 - 
2023-08-11 16:32:02.115 | DEBUG    | __main__:run:32 - 
2023-08-11 16:32:02.176 | DEBUG    | __main__:run:32 - 
2023-08-11 16:32:02.221 | DEBUG    | __main__:run:32 - 
2023-08-11 16:32:02.273 | DEBUG    | __main__:run:32 - 
2023-08-11 16:32:02.321 | DEBUG    | __main__:run:32 - 
2023-08-11 16:32:02.384 | DEBUG    | __main__:run:32 - 
2023-08-11 16:32:02.442 | DEBUG    | __main__:run:32 - 
2023-08-11 16:32:02.497 | DEBUG    | __main__:run:32 - 
2023-08-11 16:32:02.555 | DEBUG    | __main__:run:32 - 
2023-08-11 16:32:02.606 | DEBUG    | __main__:run:32 - 
2023-08-11 16:32:02.647 | DEBUG    | __main__:run:32 - 
2023-08-11 16:32:02.687 | DEBUG    | __main__:run:32 - 
2023-08-11 16:32:02.734 | DEBUG    | __main__:run:32 - 
2023-08-11 16:32:02.776 | DEBUG    | __main__:run:32 - 
2023-08-11 16:32:02.818 | DEBUG    | __main__:run:32 - 
2023-08-11 16:32:02.857 | DEBUG    | __main__:run:32 - 
2023-08-11 16:32:02.894 | DEBUG    | __main__:run:32 - 
2023-08-11 16:32:02.941 | DEBUG    | __main__:run:32 - 
2023-08-11 16:32:02.991 | DEBUG    | __main__:run:32 - 
2023-08-11 16:32:03.031 | DEBUG    | __main__:run:32 - 
2023-08-11 16:32:03.078 | DEBUG    | __main__:run:32 - 
2023-08-11 16:32:03.121 | DEBUG    | __main__:run:32 - 
2023-08-11 16:32:03.178 | DEBUG    | __main__:run:32 - 
2023-08-11 16:32:03.235 | DEBUG    | __main__:run:32 - 
2023-08-11 16:32:03.281 | DEBUG    | __main__:run:32 - 
2023-08-11 16:32:03.328 | DEBUG    | __main__:run:32 - 
2023-08-11 16:32:03.377 | DEBUG    | __main__:run:32 - 
2023-08-11 16:32:03.428 | DEBUG    | __main__:run:32 - 
2023-08-11 16:32:03.473 | DEBUG    | __main__:run:32 - 
2023-08-11 16:32:03.517 | DEBUG    | __main__:run:32 - 
2023-08-11 16:32:03.567 | DEBUG    | __main__:run:32 - 
2023-08-11 16:32:03.616 | DEBUG    | __main__:run:32 - 
2023-08-11 16:32:03.673 | DEBUG    | __main__:run:32 - 
2023-08-11 16:32:03.724 | DEBUG    | __main__:run:32 - 
2023-08-11 16:32:03.776 | DEBUG    | __main__:run:32 - 
2023-08-11 16:32:03.835 | DEBUG    | __main__:run:32 - 
2023-08-11 16:32:03.892 | DEBUG    | __main__:run:32 - 
2023-08-11 16:32:03.963 | DEBUG    | __main__:run:32 - 
2023-08-11 16:32:04.010 | DEBUG    | __main__:run:32 - 
2023-08-11 16:32:04.054 | DEBUG    | __main__:run:32 - 
2023-08-11 16:32:04.119 | DEBUG    | __main__:run:32 - 
2023-08-11 16:32:04.312 | DEBUG    | __main__:run:32 - 
2023-08-11 16:32:04.364 | DEBUG    | __main__:run:32 - 
2023-08-11 16:32:04.420 | DEBUG    | __main__:run:32 - 
2023-08-11 16:32:04.475 | DEBUG    | __main__:run:32 - 
2023-08-11 16:32:04.526 | DEBUG    | __main__:run:32 - 
2023-08-11 16:32:04.573 | DEBUG    | __main__:run:32 - 
2023-08-11 16:32:04.671 | DEBUG    | __main__:run:32 - 
2023-08-11 16:32:04.756 | DEBUG    | __main__:run:32 - 
2023-08-11 16:32:04.834 | DEBUG    | __main__:run:32 - 
2023-08-11 16:32:04.919 | DEBUG    | __main__:run:32 - 
2023-08-11 16:32:04.979 | DEBUG    | __main__:run:32 - 
2023-08-11 16:32:05.025 | DEBUG    | __main__:run:32 - 
2023-08-11 16:32:05.079 | DEBUG    | __main__:run:32 - 
