2023-08-03 16:09:23.604 | INFO     | __main__:__init__:26 - all init start
2023-08-03 16:09:23.722 | INFO     | petC:setMouseEvent:166 - setMouseEvent running--- slime
2023-08-03 16:09:23.723 | INFO     | petC:setMouseEvent:171 - 

2023-08-03 16:09:23.724 | INFO     | petC:initAI:326 - slime initAI running
2023-08-03 16:09:23.725 | INFO     | AI:__init__:60 - slime's AI init
2023-08-03 16:09:23.726 | INFO     | AI:__init__:61 - infos:
2023-08-03 16:09:23.727 | INFO     | AI:__init__:62 -     -id: slime_AI
2023-08-03 16:09:23.743 | INFO     | petC:hide:174 - slime hide
2023-08-03 16:09:23.753 | INFO     | petC:setMouseEvent:166 - setMouseEvent running--- red
2023-08-03 16:09:23.754 | INFO     | petC:setMouseEvent:171 - 

2023-08-03 16:09:23.756 | INFO     | petC:initAI:326 - red initAI running
2023-08-03 16:09:23.757 | INFO     | AI:__init__:60 - red's AI init
2023-08-03 16:09:23.758 | INFO     | AI:__init__:61 - infos:
2023-08-03 16:09:23.759 | INFO     | AI:__init__:62 -     -id: red_AI
2023-08-03 16:09:23.761 | INFO     | petC:hide:174 - red hide
2023-08-03 16:09:23.771 | INFO     | petC:setMouseEvent:166 - setMouseEvent running--- orange
2023-08-03 16:09:23.772 | INFO     | petC:setMouseEvent:171 - 

2023-08-03 16:09:23.774 | INFO     | petC:initAI:326 - orange initAI running
2023-08-03 16:09:23.775 | INFO     | AI:__init__:60 - orange's AI init
2023-08-03 16:09:23.777 | INFO     | AI:__init__:61 - infos:
2023-08-03 16:09:23.778 | INFO     | AI:__init__:62 -     -id: orange_AI
2023-08-03 16:09:23.781 | INFO     | petC:hide:174 - orange hide
2023-08-03 16:09:23.790 | INFO     | petC:setMouseEvent:166 - setMouseEvent running--- yellow
2023-08-03 16:09:23.791 | INFO     | petC:setMouseEvent:171 - 

2023-08-03 16:09:23.792 | INFO     | petC:initAI:326 - yellow initAI running
2023-08-03 16:09:23.793 | INFO     | AI:__init__:60 - yellow's AI init
2023-08-03 16:09:23.794 | INFO     | AI:__init__:61 - infos:
2023-08-03 16:09:23.795 | INFO     | AI:__init__:62 -     -id: yellow_AI
2023-08-03 16:09:23.801 | INFO     | petC:hide:174 - yellow hide
2023-08-03 16:09:23.811 | INFO     | petC:setMouseEvent:166 - setMouseEvent running--- green
2023-08-03 16:09:23.814 | INFO     | petC:setMouseEvent:171 - 

2023-08-03 16:09:23.815 | INFO     | petC:initAI:326 - green initAI running
2023-08-03 16:09:23.816 | INFO     | AI:__init__:60 - green's AI init
2023-08-03 16:09:23.818 | INFO     | AI:__init__:61 - infos:
2023-08-03 16:09:23.819 | INFO     | AI:__init__:62 -     -id: green_AI
2023-08-03 16:09:23.821 | INFO     | petC:hide:174 - green hide
2023-08-03 16:09:23.833 | INFO     | petC:setMouseEvent:166 - setMouseEvent running--- blue
2023-08-03 16:09:23.835 | INFO     | petC:setMouseEvent:171 - 

2023-08-03 16:09:23.837 | INFO     | petC:initAI:326 - blue initAI running
2023-08-03 16:09:23.838 | INFO     | AI:__init__:60 - blue's AI init
2023-08-03 16:09:23.839 | INFO     | AI:__init__:61 - infos:
2023-08-03 16:09:23.840 | INFO     | AI:__init__:62 -     -id: blue_AI
2023-08-03 16:09:23.842 | INFO     | petC:hide:174 - blue hide
2023-08-03 16:09:23.856 | INFO     | petC:setMouseEvent:166 - setMouseEvent running--- purple
2023-08-03 16:09:23.858 | INFO     | petC:setMouseEvent:171 - 

2023-08-03 16:09:23.862 | INFO     | petC:initAI:326 - purple initAI running
2023-08-03 16:09:23.863 | INFO     | AI:__init__:60 - purple's AI init
2023-08-03 16:09:23.865 | INFO     | AI:__init__:61 - infos:
2023-08-03 16:09:23.866 | INFO     | AI:__init__:62 -     -id: purple_AI
2023-08-03 16:09:23.869 | INFO     | petC:hide:174 - purple hide
2023-08-03 16:09:23.871 | INFO     | __main__:initCtrlWindow:64 - init CtrlWindow
2023-08-03 16:09:24.455 | INFO     | ctrlWindow:__init__:21 - <__main__.Main object at 0x0000015128A1D000>
2023-08-03 16:09:24.457 | INFO     | ctrlWindow:initEvents:31 - init Events
2023-08-03 16:09:24.458 | INFO     | __main__:initSysMenu:74 - initSysMenu
2023-08-03 16:09:24.495 | WARNING  | __main__:initGenerator:43 - generator [96minited[0m~~~~~~~~~~~~~~~~~~~~~
2023-08-03 16:09:28.445 | INFO     | petC:show:179 - yellow show
2023-08-03 16:09:28.487 | DEBUG    | petC:speak_condition:311 - isSpeaking:False,isGeneratorOK:False
2023-08-03 16:09:28.690 | INFO     | petC:walk:268 - yellow walking
2023-08-03 16:09:28.693 | DEBUG    | petC:walk:273 - standing still,stand
2023-08-03 16:09:30.008 | DEBUG    | petC:speak_condition:311 - isSpeaking:False,isGeneratorOK:False
2023-08-03 16:09:30.112 | DEBUG    | petC:speak_condition:311 - isSpeaking:False,isGeneratorOK:False
2023-08-03 16:09:30.314 | DEBUG    | petC:speak_condition:311 - isSpeaking:False,isGeneratorOK:False
2023-08-03 16:09:30.518 | DEBUG    | petC:speak_condition:311 - isSpeaking:False,isGeneratorOK:False
2023-08-03 16:09:30.719 | DEBUG    | petC:speak_condition:311 - isSpeaking:False,isGeneratorOK:False
2023-08-03 16:09:30.921 | DEBUG    | petC:speak_condition:311 - isSpeaking:False,isGeneratorOK:False
2023-08-03 16:09:31.123 | DEBUG    | petC:speak_condition:311 - isSpeaking:False,isGeneratorOK:False
2023-08-03 16:09:31.335 | DEBUG    | petC:speak_condition:311 - isSpeaking:False,isGeneratorOK:False
2023-08-03 16:09:31.539 | INFO     | petC:walk:268 - yellow walking
2023-08-03 16:09:31.541 | DEBUG    | petC:walk:273 - standing still,stand
2023-08-03 16:09:31.542 | DEBUG    | petC:speak_condition:311 - isSpeaking:False,isGeneratorOK:False
2023-08-03 16:09:31.733 | INFO     | petC:walk:268 - yellow walking
2023-08-03 16:09:31.735 | DEBUG    | petC:walk:273 - standing still,stand
2023-08-03 16:09:31.736 | DEBUG    | petC:speak_condition:311 - isSpeaking:False,isGeneratorOK:False
2023-08-03 16:09:31.942 | DEBUG    | petC:speak_condition:311 - isSpeaking:False,isGeneratorOK:False
2023-08-03 16:09:32.149 | INFO     | petC:walk:268 - yellow walking
2023-08-03 16:09:32.151 | DEBUG    | petC:walk:273 - standing still,stand
2023-08-03 16:09:32.152 | DEBUG    | petC:speak_condition:311 - isSpeaking:False,isGeneratorOK:False
2023-08-03 16:09:32.341 | DEBUG    | petC:speak_condition:311 - isSpeaking:False,isGeneratorOK:False
2023-08-03 16:09:32.558 | DEBUG    | petC:speak_condition:311 - isSpeaking:False,isGeneratorOK:False
2023-08-03 16:09:32.763 | DEBUG    | petC:speak_condition:311 - isSpeaking:False,isGeneratorOK:False
2023-08-03 16:09:32.964 | DEBUG    | petC:speak_condition:311 - isSpeaking:False,isGeneratorOK:False
2023-08-03 16:09:33.156 | INFO     | petC:walk:268 - yellow walking
2023-08-03 16:09:33.158 | DEBUG    | petC:walk:273 - standing still,stand
2023-08-03 16:09:33.159 | DEBUG    | petC:speak_condition:311 - isSpeaking:False,isGeneratorOK:False
2023-08-03 16:09:33.359 | DEBUG    | petC:speak_condition:311 - isSpeaking:False,isGeneratorOK:False
2023-08-03 16:09:33.563 | INFO     | petC:walk:268 - yellow walking
2023-08-03 16:09:33.565 | DEBUG    | petC:walk:273 - standing still,stand
2023-08-03 16:09:33.566 | DEBUG    | petC:speak_condition:311 - isSpeaking:False,isGeneratorOK:False
2023-08-03 16:09:33.768 | DEBUG    | petC:speak_condition:311 - isSpeaking:False,isGeneratorOK:False
2023-08-03 16:09:33.971 | DEBUG    | petC:speak_condition:311 - isSpeaking:False,isGeneratorOK:False
2023-08-03 16:09:34.175 | DEBUG    | petC:speak_condition:311 - isSpeaking:False,isGeneratorOK:False
2023-08-03 16:09:34.377 | DEBUG    | petC:speak_condition:311 - isSpeaking:False,isGeneratorOK:False
2023-08-03 16:09:34.582 | DEBUG    | petC:speak_condition:311 - isSpeaking:False,isGeneratorOK:False
2023-08-03 16:09:34.786 | DEBUG    | petC:speak_condition:311 - isSpeaking:False,isGeneratorOK:False
2023-08-03 16:09:34.988 | DEBUG    | petC:speak_condition:311 - isSpeaking:False,isGeneratorOK:False
2023-08-03 16:09:35.191 | DEBUG    | petC:speak_condition:311 - isSpeaking:False,isGeneratorOK:False
2023-08-03 16:09:35.391 | DEBUG    | petC:speak_condition:311 - isSpeaking:False,isGeneratorOK:False
2023-08-03 16:09:35.595 | DEBUG    | petC:speak_condition:311 - isSpeaking:False,isGeneratorOK:False
2023-08-03 16:09:35.798 | DEBUG    | petC:speak_condition:311 - isSpeaking:False,isGeneratorOK:False
2023-08-03 16:09:36.003 | DEBUG    | petC:speak_condition:311 - isSpeaking:False,isGeneratorOK:False
2023-08-03 16:09:36.208 | DEBUG    | petC:speak_condition:311 - isSpeaking:False,isGeneratorOK:False
2023-08-03 16:09:36.412 | DEBUG    | petC:speak_condition:311 - isSpeaking:False,isGeneratorOK:False
2023-08-03 16:09:36.616 | DEBUG    | petC:speak_condition:311 - isSpeaking:False,isGeneratorOK:False
2023-08-03 16:09:36.819 | DEBUG    | petC:speak_condition:311 - isSpeaking:False,isGeneratorOK:False
2023-08-03 16:09:37.021 | DEBUG    | petC:speak_condition:311 - isSpeaking:False,isGeneratorOK:False
2023-08-03 16:09:37.223 | DEBUG    | petC:speak_condition:311 - isSpeaking:False,isGeneratorOK:False
2023-08-03 16:09:37.426 | INFO     | petC:walk:268 - yellow walking
2023-08-03 16:09:37.428 | DEBUG    | petC:walk:273 - standing still,stand
2023-08-03 16:09:37.429 | DEBUG    | petC:speak_condition:311 - isSpeaking:False,isGeneratorOK:False
2023-08-03 16:09:37.627 | DEBUG    | petC:speak_condition:311 - isSpeaking:False,isGeneratorOK:False
2023-08-03 16:09:37.831 | DEBUG    | petC:speak_condition:311 - isSpeaking:False,isGeneratorOK:False
2023-08-03 16:09:38.035 | INFO     | petC:walk:268 - yellow walking
2023-08-03 16:09:38.036 | DEBUG    | petC:walk:273 - standing still,stand
2023-08-03 16:09:38.037 | DEBUG    | petC:speak_condition:311 - isSpeaking:False,isGeneratorOK:False
2023-08-03 16:09:38.239 | DEBUG    | petC:speak_condition:311 - isSpeaking:False,isGeneratorOK:False
2023-08-03 16:09:38.443 | DEBUG    | petC:speak_condition:311 - isSpeaking:False,isGeneratorOK:False
2023-08-03 16:09:38.651 | DEBUG    | petC:speak_condition:311 - isSpeaking:False,isGeneratorOK:False
2023-08-03 16:09:38.842 | DEBUG    | petC:speak_condition:311 - isSpeaking:False,isGeneratorOK:False
2023-08-03 16:09:39.049 | DEBUG    | petC:speak_condition:311 - isSpeaking:False,isGeneratorOK:False
2023-08-03 16:09:39.255 | DEBUG    | petC:speak_condition:311 - isSpeaking:False,isGeneratorOK:False
2023-08-03 16:09:39.453 | DEBUG    | petC:speak_condition:311 - isSpeaking:False,isGeneratorOK:False
2023-08-03 16:09:39.668 | DEBUG    | petC:speak_condition:311 - isSpeaking:False,isGeneratorOK:False
2023-08-03 16:09:39.871 | DEBUG    | petC:speak_condition:311 - isSpeaking:False,isGeneratorOK:False
2023-08-03 16:09:40.108 | DEBUG    | petC:speak_condition:311 - isSpeaking:False,isGeneratorOK:False
2023-08-03 16:09:40.277 | DEBUG    | petC:speak_condition:311 - isSpeaking:False,isGeneratorOK:False
2023-08-03 16:09:40.482 | DEBUG    | petC:speak_condition:311 - isSpeaking:False,isGeneratorOK:False
2023-08-03 16:09:40.684 | INFO     | petC:walk:268 - yellow walking
2023-08-03 16:09:40.686 | DEBUG    | petC:walk:273 - standing still,stand
2023-08-03 16:09:40.687 | DEBUG    | petC:speak_condition:311 - isSpeaking:False,isGeneratorOK:False
2023-08-03 16:09:40.885 | DEBUG    | petC:speak_condition:311 - isSpeaking:False,isGeneratorOK:False
2023-08-03 16:09:41.088 | DEBUG    | petC:speak_condition:311 - isSpeaking:False,isGeneratorOK:False
2023-08-03 16:09:41.291 | DEBUG    | petC:speak_condition:311 - isSpeaking:False,isGeneratorOK:False
2023-08-03 16:09:41.492 | DEBUG    | petC:speak_condition:311 - isSpeaking:False,isGeneratorOK:False
2023-08-03 16:09:41.696 | DEBUG    | petC:speak_condition:311 - isSpeaking:False,isGeneratorOK:False
2023-08-03 16:09:41.898 | DEBUG    | petC:speak_condition:311 - isSpeaking:False,isGeneratorOK:False
2023-08-03 16:09:42.104 | DEBUG    | petC:speak_condition:311 - isSpeaking:False,isGeneratorOK:False
2023-08-03 16:09:42.306 | DEBUG    | petC:speak_condition:311 - isSpeaking:False,isGeneratorOK:False
2023-08-03 16:09:42.511 | DEBUG    | petC:speak_condition:311 - isSpeaking:False,isGeneratorOK:False
2023-08-03 16:09:42.715 | INFO     | petC:walk:268 - yellow walking
2023-08-03 16:09:42.718 | DEBUG    | petC:walk:273 - standing still,stand
2023-08-03 16:09:42.719 | DEBUG    | petC:speak_condition:311 - isSpeaking:False,isGeneratorOK:False
2023-08-03 16:09:42.918 | DEBUG    | petC:speak_condition:311 - isSpeaking:False,isGeneratorOK:False
2023-08-03 16:09:43.121 | DEBUG    | petC:speak_condition:311 - isSpeaking:False,isGeneratorOK:False
2023-08-03 16:09:43.327 | DEBUG    | petC:speak_condition:311 - isSpeaking:False,isGeneratorOK:False
2023-08-03 16:09:43.544 | DEBUG    | petC:speak_condition:311 - isSpeaking:False,isGeneratorOK:False
2023-08-03 16:09:43.735 | DEBUG    | petC:speak_condition:311 - isSpeaking:False,isGeneratorOK:False
2023-08-03 16:09:43.936 | INFO     | petC:walk:268 - yellow walking
2023-08-03 16:09:43.938 | DEBUG    | petC:walk:273 - standing still,stand
2023-08-03 16:09:43.939 | DEBUG    | petC:speak_condition:311 - isSpeaking:False,isGeneratorOK:False
2023-08-03 16:09:44.140 | DEBUG    | petC:speak_condition:311 - isSpeaking:False,isGeneratorOK:False
2023-08-03 16:09:44.344 | DEBUG    | petC:speak_condition:311 - isSpeaking:False,isGeneratorOK:False
2023-08-03 16:09:44.551 | INFO     | petC:walk:268 - yellow walking
2023-08-03 16:09:44.553 | DEBUG    | petC:walk:273 - standing still,stand
2023-08-03 16:09:44.554 | DEBUG    | petC:speak_condition:311 - isSpeaking:False,isGeneratorOK:False
2023-08-03 16:09:44.754 | DEBUG    | petC:speak_condition:311 - isSpeaking:False,isGeneratorOK:False
2023-08-03 16:09:44.958 | DEBUG    | petC:speak_condition:311 - isSpeaking:False,isGeneratorOK:False
2023-08-03 16:09:45.163 | DEBUG    | petC:speak_condition:311 - isSpeaking:False,isGeneratorOK:False
2023-08-03 16:09:45.368 | DEBUG    | petC:speak_condition:311 - isSpeaking:False,isGeneratorOK:False
2023-08-03 16:09:45.576 | DEBUG    | petC:speak_condition:311 - isSpeaking:False,isGeneratorOK:False
2023-08-03 16:09:45.783 | DEBUG    | petC:speak_condition:311 - isSpeaking:False,isGeneratorOK:False
2023-08-03 16:09:45.985 | DEBUG    | petC:speak_condition:311 - isSpeaking:False,isGeneratorOK:False
2023-08-03 16:09:46.189 | DEBUG    | petC:speak_condition:311 - isSpeaking:False,isGeneratorOK:False
2023-08-03 16:09:46.393 | DEBUG    | petC:speak_condition:311 - isSpeaking:False,isGeneratorOK:False
2023-08-03 16:09:46.597 | DEBUG    | petC:speak_condition:311 - isSpeaking:False,isGeneratorOK:False
2023-08-03 16:09:46.800 | DEBUG    | petC:speak_condition:311 - isSpeaking:False,isGeneratorOK:False
2023-08-03 16:09:47.003 | INFO     | petC:walk:268 - yellow walking
2023-08-03 16:09:47.005 | DEBUG    | petC:walk:273 - standing still,stand
2023-08-03 16:09:47.007 | DEBUG    | petC:speak_condition:311 - isSpeaking:False,isGeneratorOK:False
2023-08-03 16:09:47.210 | DEBUG    | petC:speak_condition:311 - isSpeaking:False,isGeneratorOK:False
2023-08-03 16:09:47.414 | DEBUG    | petC:speak_condition:311 - isSpeaking:False,isGeneratorOK:False
2023-08-03 16:09:47.619 | DEBUG    | petC:speak_condition:311 - isSpeaking:False,isGeneratorOK:False
2023-08-03 16:09:47.824 | DEBUG    | petC:speak_condition:311 - isSpeaking:False,isGeneratorOK:False
2023-08-03 16:09:48.015 | DEBUG    | petC:speak_condition:311 - isSpeaking:False,isGeneratorOK:False
2023-08-03 16:09:48.222 | DEBUG    | petC:speak_condition:311 - isSpeaking:False,isGeneratorOK:False
2023-08-03 16:09:48.427 | DEBUG    | petC:speak_condition:311 - isSpeaking:False,isGeneratorOK:False
2023-08-03 16:09:48.630 | DEBUG    | petC:speak_condition:311 - isSpeaking:False,isGeneratorOK:False
2023-08-03 16:09:48.833 | DEBUG    | petC:speak_condition:311 - isSpeaking:False,isGeneratorOK:False
2023-08-03 16:09:49.038 | DEBUG    | petC:speak_condition:311 - isSpeaking:False,isGeneratorOK:False
2023-08-03 16:09:49.244 | DEBUG    | petC:speak_condition:311 - isSpeaking:False,isGeneratorOK:False
2023-08-03 16:09:49.448 | DEBUG    | petC:speak_condition:311 - isSpeaking:False,isGeneratorOK:False
2023-08-03 16:09:49.654 | DEBUG    | petC:speak_condition:311 - isSpeaking:False,isGeneratorOK:False
2023-08-03 16:09:49.842 | DEBUG    | petC:speak_condition:311 - isSpeaking:False,isGeneratorOK:False
2023-08-03 16:09:50.045 | DEBUG    | petC:speak_condition:311 - isSpeaking:False,isGeneratorOK:False
2023-08-03 16:09:50.250 | DEBUG    | petC:speak_condition:311 - isSpeaking:False,isGeneratorOK:False
2023-08-03 16:09:50.455 | DEBUG    | petC:speak_condition:311 - isSpeaking:False,isGeneratorOK:False
2023-08-03 16:09:50.659 | DEBUG    | petC:speak_condition:311 - isSpeaking:False,isGeneratorOK:False
2023-08-03 16:09:50.863 | DEBUG    | petC:speak_condition:311 - isSpeaking:False,isGeneratorOK:False
2023-08-03 16:09:51.070 | DEBUG    | petC:speak_condition:311 - isSpeaking:False,isGeneratorOK:False
2023-08-03 16:09:51.272 | DEBUG    | petC:speak_condition:311 - isSpeaking:False,isGeneratorOK:False
2023-08-03 16:09:51.476 | DEBUG    | petC:speak_condition:311 - isSpeaking:False,isGeneratorOK:False
2023-08-03 16:09:51.676 | DEBUG    | petC:speak_condition:311 - isSpeaking:False,isGeneratorOK:False
2023-08-03 16:09:51.903 | DEBUG    | petC:speak_condition:311 - isSpeaking:False,isGeneratorOK:False
2023-08-03 16:09:52.074 | WARNING  | AI:init:19 - generator [96minited[0m~~~~~~~~~~~~~~~~~~~~~
2023-08-03 16:09:52.088 | INFO     | petC:walk:268 - yellow walking
2023-08-03 16:09:52.090 | DEBUG    | petC:walk:273 - standing still,stand
2023-08-03 16:09:52.091 | DEBUG    | petC:speak_condition:311 - isSpeaking:False,isGeneratorOK:True
2023-08-03 16:09:52.289 | INFO     | petC:walk:268 - yellow walking
2023-08-03 16:09:52.291 | DEBUG    | petC:walk:273 - standing still,stand
2023-08-03 16:09:52.292 | DEBUG    | petC:speak_condition:311 - isSpeaking:False,isGeneratorOK:True
2023-08-03 16:09:52.492 | DEBUG    | petC:speak_condition:311 - isSpeaking:False,isGeneratorOK:True
2023-08-03 16:09:52.692 | DEBUG    | petC:speak_condition:311 - isSpeaking:False,isGeneratorOK:True
2023-08-03 16:09:52.694 | INFO     | petC:speak:316 - yellow speaking
2023-08-03 16:09:54.506 | INFO     | petC:speak_UI:321 - yellow speak_UI,[7;44mhello has a nice little menu that you might remember from the first year of school, and an assortment of hot, tasty meats and local, organic produce. But since our experience of eating here was that pretty special, we don't really think it's[0m
2023-08-03 16:09:54.509 | DEBUG    | petC:show:34 - hide:False
2023-08-03 16:09:54.719 | DEBUG    | petC:speak_condition:311 - isSpeaking:False,isGeneratorOK:True
2023-08-03 16:09:54.923 | DEBUG    | petC:speak_condition:311 - isSpeaking:False,isGeneratorOK:True
2023-08-03 16:09:55.126 | DEBUG    | petC:speak_condition:311 - isSpeaking:False,isGeneratorOK:True
2023-08-03 16:09:55.330 | DEBUG    | petC:speak_condition:311 - isSpeaking:False,isGeneratorOK:True
2023-08-03 16:09:55.531 | DEBUG    | petC:speak_condition:311 - isSpeaking:False,isGeneratorOK:True
2023-08-03 16:09:55.733 | DEBUG    | petC:speak_condition:311 - isSpeaking:False,isGeneratorOK:True
2023-08-03 16:09:55.937 | INFO     | petC:walk:268 - yellow walking
2023-08-03 16:09:55.939 | DEBUG    | petC:walk:273 - standing still,stand
2023-08-03 16:09:55.940 | DEBUG    | petC:speak_condition:311 - isSpeaking:False,isGeneratorOK:True
2023-08-03 16:09:56.143 | DEBUG    | petC:speak_condition:311 - isSpeaking:False,isGeneratorOK:True
2023-08-03 16:09:56.346 | DEBUG    | petC:speak_condition:311 - isSpeaking:False,isGeneratorOK:True
2023-08-03 16:09:56.550 | DEBUG    | petC:speak_condition:311 - isSpeaking:False,isGeneratorOK:True
2023-08-03 16:09:56.754 | DEBUG    | petC:speak_condition:311 - isSpeaking:False,isGeneratorOK:True
2023-08-03 16:09:56.958 | DEBUG    | petC:speak_condition:311 - isSpeaking:False,isGeneratorOK:True
2023-08-03 16:09:57.162 | DEBUG    | petC:speak_condition:311 - isSpeaking:False,isGeneratorOK:True
2023-08-03 16:09:57.364 | DEBUG    | petC:speak_condition:311 - isSpeaking:False,isGeneratorOK:True
2023-08-03 16:09:57.569 | DEBUG    | petC:speak_condition:311 - isSpeaking:False,isGeneratorOK:True
2023-08-03 16:09:57.772 | DEBUG    | petC:speak_condition:311 - isSpeaking:False,isGeneratorOK:True
2023-08-03 16:09:57.975 | DEBUG    | petC:speak_condition:311 - isSpeaking:False,isGeneratorOK:True
2023-08-03 16:09:58.172 | DEBUG    | petC:speak_condition:311 - isSpeaking:False,isGeneratorOK:True
2023-08-03 16:09:58.383 | DEBUG    | petC:speak_condition:311 - isSpeaking:False,isGeneratorOK:True
2023-08-03 16:09:58.588 | DEBUG    | petC:speak_condition:311 - isSpeaking:False,isGeneratorOK:True
2023-08-03 16:09:58.790 | DEBUG    | petC:speak_condition:311 - isSpeaking:False,isGeneratorOK:True
2023-08-03 16:09:58.995 | DEBUG    | petC:speak_condition:311 - isSpeaking:False,isGeneratorOK:True
2023-08-03 16:09:59.198 | DEBUG    | petC:speak_condition:311 - isSpeaking:False,isGeneratorOK:True
2023-08-03 16:09:59.403 | DEBUG    | petC:speak_condition:311 - isSpeaking:False,isGeneratorOK:True
2023-08-03 16:09:59.606 | DEBUG    | petC:speak_condition:311 - isSpeaking:False,isGeneratorOK:True
2023-08-03 16:09:59.797 | DEBUG    | petC:speak_condition:311 - isSpeaking:False,isGeneratorOK:True
2023-08-03 16:09:59.999 | DEBUG    | petC:speak_condition:311 - isSpeaking:False,isGeneratorOK:True
2023-08-03 16:10:00.202 | INFO     | petC:walk:268 - yellow walking
2023-08-03 16:10:00.204 | DEBUG    | petC:walk:273 - standing still,stand
2023-08-03 16:10:00.205 | DEBUG    | petC:speak_condition:311 - isSpeaking:False,isGeneratorOK:True
2023-08-03 16:10:00.420 | DEBUG    | petC:speak_condition:311 - isSpeaking:False,isGeneratorOK:True
2023-08-03 16:10:00.621 | DEBUG    | petC:speak_condition:311 - isSpeaking:False,isGeneratorOK:True
2023-08-03 16:10:00.623 | INFO     | petC:speak:316 - yellow speaking
2023-08-03 16:10:02.383 | INFO     | petC:speak_UI:321 - yellow speak_UI,[7;44mhello for updates.

By Dave Stoll

Staff Reporter

WASHINGTON, DC – A top federal prosecutor said Tuesday that former President George W. Bush's war on North Korea is over.

US District Judge Richard Leon awarded the[0m
2023-08-03 16:10:02.387 | DEBUG    | petC:show:34 - hide:True
2023-08-03 16:10:02.441 | DEBUG    | petC:speak_condition:311 - isSpeaking:False,isGeneratorOK:True
2023-08-03 16:10:02.646 | DEBUG    | petC:speak_condition:311 - isSpeaking:False,isGeneratorOK:True
2023-08-03 16:10:02.847 | INFO     | petC:walk:268 - yellow walking
2023-08-03 16:10:02.848 | DEBUG    | petC:walk:273 - standing still,stand
2023-08-03 16:10:02.849 | DEBUG    | petC:speak_condition:311 - isSpeaking:False,isGeneratorOK:True
2023-08-03 16:10:03.045 | DEBUG    | petC:speak_condition:311 - isSpeaking:False,isGeneratorOK:True
2023-08-03 16:10:03.253 | DEBUG    | petC:speak_condition:311 - isSpeaking:False,isGeneratorOK:True
2023-08-03 16:10:03.458 | DEBUG    | petC:speak_condition:311 - isSpeaking:False,isGeneratorOK:True
2023-08-03 16:10:03.664 | DEBUG    | petC:speak_condition:311 - isSpeaking:False,isGeneratorOK:True
2023-08-03 16:10:03.869 | DEBUG    | petC:speak_condition:311 - isSpeaking:False,isGeneratorOK:True
2023-08-03 16:10:03.871 | INFO     | petC:speak:316 - yellow speaking
2023-08-03 16:10:05.676 | INFO     | petC:speak_UI:321 - yellow speak_UI,[7;44mhello, FL:

Ticket-less, no blackout on the NFL Combine this summer

It is being covered by one NFL fan who is not being completely informed (by NFL media, not those of you in the know) what the[0m
2023-08-03 16:10:05.678 | DEBUG    | petC:show:34 - hide:True
2023-08-03 16:10:05.687 | DEBUG    | petC:speak_condition:311 - isSpeaking:False,isGeneratorOK:True
2023-08-03 16:10:05.893 | DEBUG    | petC:speak_condition:311 - isSpeaking:False,isGeneratorOK:True
2023-08-03 16:10:06.097 | DEBUG    | petC:speak_condition:311 - isSpeaking:False,isGeneratorOK:True
2023-08-03 16:10:06.299 | DEBUG    | petC:speak_condition:311 - isSpeaking:False,isGeneratorOK:True
2023-08-03 16:10:06.505 | DEBUG    | petC:speak_condition:311 - isSpeaking:False,isGeneratorOK:True
2023-08-03 16:10:06.706 | DEBUG    | petC:speak_condition:311 - isSpeaking:False,isGeneratorOK:True
2023-08-03 16:10:06.915 | DEBUG    | petC:speak_condition:311 - isSpeaking:False,isGeneratorOK:True
2023-08-03 16:10:07.121 | DEBUG    | petC:speak_condition:311 - isSpeaking:False,isGeneratorOK:True
2023-08-03 16:10:07.318 | DEBUG    | petC:speak_condition:311 - isSpeaking:False,isGeneratorOK:True
2023-08-03 16:10:07.526 | DEBUG    | petC:speak_condition:311 - isSpeaking:False,isGeneratorOK:True
2023-08-03 16:10:07.730 | DEBUG    | petC:speak_condition:311 - isSpeaking:False,isGeneratorOK:True
2023-08-03 16:10:07.934 | DEBUG    | petC:speak_condition:311 - isSpeaking:False,isGeneratorOK:True
2023-08-03 16:10:08.124 | DEBUG    | petC:speak_condition:311 - isSpeaking:False,isGeneratorOK:True
2023-08-03 16:10:08.331 | DEBUG    | petC:speak_condition:311 - isSpeaking:False,isGeneratorOK:True
2023-08-03 16:10:08.534 | DEBUG    | petC:speak_condition:311 - isSpeaking:False,isGeneratorOK:True
2023-08-03 16:10:08.739 | DEBUG    | petC:speak_condition:311 - isSpeaking:False,isGeneratorOK:True
2023-08-03 16:10:08.944 | INFO     | petC:walk:268 - yellow walking
2023-08-03 16:10:08.945 | DEBUG    | petC:walk:273 - standing still,stand
2023-08-03 16:10:08.947 | DEBUG    | petC:speak_condition:311 - isSpeaking:False,isGeneratorOK:True
2023-08-03 16:10:08.948 | INFO     | petC:speak:316 - yellow speaking
2023-08-03 16:10:10.617 | INFO     | petC:speak_UI:321 - yellow speak_UI,[7;44mhello (10:33): https://gist.github.com/9643494/5f67b232567e6d10bfbe17f8c9d4fe4ef35ab

Dolphin-[0m
2023-08-03 16:10:10.619 | DEBUG    | petC:show:34 - hide:True
2023-08-03 16:10:10.774 | DEBUG    | petC:speak_condition:311 - isSpeaking:False,isGeneratorOK:True
2023-08-03 16:10:10.983 | DEBUG    | petC:speak_condition:311 - isSpeaking:False,isGeneratorOK:True
2023-08-03 16:10:11.171 | INFO     | petC:walk:268 - yellow walking
2023-08-03 16:10:11.172 | DEBUG    | petC:walk:273 - standing still,stand
2023-08-03 16:10:11.174 | DEBUG    | petC:speak_condition:311 - isSpeaking:False,isGeneratorOK:True
2023-08-03 16:10:11.387 | DEBUG    | petC:speak_condition:311 - isSpeaking:False,isGeneratorOK:True
2023-08-03 16:10:11.591 | DEBUG    | petC:speak_condition:311 - isSpeaking:False,isGeneratorOK:True
2023-08-03 16:10:11.594 | INFO     | petC:speak:316 - yellow speaking
2023-08-03 16:10:13.302 | INFO     | petC:speak_UI:321 - yellow speak_UI,[7;44mhello, GA - FEBRUARY 24: Former Georgia Tech quarterback and current Georgia Tech head coach, John Calipari #15 of the Atlanta Falcons participates in the media's Q&A session after the Georgia Tech win. Quarterback DeAndre[0m
2023-08-03 16:10:13.304 | DEBUG    | petC:show:34 - hide:True
2023-08-03 16:10:13.429 | DEBUG    | petC:speak_condition:311 - isSpeaking:False,isGeneratorOK:True
2023-08-03 16:10:13.633 | INFO     | petC:walk:268 - yellow walking
2023-08-03 16:10:13.635 | DEBUG    | petC:walk:273 - standing still,stand
2023-08-03 16:10:13.636 | DEBUG    | petC:speak_condition:311 - isSpeaking:False,isGeneratorOK:True
2023-08-03 16:10:13.837 | INFO     | petC:walk:268 - yellow walking
2023-08-03 16:10:13.839 | DEBUG    | petC:walk:273 - standing still,stand
2023-08-03 16:10:13.841 | DEBUG    | petC:speak_condition:311 - isSpeaking:False,isGeneratorOK:True
2023-08-03 16:10:14.040 | DEBUG    | petC:speak_condition:311 - isSpeaking:False,isGeneratorOK:True
2023-08-03 16:10:14.244 | DEBUG    | petC:speak_condition:311 - isSpeaking:False,isGeneratorOK:True
2023-08-03 16:10:14.445 | DEBUG    | petC:speak_condition:311 - isSpeaking:False,isGeneratorOK:True
2023-08-03 16:10:14.646 | DEBUG    | petC:speak_condition:311 - isSpeaking:False,isGeneratorOK:True
2023-08-03 16:10:14.851 | DEBUG    | petC:speak_condition:311 - isSpeaking:False,isGeneratorOK:True
2023-08-03 16:10:15.054 | DEBUG    | petC:speak_condition:311 - isSpeaking:False,isGeneratorOK:True
2023-08-03 16:10:15.256 | DEBUG    | petC:speak_condition:311 - isSpeaking:False,isGeneratorOK:True
2023-08-03 16:10:15.459 | INFO     | petC:walk:268 - yellow walking
2023-08-03 16:10:15.462 | DEBUG    | petC:walk:273 - standing still,stand
2023-08-03 16:10:15.463 | DEBUG    | petC:speak_condition:311 - isSpeaking:False,isGeneratorOK:True
2023-08-03 16:10:15.662 | DEBUG    | petC:speak_condition:311 - isSpeaking:False,isGeneratorOK:True
2023-08-03 16:10:15.864 | DEBUG    | petC:speak_condition:311 - isSpeaking:False,isGeneratorOK:True
2023-08-03 16:10:16.067 | DEBUG    | petC:speak_condition:311 - isSpeaking:False,isGeneratorOK:True
2023-08-03 16:10:16.269 | DEBUG    | petC:speak_condition:311 - isSpeaking:False,isGeneratorOK:True
2023-08-03 16:10:16.473 | DEBUG    | petC:speak_condition:311 - isSpeaking:False,isGeneratorOK:True
2023-08-03 16:10:16.678 | DEBUG    | petC:speak_condition:311 - isSpeaking:False,isGeneratorOK:True
2023-08-03 16:10:16.881 | DEBUG    | petC:speak_condition:311 - isSpeaking:False,isGeneratorOK:True
2023-08-03 16:10:17.085 | DEBUG    | petC:speak_condition:311 - isSpeaking:False,isGeneratorOK:True
2023-08-03 16:10:17.287 | DEBUG    | petC:speak_condition:311 - isSpeaking:False,isGeneratorOK:True
2023-08-03 16:10:17.491 | DEBUG    | petC:speak_condition:311 - isSpeaking:False,isGeneratorOK:True
2023-08-03 16:10:17.694 | DEBUG    | petC:speak_condition:311 - isSpeaking:False,isGeneratorOK:True
2023-08-03 16:10:17.900 | DEBUG    | petC:speak_condition:311 - isSpeaking:False,isGeneratorOK:True
2023-08-03 16:10:18.101 | DEBUG    | petC:speak_condition:311 - isSpeaking:False,isGeneratorOK:True
2023-08-03 16:10:18.307 | DEBUG    | petC:speak_condition:311 - isSpeaking:False,isGeneratorOK:True
2023-08-03 16:10:18.498 | DEBUG    | petC:speak_condition:311 - isSpeaking:False,isGeneratorOK:True
2023-08-03 16:10:18.500 | INFO     | petC:speak:316 - yellow speaking
2023-08-03 16:10:20.330 | INFO     | petC:speak_UI:321 - yellow speak_UI,[7;44mhello, FL -- It was a nice day at a great restaurant with a great, good, and friendly staff. After the first few orders, I didn't want to leave, so I sat down at the counter and sat down again. There were[0m
2023-08-03 16:10:20.332 | DEBUG    | petC:show:34 - hide:True
2023-08-03 16:10:20.529 | DEBUG    | petC:speak_condition:311 - isSpeaking:False,isGeneratorOK:True
2023-08-03 16:10:20.531 | INFO     | petC:speak:316 - yellow speaking
2023-08-03 16:10:22.288 | INFO     | petC:speak_UI:321 - yellow speak_UI,[7;44mhello have a place where we can grow and grow," said the Rev. Joseph Scott, who recently married the Rev. Richard Dominguez Sittingter, of Jackson parish.

He is well placed on the island, which is a "place[0m
2023-08-03 16:10:22.291 | DEBUG    | petC:show:34 - hide:True
2023-08-03 16:10:22.357 | DEBUG    | petC:speak_condition:311 - isSpeaking:False,isGeneratorOK:True
2023-08-03 16:10:22.562 | DEBUG    | petC:speak_condition:311 - isSpeaking:False,isGeneratorOK:True
2023-08-03 16:10:22.766 | DEBUG    | petC:speak_condition:311 - isSpeaking:False,isGeneratorOK:True
2023-08-03 16:10:22.969 | DEBUG    | petC:speak_condition:311 - isSpeaking:False,isGeneratorOK:True
2023-08-03 16:10:23.173 | DEBUG    | petC:speak_condition:311 - isSpeaking:False,isGeneratorOK:True
2023-08-03 16:10:23.375 | DEBUG    | petC:speak_condition:311 - isSpeaking:False,isGeneratorOK:True
2023-08-03 16:10:23.580 | DEBUG    | petC:speak_condition:311 - isSpeaking:False,isGeneratorOK:True
2023-08-03 16:10:23.782 | DEBUG    | petC:speak_condition:311 - isSpeaking:False,isGeneratorOK:True
2023-08-03 16:10:23.987 | INFO     | petC:walk:268 - yellow walking
2023-08-03 16:10:23.989 | DEBUG    | petC:walk:273 - standing still,stand
2023-08-03 16:10:23.991 | DEBUG    | petC:speak_condition:311 - isSpeaking:False,isGeneratorOK:True
2023-08-03 16:10:23.992 | INFO     | petC:speak:316 - yellow speaking
2023-08-03 16:10:25.896 | INFO     | petC:speak_UI:321 - yellow speak_UI,[7;44mhello-brown" was added as an alias.

There are three other names for the same building under construction.

"All three buildings will continue to be used by the North Shore Community and Public Works to provide opportunities for our homeless community[0m
2023-08-03 16:10:25.900 | DEBUG    | petC:show:34 - hide:True
2023-08-03 16:10:26.029 | DEBUG    | petC:speak_condition:311 - isSpeaking:False,isGeneratorOK:True
2023-08-03 16:10:26.237 | DEBUG    | petC:speak_condition:311 - isSpeaking:False,isGeneratorOK:True
2023-08-03 16:10:26.440 | DEBUG    | petC:speak_condition:311 - isSpeaking:False,isGeneratorOK:True
2023-08-03 16:10:26.642 | INFO     | petC:walk:268 - yellow walking
2023-08-03 16:10:26.644 | DEBUG    | petC:walk:273 - standing still,stand
2023-08-03 16:10:26.645 | DEBUG    | petC:speak_condition:311 - isSpeaking:False,isGeneratorOK:True
2023-08-03 16:10:26.850 | DEBUG    | petC:speak_condition:311 - isSpeaking:False,isGeneratorOK:True
2023-08-03 16:10:27.046 | DEBUG    | petC:speak_condition:311 - isSpeaking:False,isGeneratorOK:True
2023-08-03 16:10:27.048 | INFO     | petC:speak:316 - yellow speaking
2023-08-03 16:10:28.768 | INFO     | petC:speak_UI:321 - yellow speak_UI,[7;44mhello and I'm just so blessed."

The duo have been working hard at it since their departure, with many of the games on the iPad arriving in September.

We spoke to them in the airport and where they want to land,[0m
2023-08-03 16:10:28.770 | DEBUG    | petC:show:34 - hide:True
2023-08-03 16:10:28.877 | DEBUG    | petC:speak_condition:311 - isSpeaking:False,isGeneratorOK:True
2023-08-03 16:10:29.077 | DEBUG    | petC:speak_condition:311 - isSpeaking:False,isGeneratorOK:True
2023-08-03 16:10:29.281 | DEBUG    | petC:speak_condition:311 - isSpeaking:False,isGeneratorOK:True
2023-08-03 16:10:29.483 | DEBUG    | petC:speak_condition:311 - isSpeaking:False,isGeneratorOK:True
2023-08-03 16:10:29.685 | DEBUG    | petC:speak_condition:311 - isSpeaking:False,isGeneratorOK:True
2023-08-03 16:10:29.688 | INFO     | petC:speak:316 - yellow speaking
2023-08-03 16:10:31.412 | INFO     | petC:speak_UI:321 - yellow speak_UI,[7;44mhello, MA - JULY 23: An anti-Muslim protester gestures as he takes part in a protest against U.S. President Donald Trump's proposed travel ban being debated at the Capitol in Washington DC. Mandatory Credit: Justin Sullivan/Getty Images[0m
2023-08-03 16:10:31.414 | DEBUG    | petC:show:34 - hide:True
2023-08-03 16:10:31.533 | INFO     | petC:walk:268 - yellow walking
2023-08-03 16:10:31.534 | DEBUG    | petC:walk:273 - standing still,stand
2023-08-03 16:10:31.536 | DEBUG    | petC:speak_condition:311 - isSpeaking:False,isGeneratorOK:True
2023-08-03 16:10:31.537 | INFO     | petC:speak:316 - yellow speaking
2023-08-03 16:10:33.293 | INFO     | petC:speak_UI:321 - yellow speak_UI,[7;44mhello.com/story/news/crime/2010/04/15/police freely say they are scared of cats after their mother is spotted at house where they were with daughter

An 11-year-old rescued a cat with a broken[0m
2023-08-03 16:10:33.296 | DEBUG    | petC:show:34 - hide:True
2023-08-03 16:10:33.361 | DEBUG    | petC:speak_condition:311 - isSpeaking:False,isGeneratorOK:True
2023-08-03 16:10:33.562 | DEBUG    | petC:speak_condition:311 - isSpeaking:False,isGeneratorOK:True
2023-08-03 16:10:33.770 | DEBUG    | petC:speak_condition:311 - isSpeaking:False,isGeneratorOK:True
2023-08-03 16:10:33.979 | DEBUG    | petC:speak_condition:311 - isSpeaking:False,isGeneratorOK:True
2023-08-03 16:10:34.183 | DEBUG    | petC:speak_condition:311 - isSpeaking:False,isGeneratorOK:True
2023-08-03 16:10:34.185 | INFO     | petC:speak:316 - yellow speaking
2023-08-03 16:10:36.079 | INFO     | petC:speak_UI:321 - yellow speak_UI,[7;44mhello

With the death of her husband, Janus, that was the end of John's relationship with God. But what was missing in his marriage? His wife. And his son.

He was 19 when his father died.
[0m
2023-08-03 16:10:36.082 | DEBUG    | petC:show:34 - hide:True
2023-08-03 16:10:36.202 | DEBUG    | petC:speak_condition:311 - isSpeaking:False,isGeneratorOK:True
2023-08-03 16:10:36.406 | DEBUG    | petC:speak_condition:311 - isSpeaking:False,isGeneratorOK:True
2023-08-03 16:10:36.610 | DEBUG    | petC:speak_condition:311 - isSpeaking:False,isGeneratorOK:True
2023-08-03 16:10:36.816 | DEBUG    | petC:speak_condition:311 - isSpeaking:False,isGeneratorOK:True
2023-08-03 16:10:37.024 | DEBUG    | petC:speak_condition:311 - isSpeaking:False,isGeneratorOK:True
2023-08-03 16:10:37.229 | DEBUG    | petC:speak_condition:311 - isSpeaking:False,isGeneratorOK:True
2023-08-03 16:10:37.429 | DEBUG    | petC:speak_condition:311 - isSpeaking:False,isGeneratorOK:True
2023-08-03 16:10:37.633 | DEBUG    | petC:speak_condition:311 - isSpeaking:False,isGeneratorOK:True
2023-08-03 16:10:37.836 | DEBUG    | petC:speak_condition:311 - isSpeaking:False,isGeneratorOK:True
2023-08-03 16:10:38.039 | DEBUG    | petC:speak_condition:311 - isSpeaking:False,isGeneratorOK:True
2023-08-03 16:10:38.238 | DEBUG    | petC:speak_condition:311 - isSpeaking:False,isGeneratorOK:True
2023-08-03 16:10:38.441 | DEBUG    | petC:speak_condition:311 - isSpeaking:False,isGeneratorOK:True
2023-08-03 16:10:38.646 | DEBUG    | petC:speak_condition:311 - isSpeaking:False,isGeneratorOK:True
2023-08-03 16:10:38.848 | DEBUG    | petC:speak_condition:311 - isSpeaking:False,isGeneratorOK:True
2023-08-03 16:10:39.045 | DEBUG    | petC:speak_condition:311 - isSpeaking:False,isGeneratorOK:True
2023-08-03 16:10:39.249 | INFO     | petC:walk:268 - yellow walking
2023-08-03 16:10:39.251 | DEBUG    | petC:walk:273 - standing still,stand
2023-08-03 16:10:39.252 | DEBUG    | petC:speak_condition:311 - isSpeaking:False,isGeneratorOK:True
2023-08-03 16:10:39.455 | DEBUG    | petC:speak_condition:311 - isSpeaking:False,isGeneratorOK:True
2023-08-03 16:10:39.658 | DEBUG    | petC:speak_condition:311 - isSpeaking:False,isGeneratorOK:True
2023-08-03 16:10:39.862 | DEBUG    | petC:speak_condition:311 - isSpeaking:False,isGeneratorOK:True
2023-08-03 16:10:40.066 | DEBUG    | petC:speak_condition:311 - isSpeaking:False,isGeneratorOK:True
2023-08-03 16:10:40.268 | DEBUG    | petC:speak_condition:311 - isSpeaking:False,isGeneratorOK:True
2023-08-03 16:10:40.269 | INFO     | petC:speak:316 - yellow speaking
2023-08-03 16:10:41.984 | INFO     | petC:speak_UI:321 - yellow speak_UI,[7;44mhello, a New York County man, who is accused of fatally shooting another man, during a shootout with an Orlando law enforcement official in Florida last month. The officer, Robert Carlos Cervantes, told authorities that one bullet hit the victim at least[0m
2023-08-03 16:10:41.986 | DEBUG    | petC:show:34 - hide:True
2023-08-03 16:10:42.096 | DEBUG    | petC:speak_condition:311 - isSpeaking:False,isGeneratorOK:True
2023-08-03 16:10:42.301 | DEBUG    | petC:speak_condition:311 - isSpeaking:False,isGeneratorOK:True
2023-08-03 16:10:42.503 | DEBUG    | petC:speak_condition:311 - isSpeaking:False,isGeneratorOK:True
2023-08-03 16:10:42.708 | INFO     | petC:walk:268 - yellow walking
2023-08-03 16:10:42.710 | DEBUG    | petC:walk:273 - standing still,stand
2023-08-03 16:10:42.711 | DEBUG    | petC:speak_condition:311 - isSpeaking:False,isGeneratorOK:True
2023-08-03 16:10:42.910 | DEBUG    | petC:speak_condition:311 - isSpeaking:False,isGeneratorOK:True
2023-08-03 16:10:43.109 | DEBUG    | petC:speak_condition:311 - isSpeaking:False,isGeneratorOK:True
2023-08-03 16:10:43.317 | DEBUG    | petC:speak_condition:311 - isSpeaking:False,isGeneratorOK:True
2023-08-03 16:10:43.518 | DEBUG    | petC:speak_condition:311 - isSpeaking:False,isGeneratorOK:True
2023-08-03 16:10:43.718 | DEBUG    | petC:speak_condition:311 - isSpeaking:False,isGeneratorOK:True
2023-08-03 16:10:43.920 | DEBUG    | petC:speak_condition:311 - isSpeaking:False,isGeneratorOK:True
2023-08-03 16:10:44.124 | INFO     | petC:walk:268 - yellow walking
2023-08-03 16:10:44.125 | DEBUG    | petC:walk:273 - standing still,stand
2023-08-03 16:10:44.126 | DEBUG    | petC:speak_condition:311 - isSpeaking:False,isGeneratorOK:True
2023-08-03 16:10:44.327 | DEBUG    | petC:speak_condition:311 - isSpeaking:False,isGeneratorOK:True
2023-08-03 16:10:44.533 | DEBUG    | petC:speak_condition:311 - isSpeaking:False,isGeneratorOK:True
2023-08-03 16:10:44.735 | DEBUG    | petC:speak_condition:311 - isSpeaking:False,isGeneratorOK:True
2023-08-03 16:10:44.939 | DEBUG    | petC:speak_condition:311 - isSpeaking:False,isGeneratorOK:True
2023-08-03 16:10:45.143 | DEBUG    | petC:speak_condition:311 - isSpeaking:False,isGeneratorOK:True
2023-08-03 16:10:45.350 | INFO     | petC:walk:268 - yellow walking
2023-08-03 16:10:45.352 | DEBUG    | petC:walk:273 - standing still,stand
2023-08-03 16:10:45.353 | DEBUG    | petC:speak_condition:311 - isSpeaking:False,isGeneratorOK:True
2023-08-03 16:10:45.556 | DEBUG    | petC:speak_condition:311 - isSpeaking:False,isGeneratorOK:True
2023-08-03 16:10:45.760 | DEBUG    | petC:speak_condition:311 - isSpeaking:False,isGeneratorOK:True
2023-08-03 16:10:45.959 | DEBUG    | petC:speak_condition:311 - isSpeaking:False,isGeneratorOK:True
2023-08-03 16:10:45.962 | INFO     | petC:speak:316 - yellow speaking
2023-08-03 16:10:47.692 | INFO     | petC:speak_UI:321 - yellow speak_UI,[7;44mhello-state/index.html

"

return x*p;

}

void

x(string x)

{

nx = -1;

}

void

q[0m
2023-08-03 16:10:47.695 | DEBUG    | petC:show:34 - hide:True
2023-08-03 16:10:47.795 | DEBUG    | petC:speak_condition:311 - isSpeaking:False,isGeneratorOK:True
2023-08-03 16:10:48.000 | DEBUG    | petC:speak_condition:311 - isSpeaking:False,isGeneratorOK:True
2023-08-03 16:10:48.202 | DEBUG    | petC:speak_condition:311 - isSpeaking:False,isGeneratorOK:True
2023-08-03 16:10:48.404 | DEBUG    | petC:speak_condition:311 - isSpeaking:False,isGeneratorOK:True
2023-08-03 16:10:48.609 | DEBUG    | petC:speak_condition:311 - isSpeaking:False,isGeneratorOK:True
2023-08-03 16:10:48.815 | DEBUG    | petC:speak_condition:311 - isSpeaking:False,isGeneratorOK:True
2023-08-03 16:10:49.021 | DEBUG    | petC:speak_condition:311 - isSpeaking:False,isGeneratorOK:True
2023-08-03 16:10:49.220 | DEBUG    | petC:speak_condition:311 - isSpeaking:False,isGeneratorOK:True
2023-08-03 16:10:49.421 | DEBUG    | petC:speak_condition:311 - isSpeaking:False,isGeneratorOK:True
2023-08-03 16:10:49.626 | DEBUG    | petC:speak_condition:311 - isSpeaking:False,isGeneratorOK:True
2023-08-03 16:10:49.829 | INFO     | petC:walk:268 - yellow walking
2023-08-03 16:10:49.833 | DEBUG    | petC:walk:273 - standing still,stand
2023-08-03 16:10:49.834 | DEBUG    | petC:speak_condition:311 - isSpeaking:False,isGeneratorOK:True
2023-08-03 16:10:50.033 | DEBUG    | petC:speak_condition:311 - isSpeaking:False,isGeneratorOK:True
2023-08-03 16:10:50.235 | DEBUG    | petC:speak_condition:311 - isSpeaking:False,isGeneratorOK:True
2023-08-03 16:10:50.437 | DEBUG    | petC:speak_condition:311 - isSpeaking:False,isGeneratorOK:True
2023-08-03 16:10:50.640 | DEBUG    | petC:speak_condition:311 - isSpeaking:False,isGeneratorOK:True
2023-08-03 16:10:50.842 | DEBUG    | petC:speak_condition:311 - isSpeaking:False,isGeneratorOK:True
2023-08-03 16:10:51.046 | DEBUG    | petC:speak_condition:311 - isSpeaking:False,isGeneratorOK:True
2023-08-03 16:10:51.248 | DEBUG    | petC:speak_condition:311 - isSpeaking:False,isGeneratorOK:True
2023-08-03 16:10:51.451 | DEBUG    | petC:speak_condition:311 - isSpeaking:False,isGeneratorOK:True
2023-08-03 16:10:51.655 | DEBUG    | petC:speak_condition:311 - isSpeaking:False,isGeneratorOK:True
2023-08-03 16:10:51.872 | DEBUG    | petC:speak_condition:311 - isSpeaking:False,isGeneratorOK:True
2023-08-03 16:10:51.874 | INFO     | petC:speak:316 - yellow speaking
2023-08-03 16:10:53.642 | INFO     | petC:speak_UI:321 - yellow speak_UI,[7;44mhello, WA, USA]

Terrific...and wonderful...by the way there was a guy at the bottom of this page that is now dead. I'd like to offer him some thought if you're looking for such a thing.[0m
2023-08-03 16:10:53.644 | DEBUG    | petC:show:34 - hide:True
2023-08-03 16:10:53.694 | DEBUG    | petC:speak_condition:311 - isSpeaking:False,isGeneratorOK:True
2023-08-03 16:10:53.894 | DEBUG    | petC:speak_condition:311 - isSpeaking:False,isGeneratorOK:True
2023-08-03 16:10:54.106 | INFO     | petC:walk:268 - yellow walking
2023-08-03 16:10:54.107 | DEBUG    | petC:walk:273 - standing still,stand
2023-08-03 16:10:54.109 | DEBUG    | petC:speak_condition:311 - isSpeaking:False,isGeneratorOK:True
2023-08-03 16:10:54.309 | DEBUG    | petC:speak_condition:311 - isSpeaking:False,isGeneratorOK:True
2023-08-03 16:10:54.512 | DEBUG    | petC:speak_condition:311 - isSpeaking:False,isGeneratorOK:True
2023-08-03 16:10:54.714 | DEBUG    | petC:speak_condition:311 - isSpeaking:False,isGeneratorOK:True
2023-08-03 16:10:54.905 | DEBUG    | petC:speak_condition:311 - isSpeaking:False,isGeneratorOK:True
2023-08-03 16:10:54.906 | INFO     | petC:speak:316 - yellow speaking
2023-08-03 16:10:55.017 | INFO     | petC:speak_UI:321 - yellow speak_UI,[7;44mhello.com[0m
2023-08-03 16:10:55.019 | DEBUG    | petC:show:34 - hide:True
2023-08-03 16:10:55.109 | INFO     | petC:walk:268 - yellow walking
2023-08-03 16:10:55.110 | DEBUG    | petC:walk:273 - standing still,stand
2023-08-03 16:10:55.112 | DEBUG    | petC:speak_condition:311 - isSpeaking:False,isGeneratorOK:True
2023-08-03 16:10:55.314 | DEBUG    | petC:speak_condition:311 - isSpeaking:False,isGeneratorOK:True
2023-08-03 16:10:55.519 | DEBUG    | petC:speak_condition:311 - isSpeaking:False,isGeneratorOK:True
2023-08-03 16:10:55.722 | DEBUG    | petC:speak_condition:311 - isSpeaking:False,isGeneratorOK:True
2023-08-03 16:10:55.926 | DEBUG    | petC:speak_condition:311 - isSpeaking:False,isGeneratorOK:True
2023-08-03 16:10:56.128 | DEBUG    | petC:speak_condition:311 - isSpeaking:False,isGeneratorOK:True
2023-08-03 16:10:56.329 | DEBUG    | petC:speak_condition:311 - isSpeaking:False,isGeneratorOK:True
2023-08-03 16:10:56.535 | DEBUG    | petC:speak_condition:311 - isSpeaking:False,isGeneratorOK:True
2023-08-03 16:10:56.741 | DEBUG    | petC:speak_condition:311 - isSpeaking:False,isGeneratorOK:True
2023-08-03 16:10:56.945 | DEBUG    | petC:speak_condition:311 - isSpeaking:False,isGeneratorOK:True
2023-08-03 16:10:57.151 | INFO     | petC:walk:268 - yellow walking
2023-08-03 16:10:57.153 | DEBUG    | petC:walk:273 - standing still,stand
2023-08-03 16:10:57.154 | DEBUG    | petC:speak_condition:311 - isSpeaking:False,isGeneratorOK:True
2023-08-03 16:10:57.342 | INFO     | petC:walk:268 - yellow walking
2023-08-03 16:10:57.343 | DEBUG    | petC:walk:273 - standing still,stand
2023-08-03 16:10:57.344 | DEBUG    | petC:speak_condition:311 - isSpeaking:False,isGeneratorOK:True
2023-08-03 16:10:57.549 | DEBUG    | petC:speak_condition:311 - isSpeaking:False,isGeneratorOK:True
2023-08-03 16:10:57.551 | INFO     | petC:speak:316 - yellow speaking
2023-08-03 16:10:59.369 | INFO     | petC:speak_UI:321 - yellow speak_UI,[7;44mhello.com/news/local/2014/10/08/southwest-carols-motor-vehicles-for-wisconsin-t.html). If the report is correct, the Wisconsin Bicycle Coalition would like the Wisconsin State[0m
2023-08-03 16:10:59.371 | DEBUG    | petC:show:34 - hide:True
2023-08-03 16:10:59.374 | DEBUG    | petC:speak_condition:311 - isSpeaking:False,isGeneratorOK:True
2023-08-03 16:10:59.582 | DEBUG    | petC:speak_condition:311 - isSpeaking:False,isGeneratorOK:True
2023-08-03 16:10:59.785 | DEBUG    | petC:speak_condition:311 - isSpeaking:False,isGeneratorOK:True
2023-08-03 16:10:59.989 | INFO     | petC:walk:268 - yellow walking
2023-08-03 16:10:59.991 | DEBUG    | petC:walk:273 - standing still,stand
2023-08-03 16:10:59.992 | DEBUG    | petC:speak_condition:311 - isSpeaking:False,isGeneratorOK:True
2023-08-03 16:11:00.193 | DEBUG    | petC:speak_condition:311 - isSpeaking:False,isGeneratorOK:True
2023-08-03 16:11:00.396 | DEBUG    | petC:speak_condition:311 - isSpeaking:False,isGeneratorOK:True
2023-08-03 16:11:00.599 | DEBUG    | petC:speak_condition:311 - isSpeaking:False,isGeneratorOK:True
2023-08-03 16:11:00.600 | INFO     | petC:speak:316 - yellow speaking
2023-08-03 16:11:01.518 | INFO     | petC:speak_UI:321 - yellow speak_UI,[7;44mhello.com/article/42644589/How-to-fix-salt-fleshed-mud[0m
2023-08-03 16:11:01.520 | DEBUG    | petC:show:34 - hide:True
2023-08-03 16:11:01.610 | INFO     | petC:walk:268 - yellow walking
2023-08-03 16:11:01.612 | DEBUG    | petC:walk:273 - standing still,stand
2023-08-03 16:11:01.613 | DEBUG    | petC:speak_condition:311 - isSpeaking:False,isGeneratorOK:True
2023-08-03 16:11:01.815 | DEBUG    | petC:speak_condition:311 - isSpeaking:False,isGeneratorOK:True
2023-08-03 16:11:02.014 | INFO     | petC:walk:268 - yellow walking
2023-08-03 16:11:02.015 | DEBUG    | petC:walk:273 - standing still,stand
2023-08-03 16:11:02.016 | DEBUG    | petC:speak_condition:311 - isSpeaking:False,isGeneratorOK:True
2023-08-03 16:11:02.221 | DEBUG    | petC:speak_condition:311 - isSpeaking:False,isGeneratorOK:True
2023-08-03 16:11:02.424 | INFO     | petC:walk:268 - yellow walking
2023-08-03 16:11:02.426 | DEBUG    | petC:walk:273 - standing still,stand
2023-08-03 16:11:02.427 | DEBUG    | petC:speak_condition:311 - isSpeaking:False,isGeneratorOK:True
2023-08-03 16:11:02.628 | DEBUG    | petC:speak_condition:311 - isSpeaking:False,isGeneratorOK:True
2023-08-03 16:11:02.829 | DEBUG    | petC:speak_condition:311 - isSpeaking:False,isGeneratorOK:True
2023-08-03 16:11:02.831 | INFO     | petC:speak:316 - yellow speaking
2023-08-03 16:11:04.542 | INFO     | petC:speak_UI:321 - yellow speak_UI,[7;44mhello the person doing this is using a credit on the credit card at the same time as you said it," explained Mike Mearia, a former customer and longtime consumer advocate.

Another former customer at the store says the customers at the original[0m
2023-08-03 16:11:04.545 | DEBUG    | petC:show:34 - hide:True
2023-08-03 16:11:04.663 | DEBUG    | petC:speak_condition:311 - isSpeaking:False,isGeneratorOK:True
2023-08-03 16:11:04.862 | DEBUG    | petC:speak_condition:311 - isSpeaking:False,isGeneratorOK:True
2023-08-03 16:11:05.065 | DEBUG    | petC:speak_condition:311 - isSpeaking:False,isGeneratorOK:True
2023-08-03 16:11:05.267 | DEBUG    | petC:speak_condition:311 - isSpeaking:False,isGeneratorOK:True
2023-08-03 16:11:05.473 | DEBUG    | petC:speak_condition:311 - isSpeaking:False,isGeneratorOK:True
2023-08-03 16:11:05.675 | DEBUG    | petC:speak_condition:311 - isSpeaking:False,isGeneratorOK:True
2023-08-03 16:11:05.880 | DEBUG    | petC:speak_condition:311 - isSpeaking:False,isGeneratorOK:True
2023-08-03 16:11:05.881 | INFO     | petC:speak:316 - yellow speaking
2023-08-03 16:11:07.641 | INFO     | petC:speak_UI:321 - yellow speak_UI,[7;44mhello."

He continued: "It's just this: it can all change up and you just never know in the future. I can barely eat right now."

The father then began to walk to be on the subway, only for[0m
2023-08-03 16:11:07.644 | DEBUG    | petC:show:34 - hide:True
2023-08-03 16:11:07.711 | INFO     | petC:walk:268 - yellow walking
2023-08-03 16:11:07.713 | DEBUG    | petC:walk:273 - standing still,stand
2023-08-03 16:11:07.715 | DEBUG    | petC:speak_condition:311 - isSpeaking:False,isGeneratorOK:True
2023-08-03 16:11:07.913 | DEBUG    | petC:speak_condition:311 - isSpeaking:False,isGeneratorOK:True
2023-08-03 16:11:08.109 | DEBUG    | petC:speak_condition:311 - isSpeaking:False,isGeneratorOK:True
2023-08-03 16:11:08.315 | DEBUG    | petC:speak_condition:311 - isSpeaking:False,isGeneratorOK:True
2023-08-03 16:11:08.517 | DEBUG    | petC:speak_condition:311 - isSpeaking:False,isGeneratorOK:True
2023-08-03 16:11:08.719 | DEBUG    | petC:speak_condition:311 - isSpeaking:False,isGeneratorOK:True
2023-08-03 16:11:08.920 | DEBUG    | petC:speak_condition:311 - isSpeaking:False,isGeneratorOK:True
2023-08-03 16:11:09.123 | INFO     | petC:walk:268 - yellow walking
2023-08-03 16:11:09.125 | DEBUG    | petC:walk:273 - standing still,stand
2023-08-03 16:11:09.126 | DEBUG    | petC:speak_condition:311 - isSpeaking:False,isGeneratorOK:True
2023-08-03 16:11:09.329 | DEBUG    | petC:speak_condition:311 - isSpeaking:False,isGeneratorOK:True
2023-08-03 16:11:09.534 | DEBUG    | petC:speak_condition:311 - isSpeaking:False,isGeneratorOK:True
2023-08-03 16:11:09.736 | DEBUG    | petC:speak_condition:311 - isSpeaking:False,isGeneratorOK:True
2023-08-03 16:11:09.939 | DEBUG    | petC:speak_condition:311 - isSpeaking:False,isGeneratorOK:True
2023-08-03 16:11:10.142 | DEBUG    | petC:speak_condition:311 - isSpeaking:False,isGeneratorOK:True
2023-08-03 16:11:10.347 | DEBUG    | petC:speak_condition:311 - isSpeaking:False,isGeneratorOK:True
2023-08-03 16:11:10.553 | DEBUG    | petC:speak_condition:311 - isSpeaking:False,isGeneratorOK:True
2023-08-03 16:11:10.758 | DEBUG    | petC:speak_condition:311 - isSpeaking:False,isGeneratorOK:True
2023-08-03 16:11:10.962 | DEBUG    | petC:speak_condition:311 - isSpeaking:False,isGeneratorOK:True
2023-08-03 16:11:11.167 | DEBUG    | petC:speak_condition:311 - isSpeaking:False,isGeneratorOK:True
2023-08-03 16:11:11.369 | DEBUG    | petC:speak_condition:311 - isSpeaking:False,isGeneratorOK:True
2023-08-03 16:11:11.575 | DEBUG    | petC:speak_condition:311 - isSpeaking:False,isGeneratorOK:True
2023-08-03 16:11:11.778 | DEBUG    | petC:speak_condition:311 - isSpeaking:False,isGeneratorOK:True
2023-08-03 16:11:11.983 | DEBUG    | petC:speak_condition:311 - isSpeaking:False,isGeneratorOK:True
2023-08-03 16:11:12.188 | DEBUG    | petC:speak_condition:311 - isSpeaking:False,isGeneratorOK:True
2023-08-03 16:11:12.392 | DEBUG    | petC:speak_condition:311 - isSpeaking:False,isGeneratorOK:True
2023-08-03 16:11:12.597 | DEBUG    | petC:speak_condition:311 - isSpeaking:False,isGeneratorOK:True
2023-08-03 16:11:12.800 | DEBUG    | petC:speak_condition:311 - isSpeaking:False,isGeneratorOK:True
2023-08-03 16:11:13.005 | DEBUG    | petC:speak_condition:311 - isSpeaking:False,isGeneratorOK:True
2023-08-03 16:11:13.204 | DEBUG    | petC:speak_condition:311 - isSpeaking:False,isGeneratorOK:True
2023-08-03 16:11:13.409 | DEBUG    | petC:speak_condition:311 - isSpeaking:False,isGeneratorOK:True
2023-08-03 16:11:13.610 | DEBUG    | petC:speak_condition:311 - isSpeaking:False,isGeneratorOK:True
2023-08-03 16:11:13.814 | DEBUG    | petC:speak_condition:311 - isSpeaking:False,isGeneratorOK:True
2023-08-03 16:11:14.020 | DEBUG    | petC:speak_condition:311 - isSpeaking:False,isGeneratorOK:True
2023-08-03 16:11:14.022 | INFO     | petC:speak:316 - yellow speaking
2023-08-03 16:11:15.860 | INFO     | petC:speak_UI:321 - yellow speak_UI,[7;44mhello a_narrow (a_t, b); }

A further set of steps is necessary while iterating this function:

return (a_*x_r * x_*r) * x_*r -[0m
2023-08-03 16:11:15.863 | DEBUG    | petC:show:34 - hide:True
2023-08-03 16:11:16.057 | DEBUG    | petC:speak_condition:311 - isSpeaking:False,isGeneratorOK:True
2023-08-03 16:11:16.260 | DEBUG    | petC:speak_condition:311 - isSpeaking:False,isGeneratorOK:True
2023-08-03 16:11:16.466 | DEBUG    | petC:speak_condition:311 - isSpeaking:False,isGeneratorOK:True
2023-08-03 16:11:16.654 | DEBUG    | petC:speak_condition:311 - isSpeaking:False,isGeneratorOK:True
2023-08-03 16:11:16.860 | DEBUG    | petC:speak_condition:311 - isSpeaking:False,isGeneratorOK:True
2023-08-03 16:11:17.065 | DEBUG    | petC:speak_condition:311 - isSpeaking:False,isGeneratorOK:True
2023-08-03 16:11:17.268 | DEBUG    | petC:speak_condition:311 - isSpeaking:False,isGeneratorOK:True
2023-08-03 16:11:17.470 | DEBUG    | petC:speak_condition:311 - isSpeaking:False,isGeneratorOK:True
2023-08-03 16:11:17.676 | INFO     | petC:walk:268 - yellow walking
2023-08-03 16:11:17.678 | DEBUG    | petC:walk:273 - standing still,stand
2023-08-03 16:11:17.679 | DEBUG    | petC:speak_condition:311 - isSpeaking:False,isGeneratorOK:True
2023-08-03 16:11:17.879 | DEBUG    | petC:speak_condition:311 - isSpeaking:False,isGeneratorOK:True
2023-08-03 16:11:18.081 | DEBUG    | petC:speak_condition:311 - isSpeaking:False,isGeneratorOK:True
2023-08-03 16:11:18.285 | DEBUG    | petC:speak_condition:311 - isSpeaking:False,isGeneratorOK:True
2023-08-03 16:11:18.287 | INFO     | petC:speak:316 - yellow speaking
2023-08-03 16:11:20.146 | INFO     | petC:speak_UI:321 - yellow speak_UI,[7;44mhello (m_g_int_ptr (src_str) ); if ((m_g_int_ptr (src_magnitude__func__ (m_f_int32 *m_lateral, m_magn[0m
2023-08-03 16:11:20.148 | DEBUG    | petC:show:34 - hide:True
2023-08-03 16:11:20.324 | DEBUG    | petC:speak_condition:311 - isSpeaking:False,isGeneratorOK:True
2023-08-03 16:11:20.514 | DEBUG    | petC:speak_condition:311 - isSpeaking:False,isGeneratorOK:True
2023-08-03 16:11:20.718 | INFO     | petC:walk:268 - yellow walking
2023-08-03 16:11:20.720 | DEBUG    | petC:walk:273 - standing still,stand
2023-08-03 16:11:20.721 | DEBUG    | petC:speak_condition:311 - isSpeaking:False,isGeneratorOK:True
2023-08-03 16:11:20.921 | DEBUG    | petC:speak_condition:311 - isSpeaking:False,isGeneratorOK:True
2023-08-03 16:11:21.126 | DEBUG    | petC:speak_condition:311 - isSpeaking:False,isGeneratorOK:True
2023-08-03 16:11:21.327 | DEBUG    | petC:speak_condition:311 - isSpeaking:False,isGeneratorOK:True
2023-08-03 16:11:21.531 | DEBUG    | petC:speak_condition:311 - isSpeaking:False,isGeneratorOK:True
2023-08-03 16:11:21.733 | DEBUG    | petC:speak_condition:311 - isSpeaking:False,isGeneratorOK:True
2023-08-03 16:11:21.949 | INFO     | petC:walk:268 - yellow walking
2023-08-03 16:11:21.952 | DEBUG    | petC:walk:273 - standing still,stand
2023-08-03 16:11:21.954 | DEBUG    | petC:speak_condition:311 - isSpeaking:False,isGeneratorOK:True
2023-08-03 16:11:22.153 | DEBUG    | petC:speak_condition:311 - isSpeaking:False,isGeneratorOK:True
2023-08-03 16:11:22.356 | INFO     | petC:walk:268 - yellow walking
2023-08-03 16:11:22.358 | DEBUG    | petC:walk:273 - standing still,stand
2023-08-03 16:11:22.359 | DEBUG    | petC:speak_condition:311 - isSpeaking:False,isGeneratorOK:True
2023-08-03 16:11:22.558 | DEBUG    | petC:speak_condition:311 - isSpeaking:False,isGeneratorOK:True
2023-08-03 16:11:22.763 | DEBUG    | petC:speak_condition:311 - isSpeaking:False,isGeneratorOK:True
2023-08-03 16:11:22.765 | INFO     | petC:speak:316 - yellow speaking
2023-08-03 16:11:24.659 | INFO     | petC:speak_UI:321 - yellow speak_UI,[7;44mhello on 5/21/13 11:43:45 PM] Lachlan: Yeah [5/21/13 11:44:03 PM] Danzig: Yeah they were on a little show tonight, for how good of a time[0m
2023-08-03 16:11:24.662 | DEBUG    | petC:show:34 - hide:True
2023-08-03 16:11:24.789 | DEBUG    | petC:speak_condition:311 - isSpeaking:False,isGeneratorOK:True
2023-08-03 16:11:24.984 | DEBUG    | petC:speak_condition:311 - isSpeaking:False,isGeneratorOK:True
2023-08-03 16:11:25.188 | DEBUG    | petC:speak_condition:311 - isSpeaking:False,isGeneratorOK:True
2023-08-03 16:11:25.392 | DEBUG    | petC:speak_condition:311 - isSpeaking:False,isGeneratorOK:True
2023-08-03 16:11:25.595 | DEBUG    | petC:speak_condition:311 - isSpeaking:False,isGeneratorOK:True
2023-08-03 16:11:25.597 | INFO     | petC:speak:316 - yellow speaking
2023-08-03 16:11:27.442 | INFO     | petC:speak_UI:321 - yellow speak_UI,[7;44mhello the best place to practice, this is a great opportunity to learn and practice your craft

I'm not saying these people like you right now. You're a good student, and you're a good person. But if there's anything I[0m
2023-08-03 16:11:27.445 | DEBUG    | petC:show:34 - hide:True
2023-08-03 16:11:27.623 | DEBUG    | petC:speak_condition:311 - isSpeaking:False,isGeneratorOK:True
2023-08-03 16:11:27.827 | DEBUG    | petC:speak_condition:311 - isSpeaking:False,isGeneratorOK:True
2023-08-03 16:11:28.030 | DEBUG    | petC:speak_condition:311 - isSpeaking:False,isGeneratorOK:True
2023-08-03 16:11:28.235 | DEBUG    | petC:speak_condition:311 - isSpeaking:False,isGeneratorOK:True
2023-08-03 16:11:28.439 | INFO     | petC:walk:268 - yellow walking
2023-08-03 16:11:28.441 | DEBUG    | petC:walk:273 - standing still,stand
2023-08-03 16:11:28.442 | DEBUG    | petC:speak_condition:311 - isSpeaking:False,isGeneratorOK:True
2023-08-03 16:11:28.640 | DEBUG    | petC:speak_condition:311 - isSpeaking:False,isGeneratorOK:True
2023-08-03 16:11:28.848 | DEBUG    | petC:speak_condition:311 - isSpeaking:False,isGeneratorOK:True
2023-08-03 16:11:29.050 | DEBUG    | petC:speak_condition:311 - isSpeaking:False,isGeneratorOK:True
2023-08-03 16:11:29.253 | DEBUG    | petC:speak_condition:311 - isSpeaking:False,isGeneratorOK:True
2023-08-03 16:11:29.458 | DEBUG    | petC:speak_condition:311 - isSpeaking:False,isGeneratorOK:True
2023-08-03 16:11:29.663 | DEBUG    | petC:speak_condition:311 - isSpeaking:False,isGeneratorOK:True
2023-08-03 16:11:29.862 | DEBUG    | petC:speak_condition:311 - isSpeaking:False,isGeneratorOK:True
2023-08-03 16:11:30.074 | DEBUG    | petC:speak_condition:311 - isSpeaking:False,isGeneratorOK:True
2023-08-03 16:11:30.277 | DEBUG    | petC:speak_condition:311 - isSpeaking:False,isGeneratorOK:True
2023-08-03 16:11:30.470 | DEBUG    | petC:speak_condition:311 - isSpeaking:False,isGeneratorOK:True
2023-08-03 16:11:30.670 | DEBUG    | petC:speak_condition:311 - isSpeaking:False,isGeneratorOK:True
2023-08-03 16:11:30.875 | DEBUG    | petC:speak_condition:311 - isSpeaking:False,isGeneratorOK:True
2023-08-03 16:11:31.080 | DEBUG    | petC:speak_condition:311 - isSpeaking:False,isGeneratorOK:True
2023-08-03 16:11:31.281 | DEBUG    | petC:speak_condition:311 - isSpeaking:False,isGeneratorOK:True
2023-08-03 16:11:31.482 | DEBUG    | petC:speak_condition:311 - isSpeaking:False,isGeneratorOK:True
2023-08-03 16:11:31.687 | DEBUG    | petC:speak_condition:311 - isSpeaking:False,isGeneratorOK:True
2023-08-03 16:11:31.893 | DEBUG    | petC:speak_condition:311 - isSpeaking:False,isGeneratorOK:True
2023-08-03 16:11:32.095 | DEBUG    | petC:speak_condition:311 - isSpeaking:False,isGeneratorOK:True
2023-08-03 16:11:32.297 | DEBUG    | petC:speak_condition:311 - isSpeaking:False,isGeneratorOK:True
2023-08-03 16:11:32.502 | DEBUG    | petC:speak_condition:311 - isSpeaking:False,isGeneratorOK:True
2023-08-03 16:11:32.704 | DEBUG    | petC:speak_condition:311 - isSpeaking:False,isGeneratorOK:True
2023-08-03 16:11:32.910 | INFO     | petC:walk:268 - yellow walking
2023-08-03 16:11:32.912 | DEBUG    | petC:walk:273 - standing still,stand
2023-08-03 16:11:32.913 | DEBUG    | petC:speak_condition:311 - isSpeaking:False,isGeneratorOK:True
2023-08-03 16:11:33.112 | DEBUG    | petC:speak_condition:311 - isSpeaking:False,isGeneratorOK:True
2023-08-03 16:11:33.319 | INFO     | petC:walk:268 - yellow walking
2023-08-03 16:11:33.320 | DEBUG    | petC:walk:273 - standing still,stand
2023-08-03 16:11:33.322 | DEBUG    | petC:speak_condition:311 - isSpeaking:False,isGeneratorOK:True
2023-08-03 16:11:33.521 | DEBUG    | petC:speak_condition:311 - isSpeaking:False,isGeneratorOK:True
2023-08-03 16:11:33.723 | DEBUG    | petC:speak_condition:311 - isSpeaking:False,isGeneratorOK:True
2023-08-03 16:11:33.724 | INFO     | petC:speak:316 - yellow speaking
2023-08-03 16:11:35.479 | INFO     | petC:speak_UI:321 - yellow speak_UI,[7;44mhello: If you go to the news, there's a lot you'll notice about them. But you're getting just another chance to know the story where they fall off a cliff. So how does that end?

Kaitlin Miller:[0m
2023-08-03 16:11:35.481 | DEBUG    | petC:show:34 - hide:True
2023-08-03 16:11:35.551 | DEBUG    | petC:speak_condition:311 - isSpeaking:False,isGeneratorOK:True
2023-08-03 16:11:35.758 | DEBUG    | petC:speak_condition:311 - isSpeaking:False,isGeneratorOK:True
2023-08-03 16:11:35.962 | DEBUG    | petC:speak_condition:311 - isSpeaking:False,isGeneratorOK:True
2023-08-03 16:11:36.169 | DEBUG    | petC:speak_condition:311 - isSpeaking:False,isGeneratorOK:True
2023-08-03 16:11:36.357 | DEBUG    | petC:speak_condition:311 - isSpeaking:False,isGeneratorOK:True
2023-08-03 16:11:36.561 | DEBUG    | petC:speak_condition:311 - isSpeaking:False,isGeneratorOK:True
2023-08-03 16:11:36.765 | INFO     | petC:walk:268 - yellow walking
2023-08-03 16:11:36.768 | DEBUG    | petC:walk:273 - standing still,stand
2023-08-03 16:11:36.770 | DEBUG    | petC:speak_condition:311 - isSpeaking:False,isGeneratorOK:True
2023-08-03 16:11:36.970 | DEBUG    | petC:speak_condition:311 - isSpeaking:False,isGeneratorOK:True
2023-08-03 16:11:37.176 | DEBUG    | petC:speak_condition:311 - isSpeaking:False,isGeneratorOK:True
2023-08-03 16:11:37.377 | DEBUG    | petC:speak_condition:311 - isSpeaking:False,isGeneratorOK:True
2023-08-03 16:11:37.581 | DEBUG    | petC:speak_condition:311 - isSpeaking:False,isGeneratorOK:True
2023-08-03 16:11:37.784 | DEBUG    | petC:speak_condition:311 - isSpeaking:False,isGeneratorOK:True
2023-08-03 16:11:37.985 | DEBUG    | petC:speak_condition:311 - isSpeaking:False,isGeneratorOK:True
2023-08-03 16:11:38.188 | DEBUG    | petC:speak_condition:311 - isSpeaking:False,isGeneratorOK:True
2023-08-03 16:11:38.390 | DEBUG    | petC:speak_condition:311 - isSpeaking:False,isGeneratorOK:True
2023-08-03 16:11:38.593 | DEBUG    | petC:speak_condition:311 - isSpeaking:False,isGeneratorOK:True
2023-08-03 16:11:38.796 | DEBUG    | petC:speak_condition:311 - isSpeaking:False,isGeneratorOK:True
2023-08-03 16:11:38.998 | DEBUG    | petC:speak_condition:311 - isSpeaking:False,isGeneratorOK:True
2023-08-03 16:11:39.203 | DEBUG    | petC:speak_condition:311 - isSpeaking:False,isGeneratorOK:True
2023-08-03 16:11:39.406 | DEBUG    | petC:speak_condition:311 - isSpeaking:False,isGeneratorOK:True
2023-08-03 16:11:39.609 | DEBUG    | petC:speak_condition:311 - isSpeaking:False,isGeneratorOK:True
2023-08-03 16:11:39.814 | DEBUG    | petC:speak_condition:311 - isSpeaking:False,isGeneratorOK:True
2023-08-03 16:11:40.015 | DEBUG    | petC:speak_condition:311 - isSpeaking:False,isGeneratorOK:True
2023-08-03 16:11:40.230 | DEBUG    | petC:speak_condition:311 - isSpeaking:False,isGeneratorOK:True
2023-08-03 16:11:40.434 | DEBUG    | petC:speak_condition:311 - isSpeaking:False,isGeneratorOK:True
2023-08-03 16:11:40.629 | DEBUG    | petC:speak_condition:311 - isSpeaking:False,isGeneratorOK:True
2023-08-03 16:11:40.830 | DEBUG    | petC:speak_condition:311 - isSpeaking:False,isGeneratorOK:True
2023-08-03 16:11:41.043 | DEBUG    | petC:speak_condition:311 - isSpeaking:False,isGeneratorOK:True
2023-08-03 16:11:41.046 | INFO     | petC:speak:316 - yellow speaking
2023-08-03 16:11:42.749 | INFO     | petC:speak_UI:321 - yellow speak_UI,[7;44mhello.se]

There are over 20,000 files under the GNU General Public License.

There are three versions of the GNU General Public License (GPL):

The GPL provides that a program can be modified by the author[0m
2023-08-03 16:11:42.752 | DEBUG    | petC:show:34 - hide:True
2023-08-03 16:11:42.858 | DEBUG    | petC:speak_condition:311 - isSpeaking:False,isGeneratorOK:True
2023-08-03 16:11:43.065 | DEBUG    | petC:speak_condition:311 - isSpeaking:False,isGeneratorOK:True
2023-08-03 16:11:43.270 | DEBUG    | petC:speak_condition:311 - isSpeaking:False,isGeneratorOK:True
2023-08-03 16:11:43.480 | DEBUG    | petC:speak_condition:311 - isSpeaking:False,isGeneratorOK:True
2023-08-03 16:11:43.481 | INFO     | petC:speak:316 - yellow speaking
2023-08-03 16:11:45.212 | INFO     | petC:speak_UI:321 - yellow speak_UI,[7;44mhello: The best way to fix this is for me to create a new file for the class class, which then will need to be in the middle of what is described as the class description, so I'll have to do it using mzcat[0m
2023-08-03 16:11:45.214 | DEBUG    | petC:show:34 - hide:True
2023-08-03 16:11:45.299 | DEBUG    | petC:speak_condition:311 - isSpeaking:False,isGeneratorOK:True
2023-08-03 16:11:45.504 | DEBUG    | petC:speak_condition:311 - isSpeaking:False,isGeneratorOK:True
2023-08-03 16:11:45.707 | DEBUG    | petC:speak_condition:311 - isSpeaking:False,isGeneratorOK:True
2023-08-03 16:11:45.911 | DEBUG    | petC:speak_condition:311 - isSpeaking:False,isGeneratorOK:True
2023-08-03 16:11:46.109 | DEBUG    | petC:speak_condition:311 - isSpeaking:False,isGeneratorOK:True
2023-08-03 16:11:46.112 | INFO     | petC:speak:316 - yellow speaking
2023-08-03 16:11:47.811 | INFO     | petC:speak_UI:321 - yellow speak_UI,[7;44mhello.com/2013/09/15/virginia-pompeii-bachelor-wins-world-pompeii-bachelorette and/or-sparkly-pompeii-b[0m
2023-08-03 16:11:47.813 | DEBUG    | petC:show:34 - hide:True
2023-08-03 16:11:47.943 | DEBUG    | petC:speak_condition:311 - isSpeaking:False,isGeneratorOK:True
2023-08-03 16:11:48.151 | DEBUG    | petC:speak_condition:311 - isSpeaking:False,isGeneratorOK:True
2023-08-03 16:11:48.350 | DEBUG    | petC:speak_condition:311 - isSpeaking:False,isGeneratorOK:True
2023-08-03 16:11:48.557 | INFO     | petC:walk:268 - yellow walking
2023-08-03 16:11:48.559 | DEBUG    | petC:walk:273 - standing still,stand
2023-08-03 16:11:48.561 | DEBUG    | petC:speak_condition:311 - isSpeaking:False,isGeneratorOK:True
2023-08-03 16:11:48.761 | DEBUG    | petC:speak_condition:311 - isSpeaking:False,isGeneratorOK:True
2023-08-03 16:11:48.951 | DEBUG    | petC:speak_condition:311 - isSpeaking:False,isGeneratorOK:True
2023-08-03 16:11:49.156 | DEBUG    | petC:speak_condition:311 - isSpeaking:False,isGeneratorOK:True
2023-08-03 16:11:49.358 | INFO     | petC:walk:268 - yellow walking
2023-08-03 16:11:49.360 | DEBUG    | petC:walk:273 - standing still,stand
2023-08-03 16:11:49.362 | DEBUG    | petC:speak_condition:311 - isSpeaking:False,isGeneratorOK:True
2023-08-03 16:11:49.562 | DEBUG    | petC:speak_condition:311 - isSpeaking:False,isGeneratorOK:True
2023-08-03 16:11:49.779 | DEBUG    | petC:speak_condition:311 - isSpeaking:False,isGeneratorOK:True
2023-08-03 16:11:49.969 | DEBUG    | petC:speak_condition:311 - isSpeaking:False,isGeneratorOK:True
2023-08-03 16:11:49.971 | INFO     | petC:speak:316 - yellow speaking
2023-08-03 16:11:50.258 | INFO     | petC:speak_UI:321 - yellow speak_UI,[7;44mhello.com

(twitter)[0m
2023-08-03 16:11:50.261 | DEBUG    | petC:show:34 - hide:True
2023-08-03 16:11:50.380 | DEBUG    | petC:speak_condition:311 - isSpeaking:False,isGeneratorOK:True
2023-08-03 16:11:50.586 | DEBUG    | petC:speak_condition:311 - isSpeaking:False,isGeneratorOK:True
2023-08-03 16:11:50.779 | DEBUG    | petC:speak_condition:311 - isSpeaking:False,isGeneratorOK:True
2023-08-03 16:11:50.991 | DEBUG    | petC:speak_condition:311 - isSpeaking:False,isGeneratorOK:True
2023-08-03 16:11:51.196 | INFO     | petC:walk:268 - yellow walking
2023-08-03 16:11:51.198 | DEBUG    | petC:walk:273 - standing still,stand
2023-08-03 16:11:51.199 | DEBUG    | petC:speak_condition:311 - isSpeaking:False,isGeneratorOK:True
2023-08-03 16:11:51.400 | DEBUG    | petC:speak_condition:311 - isSpeaking:False,isGeneratorOK:True
2023-08-03 16:11:51.601 | DEBUG    | petC:speak_condition:311 - isSpeaking:False,isGeneratorOK:True
2023-08-03 16:11:51.806 | DEBUG    | petC:speak_condition:311 - isSpeaking:False,isGeneratorOK:True
2023-08-03 16:11:51.807 | INFO     | petC:speak:316 - yellow speaking
2023-08-03 16:11:53.562 | INFO     | petC:speak_UI:321 - yellow speak_UI,[7;44mhello that is exactly what I believe you're doing.


"And for example, have you also taken a look at the current political climate? I believe in equality. This isn't going to change what the country is about. We might be[0m
2023-08-03 16:11:53.564 | DEBUG    | petC:show:34 - hide:True
2023-08-03 16:11:53.625 | DEBUG    | petC:speak_condition:311 - isSpeaking:False,isGeneratorOK:True
2023-08-03 16:11:53.829 | INFO     | petC:walk:268 - yellow walking
2023-08-03 16:11:53.831 | DEBUG    | petC:walk:273 - standing still,stand
2023-08-03 16:11:53.832 | DEBUG    | petC:speak_condition:311 - isSpeaking:False,isGeneratorOK:True
2023-08-03 16:11:54.029 | INFO     | petC:walk:268 - yellow walking
2023-08-03 16:11:54.031 | DEBUG    | petC:walk:273 - standing still,stand
2023-08-03 16:11:54.032 | DEBUG    | petC:speak_condition:311 - isSpeaking:False,isGeneratorOK:True
2023-08-03 16:11:54.233 | DEBUG    | petC:speak_condition:311 - isSpeaking:False,isGeneratorOK:True
2023-08-03 16:11:54.439 | DEBUG    | petC:speak_condition:311 - isSpeaking:False,isGeneratorOK:True
2023-08-03 16:11:54.642 | DEBUG    | petC:speak_condition:311 - isSpeaking:False,isGeneratorOK:True
2023-08-03 16:11:54.846 | DEBUG    | petC:speak_condition:311 - isSpeaking:False,isGeneratorOK:True
2023-08-03 16:11:55.050 | DEBUG    | petC:speak_condition:311 - isSpeaking:False,isGeneratorOK:True
2023-08-03 16:11:55.253 | DEBUG    | petC:speak_condition:311 - isSpeaking:False,isGeneratorOK:True
2023-08-03 16:11:55.455 | DEBUG    | petC:speak_condition:311 - isSpeaking:False,isGeneratorOK:True
2023-08-03 16:11:55.656 | DEBUG    | petC:speak_condition:311 - isSpeaking:False,isGeneratorOK:True
2023-08-03 16:11:55.858 | DEBUG    | petC:speak_condition:311 - isSpeaking:False,isGeneratorOK:True
2023-08-03 16:11:56.061 | DEBUG    | petC:speak_condition:311 - isSpeaking:False,isGeneratorOK:True
2023-08-03 16:11:56.062 | INFO     | petC:speak:316 - yellow speaking
2023-08-03 16:11:57.763 | INFO     | petC:speak_UI:321 - yellow speak_UI,[7;44mhello was also in an SUV when the incident occurred, the police spokesman told ABC News.

Police were called to Boca Raton at around 9:40 p.m. for a report of a car accident involving two teenagers, police said[0m
2023-08-03 16:11:57.766 | DEBUG    | petC:show:34 - hide:True
2023-08-03 16:11:57.889 | DEBUG    | petC:speak_condition:311 - isSpeaking:False,isGeneratorOK:True
2023-08-03 16:11:57.890 | INFO     | petC:speak:316 - yellow speaking
2023-08-03 16:11:59.618 | INFO     | petC:speak_UI:321 - yellow speak_UI,[7;44mhello A. A.

S.A.

Ivan DeMaio

Richard A.

Vladimir

Karen

Richard E.

Clay

Peter G.

Michael D[0m
2023-08-03 16:11:59.621 | DEBUG    | petC:show:34 - hide:True
2023-08-03 16:11:59.731 | DEBUG    | petC:speak_condition:311 - isSpeaking:False,isGeneratorOK:True
2023-08-03 16:11:59.920 | DEBUG    | petC:speak_condition:311 - isSpeaking:False,isGeneratorOK:True
2023-08-03 16:11:59.922 | INFO     | petC:speak:316 - yellow speaking
2023-08-03 16:12:01.617 | INFO     | petC:speak_UI:321 - yellow speak_UI,[7;44mhello-martinsville-pets." The new site is planned for about four blocks from the Animal Feedings Center, and is owned by Scott P. Stover of the Humane Society of the United Kingdom. Stover was also the owner of[0m
2023-08-03 16:12:01.619 | DEBUG    | petC:show:34 - hide:True
2023-08-03 16:12:01.757 | DEBUG    | petC:speak_condition:311 - isSpeaking:False,isGeneratorOK:True
2023-08-03 16:12:01.963 | DEBUG    | petC:speak_condition:311 - isSpeaking:False,isGeneratorOK:True
2023-08-03 16:12:01.965 | INFO     | petC:speak:316 - yellow speaking
2023-08-03 16:12:03.861 | INFO     | petC:speak_UI:321 - yellow speak_UI,[7;44mhello (9:19 PM): So you guys have done a really pretty good job from the end of 2015, I wonder where we are now in relation to the future of the site?

JULIA GARDNER: Well, first[0m
2023-08-03 16:12:03.863 | DEBUG    | petC:show:34 - hide:True
2023-08-03 16:12:03.995 | DEBUG    | petC:speak_condition:311 - isSpeaking:False,isGeneratorOK:True
2023-08-03 16:12:04.187 | DEBUG    | petC:speak_condition:311 - isSpeaking:False,isGeneratorOK:True
2023-08-03 16:12:04.392 | INFO     | petC:walk:268 - yellow walking
2023-08-03 16:12:04.393 | DEBUG    | petC:walk:273 - standing still,stand
2023-08-03 16:12:04.395 | DEBUG    | petC:speak_condition:311 - isSpeaking:False,isGeneratorOK:True
2023-08-03 16:12:04.596 | DEBUG    | petC:speak_condition:311 - isSpeaking:False,isGeneratorOK:True
2023-08-03 16:12:04.802 | DEBUG    | petC:speak_condition:311 - isSpeaking:False,isGeneratorOK:True
2023-08-03 16:12:05.004 | DEBUG    | petC:speak_condition:311 - isSpeaking:False,isGeneratorOK:True
2023-08-03 16:12:05.204 | DEBUG    | petC:speak_condition:311 - isSpeaking:False,isGeneratorOK:True
2023-08-03 16:12:05.406 | DEBUG    | petC:speak_condition:311 - isSpeaking:False,isGeneratorOK:True
2023-08-03 16:12:05.613 | DEBUG    | petC:speak_condition:311 - isSpeaking:False,isGeneratorOK:True
2023-08-03 16:12:05.814 | DEBUG    | petC:speak_condition:311 - isSpeaking:False,isGeneratorOK:True
2023-08-03 16:12:06.016 | DEBUG    | petC:speak_condition:311 - isSpeaking:False,isGeneratorOK:True
2023-08-03 16:12:06.221 | DEBUG    | petC:speak_condition:311 - isSpeaking:False,isGeneratorOK:True
2023-08-03 16:12:06.423 | DEBUG    | petC:speak_condition:311 - isSpeaking:False,isGeneratorOK:True
2023-08-03 16:12:06.627 | DEBUG    | petC:speak_condition:311 - isSpeaking:False,isGeneratorOK:True
2023-08-03 16:12:06.831 | DEBUG    | petC:speak_condition:311 - isSpeaking:False,isGeneratorOK:True
2023-08-03 16:12:07.030 | DEBUG    | petC:speak_condition:311 - isSpeaking:False,isGeneratorOK:True
2023-08-03 16:12:07.032 | INFO     | petC:speak:316 - yellow speaking
2023-08-03 16:12:07.146 | INFO     | petC:speak_UI:321 - yellow speak_UI,[7;44mhello.com[0m
2023-08-03 16:12:07.148 | DEBUG    | petC:show:34 - hide:True
2023-08-03 16:12:07.242 | DEBUG    | petC:speak_condition:311 - isSpeaking:False,isGeneratorOK:True
2023-08-03 16:12:07.451 | DEBUG    | petC:speak_condition:311 - isSpeaking:False,isGeneratorOK:True
2023-08-03 16:12:07.639 | DEBUG    | petC:speak_condition:311 - isSpeaking:False,isGeneratorOK:True
2023-08-03 16:12:07.642 | INFO     | petC:speak:316 - yellow speaking
2023-08-03 16:12:09.462 | INFO     | petC:speak_UI:321 - yellow speak_UI,[7;44mhello, Illinois, U.S., in June 2014.

He was born in South Elkhart, Texas, but his mother moved from her home in Houston, Texas.

A father who often speaks Korean, Keilan is[0m
2023-08-03 16:12:09.465 | DEBUG    | petC:show:34 - hide:True
2023-08-03 16:12:09.468 | DEBUG    | petC:speak_condition:311 - isSpeaking:False,isGeneratorOK:True
2023-08-03 16:12:09.674 | DEBUG    | petC:speak_condition:311 - isSpeaking:False,isGeneratorOK:True
2023-08-03 16:12:09.877 | DEBUG    | petC:speak_condition:311 - isSpeaking:False,isGeneratorOK:True
2023-08-03 16:12:10.079 | DEBUG    | petC:speak_condition:311 - isSpeaking:False,isGeneratorOK:True
2023-08-03 16:12:10.282 | DEBUG    | petC:speak_condition:311 - isSpeaking:False,isGeneratorOK:True
2023-08-03 16:12:10.285 | INFO     | petC:speak:316 - yellow speaking
2023-08-03 16:12:12.029 | INFO     | petC:speak_UI:321 - yellow speak_UI,[7;44mhello the fact he couldn't finish this first pass while it was getting very, very close. Just couldn't take anything away from that performance." (Nascha)

José Mourinho also said that he had a player who was "[0m
2023-08-03 16:12:12.031 | DEBUG    | petC:show:34 - hide:True
2023-08-03 16:12:12.120 | DEBUG    | petC:speak_condition:311 - isSpeaking:False,isGeneratorOK:True
2023-08-03 16:12:12.311 | DEBUG    | petC:speak_condition:311 - isSpeaking:False,isGeneratorOK:True
2023-08-03 16:12:12.527 | DEBUG    | petC:speak_condition:311 - isSpeaking:False,isGeneratorOK:True
2023-08-03 16:12:12.727 | DEBUG    | petC:speak_condition:311 - isSpeaking:False,isGeneratorOK:True
2023-08-03 16:12:12.930 | INFO     | petC:walk:268 - yellow walking
2023-08-03 16:12:12.932 | DEBUG    | petC:walk:273 - standing still,stand
2023-08-03 16:12:12.933 | DEBUG    | petC:speak_condition:311 - isSpeaking:False,isGeneratorOK:True
2023-08-03 16:12:13.123 | DEBUG    | petC:speak_condition:311 - isSpeaking:False,isGeneratorOK:True
2023-08-03 16:12:13.327 | DEBUG    | petC:speak_condition:311 - isSpeaking:False,isGeneratorOK:True
2023-08-03 16:12:13.532 | DEBUG    | petC:speak_condition:311 - isSpeaking:False,isGeneratorOK:True
2023-08-03 16:12:13.734 | DEBUG    | petC:speak_condition:311 - isSpeaking:False,isGeneratorOK:True
2023-08-03 16:12:13.939 | DEBUG    | petC:speak_condition:311 - isSpeaking:False,isGeneratorOK:True
2023-08-03 16:12:14.141 | INFO     | petC:walk:268 - yellow walking
2023-08-03 16:12:14.143 | DEBUG    | petC:walk:273 - standing still,stand
2023-08-03 16:12:14.145 | DEBUG    | petC:speak_condition:311 - isSpeaking:False,isGeneratorOK:True
2023-08-03 16:12:14.343 | DEBUG    | petC:speak_condition:311 - isSpeaking:False,isGeneratorOK:True
2023-08-03 16:12:14.546 | DEBUG    | petC:speak_condition:311 - isSpeaking:False,isGeneratorOK:True
2023-08-03 16:12:14.750 | DEBUG    | petC:speak_condition:311 - isSpeaking:False,isGeneratorOK:True
2023-08-03 16:12:14.961 | DEBUG    | petC:speak_condition:311 - isSpeaking:False,isGeneratorOK:True
2023-08-03 16:12:15.165 | DEBUG    | petC:speak_condition:311 - isSpeaking:False,isGeneratorOK:True
2023-08-03 16:12:15.368 | DEBUG    | petC:speak_condition:311 - isSpeaking:False,isGeneratorOK:True
2023-08-03 16:12:15.369 | INFO     | petC:speak:316 - yellow speaking
2023-08-03 16:12:16.373 | INFO     | petC:speak_UI:321 - yellow speak_UI,[7;44mhello.com/images/lucida

Here's how to create them from source:

Download image for example below:[0m
2023-08-03 16:12:16.375 | DEBUG    | petC:show:34 - hide:True
2023-08-03 16:12:16.577 | DEBUG    | petC:speak_condition:311 - isSpeaking:False,isGeneratorOK:True
2023-08-03 16:12:16.579 | INFO     | petC:speak:316 - yellow speaking
2023-08-03 16:12:18.355 | INFO     | petC:speak_UI:321 - yellow speak_UI,[7;44mhello, "The police are investigating a reported violent crime in front of the YU Stadium home tonight."

According for the story, officers were called to the home for complaints about a possible fight at around 3 p.m. Monday; after[0m
2023-08-03 16:12:18.360 | DEBUG    | petC:show:34 - hide:True
2023-08-03 16:12:18.411 | DEBUG    | petC:speak_condition:311 - isSpeaking:False,isGeneratorOK:True
2023-08-03 16:12:18.617 | DEBUG    | petC:speak_condition:311 - isSpeaking:False,isGeneratorOK:True
2023-08-03 16:12:18.619 | INFO     | petC:speak:316 - yellow speaking
2023-08-03 16:12:20.407 | INFO     | petC:speak_UI:321 - yellow speak_UI,[7;44mhello, PA)

Some of his previous stops include in Brooklyn, New York City; Cincinnati, Ohio; and Cleveland, Ohio.

It's been a whirlwind tour for Jodie Sweet, who previously worked at the Cleveland Cavaliers and[0m
2023-08-03 16:12:20.410 | DEBUG    | petC:show:34 - hide:True
2023-08-03 16:12:20.446 | DEBUG    | petC:speak_condition:311 - isSpeaking:False,isGeneratorOK:True
2023-08-03 16:12:20.654 | DEBUG    | petC:speak_condition:311 - isSpeaking:False,isGeneratorOK:True
2023-08-03 16:12:20.862 | DEBUG    | petC:speak_condition:311 - isSpeaking:False,isGeneratorOK:True
2023-08-03 16:12:21.061 | DEBUG    | petC:speak_condition:311 - isSpeaking:False,isGeneratorOK:True
2023-08-03 16:12:21.264 | DEBUG    | petC:speak_condition:311 - isSpeaking:False,isGeneratorOK:True
2023-08-03 16:12:21.467 | DEBUG    | petC:speak_condition:311 - isSpeaking:False,isGeneratorOK:True
2023-08-03 16:12:21.671 | DEBUG    | petC:speak_condition:311 - isSpeaking:False,isGeneratorOK:True
2023-08-03 16:12:21.878 | INFO     | petC:walk:268 - yellow walking
2023-08-03 16:12:21.879 | DEBUG    | petC:walk:273 - standing still,stand
2023-08-03 16:12:21.880 | DEBUG    | petC:speak_condition:311 - isSpeaking:False,isGeneratorOK:True
2023-08-03 16:12:21.881 | INFO     | petC:speak:316 - yellow speaking
2023-08-03 16:12:23.675 | INFO     | petC:speak_UI:321 - yellow speak_UI,[7;44mhello, MN, USA [07:48:29.867] [Info] Root: Scanning for asset sources in directory 'C:\Program Files (x86)\Steam\steamapps\workshop\content\211820\767[0m
2023-08-03 16:12:23.678 | DEBUG    | petC:show:34 - hide:True
