2023-08-08 17:08:12.589 | INFO     | __main__:__init__:124 - all init start
2023-08-08 17:08:12.806 | INFO     | petC:setMouseEvent:191 - setMouseEvent running--- slime
2023-08-08 17:08:12.810 | INFO     | petC:setMouseEvent:196 - 

2023-08-08 17:08:12.816 | INFO     | petC:initAI:445 - slime initAI running
2023-08-08 17:08:12.819 | INFO     | AI:__init__:57 - slime's AI init
2023-08-08 17:08:12.821 | INFO     | AI:__init__:58 - infos:
2023-08-08 17:08:12.824 | INFO     | AI:__init__:59 -     -id: slime_AI
2023-08-08 17:08:12.860 | INFO     | petC:hide:199 - slime hide
2023-08-08 17:08:12.877 | INFO     | petC:setMouseEvent:191 - setMouseEvent running--- red
2023-08-08 17:08:12.880 | INFO     | petC:setMouseEvent:196 - 

2023-08-08 17:08:12.883 | INFO     | petC:initAI:445 - red initAI running
2023-08-08 17:08:12.885 | INFO     | AI:__init__:57 - red's AI init
2023-08-08 17:08:12.888 | INFO     | AI:__init__:58 - infos:
2023-08-08 17:08:12.894 | INFO     | AI:__init__:59 -     -id: red_AI
2023-08-08 17:08:12.899 | INFO     | petC:hide:199 - red hide
2023-08-08 17:08:12.919 | INFO     | petC:setMouseEvent:191 - setMouseEvent running--- orange
2023-08-08 17:08:12.922 | INFO     | petC:setMouseEvent:196 - 

2023-08-08 17:08:12.929 | INFO     | petC:initAI:445 - orange initAI running
2023-08-08 17:08:12.932 | INFO     | AI:__init__:57 - orange's AI init
2023-08-08 17:08:12.935 | INFO     | AI:__init__:58 - infos:
2023-08-08 17:08:12.938 | INFO     | AI:__init__:59 -     -id: orange_AI
2023-08-08 17:08:12.946 | INFO     | petC:hide:199 - orange hide
2023-08-08 17:08:12.967 | INFO     | petC:setMouseEvent:191 - setMouseEvent running--- yellow
2023-08-08 17:08:12.972 | INFO     | petC:setMouseEvent:196 - 

2023-08-08 17:08:12.978 | INFO     | petC:initAI:445 - yellow initAI running
2023-08-08 17:08:12.981 | INFO     | AI:__init__:57 - yellow's AI init
2023-08-08 17:08:12.984 | INFO     | AI:__init__:58 - infos:
2023-08-08 17:08:12.990 | INFO     | AI:__init__:59 -     -id: yellow_AI
2023-08-08 17:08:12.995 | INFO     | petC:hide:199 - yellow hide
2023-08-08 17:08:13.012 | INFO     | petC:setMouseEvent:191 - setMouseEvent running--- green
2023-08-08 17:08:13.016 | INFO     | petC:setMouseEvent:196 - 

2023-08-08 17:08:13.020 | INFO     | petC:initAI:445 - green initAI running
2023-08-08 17:08:13.023 | INFO     | AI:__init__:57 - green's AI init
2023-08-08 17:08:13.027 | INFO     | AI:__init__:58 - infos:
2023-08-08 17:08:13.030 | INFO     | AI:__init__:59 -     -id: green_AI
2023-08-08 17:08:13.037 | INFO     | petC:hide:199 - green hide
2023-08-08 17:08:13.054 | INFO     | petC:setMouseEvent:191 - setMouseEvent running--- blue
2023-08-08 17:08:13.058 | INFO     | petC:setMouseEvent:196 - 

2023-08-08 17:08:13.062 | INFO     | petC:initAI:445 - blue initAI running
2023-08-08 17:08:13.066 | INFO     | AI:__init__:57 - blue's AI init
2023-08-08 17:08:13.069 | INFO     | AI:__init__:58 - infos:
2023-08-08 17:08:13.072 | INFO     | AI:__init__:59 -     -id: blue_AI
2023-08-08 17:08:13.077 | INFO     | petC:hide:199 - blue hide
2023-08-08 17:08:13.101 | INFO     | petC:setMouseEvent:191 - setMouseEvent running--- purple
2023-08-08 17:08:13.105 | INFO     | petC:setMouseEvent:196 - 

2023-08-08 17:08:13.109 | INFO     | petC:initAI:445 - purple initAI running
2023-08-08 17:08:13.113 | INFO     | AI:__init__:57 - purple's AI init
2023-08-08 17:08:13.116 | INFO     | AI:__init__:58 - infos:
2023-08-08 17:08:13.118 | INFO     | AI:__init__:59 -     -id: purple_AI
2023-08-08 17:08:13.122 | INFO     | petC:hide:199 - purple hide
2023-08-08 17:08:13.130 | INFO     | __main__:initCtrlWindow:158 - init CtrlWindow
2023-08-08 17:08:14.090 | INFO     | ctrlWindow:__init__:21 - <__main__.Main object at 0x00000250E955E830>
2023-08-08 17:08:14.094 | INFO     | ctrlWindow:initEvents:31 - init Events
2023-08-08 17:08:14.099 | INFO     | __main__:initSysMenu:172 - initSysMenu
2023-08-08 17:08:18.533 | INFO     | petC:show:205 - green show
2023-08-08 17:08:28.213 | DEBUG    | petC:getLogic:316 - standing still,stand
2023-08-08 17:08:30.590 | WARNING  | petC:inRect:294 - in rect
2023-08-08 17:08:35.481 | WARNING  | petC:getLogic:320 - return logic
2023-08-08 17:08:38.000 | WARNING  | AI:init:17 - generator [96minited[0m~~~~~~~~~~~~~~~~~~~~~
2023-08-08 17:08:51.247 | WARNING  | signalBin:__init__:42 - create Logic 31245315
2023-08-08 17:09:44.834 | WARNING  | signalBin:__init__:42 - create Logic 0
2023-08-08 17:09:54.360 | WARNING  | signalBin:__init__:42 - create Logic 0
