2023-08-11 17:59:23.896 | INFO     | __main__:__init__:122 - all init start
2023-08-11 17:59:24.028 | INFO     | petC:setMouseEvent:224 - setMouseEvent running--- slime
2023-08-11 17:59:24.029 | INFO     | petC:setMouseEvent:229 - 

2023-08-11 17:59:24.030 | INFO     | petC:initAI:428 - slime initAI running
2023-08-11 17:59:24.051 | INFO     | petC:hide:232 - slime hide
2023-08-11 17:59:24.062 | INFO     | petC:setMouseEvent:224 - setMouseEvent running--- red
2023-08-11 17:59:24.063 | INFO     | petC:setMouseEvent:229 - 

2023-08-11 17:59:24.063 | INFO     | petC:initAI:428 - red initAI running
2023-08-11 17:59:24.065 | INFO     | petC:hide:232 - red hide
2023-08-11 17:59:24.074 | INFO     | petC:setMouseEvent:224 - setMouseEvent running--- orange
2023-08-11 17:59:24.075 | INFO     | petC:setMouseEvent:229 - 

2023-08-11 17:59:24.076 | INFO     | petC:initAI:428 - orange initAI running
2023-08-11 17:59:24.078 | INFO     | petC:hide:232 - orange hide
2023-08-11 17:59:24.087 | INFO     | petC:setMouseEvent:224 - setMouseEvent running--- yellow
2023-08-11 17:59:24.088 | INFO     | petC:setMouseEvent:229 - 

2023-08-11 17:59:24.089 | INFO     | petC:initAI:428 - yellow initAI running
2023-08-11 17:59:24.091 | INFO     | petC:hide:232 - yellow hide
2023-08-11 17:59:24.102 | INFO     | petC:setMouseEvent:224 - setMouseEvent running--- green
2023-08-11 17:59:24.102 | INFO     | petC:setMouseEvent:229 - 

2023-08-11 17:59:24.103 | INFO     | petC:initAI:428 - green initAI running
2023-08-11 17:59:24.105 | INFO     | petC:hide:232 - green hide
2023-08-11 17:59:24.117 | INFO     | petC:setMouseEvent:224 - setMouseEvent running--- blue
2023-08-11 17:59:24.118 | INFO     | petC:setMouseEvent:229 - 

2023-08-11 17:59:24.119 | INFO     | petC:initAI:428 - blue initAI running
2023-08-11 17:59:24.121 | INFO     | petC:hide:232 - blue hide
2023-08-11 17:59:24.140 | INFO     | petC:setMouseEvent:224 - setMouseEvent running--- purple
2023-08-11 17:59:24.141 | INFO     | petC:setMouseEvent:229 - 

2023-08-11 17:59:24.141 | INFO     | petC:initAI:428 - purple initAI running
2023-08-11 17:59:24.143 | INFO     | petC:hide:232 - purple hide
2023-08-11 17:59:24.146 | INFO     | __main__:initCtrlWindow:182 - init CtrlWindow
2023-08-11 17:59:24.756 | INFO     | ctrlWindow:__init__:21 - <__main__.Main object at 0x00000239D1E6B760>
2023-08-11 17:59:24.757 | INFO     | ctrlWindow:initEvents:31 - init Events
2023-08-11 17:59:31.499 | DEBUG    | petC:getLogic:344 - standing still,stand
2023-08-11 17:59:31.893 | WARNING  | petC:inRect:327 - in rect
2023-08-11 17:59:35.576 | INFO     | __main__:initSysMenu:196 - initSysMenu
