2023-08-09 15:18:08.774 | INFO     | __main__:__init__:137 - all init start
2023-08-09 15:18:08.800 | INFO     | __main__:initTimerThread:168 - timer started
2023-08-09 15:18:09.006 | INFO     | petC:setMouseEvent:191 - setMouseEvent running--- slime
2023-08-09 15:18:09.009 | INFO     | petC:setMouseEvent:196 - 

2023-08-09 15:18:09.013 | INFO     | petC:initAI:448 - slime initAI running
2023-08-09 15:18:09.016 | INFO     | AI:__init__:57 - slime's AI init
2023-08-09 15:18:09.018 | INFO     | AI:__init__:58 - infos:
2023-08-09 15:18:09.022 | INFO     | AI:__init__:59 -     -id: slime_AI
2023-08-09 15:18:09.052 | INFO     | petC:hide:199 - slime hide
2023-08-09 15:18:09.071 | INFO     | petC:setMouseEvent:191 - setMouseEvent running--- red
2023-08-09 15:18:09.075 | INFO     | petC:setMouseEvent:196 - 

2023-08-09 15:18:09.079 | INFO     | petC:initAI:448 - red initAI running
2023-08-09 15:18:09.082 | INFO     | AI:__init__:57 - red's AI init
2023-08-09 15:18:09.084 | INFO     | AI:__init__:58 - infos:
2023-08-09 15:18:09.088 | INFO     | AI:__init__:59 -     -id: red_AI
2023-08-09 15:18:09.092 | INFO     | petC:hide:199 - red hide
2023-08-09 15:18:09.111 | INFO     | petC:setMouseEvent:191 - setMouseEvent running--- orange
2023-08-09 15:18:09.114 | INFO     | petC:setMouseEvent:196 - 

2023-08-09 15:18:09.117 | INFO     | petC:initAI:448 - orange initAI running
2023-08-09 15:18:09.120 | INFO     | AI:__init__:57 - orange's AI init
2023-08-09 15:18:09.124 | INFO     | AI:__init__:58 - infos:
2023-08-09 15:18:09.127 | INFO     | AI:__init__:59 -     -id: orange_AI
2023-08-09 15:18:09.132 | INFO     | petC:hide:199 - orange hide
2023-08-09 15:18:09.153 | INFO     | petC:setMouseEvent:191 - setMouseEvent running--- yellow
2023-08-09 15:18:09.158 | INFO     | petC:setMouseEvent:196 - 

2023-08-09 15:18:09.162 | INFO     | petC:initAI:448 - yellow initAI running
2023-08-09 15:18:09.165 | INFO     | AI:__init__:57 - yellow's AI init
2023-08-09 15:18:09.168 | INFO     | AI:__init__:58 - infos:
2023-08-09 15:18:09.174 | INFO     | AI:__init__:59 -     -id: yellow_AI
2023-08-09 15:18:09.178 | INFO     | petC:hide:199 - yellow hide
2023-08-09 15:18:09.197 | INFO     | petC:setMouseEvent:191 - setMouseEvent running--- green
2023-08-09 15:18:09.201 | INFO     | petC:setMouseEvent:196 - 

2023-08-09 15:18:09.205 | INFO     | petC:initAI:448 - green initAI running
2023-08-09 15:18:09.208 | INFO     | AI:__init__:57 - green's AI init
2023-08-09 15:18:09.211 | INFO     | AI:__init__:58 - infos:
2023-08-09 15:18:09.214 | INFO     | AI:__init__:59 -     -id: green_AI
2023-08-09 15:18:09.219 | INFO     | petC:hide:199 - green hide
2023-08-09 15:18:09.237 | INFO     | petC:setMouseEvent:191 - setMouseEvent running--- blue
2023-08-09 15:18:09.240 | INFO     | petC:setMouseEvent:196 - 

2023-08-09 15:18:09.244 | INFO     | petC:initAI:448 - blue initAI running
2023-08-09 15:18:09.248 | INFO     | AI:__init__:57 - blue's AI init
2023-08-09 15:18:09.251 | INFO     | AI:__init__:58 - infos:
2023-08-09 15:18:09.253 | INFO     | AI:__init__:59 -     -id: blue_AI
2023-08-09 15:18:09.258 | INFO     | petC:hide:199 - blue hide
2023-08-09 15:18:09.282 | INFO     | petC:setMouseEvent:191 - setMouseEvent running--- purple
2023-08-09 15:18:09.286 | INFO     | petC:setMouseEvent:196 - 

2023-08-09 15:18:09.290 | INFO     | petC:initAI:448 - purple initAI running
2023-08-09 15:18:09.292 | INFO     | AI:__init__:57 - purple's AI init
2023-08-09 15:18:09.296 | INFO     | AI:__init__:58 - infos:
2023-08-09 15:18:09.301 | INFO     | AI:__init__:59 -     -id: purple_AI
2023-08-09 15:18:09.306 | INFO     | petC:hide:199 - purple hide
2023-08-09 15:18:09.312 | INFO     | __main__:initMoveThread:161 - Move started
2023-08-09 15:18:09.313 | INFO     | __main__:run:115 - move thread start
2023-08-09 15:18:09.319 | INFO     | __main__:initGenerator:155 - NLP started
2023-08-09 15:18:09.322 | DEBUG    | __main__:run:127 - move thread running
2023-08-09 15:18:09.325 | INFO     | __main__:initCtrlWindow:174 - init CtrlWindow
2023-08-09 15:18:10.309 | INFO     | ctrlWindow:__init__:21 - <__main__.Main object at 0x0000013C487AAA70>
2023-08-09 15:18:10.322 | INFO     | ctrlWindow:initEvents:31 - init Events
2023-08-09 15:18:10.338 | INFO     | __main__:initSysMenu:188 - initSysMenu
2023-08-09 15:18:14.058 | WARNING  | AI:init:17 - generator [96minited[0m~~~~~~~~~~~~~~~~~~~~~
