2023-08-09 15:08:54.659 | INFO     | __main__:__init__:136 - all init start
2023-08-09 15:08:54.674 | INFO     | __main__:initTimerThread:167 - timer started
2023-08-09 15:08:54.788 | INFO     | petC:setMouseEvent:191 - setMouseEvent running--- slime
2023-08-09 15:08:54.790 | INFO     | petC:setMouseEvent:196 - 

2023-08-09 15:08:54.791 | INFO     | petC:initAI:448 - slime initAI running
2023-08-09 15:08:54.792 | INFO     | AI:__init__:57 - slime's AI init
2023-08-09 15:08:54.793 | INFO     | AI:__init__:58 - infos:
2023-08-09 15:08:54.794 | INFO     | AI:__init__:59 -     -id: slime_AI
2023-08-09 15:08:54.809 | INFO     | petC:hide:199 - slime hide
2023-08-09 15:08:54.821 | INFO     | petC:setMouseEvent:191 - setMouseEvent running--- red
2023-08-09 15:08:54.822 | INFO     | petC:setMouseEvent:196 - 

2023-08-09 15:08:54.823 | INFO     | petC:initAI:448 - red initAI running
2023-08-09 15:08:54.824 | INFO     | AI:__init__:57 - red's AI init
2023-08-09 15:08:54.826 | INFO     | AI:__init__:58 - infos:
2023-08-09 15:08:54.827 | INFO     | AI:__init__:59 -     -id: red_AI
2023-08-09 15:08:54.829 | INFO     | petC:hide:199 - red hide
2023-08-09 15:08:54.840 | INFO     | petC:setMouseEvent:191 - setMouseEvent running--- orange
2023-08-09 15:08:54.842 | INFO     | petC:setMouseEvent:196 - 

2023-08-09 15:08:54.843 | INFO     | petC:initAI:448 - orange initAI running
2023-08-09 15:08:54.845 | INFO     | AI:__init__:57 - orange's AI init
2023-08-09 15:08:54.846 | INFO     | AI:__init__:58 - infos:
2023-08-09 15:08:54.847 | INFO     | AI:__init__:59 -     -id: orange_AI
2023-08-09 15:08:54.850 | INFO     | petC:hide:199 - orange hide
2023-08-09 15:08:54.860 | INFO     | petC:setMouseEvent:191 - setMouseEvent running--- yellow
2023-08-09 15:08:54.861 | INFO     | petC:setMouseEvent:196 - 

2023-08-09 15:08:54.863 | INFO     | petC:initAI:448 - yellow initAI running
2023-08-09 15:08:54.865 | INFO     | AI:__init__:57 - yellow's AI init
2023-08-09 15:08:54.866 | INFO     | AI:__init__:58 - infos:
2023-08-09 15:08:54.868 | INFO     | AI:__init__:59 -     -id: yellow_AI
2023-08-09 15:08:54.870 | INFO     | petC:hide:199 - yellow hide
2023-08-09 15:08:54.884 | INFO     | petC:setMouseEvent:191 - setMouseEvent running--- green
2023-08-09 15:08:54.886 | INFO     | petC:setMouseEvent:196 - 

2023-08-09 15:08:54.888 | INFO     | petC:initAI:448 - green initAI running
2023-08-09 15:08:54.889 | INFO     | AI:__init__:57 - green's AI init
2023-08-09 15:08:54.891 | INFO     | AI:__init__:58 - infos:
2023-08-09 15:08:54.892 | INFO     | AI:__init__:59 -     -id: green_AI
2023-08-09 15:08:54.895 | INFO     | petC:hide:199 - green hide
2023-08-09 15:08:54.908 | INFO     | petC:setMouseEvent:191 - setMouseEvent running--- blue
2023-08-09 15:08:54.910 | INFO     | petC:setMouseEvent:196 - 

2023-08-09 15:08:54.913 | INFO     | petC:initAI:448 - blue initAI running
2023-08-09 15:08:54.915 | INFO     | AI:__init__:57 - blue's AI init
2023-08-09 15:08:54.916 | INFO     | AI:__init__:58 - infos:
2023-08-09 15:08:54.917 | INFO     | AI:__init__:59 -     -id: blue_AI
2023-08-09 15:08:54.920 | INFO     | petC:hide:199 - blue hide
2023-08-09 15:08:54.931 | INFO     | petC:setMouseEvent:191 - setMouseEvent running--- purple
2023-08-09 15:08:54.933 | INFO     | petC:setMouseEvent:196 - 

2023-08-09 15:08:54.935 | INFO     | petC:initAI:448 - purple initAI running
2023-08-09 15:08:54.936 | INFO     | AI:__init__:57 - purple's AI init
2023-08-09 15:08:54.937 | INFO     | AI:__init__:58 - infos:
2023-08-09 15:08:54.939 | INFO     | AI:__init__:59 -     -id: purple_AI
2023-08-09 15:08:54.941 | INFO     | petC:hide:199 - purple hide
2023-08-09 15:08:54.946 | INFO     | __main__:initMoveThread:160 - Move started
2023-08-09 15:08:54.948 | INFO     | __main__:initGenerator:154 - NLP started
2023-08-09 15:08:54.952 | INFO     | __main__:initCtrlWindow:173 - init CtrlWindow
2023-08-09 15:08:55.520 | INFO     | ctrlWindow:__init__:21 - <__main__.Main object at 0x000001A2CF6F95A0>
2023-08-09 15:08:55.523 | INFO     | ctrlWindow:initEvents:31 - init Events
2023-08-09 15:08:55.525 | INFO     | __main__:initSysMenu:187 - initSysMenu
2023-08-09 15:08:57.567 | INFO     | petC:show:205 - green show
2023-08-09 15:08:58.342 | INFO     | petC:speak:437 - green speaking,text:{'text': ''}
2023-08-09 15:08:58.343 | WARNING  | AI:init:17 - generator [96minited[0m~~~~~~~~~~~~~~~~~~~~~
