2023-08-03 16:26:23.751 | INFO     | __main__:__init__:26 - all init start
2023-08-03 16:26:23.876 | INFO     | petC:setMouseEvent:161 - setMouseEvent running--- slime
2023-08-03 16:26:23.876 | INFO     | petC:setMouseEvent:166 - 

2023-08-03 16:26:23.879 | INFO     | petC:initAI:325 - slime initAI running
2023-08-03 16:26:23.880 | INFO     | AI:__init__:60 - slime's AI init
2023-08-03 16:26:23.882 | INFO     | AI:__init__:61 - infos:
2023-08-03 16:26:23.883 | INFO     | AI:__init__:62 -     -id: slime_AI
2023-08-03 16:26:23.901 | INFO     | petC:hide:169 - slime hide
2023-08-03 16:26:23.918 | INFO     | petC:setMouseEvent:161 - setMouseEvent running--- red
2023-08-03 16:26:23.918 | INFO     | petC:setMouseEvent:166 - 

2023-08-03 16:26:23.920 | INFO     | petC:initAI:325 - red initAI running
2023-08-03 16:26:23.923 | INFO     | AI:__init__:60 - red's AI init
2023-08-03 16:26:23.925 | INFO     | AI:__init__:61 - infos:
2023-08-03 16:26:23.926 | INFO     | AI:__init__:62 -     -id: red_AI
2023-08-03 16:26:23.928 | INFO     | petC:hide:169 - red hide
2023-08-03 16:26:23.947 | INFO     | petC:setMouseEvent:161 - setMouseEvent running--- orange
2023-08-03 16:26:23.949 | INFO     | petC:setMouseEvent:166 - 

2023-08-03 16:26:23.951 | INFO     | petC:initAI:325 - orange initAI running
2023-08-03 16:26:23.951 | INFO     | AI:__init__:60 - orange's AI init
2023-08-03 16:26:23.954 | INFO     | AI:__init__:61 - infos:
2023-08-03 16:26:23.955 | INFO     | AI:__init__:62 -     -id: orange_AI
2023-08-03 16:26:23.957 | INFO     | petC:hide:169 - orange hide
2023-08-03 16:26:23.977 | INFO     | petC:setMouseEvent:161 - setMouseEvent running--- yellow
2023-08-03 16:26:23.980 | INFO     | petC:setMouseEvent:166 - 

2023-08-03 16:26:23.984 | INFO     | petC:initAI:325 - yellow initAI running
2023-08-03 16:26:23.985 | INFO     | AI:__init__:60 - yellow's AI init
2023-08-03 16:26:23.986 | INFO     | AI:__init__:61 - infos:
2023-08-03 16:26:23.989 | INFO     | AI:__init__:62 -     -id: yellow_AI
2023-08-03 16:26:23.991 | INFO     | petC:hide:169 - yellow hide
2023-08-03 16:26:24.012 | INFO     | petC:setMouseEvent:161 - setMouseEvent running--- green
2023-08-03 16:26:24.014 | INFO     | petC:setMouseEvent:166 - 

2023-08-03 16:26:24.018 | INFO     | petC:initAI:325 - green initAI running
2023-08-03 16:26:24.019 | INFO     | AI:__init__:60 - green's AI init
2023-08-03 16:26:24.022 | INFO     | AI:__init__:61 - infos:
2023-08-03 16:26:24.024 | INFO     | AI:__init__:62 -     -id: green_AI
2023-08-03 16:26:24.028 | INFO     | petC:hide:169 - green hide
2023-08-03 16:26:24.048 | INFO     | petC:setMouseEvent:161 - setMouseEvent running--- blue
2023-08-03 16:26:24.051 | INFO     | petC:setMouseEvent:166 - 

2023-08-03 16:26:24.053 | INFO     | petC:initAI:325 - blue initAI running
2023-08-03 16:26:24.056 | INFO     | AI:__init__:60 - blue's AI init
2023-08-03 16:26:24.059 | INFO     | AI:__init__:61 - infos:
2023-08-03 16:26:24.061 | INFO     | AI:__init__:62 -     -id: blue_AI
2023-08-03 16:26:24.064 | INFO     | petC:hide:169 - blue hide
2023-08-03 16:26:24.087 | INFO     | petC:setMouseEvent:161 - setMouseEvent running--- purple
2023-08-03 16:26:24.088 | INFO     | petC:setMouseEvent:166 - 

2023-08-03 16:26:24.094 | INFO     | petC:initAI:325 - purple initAI running
2023-08-03 16:26:24.098 | INFO     | AI:__init__:60 - purple's AI init
2023-08-03 16:26:24.100 | INFO     | AI:__init__:61 - infos:
2023-08-03 16:26:24.101 | INFO     | AI:__init__:62 -     -id: purple_AI
2023-08-03 16:26:24.105 | INFO     | petC:hide:169 - purple hide
2023-08-03 16:26:24.113 | INFO     | __main__:initCtrlWindow:64 - init CtrlWindow
2023-08-03 16:26:24.770 | INFO     | ctrlWindow:__init__:21 - <__main__.Main object at 0x00000150E5E5D120>
2023-08-03 16:26:24.772 | INFO     | ctrlWindow:initEvents:31 - init Events
2023-08-03 16:26:24.777 | INFO     | __main__:initSysMenu:74 - initSysMenu
2023-08-03 16:26:24.816 | WARNING  | __main__:initGenerator:43 - generator [96minited[0m~~~~~~~~~~~~~~~~~~~~~
2023-08-03 16:26:27.086 | INFO     | petC:show:175 - green show
2023-08-03 16:26:27.222 | DEBUG    | petC:speak_condition:310 - isSpeaking:False,isGeneratorOK:False
2023-08-03 16:26:27.429 | DEBUG    | petC:speak_condition:310 - isSpeaking:False,isGeneratorOK:False
2023-08-03 16:26:27.629 | DEBUG    | petC:speak_condition:310 - isSpeaking:False,isGeneratorOK:False
2023-08-03 16:26:27.831 | DEBUG    | petC:speak_condition:310 - isSpeaking:False,isGeneratorOK:False
2023-08-03 16:26:28.031 | DEBUG    | petC:speak_condition:310 - isSpeaking:False,isGeneratorOK:False
2023-08-03 16:26:28.112 | WARNING  | AI:init:19 - generator [96minited[0m~~~~~~~~~~~~~~~~~~~~~
2023-08-03 16:26:28.238 | DEBUG    | petC:speak_condition:310 - isSpeaking:False,isGeneratorOK:True
2023-08-03 16:26:28.439 | DEBUG    | petC:speak_condition:310 - isSpeaking:False,isGeneratorOK:True
2023-08-03 16:26:28.644 | DEBUG    | petC:speak_condition:310 - isSpeaking:False,isGeneratorOK:True
2023-08-03 16:26:28.844 | DEBUG    | petC:speak_condition:310 - isSpeaking:False,isGeneratorOK:True
2023-08-03 16:26:29.046 | DEBUG    | petC:speak_condition:310 - isSpeaking:False,isGeneratorOK:True
2023-08-03 16:26:29.252 | DEBUG    | petC:speak_condition:310 - isSpeaking:False,isGeneratorOK:True
2023-08-03 16:26:29.455 | DEBUG    | petC:speak_condition:310 - isSpeaking:False,isGeneratorOK:True
2023-08-03 16:26:29.658 | DEBUG    | petC:speak_condition:310 - isSpeaking:False,isGeneratorOK:True
2023-08-03 16:26:29.861 | DEBUG    | petC:speak_condition:310 - isSpeaking:False,isGeneratorOK:True
2023-08-03 16:26:30.061 | DEBUG    | petC:speak_condition:310 - isSpeaking:False,isGeneratorOK:True
2023-08-03 16:26:30.266 | DEBUG    | petC:speak_condition:310 - isSpeaking:False,isGeneratorOK:True
2023-08-03 16:26:30.469 | DEBUG    | petC:speak_condition:310 - isSpeaking:False,isGeneratorOK:True
2023-08-03 16:26:30.673 | DEBUG    | petC:speak_condition:310 - isSpeaking:False,isGeneratorOK:True
2023-08-03 16:26:30.874 | DEBUG    | petC:speak_condition:310 - isSpeaking:False,isGeneratorOK:True
2023-08-03 16:26:31.078 | DEBUG    | petC:speak_condition:310 - isSpeaking:False,isGeneratorOK:True
2023-08-03 16:26:31.296 | INFO     | petC:walk:265 - green walking
2023-08-03 16:26:31.298 | DEBUG    | petC:walk:270 - standing still,stand
2023-08-03 16:26:32.787 | DEBUG    | petC:speak_condition:310 - isSpeaking:False,isGeneratorOK:True
2023-08-03 16:26:32.926 | DEBUG    | petC:speak_condition:310 - isSpeaking:False,isGeneratorOK:True
2023-08-03 16:26:33.137 | DEBUG    | petC:speak_condition:310 - isSpeaking:False,isGeneratorOK:True
2023-08-03 16:26:33.326 | DEBUG    | petC:speak_condition:310 - isSpeaking:False,isGeneratorOK:True
2023-08-03 16:26:33.534 | DEBUG    | petC:speak_condition:310 - isSpeaking:False,isGeneratorOK:True
2023-08-03 16:26:33.739 | DEBUG    | petC:speak_condition:310 - isSpeaking:False,isGeneratorOK:True
2023-08-03 16:26:33.948 | DEBUG    | petC:speak_condition:310 - isSpeaking:False,isGeneratorOK:True
2023-08-03 16:26:34.153 | DEBUG    | petC:speak_condition:310 - isSpeaking:False,isGeneratorOK:True
2023-08-03 16:26:34.342 | DEBUG    | petC:speak_condition:310 - isSpeaking:False,isGeneratorOK:True
2023-08-03 16:26:34.558 | DEBUG    | petC:speak_condition:310 - isSpeaking:False,isGeneratorOK:True
2023-08-03 16:26:34.761 | DEBUG    | petC:speak_condition:310 - isSpeaking:False,isGeneratorOK:True
2023-08-03 16:26:34.966 | DEBUG    | petC:speak_condition:310 - isSpeaking:False,isGeneratorOK:True
2023-08-03 16:26:35.167 | DEBUG    | petC:speak_condition:310 - isSpeaking:False,isGeneratorOK:True
2023-08-03 16:26:35.369 | DEBUG    | petC:speak_condition:310 - isSpeaking:False,isGeneratorOK:True
2023-08-03 16:26:35.571 | DEBUG    | petC:speak_condition:310 - isSpeaking:False,isGeneratorOK:True
2023-08-03 16:26:35.775 | DEBUG    | petC:speak_condition:310 - isSpeaking:False,isGeneratorOK:True
2023-08-03 16:26:35.980 | DEBUG    | petC:speak_condition:310 - isSpeaking:False,isGeneratorOK:True
2023-08-03 16:26:36.186 | DEBUG    | petC:speak_condition:310 - isSpeaking:False,isGeneratorOK:True
2023-08-03 16:26:36.375 | DEBUG    | petC:speak_condition:310 - isSpeaking:False,isGeneratorOK:True
2023-08-03 16:26:36.577 | DEBUG    | petC:speak_condition:310 - isSpeaking:False,isGeneratorOK:True
2023-08-03 16:26:36.782 | DEBUG    | petC:speak_condition:310 - isSpeaking:False,isGeneratorOK:True
2023-08-03 16:26:36.985 | DEBUG    | petC:speak_condition:310 - isSpeaking:False,isGeneratorOK:True
2023-08-03 16:26:37.189 | DEBUG    | petC:speak_condition:310 - isSpeaking:False,isGeneratorOK:True
2023-08-03 16:26:37.391 | DEBUG    | petC:speak_condition:310 - isSpeaking:False,isGeneratorOK:True
2023-08-03 16:26:37.595 | DEBUG    | petC:speak_condition:310 - isSpeaking:False,isGeneratorOK:True
2023-08-03 16:26:37.798 | DEBUG    | petC:speak_condition:310 - isSpeaking:False,isGeneratorOK:True
2023-08-03 16:26:38.002 | DEBUG    | petC:speak_condition:310 - isSpeaking:False,isGeneratorOK:True
2023-08-03 16:26:38.207 | DEBUG    | petC:speak_condition:310 - isSpeaking:False,isGeneratorOK:True
2023-08-03 16:26:38.413 | DEBUG    | petC:speak_condition:310 - isSpeaking:False,isGeneratorOK:True
2023-08-03 16:26:38.617 | DEBUG    | petC:speak_condition:310 - isSpeaking:False,isGeneratorOK:True
2023-08-03 16:26:38.820 | INFO     | petC:walk:265 - green walking
2023-08-03 16:26:38.821 | DEBUG    | petC:walk:270 - standing still,stand
2023-08-03 16:26:38.823 | DEBUG    | petC:speak_condition:310 - isSpeaking:False,isGeneratorOK:True
2023-08-03 16:26:39.023 | DEBUG    | petC:speak_condition:310 - isSpeaking:False,isGeneratorOK:True
2023-08-03 16:26:39.227 | DEBUG    | petC:speak_condition:310 - isSpeaking:False,isGeneratorOK:True
2023-08-03 16:26:39.429 | DEBUG    | petC:speak_condition:310 - isSpeaking:False,isGeneratorOK:True
2023-08-03 16:26:39.631 | DEBUG    | petC:speak_condition:310 - isSpeaking:False,isGeneratorOK:True
2023-08-03 16:26:39.835 | DEBUG    | petC:speak_condition:310 - isSpeaking:False,isGeneratorOK:True
2023-08-03 16:26:40.037 | DEBUG    | petC:speak_condition:310 - isSpeaking:False,isGeneratorOK:True
2023-08-03 16:26:40.244 | DEBUG    | petC:speak_condition:310 - isSpeaking:False,isGeneratorOK:True
2023-08-03 16:26:40.451 | DEBUG    | petC:speak_condition:310 - isSpeaking:False,isGeneratorOK:True
2023-08-03 16:26:40.640 | DEBUG    | petC:speak_condition:310 - isSpeaking:False,isGeneratorOK:True
2023-08-03 16:26:40.842 | DEBUG    | petC:speak_condition:310 - isSpeaking:False,isGeneratorOK:True
2023-08-03 16:26:41.049 | DEBUG    | petC:speak_condition:310 - isSpeaking:False,isGeneratorOK:True
2023-08-03 16:26:41.250 | DEBUG    | petC:speak_condition:310 - isSpeaking:False,isGeneratorOK:True
2023-08-03 16:26:41.451 | DEBUG    | petC:speak_condition:310 - isSpeaking:False,isGeneratorOK:True
2023-08-03 16:26:41.670 | DEBUG    | petC:speak_condition:310 - isSpeaking:False,isGeneratorOK:True
2023-08-03 16:26:41.871 | INFO     | petC:walk:265 - green walking
2023-08-03 16:26:41.873 | DEBUG    | petC:walk:270 - standing still,stand
2023-08-03 16:26:41.874 | DEBUG    | petC:speak_condition:310 - isSpeaking:False,isGeneratorOK:True
2023-08-03 16:26:42.074 | DEBUG    | petC:speak_condition:310 - isSpeaking:False,isGeneratorOK:True
2023-08-03 16:26:42.276 | DEBUG    | petC:speak_condition:310 - isSpeaking:False,isGeneratorOK:True
2023-08-03 16:26:42.480 | DEBUG    | petC:speak_condition:310 - isSpeaking:False,isGeneratorOK:True
2023-08-03 16:26:42.681 | DEBUG    | petC:speak_condition:310 - isSpeaking:False,isGeneratorOK:True
2023-08-03 16:26:42.885 | DEBUG    | petC:speak_condition:310 - isSpeaking:False,isGeneratorOK:True
2023-08-03 16:26:43.089 | DEBUG    | petC:speak_condition:310 - isSpeaking:False,isGeneratorOK:True
2023-08-03 16:26:43.290 | DEBUG    | petC:speak_condition:310 - isSpeaking:False,isGeneratorOK:True
2023-08-03 16:26:43.494 | DEBUG    | petC:speak_condition:310 - isSpeaking:False,isGeneratorOK:True
2023-08-03 16:26:43.698 | DEBUG    | petC:speak_condition:310 - isSpeaking:False,isGeneratorOK:True
2023-08-03 16:26:43.901 | DEBUG    | petC:speak_condition:310 - isSpeaking:False,isGeneratorOK:True
2023-08-03 16:26:44.106 | DEBUG    | petC:speak_condition:310 - isSpeaking:False,isGeneratorOK:True
2023-08-03 16:26:44.309 | DEBUG    | petC:speak_condition:310 - isSpeaking:False,isGeneratorOK:True
2023-08-03 16:26:44.510 | DEBUG    | petC:speak_condition:310 - isSpeaking:False,isGeneratorOK:True
2023-08-03 16:26:44.710 | DEBUG    | petC:speak_condition:310 - isSpeaking:False,isGeneratorOK:True
2023-08-03 16:26:44.914 | DEBUG    | petC:speak_condition:310 - isSpeaking:False,isGeneratorOK:True
2023-08-03 16:26:45.115 | DEBUG    | petC:speak_condition:310 - isSpeaking:False,isGeneratorOK:True
2023-08-03 16:26:45.319 | DEBUG    | petC:speak_condition:310 - isSpeaking:False,isGeneratorOK:True
2023-08-03 16:26:45.522 | DEBUG    | petC:speak_condition:310 - isSpeaking:False,isGeneratorOK:True
2023-08-03 16:26:45.726 | DEBUG    | petC:speak_condition:310 - isSpeaking:False,isGeneratorOK:True
2023-08-03 16:26:45.929 | DEBUG    | petC:speak_condition:310 - isSpeaking:False,isGeneratorOK:True
2023-08-03 16:26:46.130 | DEBUG    | petC:speak_condition:310 - isSpeaking:False,isGeneratorOK:True
2023-08-03 16:26:46.334 | DEBUG    | petC:speak_condition:310 - isSpeaking:False,isGeneratorOK:True
2023-08-03 16:26:46.537 | DEBUG    | petC:speak_condition:310 - isSpeaking:False,isGeneratorOK:True
2023-08-03 16:26:46.737 | DEBUG    | petC:speak_condition:310 - isSpeaking:False,isGeneratorOK:True
2023-08-03 16:26:46.942 | DEBUG    | petC:speak_condition:310 - isSpeaking:False,isGeneratorOK:True
2023-08-03 16:26:47.143 | INFO     | petC:walk:265 - green walking
2023-08-03 16:26:47.146 | DEBUG    | petC:walk:270 - standing still,stand
2023-08-03 16:26:47.147 | DEBUG    | petC:speak_condition:310 - isSpeaking:False,isGeneratorOK:True
2023-08-03 16:26:47.348 | DEBUG    | petC:speak_condition:310 - isSpeaking:False,isGeneratorOK:True
2023-08-03 16:26:47.549 | DEBUG    | petC:speak_condition:310 - isSpeaking:False,isGeneratorOK:True
2023-08-03 16:26:47.752 | DEBUG    | petC:speak_condition:310 - isSpeaking:False,isGeneratorOK:True
2023-08-03 16:26:47.957 | DEBUG    | petC:speak_condition:310 - isSpeaking:False,isGeneratorOK:True
2023-08-03 16:26:48.159 | DEBUG    | petC:speak_condition:310 - isSpeaking:False,isGeneratorOK:True
2023-08-03 16:26:48.360 | DEBUG    | petC:speak_condition:310 - isSpeaking:False,isGeneratorOK:True
2023-08-03 16:26:48.564 | DEBUG    | petC:speak_condition:310 - isSpeaking:False,isGeneratorOK:True
2023-08-03 16:26:48.767 | DEBUG    | petC:speak_condition:310 - isSpeaking:False,isGeneratorOK:True
2023-08-03 16:26:48.970 | DEBUG    | petC:speak_condition:310 - isSpeaking:False,isGeneratorOK:True
2023-08-03 16:26:49.173 | DEBUG    | petC:speak_condition:310 - isSpeaking:False,isGeneratorOK:True
2023-08-03 16:26:49.375 | DEBUG    | petC:speak_condition:310 - isSpeaking:False,isGeneratorOK:True
2023-08-03 16:26:49.576 | DEBUG    | petC:speak_condition:310 - isSpeaking:False,isGeneratorOK:True
2023-08-03 16:26:49.780 | DEBUG    | petC:speak_condition:310 - isSpeaking:False,isGeneratorOK:True
2023-08-03 16:26:49.982 | DEBUG    | petC:speak_condition:310 - isSpeaking:False,isGeneratorOK:True
2023-08-03 16:26:50.186 | DEBUG    | petC:speak_condition:310 - isSpeaking:False,isGeneratorOK:True
2023-08-03 16:26:50.390 | DEBUG    | petC:speak_condition:310 - isSpeaking:False,isGeneratorOK:True
2023-08-03 16:26:50.592 | DEBUG    | petC:speak_condition:310 - isSpeaking:False,isGeneratorOK:True
2023-08-03 16:26:50.796 | DEBUG    | petC:speak_condition:310 - isSpeaking:False,isGeneratorOK:True
2023-08-03 16:26:51.007 | DEBUG    | petC:speak_condition:310 - isSpeaking:False,isGeneratorOK:True
2023-08-03 16:26:51.202 | DEBUG    | petC:speak_condition:310 - isSpeaking:False,isGeneratorOK:True
2023-08-03 16:26:51.419 | DEBUG    | petC:speak_condition:310 - isSpeaking:False,isGeneratorOK:True
2023-08-03 16:26:51.607 | DEBUG    | petC:speak_condition:310 - isSpeaking:False,isGeneratorOK:True
2023-08-03 16:26:51.814 | DEBUG    | petC:speak_condition:310 - isSpeaking:False,isGeneratorOK:True
2023-08-03 16:26:52.027 | DEBUG    | petC:speak_condition:310 - isSpeaking:False,isGeneratorOK:True
2023-08-03 16:26:52.231 | DEBUG    | petC:speak_condition:310 - isSpeaking:False,isGeneratorOK:True
2023-08-03 16:26:52.421 | DEBUG    | petC:speak_condition:310 - isSpeaking:False,isGeneratorOK:True
2023-08-03 16:26:52.624 | DEBUG    | petC:speak_condition:310 - isSpeaking:False,isGeneratorOK:True
2023-08-03 16:26:52.649 | INFO     | petC:mainWindow_re__mousePressEvent:127 - mainWindow_re__mousePressEvent running--- green
2023-08-03 16:26:52.652 | INFO     | petC:mainWindow_re__mousePressEvent:133 - green mouseButtonDown changed: True, mousePos_toWindow changed: Pet.pos(x=86, y=27)

2023-08-03 16:26:52.713 | INFO     | petC:mainWindow_re__mouseMoveEvent:148 - mainWindow_re__mouseMoveEvent running--- green
2023-08-03 16:26:52.716 | INFO     | petC:mainWindow_re__mouseMoveEvent:153 - mouse pos: (89, 987) id: green
2023-08-03 16:26:52.717 | INFO     | petC:mainWindow_re__mouseMoveEvent:154 - mouse pos window: (86, 27) id: green
2023-08-03 16:26:52.719 | INFO     | petC:mainWindow_re__mouseMoveEvent:155 - mouse pos move to: (3, 960) id: green
2023-08-03 16:26:52.721 | INFO     | petC:mainWindow_re__mouseMoveEvent:158 - green mouseButtonDown changed: False

2023-08-03 16:26:52.725 | INFO     | petC:mainWindow_re__mouseMoveEvent:148 - mainWindow_re__mouseMoveEvent running--- green
2023-08-03 16:26:52.726 | INFO     | petC:mainWindow_re__mouseMoveEvent:153 - mouse pos: (92, 987) id: green
2023-08-03 16:26:52.727 | INFO     | petC:mainWindow_re__mouseMoveEvent:154 - mouse pos window: (86, 27) id: green
2023-08-03 16:26:52.728 | INFO     | petC:mainWindow_re__mouseMoveEvent:155 - mouse pos move to: (6, 960) id: green
2023-08-03 16:26:52.730 | INFO     | petC:mainWindow_re__mouseMoveEvent:158 - green mouseButtonDown changed: False

2023-08-03 16:26:52.733 | INFO     | petC:mainWindow_re__mouseMoveEvent:148 - mainWindow_re__mouseMoveEvent running--- green
2023-08-03 16:26:52.737 | INFO     | petC:mainWindow_re__mouseMoveEvent:153 - mouse pos: (99, 986) id: green
2023-08-03 16:26:52.738 | INFO     | petC:mainWindow_re__mouseMoveEvent:154 - mouse pos window: (86, 27) id: green
2023-08-03 16:26:52.739 | INFO     | petC:mainWindow_re__mouseMoveEvent:155 - mouse pos move to: (13, 959) id: green
2023-08-03 16:26:52.741 | INFO     | petC:mainWindow_re__mouseMoveEvent:158 - green mouseButtonDown changed: False

2023-08-03 16:26:52.742 | INFO     | petC:mainWindow_re__mouseMoveEvent:148 - mainWindow_re__mouseMoveEvent running--- green
2023-08-03 16:26:52.743 | INFO     | petC:mainWindow_re__mouseMoveEvent:153 - mouse pos: (110, 983) id: green
2023-08-03 16:26:52.744 | INFO     | petC:mainWindow_re__mouseMoveEvent:154 - mouse pos window: (86, 27) id: green
2023-08-03 16:26:52.745 | INFO     | petC:mainWindow_re__mouseMoveEvent:155 - mouse pos move to: (24, 956) id: green
2023-08-03 16:26:52.747 | INFO     | petC:mainWindow_re__mouseMoveEvent:158 - green mouseButtonDown changed: False

2023-08-03 16:26:52.749 | INFO     | petC:mainWindow_re__mouseMoveEvent:148 - mainWindow_re__mouseMoveEvent running--- green
2023-08-03 16:26:52.752 | INFO     | petC:mainWindow_re__mouseMoveEvent:153 - mouse pos: (130, 979) id: green
2023-08-03 16:26:52.753 | INFO     | petC:mainWindow_re__mouseMoveEvent:154 - mouse pos window: (86, 27) id: green
2023-08-03 16:26:52.754 | INFO     | petC:mainWindow_re__mouseMoveEvent:155 - mouse pos move to: (44, 952) id: green
2023-08-03 16:26:52.755 | INFO     | petC:mainWindow_re__mouseMoveEvent:158 - green mouseButtonDown changed: False

2023-08-03 16:26:52.757 | INFO     | petC:mainWindow_re__mouseMoveEvent:148 - mainWindow_re__mouseMoveEvent running--- green
2023-08-03 16:26:52.758 | INFO     | petC:mainWindow_re__mouseMoveEvent:153 - mouse pos: (160, 972) id: green
2023-08-03 16:26:52.759 | INFO     | petC:mainWindow_re__mouseMoveEvent:154 - mouse pos window: (86, 27) id: green
2023-08-03 16:26:52.760 | INFO     | petC:mainWindow_re__mouseMoveEvent:155 - mouse pos move to: (74, 945) id: green
2023-08-03 16:26:52.762 | INFO     | petC:mainWindow_re__mouseMoveEvent:158 - green mouseButtonDown changed: False

2023-08-03 16:26:52.765 | INFO     | petC:mainWindow_re__mouseMoveEvent:148 - mainWindow_re__mouseMoveEvent running--- green
2023-08-03 16:26:52.768 | INFO     | petC:mainWindow_re__mouseMoveEvent:153 - mouse pos: (195, 964) id: green
2023-08-03 16:26:52.770 | INFO     | petC:mainWindow_re__mouseMoveEvent:154 - mouse pos window: (86, 27) id: green
2023-08-03 16:26:52.771 | INFO     | petC:mainWindow_re__mouseMoveEvent:155 - mouse pos move to: (109, 937) id: green
2023-08-03 16:26:52.773 | INFO     | petC:mainWindow_re__mouseMoveEvent:158 - green mouseButtonDown changed: False

2023-08-03 16:26:52.774 | INFO     | petC:mainWindow_re__mouseMoveEvent:148 - mainWindow_re__mouseMoveEvent running--- green
2023-08-03 16:26:52.776 | INFO     | petC:mainWindow_re__mouseMoveEvent:153 - mouse pos: (231, 956) id: green
2023-08-03 16:26:52.777 | INFO     | petC:mainWindow_re__mouseMoveEvent:154 - mouse pos window: (86, 27) id: green
2023-08-03 16:26:52.778 | INFO     | petC:mainWindow_re__mouseMoveEvent:155 - mouse pos move to: (145, 929) id: green
2023-08-03 16:26:52.779 | INFO     | petC:mainWindow_re__mouseMoveEvent:158 - green mouseButtonDown changed: False

2023-08-03 16:26:52.781 | INFO     | petC:mainWindow_re__mouseMoveEvent:148 - mainWindow_re__mouseMoveEvent running--- green
2023-08-03 16:26:52.784 | INFO     | petC:mainWindow_re__mouseMoveEvent:153 - mouse pos: (270, 947) id: green
2023-08-03 16:26:52.785 | INFO     | petC:mainWindow_re__mouseMoveEvent:154 - mouse pos window: (86, 27) id: green
2023-08-03 16:26:52.786 | INFO     | petC:mainWindow_re__mouseMoveEvent:155 - mouse pos move to: (184, 920) id: green
2023-08-03 16:26:52.787 | INFO     | petC:mainWindow_re__mouseMoveEvent:158 - green mouseButtonDown changed: False

2023-08-03 16:26:52.789 | INFO     | petC:mainWindow_re__mouseMoveEvent:148 - mainWindow_re__mouseMoveEvent running--- green
2023-08-03 16:26:52.790 | INFO     | petC:mainWindow_re__mouseMoveEvent:153 - mouse pos: (314, 936) id: green
2023-08-03 16:26:52.791 | INFO     | petC:mainWindow_re__mouseMoveEvent:154 - mouse pos window: (86, 27) id: green
2023-08-03 16:26:52.792 | INFO     | petC:mainWindow_re__mouseMoveEvent:155 - mouse pos move to: (228, 909) id: green
2023-08-03 16:26:52.794 | INFO     | petC:mainWindow_re__mouseMoveEvent:158 - green mouseButtonDown changed: False

2023-08-03 16:26:52.797 | INFO     | petC:mainWindow_re__mouseMoveEvent:148 - mainWindow_re__mouseMoveEvent running--- green
2023-08-03 16:26:52.800 | INFO     | petC:mainWindow_re__mouseMoveEvent:153 - mouse pos: (362, 925) id: green
2023-08-03 16:26:52.801 | INFO     | petC:mainWindow_re__mouseMoveEvent:154 - mouse pos window: (86, 27) id: green
2023-08-03 16:26:52.802 | INFO     | petC:mainWindow_re__mouseMoveEvent:155 - mouse pos move to: (276, 898) id: green
2023-08-03 16:26:52.804 | INFO     | petC:mainWindow_re__mouseMoveEvent:158 - green mouseButtonDown changed: False

2023-08-03 16:26:52.806 | INFO     | petC:mainWindow_re__mouseMoveEvent:148 - mainWindow_re__mouseMoveEvent running--- green
2023-08-03 16:26:52.807 | INFO     | petC:mainWindow_re__mouseMoveEvent:153 - mouse pos: (411, 913) id: green
2023-08-03 16:26:52.808 | INFO     | petC:mainWindow_re__mouseMoveEvent:154 - mouse pos window: (86, 27) id: green
2023-08-03 16:26:52.809 | INFO     | petC:mainWindow_re__mouseMoveEvent:155 - mouse pos move to: (325, 886) id: green
2023-08-03 16:26:52.811 | INFO     | petC:mainWindow_re__mouseMoveEvent:158 - green mouseButtonDown changed: False

2023-08-03 16:26:52.813 | INFO     | petC:mainWindow_re__mouseMoveEvent:148 - mainWindow_re__mouseMoveEvent running--- green
2023-08-03 16:26:52.815 | INFO     | petC:mainWindow_re__mouseMoveEvent:153 - mouse pos: (460, 901) id: green
2023-08-03 16:26:52.816 | INFO     | petC:mainWindow_re__mouseMoveEvent:154 - mouse pos window: (86, 27) id: green
2023-08-03 16:26:52.817 | INFO     | petC:mainWindow_re__mouseMoveEvent:155 - mouse pos move to: (374, 874) id: green
2023-08-03 16:26:52.819 | INFO     | petC:mainWindow_re__mouseMoveEvent:158 - green mouseButtonDown changed: False

2023-08-03 16:26:52.821 | INFO     | petC:mainWindow_re__mouseMoveEvent:148 - mainWindow_re__mouseMoveEvent running--- green
2023-08-03 16:26:52.822 | INFO     | petC:mainWindow_re__mouseMoveEvent:153 - mouse pos: (513, 888) id: green
2023-08-03 16:26:52.823 | INFO     | petC:mainWindow_re__mouseMoveEvent:154 - mouse pos window: (86, 27) id: green
2023-08-03 16:26:52.824 | INFO     | petC:mainWindow_re__mouseMoveEvent:155 - mouse pos move to: (427, 861) id: green
2023-08-03 16:26:52.826 | INFO     | petC:mainWindow_re__mouseMoveEvent:158 - green mouseButtonDown changed: False

2023-08-03 16:26:52.827 | DEBUG    | petC:speak_condition:310 - isSpeaking:False,isGeneratorOK:True
2023-08-03 16:26:52.829 | INFO     | petC:mainWindow_re__mouseMoveEvent:148 - mainWindow_re__mouseMoveEvent running--- green
2023-08-03 16:26:52.831 | INFO     | petC:mainWindow_re__mouseMoveEvent:153 - mouse pos: (564, 876) id: green
2023-08-03 16:26:52.833 | INFO     | petC:mainWindow_re__mouseMoveEvent:154 - mouse pos window: (86, 27) id: green
2023-08-03 16:26:52.834 | INFO     | petC:mainWindow_re__mouseMoveEvent:155 - mouse pos move to: (478, 849) id: green
2023-08-03 16:26:52.836 | INFO     | petC:mainWindow_re__mouseMoveEvent:158 - green mouseButtonDown changed: False

2023-08-03 16:26:52.837 | INFO     | petC:mainWindow_re__mouseMoveEvent:148 - mainWindow_re__mouseMoveEvent running--- green
2023-08-03 16:26:52.839 | INFO     | petC:mainWindow_re__mouseMoveEvent:153 - mouse pos: (614, 863) id: green
2023-08-03 16:26:52.840 | INFO     | petC:mainWindow_re__mouseMoveEvent:154 - mouse pos window: (86, 27) id: green
2023-08-03 16:26:52.841 | INFO     | petC:mainWindow_re__mouseMoveEvent:155 - mouse pos move to: (528, 836) id: green
2023-08-03 16:26:52.842 | INFO     | petC:mainWindow_re__mouseMoveEvent:158 - green mouseButtonDown changed: False

2023-08-03 16:26:52.845 | INFO     | petC:mainWindow_re__mouseMoveEvent:148 - mainWindow_re__mouseMoveEvent running--- green
2023-08-03 16:26:52.846 | INFO     | petC:mainWindow_re__mouseMoveEvent:153 - mouse pos: (662, 851) id: green
2023-08-03 16:26:52.847 | INFO     | petC:mainWindow_re__mouseMoveEvent:154 - mouse pos window: (86, 27) id: green
2023-08-03 16:26:52.848 | INFO     | petC:mainWindow_re__mouseMoveEvent:155 - mouse pos move to: (576, 824) id: green
2023-08-03 16:26:52.850 | INFO     | petC:mainWindow_re__mouseMoveEvent:158 - green mouseButtonDown changed: False

2023-08-03 16:26:52.853 | INFO     | petC:mainWindow_re__mouseMoveEvent:148 - mainWindow_re__mouseMoveEvent running--- green
2023-08-03 16:26:52.854 | INFO     | petC:mainWindow_re__mouseMoveEvent:153 - mouse pos: (706, 839) id: green
2023-08-03 16:26:52.855 | INFO     | petC:mainWindow_re__mouseMoveEvent:154 - mouse pos window: (86, 27) id: green
2023-08-03 16:26:52.856 | INFO     | petC:mainWindow_re__mouseMoveEvent:155 - mouse pos move to: (620, 812) id: green
2023-08-03 16:26:52.858 | INFO     | petC:mainWindow_re__mouseMoveEvent:158 - green mouseButtonDown changed: False

2023-08-03 16:26:52.861 | INFO     | petC:mainWindow_re__mouseMoveEvent:148 - mainWindow_re__mouseMoveEvent running--- green
2023-08-03 16:26:52.863 | INFO     | petC:mainWindow_re__mouseMoveEvent:153 - mouse pos: (748, 827) id: green
2023-08-03 16:26:52.864 | INFO     | petC:mainWindow_re__mouseMoveEvent:154 - mouse pos window: (86, 27) id: green
2023-08-03 16:26:52.865 | INFO     | petC:mainWindow_re__mouseMoveEvent:155 - mouse pos move to: (662, 800) id: green
2023-08-03 16:26:52.866 | INFO     | petC:mainWindow_re__mouseMoveEvent:158 - green mouseButtonDown changed: False

2023-08-03 16:26:52.877 | INFO     | petC:mainWindow_re__mouseMoveEvent:148 - mainWindow_re__mouseMoveEvent running--- green
2023-08-03 16:26:52.878 | INFO     | petC:mainWindow_re__mouseMoveEvent:153 - mouse pos: (787, 815) id: green
2023-08-03 16:26:52.879 | INFO     | petC:mainWindow_re__mouseMoveEvent:154 - mouse pos window: (86, 27) id: green
2023-08-03 16:26:52.880 | INFO     | petC:mainWindow_re__mouseMoveEvent:155 - mouse pos move to: (701, 788) id: green
2023-08-03 16:26:52.883 | INFO     | petC:mainWindow_re__mouseMoveEvent:158 - green mouseButtonDown changed: False

2023-08-03 16:26:52.885 | INFO     | petC:mainWindow_re__mouseMoveEvent:148 - mainWindow_re__mouseMoveEvent running--- green
2023-08-03 16:26:52.887 | INFO     | petC:mainWindow_re__mouseMoveEvent:153 - mouse pos: (817, 806) id: green
2023-08-03 16:26:52.888 | INFO     | petC:mainWindow_re__mouseMoveEvent:154 - mouse pos window: (86, 27) id: green
2023-08-03 16:26:52.889 | INFO     | petC:mainWindow_re__mouseMoveEvent:155 - mouse pos move to: (731, 779) id: green
2023-08-03 16:26:52.892 | INFO     | petC:mainWindow_re__mouseMoveEvent:158 - green mouseButtonDown changed: False

2023-08-03 16:26:52.893 | INFO     | petC:mainWindow_re__mouseMoveEvent:148 - mainWindow_re__mouseMoveEvent running--- green
2023-08-03 16:26:52.894 | INFO     | petC:mainWindow_re__mouseMoveEvent:153 - mouse pos: (843, 798) id: green
2023-08-03 16:26:52.895 | INFO     | petC:mainWindow_re__mouseMoveEvent:154 - mouse pos window: (86, 27) id: green
2023-08-03 16:26:52.896 | INFO     | petC:mainWindow_re__mouseMoveEvent:155 - mouse pos move to: (757, 771) id: green
2023-08-03 16:26:52.898 | INFO     | petC:mainWindow_re__mouseMoveEvent:158 - green mouseButtonDown changed: False

2023-08-03 16:26:52.901 | INFO     | petC:mainWindow_re__mouseMoveEvent:148 - mainWindow_re__mouseMoveEvent running--- green
2023-08-03 16:26:52.902 | INFO     | petC:mainWindow_re__mouseMoveEvent:153 - mouse pos: (866, 789) id: green
2023-08-03 16:26:52.903 | INFO     | petC:mainWindow_re__mouseMoveEvent:154 - mouse pos window: (86, 27) id: green
2023-08-03 16:26:52.904 | INFO     | petC:mainWindow_re__mouseMoveEvent:155 - mouse pos move to: (780, 762) id: green
2023-08-03 16:26:52.907 | INFO     | petC:mainWindow_re__mouseMoveEvent:158 - green mouseButtonDown changed: False

2023-08-03 16:26:52.911 | INFO     | petC:mainWindow_re__mouseMoveEvent:148 - mainWindow_re__mouseMoveEvent running--- green
2023-08-03 16:26:52.912 | INFO     | petC:mainWindow_re__mouseMoveEvent:153 - mouse pos: (884, 782) id: green
2023-08-03 16:26:52.913 | INFO     | petC:mainWindow_re__mouseMoveEvent:154 - mouse pos window: (86, 27) id: green
2023-08-03 16:26:52.914 | INFO     | petC:mainWindow_re__mouseMoveEvent:155 - mouse pos move to: (798, 755) id: green
2023-08-03 16:26:52.915 | INFO     | petC:mainWindow_re__mouseMoveEvent:158 - green mouseButtonDown changed: False

2023-08-03 16:26:52.917 | INFO     | petC:mainWindow_re__mouseMoveEvent:148 - mainWindow_re__mouseMoveEvent running--- green
2023-08-03 16:26:52.918 | INFO     | petC:mainWindow_re__mouseMoveEvent:153 - mouse pos: (899, 775) id: green
2023-08-03 16:26:52.919 | INFO     | petC:mainWindow_re__mouseMoveEvent:154 - mouse pos window: (86, 27) id: green
2023-08-03 16:26:52.921 | INFO     | petC:mainWindow_re__mouseMoveEvent:155 - mouse pos move to: (813, 748) id: green
2023-08-03 16:26:52.922 | INFO     | petC:mainWindow_re__mouseMoveEvent:158 - green mouseButtonDown changed: False

2023-08-03 16:26:52.926 | INFO     | petC:mainWindow_re__mouseMoveEvent:148 - mainWindow_re__mouseMoveEvent running--- green
2023-08-03 16:26:52.927 | INFO     | petC:mainWindow_re__mouseMoveEvent:153 - mouse pos: (909, 769) id: green
2023-08-03 16:26:52.928 | INFO     | petC:mainWindow_re__mouseMoveEvent:154 - mouse pos window: (86, 27) id: green
2023-08-03 16:26:52.929 | INFO     | petC:mainWindow_re__mouseMoveEvent:155 - mouse pos move to: (823, 742) id: green
2023-08-03 16:26:52.931 | INFO     | petC:mainWindow_re__mouseMoveEvent:158 - green mouseButtonDown changed: False

2023-08-03 16:26:52.933 | INFO     | petC:mainWindow_re__mouseMoveEvent:148 - mainWindow_re__mouseMoveEvent running--- green
2023-08-03 16:26:52.934 | INFO     | petC:mainWindow_re__mouseMoveEvent:153 - mouse pos: (919, 763) id: green
2023-08-03 16:26:52.935 | INFO     | petC:mainWindow_re__mouseMoveEvent:154 - mouse pos window: (86, 27) id: green
2023-08-03 16:26:52.937 | INFO     | petC:mainWindow_re__mouseMoveEvent:155 - mouse pos move to: (833, 736) id: green
2023-08-03 16:26:52.940 | INFO     | petC:mainWindow_re__mouseMoveEvent:158 - green mouseButtonDown changed: False

2023-08-03 16:26:52.941 | INFO     | petC:mainWindow_re__mouseMoveEvent:148 - mainWindow_re__mouseMoveEvent running--- green
2023-08-03 16:26:52.942 | INFO     | petC:mainWindow_re__mouseMoveEvent:153 - mouse pos: (927, 758) id: green
2023-08-03 16:26:52.943 | INFO     | petC:mainWindow_re__mouseMoveEvent:154 - mouse pos window: (86, 27) id: green
2023-08-03 16:26:52.944 | INFO     | petC:mainWindow_re__mouseMoveEvent:155 - mouse pos move to: (841, 731) id: green
2023-08-03 16:26:52.946 | INFO     | petC:mainWindow_re__mouseMoveEvent:158 - green mouseButtonDown changed: False

2023-08-03 16:26:52.949 | INFO     | petC:mainWindow_re__mouseMoveEvent:148 - mainWindow_re__mouseMoveEvent running--- green
2023-08-03 16:26:52.950 | INFO     | petC:mainWindow_re__mouseMoveEvent:153 - mouse pos: (934, 752) id: green
2023-08-03 16:26:52.951 | INFO     | petC:mainWindow_re__mouseMoveEvent:154 - mouse pos window: (86, 27) id: green
2023-08-03 16:26:52.953 | INFO     | petC:mainWindow_re__mouseMoveEvent:155 - mouse pos move to: (848, 725) id: green
2023-08-03 16:26:52.957 | INFO     | petC:mainWindow_re__mouseMoveEvent:158 - green mouseButtonDown changed: False

2023-08-03 16:26:52.958 | INFO     | petC:mainWindow_re__mouseMoveEvent:148 - mainWindow_re__mouseMoveEvent running--- green
2023-08-03 16:26:52.959 | INFO     | petC:mainWindow_re__mouseMoveEvent:153 - mouse pos: (940, 749) id: green
2023-08-03 16:26:52.960 | INFO     | petC:mainWindow_re__mouseMoveEvent:154 - mouse pos window: (86, 27) id: green
2023-08-03 16:26:52.961 | INFO     | petC:mainWindow_re__mouseMoveEvent:155 - mouse pos move to: (854, 722) id: green
2023-08-03 16:26:52.963 | INFO     | petC:mainWindow_re__mouseMoveEvent:158 - green mouseButtonDown changed: False

2023-08-03 16:26:52.965 | INFO     | petC:mainWindow_re__mouseMoveEvent:148 - mainWindow_re__mouseMoveEvent running--- green
2023-08-03 16:26:52.966 | INFO     | petC:mainWindow_re__mouseMoveEvent:153 - mouse pos: (945, 744) id: green
2023-08-03 16:26:52.967 | INFO     | petC:mainWindow_re__mouseMoveEvent:154 - mouse pos window: (86, 27) id: green
2023-08-03 16:26:52.968 | INFO     | petC:mainWindow_re__mouseMoveEvent:155 - mouse pos move to: (859, 717) id: green
2023-08-03 16:26:52.970 | INFO     | petC:mainWindow_re__mouseMoveEvent:158 - green mouseButtonDown changed: False

2023-08-03 16:26:52.973 | INFO     | petC:mainWindow_re__mouseMoveEvent:148 - mainWindow_re__mouseMoveEvent running--- green
2023-08-03 16:26:52.974 | INFO     | petC:mainWindow_re__mouseMoveEvent:153 - mouse pos: (948, 740) id: green
2023-08-03 16:26:52.975 | INFO     | petC:mainWindow_re__mouseMoveEvent:154 - mouse pos window: (86, 27) id: green
2023-08-03 16:26:52.976 | INFO     | petC:mainWindow_re__mouseMoveEvent:155 - mouse pos move to: (862, 713) id: green
2023-08-03 16:26:52.978 | INFO     | petC:mainWindow_re__mouseMoveEvent:158 - green mouseButtonDown changed: False

2023-08-03 16:26:52.981 | INFO     | petC:mainWindow_re__mouseMoveEvent:148 - mainWindow_re__mouseMoveEvent running--- green
2023-08-03 16:26:52.982 | INFO     | petC:mainWindow_re__mouseMoveEvent:153 - mouse pos: (950, 739) id: green
2023-08-03 16:26:52.983 | INFO     | petC:mainWindow_re__mouseMoveEvent:154 - mouse pos window: (86, 27) id: green
2023-08-03 16:26:52.984 | INFO     | petC:mainWindow_re__mouseMoveEvent:155 - mouse pos move to: (864, 712) id: green
2023-08-03 16:26:52.987 | INFO     | petC:mainWindow_re__mouseMoveEvent:158 - green mouseButtonDown changed: False

2023-08-03 16:26:52.990 | INFO     | petC:mainWindow_re__mouseMoveEvent:148 - mainWindow_re__mouseMoveEvent running--- green
2023-08-03 16:26:52.991 | INFO     | petC:mainWindow_re__mouseMoveEvent:153 - mouse pos: (950, 737) id: green
2023-08-03 16:26:52.992 | INFO     | petC:mainWindow_re__mouseMoveEvent:154 - mouse pos window: (86, 27) id: green
2023-08-03 16:26:52.994 | INFO     | petC:mainWindow_re__mouseMoveEvent:155 - mouse pos move to: (864, 710) id: green
2023-08-03 16:26:52.995 | INFO     | petC:mainWindow_re__mouseMoveEvent:158 - green mouseButtonDown changed: False

2023-08-03 16:26:52.997 | INFO     | petC:mainWindow_re__mouseMoveEvent:148 - mainWindow_re__mouseMoveEvent running--- green
2023-08-03 16:26:52.999 | INFO     | petC:mainWindow_re__mouseMoveEvent:153 - mouse pos: (952, 734) id: green
2023-08-03 16:26:53.000 | INFO     | petC:mainWindow_re__mouseMoveEvent:154 - mouse pos window: (86, 27) id: green
2023-08-03 16:26:53.002 | INFO     | petC:mainWindow_re__mouseMoveEvent:155 - mouse pos move to: (866, 707) id: green
2023-08-03 16:26:53.005 | INFO     | petC:mainWindow_re__mouseMoveEvent:158 - green mouseButtonDown changed: False

2023-08-03 16:26:53.007 | INFO     | petC:mainWindow_re__mouseMoveEvent:148 - mainWindow_re__mouseMoveEvent running--- green
2023-08-03 16:26:53.008 | INFO     | petC:mainWindow_re__mouseMoveEvent:153 - mouse pos: (953, 733) id: green
2023-08-03 16:26:53.009 | INFO     | petC:mainWindow_re__mouseMoveEvent:154 - mouse pos window: (86, 27) id: green
2023-08-03 16:26:53.010 | INFO     | petC:mainWindow_re__mouseMoveEvent:155 - mouse pos move to: (867, 706) id: green
2023-08-03 16:26:53.011 | INFO     | petC:mainWindow_re__mouseMoveEvent:158 - green mouseButtonDown changed: False

2023-08-03 16:26:53.013 | INFO     | petC:mainWindow_re__mouseMoveEvent:148 - mainWindow_re__mouseMoveEvent running--- green
2023-08-03 16:26:53.014 | INFO     | petC:mainWindow_re__mouseMoveEvent:153 - mouse pos: (954, 730) id: green
2023-08-03 16:26:53.015 | INFO     | petC:mainWindow_re__mouseMoveEvent:154 - mouse pos window: (86, 27) id: green
2023-08-03 16:26:53.016 | INFO     | petC:mainWindow_re__mouseMoveEvent:155 - mouse pos move to: (868, 703) id: green
2023-08-03 16:26:53.018 | INFO     | petC:mainWindow_re__mouseMoveEvent:158 - green mouseButtonDown changed: False

2023-08-03 16:26:53.022 | INFO     | petC:mainWindow_re__mouseMoveEvent:148 - mainWindow_re__mouseMoveEvent running--- green
2023-08-03 16:26:53.023 | INFO     | petC:mainWindow_re__mouseMoveEvent:153 - mouse pos: (956, 726) id: green
2023-08-03 16:26:53.024 | INFO     | petC:mainWindow_re__mouseMoveEvent:154 - mouse pos window: (86, 27) id: green
2023-08-03 16:26:53.025 | INFO     | petC:mainWindow_re__mouseMoveEvent:155 - mouse pos move to: (870, 699) id: green
2023-08-03 16:26:53.027 | INFO     | petC:mainWindow_re__mouseMoveEvent:158 - green mouseButtonDown changed: False

2023-08-03 16:26:53.029 | DEBUG    | petC:speak_condition:310 - isSpeaking:False,isGeneratorOK:True
2023-08-03 16:26:53.030 | INFO     | petC:mainWindow_re__mouseMoveEvent:148 - mainWindow_re__mouseMoveEvent running--- green
2023-08-03 16:26:53.032 | INFO     | petC:mainWindow_re__mouseMoveEvent:153 - mouse pos: (959, 723) id: green
2023-08-03 16:26:53.033 | INFO     | petC:mainWindow_re__mouseMoveEvent:154 - mouse pos window: (86, 27) id: green
2023-08-03 16:26:53.034 | INFO     | petC:mainWindow_re__mouseMoveEvent:155 - mouse pos move to: (873, 696) id: green
2023-08-03 16:26:53.037 | INFO     | petC:mainWindow_re__mouseMoveEvent:158 - green mouseButtonDown changed: False

2023-08-03 16:26:53.038 | INFO     | petC:mainWindow_re__mouseMoveEvent:148 - mainWindow_re__mouseMoveEvent running--- green
2023-08-03 16:26:53.040 | INFO     | petC:mainWindow_re__mouseMoveEvent:153 - mouse pos: (961, 719) id: green
2023-08-03 16:26:53.041 | INFO     | petC:mainWindow_re__mouseMoveEvent:154 - mouse pos window: (86, 27) id: green
2023-08-03 16:26:53.042 | INFO     | petC:mainWindow_re__mouseMoveEvent:155 - mouse pos move to: (875, 692) id: green
2023-08-03 16:26:53.043 | INFO     | petC:mainWindow_re__mouseMoveEvent:158 - green mouseButtonDown changed: False

2023-08-03 16:26:53.046 | INFO     | petC:mainWindow_re__mouseMoveEvent:148 - mainWindow_re__mouseMoveEvent running--- green
2023-08-03 16:26:53.047 | INFO     | petC:mainWindow_re__mouseMoveEvent:153 - mouse pos: (963, 714) id: green
2023-08-03 16:26:53.048 | INFO     | petC:mainWindow_re__mouseMoveEvent:154 - mouse pos window: (86, 27) id: green
2023-08-03 16:26:53.050 | INFO     | petC:mainWindow_re__mouseMoveEvent:155 - mouse pos move to: (877, 687) id: green
2023-08-03 16:26:53.053 | INFO     | petC:mainWindow_re__mouseMoveEvent:158 - green mouseButtonDown changed: False

2023-08-03 16:26:53.054 | INFO     | petC:mainWindow_re__mouseMoveEvent:148 - mainWindow_re__mouseMoveEvent running--- green
2023-08-03 16:26:53.055 | INFO     | petC:mainWindow_re__mouseMoveEvent:153 - mouse pos: (966, 709) id: green
2023-08-03 16:26:53.056 | INFO     | petC:mainWindow_re__mouseMoveEvent:154 - mouse pos window: (86, 27) id: green
2023-08-03 16:26:53.058 | INFO     | petC:mainWindow_re__mouseMoveEvent:155 - mouse pos move to: (880, 682) id: green
2023-08-03 16:26:53.059 | INFO     | petC:mainWindow_re__mouseMoveEvent:158 - green mouseButtonDown changed: False

2023-08-03 16:26:53.061 | INFO     | petC:mainWindow_re__mouseMoveEvent:148 - mainWindow_re__mouseMoveEvent running--- green
2023-08-03 16:26:53.063 | INFO     | petC:mainWindow_re__mouseMoveEvent:153 - mouse pos: (967, 706) id: green
2023-08-03 16:26:53.064 | INFO     | petC:mainWindow_re__mouseMoveEvent:154 - mouse pos window: (86, 27) id: green
2023-08-03 16:26:53.066 | INFO     | petC:mainWindow_re__mouseMoveEvent:155 - mouse pos move to: (881, 679) id: green
2023-08-03 16:26:53.068 | INFO     | petC:mainWindow_re__mouseMoveEvent:158 - green mouseButtonDown changed: False

2023-08-03 16:26:53.071 | INFO     | petC:mainWindow_re__mouseMoveEvent:148 - mainWindow_re__mouseMoveEvent running--- green
2023-08-03 16:26:53.072 | INFO     | petC:mainWindow_re__mouseMoveEvent:153 - mouse pos: (969, 702) id: green
2023-08-03 16:26:53.073 | INFO     | petC:mainWindow_re__mouseMoveEvent:154 - mouse pos window: (86, 27) id: green
2023-08-03 16:26:53.074 | INFO     | petC:mainWindow_re__mouseMoveEvent:155 - mouse pos move to: (883, 675) id: green
2023-08-03 16:26:53.075 | INFO     | petC:mainWindow_re__mouseMoveEvent:158 - green mouseButtonDown changed: False

2023-08-03 16:26:53.078 | INFO     | petC:mainWindow_re__mouseMoveEvent:148 - mainWindow_re__mouseMoveEvent running--- green
2023-08-03 16:26:53.079 | INFO     | petC:mainWindow_re__mouseMoveEvent:153 - mouse pos: (970, 699) id: green
2023-08-03 16:26:53.081 | INFO     | petC:mainWindow_re__mouseMoveEvent:154 - mouse pos window: (86, 27) id: green
2023-08-03 16:26:53.083 | INFO     | petC:mainWindow_re__mouseMoveEvent:155 - mouse pos move to: (884, 672) id: green
2023-08-03 16:26:53.085 | INFO     | petC:mainWindow_re__mouseMoveEvent:158 - green mouseButtonDown changed: False

2023-08-03 16:26:53.086 | INFO     | petC:mainWindow_re__mouseMoveEvent:148 - mainWindow_re__mouseMoveEvent running--- green
2023-08-03 16:26:53.088 | INFO     | petC:mainWindow_re__mouseMoveEvent:153 - mouse pos: (971, 695) id: green
2023-08-03 16:26:53.089 | INFO     | petC:mainWindow_re__mouseMoveEvent:154 - mouse pos window: (86, 27) id: green
2023-08-03 16:26:53.090 | INFO     | petC:mainWindow_re__mouseMoveEvent:155 - mouse pos move to: (885, 668) id: green
2023-08-03 16:26:53.091 | INFO     | petC:mainWindow_re__mouseMoveEvent:158 - green mouseButtonDown changed: False

2023-08-03 16:26:53.093 | INFO     | petC:mainWindow_re__mouseMoveEvent:148 - mainWindow_re__mouseMoveEvent running--- green
2023-08-03 16:26:53.094 | INFO     | petC:mainWindow_re__mouseMoveEvent:153 - mouse pos: (972, 692) id: green
2023-08-03 16:26:53.097 | INFO     | petC:mainWindow_re__mouseMoveEvent:154 - mouse pos window: (86, 27) id: green
2023-08-03 16:26:53.098 | INFO     | petC:mainWindow_re__mouseMoveEvent:155 - mouse pos move to: (886, 665) id: green
2023-08-03 16:26:53.100 | INFO     | petC:mainWindow_re__mouseMoveEvent:158 - green mouseButtonDown changed: False

2023-08-03 16:26:53.102 | INFO     | petC:mainWindow_re__mouseMoveEvent:148 - mainWindow_re__mouseMoveEvent running--- green
2023-08-03 16:26:53.104 | INFO     | petC:mainWindow_re__mouseMoveEvent:153 - mouse pos: (972, 690) id: green
2023-08-03 16:26:53.105 | INFO     | petC:mainWindow_re__mouseMoveEvent:154 - mouse pos window: (86, 27) id: green
2023-08-03 16:26:53.106 | INFO     | petC:mainWindow_re__mouseMoveEvent:155 - mouse pos move to: (886, 663) id: green
2023-08-03 16:26:53.107 | INFO     | petC:mainWindow_re__mouseMoveEvent:158 - green mouseButtonDown changed: False

2023-08-03 16:26:53.109 | INFO     | petC:mainWindow_re__mouseMoveEvent:148 - mainWindow_re__mouseMoveEvent running--- green
2023-08-03 16:26:53.112 | INFO     | petC:mainWindow_re__mouseMoveEvent:153 - mouse pos: (972, 687) id: green
2023-08-03 16:26:53.113 | INFO     | petC:mainWindow_re__mouseMoveEvent:154 - mouse pos window: (86, 27) id: green
2023-08-03 16:26:53.114 | INFO     | petC:mainWindow_re__mouseMoveEvent:155 - mouse pos move to: (886, 660) id: green
2023-08-03 16:26:53.116 | INFO     | petC:mainWindow_re__mouseMoveEvent:158 - green mouseButtonDown changed: False

2023-08-03 16:26:53.118 | INFO     | petC:mainWindow_re__mouseMoveEvent:148 - mainWindow_re__mouseMoveEvent running--- green
2023-08-03 16:26:53.119 | INFO     | petC:mainWindow_re__mouseMoveEvent:153 - mouse pos: (972, 684) id: green
2023-08-03 16:26:53.120 | INFO     | petC:mainWindow_re__mouseMoveEvent:154 - mouse pos window: (86, 27) id: green
2023-08-03 16:26:53.121 | INFO     | petC:mainWindow_re__mouseMoveEvent:155 - mouse pos move to: (886, 657) id: green
2023-08-03 16:26:53.123 | INFO     | petC:mainWindow_re__mouseMoveEvent:158 - green mouseButtonDown changed: False

2023-08-03 16:26:53.125 | INFO     | petC:mainWindow_re__mouseMoveEvent:148 - mainWindow_re__mouseMoveEvent running--- green
2023-08-03 16:26:53.127 | INFO     | petC:mainWindow_re__mouseMoveEvent:153 - mouse pos: (972, 681) id: green
2023-08-03 16:26:53.128 | INFO     | petC:mainWindow_re__mouseMoveEvent:154 - mouse pos window: (86, 27) id: green
2023-08-03 16:26:53.129 | INFO     | petC:mainWindow_re__mouseMoveEvent:155 - mouse pos move to: (886, 654) id: green
2023-08-03 16:26:53.130 | INFO     | petC:mainWindow_re__mouseMoveEvent:158 - green mouseButtonDown changed: False

2023-08-03 16:26:53.133 | INFO     | petC:mainWindow_re__mouseMoveEvent:148 - mainWindow_re__mouseMoveEvent running--- green
2023-08-03 16:26:53.134 | INFO     | petC:mainWindow_re__mouseMoveEvent:153 - mouse pos: (972, 679) id: green
2023-08-03 16:26:53.135 | INFO     | petC:mainWindow_re__mouseMoveEvent:154 - mouse pos window: (86, 27) id: green
2023-08-03 16:26:53.137 | INFO     | petC:mainWindow_re__mouseMoveEvent:155 - mouse pos move to: (886, 652) id: green
2023-08-03 16:26:53.138 | INFO     | petC:mainWindow_re__mouseMoveEvent:158 - green mouseButtonDown changed: False

2023-08-03 16:26:53.141 | INFO     | petC:mainWindow_re__mouseMoveEvent:148 - mainWindow_re__mouseMoveEvent running--- green
2023-08-03 16:26:53.144 | INFO     | petC:mainWindow_re__mouseMoveEvent:153 - mouse pos: (972, 676) id: green
2023-08-03 16:26:53.145 | INFO     | petC:mainWindow_re__mouseMoveEvent:154 - mouse pos window: (86, 27) id: green
2023-08-03 16:26:53.146 | INFO     | petC:mainWindow_re__mouseMoveEvent:155 - mouse pos move to: (886, 649) id: green
2023-08-03 16:26:53.148 | INFO     | petC:mainWindow_re__mouseMoveEvent:158 - green mouseButtonDown changed: False

2023-08-03 16:26:53.150 | INFO     | petC:mainWindow_re__mouseMoveEvent:148 - mainWindow_re__mouseMoveEvent running--- green
2023-08-03 16:26:53.151 | INFO     | petC:mainWindow_re__mouseMoveEvent:153 - mouse pos: (972, 673) id: green
2023-08-03 16:26:53.152 | INFO     | petC:mainWindow_re__mouseMoveEvent:154 - mouse pos window: (86, 27) id: green
2023-08-03 16:26:53.153 | INFO     | petC:mainWindow_re__mouseMoveEvent:155 - mouse pos move to: (886, 646) id: green
2023-08-03 16:26:53.155 | INFO     | petC:mainWindow_re__mouseMoveEvent:158 - green mouseButtonDown changed: False

2023-08-03 16:26:53.157 | INFO     | petC:mainWindow_re__mouseMoveEvent:148 - mainWindow_re__mouseMoveEvent running--- green
2023-08-03 16:26:53.159 | INFO     | petC:mainWindow_re__mouseMoveEvent:153 - mouse pos: (972, 671) id: green
2023-08-03 16:26:53.160 | INFO     | petC:mainWindow_re__mouseMoveEvent:154 - mouse pos window: (86, 27) id: green
2023-08-03 16:26:53.161 | INFO     | petC:mainWindow_re__mouseMoveEvent:155 - mouse pos move to: (886, 644) id: green
2023-08-03 16:26:53.162 | INFO     | petC:mainWindow_re__mouseMoveEvent:158 - green mouseButtonDown changed: False

2023-08-03 16:26:53.174 | INFO     | petC:mainWindow_re__mouseMoveEvent:148 - mainWindow_re__mouseMoveEvent running--- green
2023-08-03 16:26:53.176 | INFO     | petC:mainWindow_re__mouseMoveEvent:153 - mouse pos: (972, 668) id: green
2023-08-03 16:26:53.177 | INFO     | petC:mainWindow_re__mouseMoveEvent:154 - mouse pos window: (86, 27) id: green
2023-08-03 16:26:53.178 | INFO     | petC:mainWindow_re__mouseMoveEvent:155 - mouse pos move to: (886, 641) id: green
2023-08-03 16:26:53.179 | INFO     | petC:mainWindow_re__mouseMoveEvent:158 - green mouseButtonDown changed: False

2023-08-03 16:26:53.181 | INFO     | petC:mainWindow_re__mouseMoveEvent:148 - mainWindow_re__mouseMoveEvent running--- green
2023-08-03 16:26:53.182 | INFO     | petC:mainWindow_re__mouseMoveEvent:153 - mouse pos: (972, 665) id: green
2023-08-03 16:26:53.183 | INFO     | petC:mainWindow_re__mouseMoveEvent:154 - mouse pos window: (86, 27) id: green
2023-08-03 16:26:53.184 | INFO     | petC:mainWindow_re__mouseMoveEvent:155 - mouse pos move to: (886, 638) id: green
2023-08-03 16:26:53.186 | INFO     | petC:mainWindow_re__mouseMoveEvent:158 - green mouseButtonDown changed: False

2023-08-03 16:26:53.189 | INFO     | petC:mainWindow_re__mouseMoveEvent:148 - mainWindow_re__mouseMoveEvent running--- green
2023-08-03 16:26:53.191 | INFO     | petC:mainWindow_re__mouseMoveEvent:153 - mouse pos: (972, 662) id: green
2023-08-03 16:26:53.192 | INFO     | petC:mainWindow_re__mouseMoveEvent:154 - mouse pos window: (86, 27) id: green
2023-08-03 16:26:53.193 | INFO     | petC:mainWindow_re__mouseMoveEvent:155 - mouse pos move to: (886, 635) id: green
2023-08-03 16:26:53.195 | INFO     | petC:mainWindow_re__mouseMoveEvent:158 - green mouseButtonDown changed: False

2023-08-03 16:26:53.197 | INFO     | petC:mainWindow_re__mouseMoveEvent:148 - mainWindow_re__mouseMoveEvent running--- green
2023-08-03 16:26:53.198 | INFO     | petC:mainWindow_re__mouseMoveEvent:153 - mouse pos: (972, 659) id: green
2023-08-03 16:26:53.199 | INFO     | petC:mainWindow_re__mouseMoveEvent:154 - mouse pos window: (86, 27) id: green
2023-08-03 16:26:53.200 | INFO     | petC:mainWindow_re__mouseMoveEvent:155 - mouse pos move to: (886, 632) id: green
2023-08-03 16:26:53.202 | INFO     | petC:mainWindow_re__mouseMoveEvent:158 - green mouseButtonDown changed: False

2023-08-03 16:26:53.205 | INFO     | petC:mainWindow_re__mouseMoveEvent:148 - mainWindow_re__mouseMoveEvent running--- green
2023-08-03 16:26:53.206 | INFO     | petC:mainWindow_re__mouseMoveEvent:153 - mouse pos: (972, 656) id: green
2023-08-03 16:26:53.207 | INFO     | petC:mainWindow_re__mouseMoveEvent:154 - mouse pos window: (86, 27) id: green
2023-08-03 16:26:53.208 | INFO     | petC:mainWindow_re__mouseMoveEvent:155 - mouse pos move to: (886, 629) id: green
2023-08-03 16:26:53.210 | INFO     | petC:mainWindow_re__mouseMoveEvent:158 - green mouseButtonDown changed: False

2023-08-03 16:26:53.213 | INFO     | petC:mainWindow_re__mouseMoveEvent:148 - mainWindow_re__mouseMoveEvent running--- green
2023-08-03 16:26:53.214 | INFO     | petC:mainWindow_re__mouseMoveEvent:153 - mouse pos: (972, 652) id: green
2023-08-03 16:26:53.215 | INFO     | petC:mainWindow_re__mouseMoveEvent:154 - mouse pos window: (86, 27) id: green
2023-08-03 16:26:53.216 | INFO     | petC:mainWindow_re__mouseMoveEvent:155 - mouse pos move to: (886, 625) id: green
2023-08-03 16:26:53.218 | INFO     | petC:mainWindow_re__mouseMoveEvent:158 - green mouseButtonDown changed: False

2023-08-03 16:26:53.221 | INFO     | petC:mainWindow_re__mouseMoveEvent:148 - mainWindow_re__mouseMoveEvent running--- green
2023-08-03 16:26:53.222 | INFO     | petC:mainWindow_re__mouseMoveEvent:153 - mouse pos: (972, 648) id: green
2023-08-03 16:26:53.223 | INFO     | petC:mainWindow_re__mouseMoveEvent:154 - mouse pos window: (86, 27) id: green
2023-08-03 16:26:53.224 | INFO     | petC:mainWindow_re__mouseMoveEvent:155 - mouse pos move to: (886, 621) id: green
2023-08-03 16:26:53.226 | INFO     | petC:mainWindow_re__mouseMoveEvent:158 - green mouseButtonDown changed: False

2023-08-03 16:26:53.229 | INFO     | petC:mainWindow_re__mouseMoveEvent:148 - mainWindow_re__mouseMoveEvent running--- green
2023-08-03 16:26:53.230 | INFO     | petC:mainWindow_re__mouseMoveEvent:153 - mouse pos: (972, 645) id: green
2023-08-03 16:26:53.231 | INFO     | petC:mainWindow_re__mouseMoveEvent:154 - mouse pos window: (86, 27) id: green
2023-08-03 16:26:53.232 | INFO     | petC:mainWindow_re__mouseMoveEvent:155 - mouse pos move to: (886, 618) id: green
2023-08-03 16:26:53.234 | INFO     | petC:mainWindow_re__mouseMoveEvent:158 - green mouseButtonDown changed: False

2023-08-03 16:26:53.238 | DEBUG    | petC:speak_condition:310 - isSpeaking:False,isGeneratorOK:True
2023-08-03 16:26:53.239 | INFO     | petC:mainWindow_re__mouseMoveEvent:148 - mainWindow_re__mouseMoveEvent running--- green
2023-08-03 16:26:53.240 | INFO     | petC:mainWindow_re__mouseMoveEvent:153 - mouse pos: (972, 642) id: green
2023-08-03 16:26:53.241 | INFO     | petC:mainWindow_re__mouseMoveEvent:154 - mouse pos window: (86, 27) id: green
2023-08-03 16:26:53.243 | INFO     | petC:mainWindow_re__mouseMoveEvent:155 - mouse pos move to: (886, 615) id: green
2023-08-03 16:26:53.244 | INFO     | petC:mainWindow_re__mouseMoveEvent:158 - green mouseButtonDown changed: False

2023-08-03 16:26:53.246 | INFO     | petC:mainWindow_re__mouseMoveEvent:148 - mainWindow_re__mouseMoveEvent running--- green
2023-08-03 16:26:53.247 | INFO     | petC:mainWindow_re__mouseMoveEvent:153 - mouse pos: (972, 638) id: green
2023-08-03 16:26:53.248 | INFO     | petC:mainWindow_re__mouseMoveEvent:154 - mouse pos window: (86, 27) id: green
2023-08-03 16:26:53.249 | INFO     | petC:mainWindow_re__mouseMoveEvent:155 - mouse pos move to: (886, 611) id: green
2023-08-03 16:26:53.252 | INFO     | petC:mainWindow_re__mouseMoveEvent:158 - green mouseButtonDown changed: False

2023-08-03 16:26:53.254 | INFO     | petC:mainWindow_re__mouseMoveEvent:148 - mainWindow_re__mouseMoveEvent running--- green
2023-08-03 16:26:53.256 | INFO     | petC:mainWindow_re__mouseMoveEvent:153 - mouse pos: (972, 634) id: green
2023-08-03 16:26:53.257 | INFO     | petC:mainWindow_re__mouseMoveEvent:154 - mouse pos window: (86, 27) id: green
2023-08-03 16:26:53.258 | INFO     | petC:mainWindow_re__mouseMoveEvent:155 - mouse pos move to: (886, 607) id: green
2023-08-03 16:26:53.259 | INFO     | petC:mainWindow_re__mouseMoveEvent:158 - green mouseButtonDown changed: False

2023-08-03 16:26:53.261 | INFO     | petC:mainWindow_re__mouseMoveEvent:148 - mainWindow_re__mouseMoveEvent running--- green
2023-08-03 16:26:53.262 | INFO     | petC:mainWindow_re__mouseMoveEvent:153 - mouse pos: (972, 630) id: green
2023-08-03 16:26:53.263 | INFO     | petC:mainWindow_re__mouseMoveEvent:154 - mouse pos window: (86, 27) id: green
2023-08-03 16:26:53.264 | INFO     | petC:mainWindow_re__mouseMoveEvent:155 - mouse pos move to: (886, 603) id: green
2023-08-03 16:26:53.266 | INFO     | petC:mainWindow_re__mouseMoveEvent:158 - green mouseButtonDown changed: False

2023-08-03 16:26:53.271 | INFO     | petC:mainWindow_re__mouseMoveEvent:148 - mainWindow_re__mouseMoveEvent running--- green
2023-08-03 16:26:53.272 | INFO     | petC:mainWindow_re__mouseMoveEvent:153 - mouse pos: (973, 625) id: green
2023-08-03 16:26:53.273 | INFO     | petC:mainWindow_re__mouseMoveEvent:154 - mouse pos window: (86, 27) id: green
2023-08-03 16:26:53.274 | INFO     | petC:mainWindow_re__mouseMoveEvent:155 - mouse pos move to: (887, 598) id: green
2023-08-03 16:26:53.276 | INFO     | petC:mainWindow_re__mouseMoveEvent:158 - green mouseButtonDown changed: False

2023-08-03 16:26:53.277 | INFO     | petC:mainWindow_re__mouseMoveEvent:148 - mainWindow_re__mouseMoveEvent running--- green
2023-08-03 16:26:53.279 | INFO     | petC:mainWindow_re__mouseMoveEvent:153 - mouse pos: (973, 620) id: green
2023-08-03 16:26:53.280 | INFO     | petC:mainWindow_re__mouseMoveEvent:154 - mouse pos window: (86, 27) id: green
2023-08-03 16:26:53.281 | INFO     | petC:mainWindow_re__mouseMoveEvent:155 - mouse pos move to: (887, 593) id: green
2023-08-03 16:26:53.282 | INFO     | petC:mainWindow_re__mouseMoveEvent:158 - green mouseButtonDown changed: False

2023-08-03 16:26:53.286 | INFO     | petC:mainWindow_re__mouseMoveEvent:148 - mainWindow_re__mouseMoveEvent running--- green
2023-08-03 16:26:53.287 | INFO     | petC:mainWindow_re__mouseMoveEvent:153 - mouse pos: (974, 615) id: green
2023-08-03 16:26:53.288 | INFO     | petC:mainWindow_re__mouseMoveEvent:154 - mouse pos window: (86, 27) id: green
2023-08-03 16:26:53.289 | INFO     | petC:mainWindow_re__mouseMoveEvent:155 - mouse pos move to: (888, 588) id: green
2023-08-03 16:26:53.291 | INFO     | petC:mainWindow_re__mouseMoveEvent:158 - green mouseButtonDown changed: False

2023-08-03 16:26:53.293 | INFO     | petC:mainWindow_re__mouseMoveEvent:148 - mainWindow_re__mouseMoveEvent running--- green
2023-08-03 16:26:53.294 | INFO     | petC:mainWindow_re__mouseMoveEvent:153 - mouse pos: (975, 606) id: green
2023-08-03 16:26:53.295 | INFO     | petC:mainWindow_re__mouseMoveEvent:154 - mouse pos window: (86, 27) id: green
2023-08-03 16:26:53.296 | INFO     | petC:mainWindow_re__mouseMoveEvent:155 - mouse pos move to: (889, 579) id: green
2023-08-03 16:26:53.298 | INFO     | petC:mainWindow_re__mouseMoveEvent:158 - green mouseButtonDown changed: False

2023-08-03 16:26:53.302 | INFO     | petC:mainWindow_re__mouseMoveEvent:148 - mainWindow_re__mouseMoveEvent running--- green
2023-08-03 16:26:53.303 | INFO     | petC:mainWindow_re__mouseMoveEvent:153 - mouse pos: (975, 601) id: green
2023-08-03 16:26:53.304 | INFO     | petC:mainWindow_re__mouseMoveEvent:154 - mouse pos window: (86, 27) id: green
2023-08-03 16:26:53.305 | INFO     | petC:mainWindow_re__mouseMoveEvent:155 - mouse pos move to: (889, 574) id: green
2023-08-03 16:26:53.307 | INFO     | petC:mainWindow_re__mouseMoveEvent:158 - green mouseButtonDown changed: False

2023-08-03 16:26:53.308 | INFO     | petC:mainWindow_re__mouseMoveEvent:148 - mainWindow_re__mouseMoveEvent running--- green
2023-08-03 16:26:53.309 | INFO     | petC:mainWindow_re__mouseMoveEvent:153 - mouse pos: (975, 597) id: green
2023-08-03 16:26:53.310 | INFO     | petC:mainWindow_re__mouseMoveEvent:154 - mouse pos window: (86, 27) id: green
2023-08-03 16:26:53.311 | INFO     | petC:mainWindow_re__mouseMoveEvent:155 - mouse pos move to: (889, 570) id: green
2023-08-03 16:26:53.313 | INFO     | petC:mainWindow_re__mouseMoveEvent:158 - green mouseButtonDown changed: False

2023-08-03 16:26:53.314 | INFO     | petC:mainWindow_re__mouseMoveEvent:148 - mainWindow_re__mouseMoveEvent running--- green
2023-08-03 16:26:53.317 | INFO     | petC:mainWindow_re__mouseMoveEvent:153 - mouse pos: (976, 592) id: green
2023-08-03 16:26:53.318 | INFO     | petC:mainWindow_re__mouseMoveEvent:154 - mouse pos window: (86, 27) id: green
2023-08-03 16:26:53.320 | INFO     | petC:mainWindow_re__mouseMoveEvent:155 - mouse pos move to: (890, 565) id: green
2023-08-03 16:26:53.321 | INFO     | petC:mainWindow_re__mouseMoveEvent:158 - green mouseButtonDown changed: False

2023-08-03 16:26:53.323 | INFO     | petC:mainWindow_re__mouseMoveEvent:148 - mainWindow_re__mouseMoveEvent running--- green
2023-08-03 16:26:53.324 | INFO     | petC:mainWindow_re__mouseMoveEvent:153 - mouse pos: (976, 592) id: green
2023-08-03 16:26:53.325 | INFO     | petC:mainWindow_re__mouseMoveEvent:154 - mouse pos window: (86, 27) id: green
2023-08-03 16:26:53.326 | INFO     | petC:mainWindow_re__mouseMoveEvent:155 - mouse pos move to: (890, 565) id: green
2023-08-03 16:26:53.327 | INFO     | petC:mainWindow_re__mouseMoveEvent:158 - green mouseButtonDown changed: False

2023-08-03 16:26:53.328 | INFO     | petC:mainWindow_re__mouseMoveEvent:148 - mainWindow_re__mouseMoveEvent running--- green
2023-08-03 16:26:53.330 | INFO     | petC:mainWindow_re__mouseMoveEvent:153 - mouse pos: (976, 587) id: green
2023-08-03 16:26:53.330 | INFO     | petC:mainWindow_re__mouseMoveEvent:154 - mouse pos window: (86, 27) id: green
2023-08-03 16:26:53.334 | INFO     | petC:mainWindow_re__mouseMoveEvent:155 - mouse pos move to: (890, 560) id: green
2023-08-03 16:26:53.336 | INFO     | petC:mainWindow_re__mouseMoveEvent:158 - green mouseButtonDown changed: False

2023-08-03 16:26:53.338 | INFO     | petC:mainWindow_re__mouseMoveEvent:148 - mainWindow_re__mouseMoveEvent running--- green
2023-08-03 16:26:53.339 | INFO     | petC:mainWindow_re__mouseMoveEvent:153 - mouse pos: (976, 583) id: green
2023-08-03 16:26:53.340 | INFO     | petC:mainWindow_re__mouseMoveEvent:154 - mouse pos window: (86, 27) id: green
2023-08-03 16:26:53.341 | INFO     | petC:mainWindow_re__mouseMoveEvent:155 - mouse pos move to: (890, 556) id: green
2023-08-03 16:26:53.343 | INFO     | petC:mainWindow_re__mouseMoveEvent:158 - green mouseButtonDown changed: False

2023-08-03 16:26:53.344 | INFO     | petC:mainWindow_re__mouseMoveEvent:148 - mainWindow_re__mouseMoveEvent running--- green
2023-08-03 16:26:53.346 | INFO     | petC:mainWindow_re__mouseMoveEvent:153 - mouse pos: (976, 579) id: green
2023-08-03 16:26:53.348 | INFO     | petC:mainWindow_re__mouseMoveEvent:154 - mouse pos window: (86, 27) id: green
2023-08-03 16:26:53.349 | INFO     | petC:mainWindow_re__mouseMoveEvent:155 - mouse pos move to: (890, 552) id: green
2023-08-03 16:26:53.351 | INFO     | petC:mainWindow_re__mouseMoveEvent:158 - green mouseButtonDown changed: False

2023-08-03 16:26:53.353 | INFO     | petC:mainWindow_re__mouseMoveEvent:148 - mainWindow_re__mouseMoveEvent running--- green
2023-08-03 16:26:53.354 | INFO     | petC:mainWindow_re__mouseMoveEvent:153 - mouse pos: (977, 576) id: green
2023-08-03 16:26:53.355 | INFO     | petC:mainWindow_re__mouseMoveEvent:154 - mouse pos window: (86, 27) id: green
2023-08-03 16:26:53.356 | INFO     | petC:mainWindow_re__mouseMoveEvent:155 - mouse pos move to: (891, 549) id: green
2023-08-03 16:26:53.358 | INFO     | petC:mainWindow_re__mouseMoveEvent:158 - green mouseButtonDown changed: False

2023-08-03 16:26:53.360 | INFO     | petC:mainWindow_re__mouseMoveEvent:148 - mainWindow_re__mouseMoveEvent running--- green
2023-08-03 16:26:53.364 | INFO     | petC:mainWindow_re__mouseMoveEvent:153 - mouse pos: (977, 572) id: green
2023-08-03 16:26:53.365 | INFO     | petC:mainWindow_re__mouseMoveEvent:154 - mouse pos window: (86, 27) id: green
2023-08-03 16:26:53.366 | INFO     | petC:mainWindow_re__mouseMoveEvent:155 - mouse pos move to: (891, 545) id: green
2023-08-03 16:26:53.368 | INFO     | petC:mainWindow_re__mouseMoveEvent:158 - green mouseButtonDown changed: False

2023-08-03 16:26:53.370 | INFO     | petC:mainWindow_re__mouseMoveEvent:148 - mainWindow_re__mouseMoveEvent running--- green
2023-08-03 16:26:53.372 | INFO     | petC:mainWindow_re__mouseMoveEvent:153 - mouse pos: (977, 569) id: green
2023-08-03 16:26:53.373 | INFO     | petC:mainWindow_re__mouseMoveEvent:154 - mouse pos window: (86, 27) id: green
2023-08-03 16:26:53.374 | INFO     | petC:mainWindow_re__mouseMoveEvent:155 - mouse pos move to: (891, 542) id: green
2023-08-03 16:26:53.376 | INFO     | petC:mainWindow_re__mouseMoveEvent:158 - green mouseButtonDown changed: False

2023-08-03 16:26:53.379 | INFO     | petC:mainWindow_re__mouseMoveEvent:148 - mainWindow_re__mouseMoveEvent running--- green
2023-08-03 16:26:53.380 | INFO     | petC:mainWindow_re__mouseMoveEvent:153 - mouse pos: (977, 566) id: green
2023-08-03 16:26:53.381 | INFO     | petC:mainWindow_re__mouseMoveEvent:154 - mouse pos window: (86, 27) id: green
2023-08-03 16:26:53.383 | INFO     | petC:mainWindow_re__mouseMoveEvent:155 - mouse pos move to: (891, 539) id: green
2023-08-03 16:26:53.384 | INFO     | petC:mainWindow_re__mouseMoveEvent:158 - green mouseButtonDown changed: False

2023-08-03 16:26:53.386 | INFO     | petC:mainWindow_re__mouseMoveEvent:148 - mainWindow_re__mouseMoveEvent running--- green
2023-08-03 16:26:53.387 | INFO     | petC:mainWindow_re__mouseMoveEvent:153 - mouse pos: (977, 563) id: green
2023-08-03 16:26:53.388 | INFO     | petC:mainWindow_re__mouseMoveEvent:154 - mouse pos window: (86, 27) id: green
2023-08-03 16:26:53.389 | INFO     | petC:mainWindow_re__mouseMoveEvent:155 - mouse pos move to: (891, 536) id: green
2023-08-03 16:26:53.391 | INFO     | petC:mainWindow_re__mouseMoveEvent:158 - green mouseButtonDown changed: False

2023-08-03 16:26:53.401 | INFO     | petC:mainWindow_re__mouseMoveEvent:148 - mainWindow_re__mouseMoveEvent running--- green
2023-08-03 16:26:53.403 | INFO     | petC:mainWindow_re__mouseMoveEvent:153 - mouse pos: (977, 562) id: green
2023-08-03 16:26:53.403 | INFO     | petC:mainWindow_re__mouseMoveEvent:154 - mouse pos window: (86, 27) id: green
2023-08-03 16:26:53.405 | INFO     | petC:mainWindow_re__mouseMoveEvent:155 - mouse pos move to: (891, 535) id: green
2023-08-03 16:26:53.406 | INFO     | petC:mainWindow_re__mouseMoveEvent:158 - green mouseButtonDown changed: False

2023-08-03 16:26:53.409 | INFO     | petC:mainWindow_re__mouseMoveEvent:148 - mainWindow_re__mouseMoveEvent running--- green
2023-08-03 16:26:53.411 | INFO     | petC:mainWindow_re__mouseMoveEvent:153 - mouse pos: (978, 561) id: green
2023-08-03 16:26:53.412 | INFO     | petC:mainWindow_re__mouseMoveEvent:154 - mouse pos window: (86, 27) id: green
2023-08-03 16:26:53.413 | INFO     | petC:mainWindow_re__mouseMoveEvent:155 - mouse pos move to: (892, 534) id: green
2023-08-03 16:26:53.414 | INFO     | petC:mainWindow_re__mouseMoveEvent:158 - green mouseButtonDown changed: False

2023-08-03 16:26:53.421 | INFO     | petC:mainWindow_re__mouseMoveEvent:148 - mainWindow_re__mouseMoveEvent running--- green
2023-08-03 16:26:53.422 | INFO     | petC:mainWindow_re__mouseMoveEvent:153 - mouse pos: (978, 560) id: green
2023-08-03 16:26:53.425 | INFO     | petC:mainWindow_re__mouseMoveEvent:154 - mouse pos window: (86, 27) id: green
2023-08-03 16:26:53.426 | INFO     | petC:mainWindow_re__mouseMoveEvent:155 - mouse pos move to: (892, 533) id: green
2023-08-03 16:26:53.428 | INFO     | petC:mainWindow_re__mouseMoveEvent:158 - green mouseButtonDown changed: False

2023-08-03 16:26:53.437 | DEBUG    | petC:speak_condition:310 - isSpeaking:False,isGeneratorOK:True
2023-08-03 16:26:53.438 | INFO     | petC:mainWindow_re__mouseMoveEvent:148 - mainWindow_re__mouseMoveEvent running--- green
2023-08-03 16:26:53.441 | INFO     | petC:mainWindow_re__mouseMoveEvent:153 - mouse pos: (978, 559) id: green
2023-08-03 16:26:53.442 | INFO     | petC:mainWindow_re__mouseMoveEvent:154 - mouse pos window: (86, 27) id: green
2023-08-03 16:26:53.443 | INFO     | petC:mainWindow_re__mouseMoveEvent:155 - mouse pos move to: (892, 532) id: green
2023-08-03 16:26:53.444 | INFO     | petC:mainWindow_re__mouseMoveEvent:158 - green mouseButtonDown changed: False

2023-08-03 16:26:53.461 | INFO     | petC:mainWindow_re__mouseMoveEvent:148 - mainWindow_re__mouseMoveEvent running--- green
2023-08-03 16:26:53.462 | INFO     | petC:mainWindow_re__mouseMoveEvent:153 - mouse pos: (978, 558) id: green
2023-08-03 16:26:53.463 | INFO     | petC:mainWindow_re__mouseMoveEvent:154 - mouse pos window: (86, 27) id: green
2023-08-03 16:26:53.464 | INFO     | petC:mainWindow_re__mouseMoveEvent:155 - mouse pos move to: (892, 531) id: green
2023-08-03 16:26:53.466 | INFO     | petC:mainWindow_re__mouseMoveEvent:158 - green mouseButtonDown changed: False

2023-08-03 16:26:53.647 | DEBUG    | petC:speak_condition:310 - isSpeaking:False,isGeneratorOK:True
2023-08-03 16:26:53.650 | INFO     | petC:mainWindow_re__mouseReleaseEvent:137 - mainWindow_re__mouseReleaseEvent running--- green
2023-08-03 16:26:53.652 | INFO     | petC:mainWindow_re__mouseReleaseEvent:145 - green mouseButtonDown changed: False

2023-08-03 16:26:53.845 | DEBUG    | petC:speak_condition:310 - isSpeaking:False,isGeneratorOK:True
2023-08-03 16:26:54.056 | DEBUG    | petC:speak_condition:310 - isSpeaking:False,isGeneratorOK:True
2023-08-03 16:26:54.248 | DEBUG    | petC:speak_condition:310 - isSpeaking:False,isGeneratorOK:True
2023-08-03 16:26:54.466 | DEBUG    | petC:speak_condition:310 - isSpeaking:False,isGeneratorOK:True
2023-08-03 16:26:54.669 | DEBUG    | petC:speak_condition:310 - isSpeaking:False,isGeneratorOK:True
2023-08-03 16:26:54.871 | DEBUG    | petC:speak_condition:310 - isSpeaking:False,isGeneratorOK:True
2023-08-03 16:26:55.074 | DEBUG    | petC:speak_condition:310 - isSpeaking:False,isGeneratorOK:True
2023-08-03 16:26:55.275 | DEBUG    | petC:speak_condition:310 - isSpeaking:False,isGeneratorOK:True
2023-08-03 16:26:55.479 | DEBUG    | petC:speak_condition:310 - isSpeaking:False,isGeneratorOK:True
2023-08-03 16:26:55.674 | DEBUG    | petC:speak_condition:310 - isSpeaking:False,isGeneratorOK:True
2023-08-03 16:26:55.886 | DEBUG    | petC:speak_condition:310 - isSpeaking:False,isGeneratorOK:True
2023-08-03 16:26:56.091 | DEBUG    | petC:speak_condition:310 - isSpeaking:False,isGeneratorOK:True
2023-08-03 16:26:56.280 | DEBUG    | petC:speak_condition:310 - isSpeaking:False,isGeneratorOK:True
2023-08-03 16:26:56.484 | DEBUG    | petC:speak_condition:310 - isSpeaking:False,isGeneratorOK:True
2023-08-03 16:26:56.687 | DEBUG    | petC:speak_condition:310 - isSpeaking:False,isGeneratorOK:True
2023-08-03 16:26:56.891 | DEBUG    | petC:speak_condition:310 - isSpeaking:False,isGeneratorOK:True
2023-08-03 16:26:57.093 | INFO     | petC:walk:265 - green walking
2023-08-03 16:26:57.094 | DEBUG    | petC:speak_condition:310 - isSpeaking:False,isGeneratorOK:True
2023-08-03 16:26:57.308 | DEBUG    | petC:speak_condition:310 - isSpeaking:False,isGeneratorOK:True
2023-08-03 16:26:57.512 | DEBUG    | petC:speak_condition:310 - isSpeaking:False,isGeneratorOK:True
2023-08-03 16:26:57.716 | DEBUG    | petC:speak_condition:310 - isSpeaking:False,isGeneratorOK:True
2023-08-03 16:26:57.916 | DEBUG    | petC:speak_condition:310 - isSpeaking:False,isGeneratorOK:True
2023-08-03 16:26:58.121 | DEBUG    | petC:speak_condition:310 - isSpeaking:False,isGeneratorOK:True
2023-08-03 16:26:58.311 | DEBUG    | petC:speak_condition:310 - isSpeaking:False,isGeneratorOK:True
2023-08-03 16:26:58.514 | INFO     | petC:walk:265 - green walking
2023-08-03 16:26:58.516 | DEBUG    | petC:speak_condition:310 - isSpeaking:False,isGeneratorOK:True
2023-08-03 16:26:58.719 | DEBUG    | petC:speak_condition:310 - isSpeaking:False,isGeneratorOK:True
2023-08-03 16:26:58.923 | DEBUG    | petC:speak_condition:310 - isSpeaking:False,isGeneratorOK:True
2023-08-03 16:26:59.126 | DEBUG    | petC:speak_condition:310 - isSpeaking:False,isGeneratorOK:True
2023-08-03 16:26:59.329 | INFO     | petC:walk:265 - green walking
2023-08-03 16:26:59.330 | DEBUG    | petC:speak_condition:310 - isSpeaking:False,isGeneratorOK:True
2023-08-03 16:26:59.531 | DEBUG    | petC:speak_condition:310 - isSpeaking:False,isGeneratorOK:True
2023-08-03 16:26:59.748 | DEBUG    | petC:speak_condition:310 - isSpeaking:False,isGeneratorOK:True
2023-08-03 16:26:59.939 | DEBUG    | petC:speak_condition:310 - isSpeaking:False,isGeneratorOK:True
2023-08-03 16:27:00.142 | DEBUG    | petC:speak_condition:310 - isSpeaking:False,isGeneratorOK:True
2023-08-03 16:27:00.347 | DEBUG    | petC:speak_condition:310 - isSpeaking:False,isGeneratorOK:True
2023-08-03 16:27:00.553 | INFO     | petC:walk:265 - green walking
2023-08-03 16:27:00.554 | DEBUG    | petC:speak_condition:310 - isSpeaking:False,isGeneratorOK:True
2023-08-03 16:27:00.757 | DEBUG    | petC:speak_condition:310 - isSpeaking:False,isGeneratorOK:True
2023-08-03 16:27:00.759 | INFO     | petC:speak:315 - green speaking
2023-08-03 16:27:02.259 | INFO     | petC:speak_UI:320 - green speak_UI,[7;44mhello

It's a great way to start a chat, ask questions, and learn more about the day. Click here to go to a page in this guide to make sure you're ready to jump in.[0m
2023-08-03 16:27:02.379 | DEBUG    | petC:speak_condition:310 - isSpeaking:False,isGeneratorOK:True
2023-08-03 16:27:02.585 | DEBUG    | petC:speak_condition:310 - isSpeaking:False,isGeneratorOK:True
2023-08-03 16:27:02.789 | DEBUG    | petC:speak_condition:310 - isSpeaking:False,isGeneratorOK:True
2023-08-03 16:27:02.991 | DEBUG    | petC:speak_condition:310 - isSpeaking:False,isGeneratorOK:True
2023-08-03 16:27:03.197 | DEBUG    | petC:speak_condition:310 - isSpeaking:False,isGeneratorOK:True
2023-08-03 16:27:03.404 | DEBUG    | petC:speak_condition:310 - isSpeaking:False,isGeneratorOK:True
2023-08-03 16:27:03.593 | DEBUG    | petC:speak_condition:310 - isSpeaking:False,isGeneratorOK:True
2023-08-03 16:27:03.796 | DEBUG    | petC:speak_condition:310 - isSpeaking:False,isGeneratorOK:True
2023-08-03 16:27:04.000 | DEBUG    | petC:speak_condition:310 - isSpeaking:False,isGeneratorOK:True
2023-08-03 16:27:04.204 | INFO     | petC:walk:265 - green walking
2023-08-03 16:27:04.206 | DEBUG    | petC:speak_condition:310 - isSpeaking:False,isGeneratorOK:True
2023-08-03 16:27:04.408 | DEBUG    | petC:speak_condition:310 - isSpeaking:False,isGeneratorOK:True
2023-08-03 16:27:04.609 | DEBUG    | petC:speak_condition:310 - isSpeaking:False,isGeneratorOK:True
2023-08-03 16:27:04.810 | DEBUG    | petC:speak_condition:310 - isSpeaking:False,isGeneratorOK:True
2023-08-03 16:27:05.014 | INFO     | petC:walk:265 - green walking
2023-08-03 16:27:05.016 | DEBUG    | petC:speak_condition:310 - isSpeaking:False,isGeneratorOK:True
2023-08-03 16:27:05.217 | DEBUG    | petC:speak_condition:310 - isSpeaking:False,isGeneratorOK:True
2023-08-03 16:27:05.421 | DEBUG    | petC:speak_condition:310 - isSpeaking:False,isGeneratorOK:True
2023-08-03 16:27:05.627 | DEBUG    | petC:speak_condition:310 - isSpeaking:False,isGeneratorOK:True
2023-08-03 16:27:05.830 | DEBUG    | petC:speak_condition:310 - isSpeaking:False,isGeneratorOK:True
2023-08-03 16:27:06.032 | DEBUG    | petC:speak_condition:310 - isSpeaking:False,isGeneratorOK:True
2023-08-03 16:27:06.234 | DEBUG    | petC:speak_condition:310 - isSpeaking:False,isGeneratorOK:True
2023-08-03 16:27:06.436 | DEBUG    | petC:speak_condition:310 - isSpeaking:False,isGeneratorOK:True
2023-08-03 16:27:06.437 | INFO     | petC:speak:315 - green speaking
