2023-08-12 15:28:33.274 | INFO     | __main__:__init__:122 - all init start
2023-08-12 15:28:33.415 | INFO     | petC:setMouseEvent:224 - setMouseEvent running--- slime
2023-08-12 15:28:33.417 | INFO     | petC:setMouseEvent:229 - 

2023-08-12 15:28:33.418 | INFO     | petC:initAI:428 - slime initAI running
2023-08-12 15:28:33.463 | INFO     | petC:hide:232 - slime hide
2023-08-12 15:28:33.474 | INFO     | petC:setMouseEvent:224 - setMouseEvent running--- red
2023-08-12 15:28:33.476 | INFO     | petC:setMouseEvent:229 - 

2023-08-12 15:28:33.478 | INFO     | petC:initAI:428 - red initAI running
2023-08-12 15:28:33.481 | INFO     | petC:hide:232 - red hide
2023-08-12 15:28:33.491 | INFO     | petC:setMouseEvent:224 - setMouseEvent running--- orange
2023-08-12 15:28:33.493 | INFO     | petC:setMouseEvent:229 - 

2023-08-12 15:28:33.494 | INFO     | petC:initAI:428 - orange initAI running
2023-08-12 15:28:33.497 | INFO     | petC:hide:232 - orange hide
2023-08-12 15:28:33.508 | INFO     | petC:setMouseEvent:224 - setMouseEvent running--- yellow
2023-08-12 15:28:33.509 | INFO     | petC:setMouseEvent:229 - 

2023-08-12 15:28:33.511 | INFO     | petC:initAI:428 - yellow initAI running
2023-08-12 15:28:33.514 | INFO     | petC:hide:232 - yellow hide
2023-08-12 15:28:33.524 | INFO     | petC:setMouseEvent:224 - setMouseEvent running--- green
2023-08-12 15:28:33.526 | INFO     | petC:setMouseEvent:229 - 

2023-08-12 15:28:33.528 | INFO     | petC:initAI:428 - green initAI running
2023-08-12 15:28:33.531 | INFO     | petC:hide:232 - green hide
2023-08-12 15:28:33.541 | INFO     | petC:setMouseEvent:224 - setMouseEvent running--- blue
2023-08-12 15:28:33.542 | INFO     | petC:setMouseEvent:229 - 

2023-08-12 15:28:33.544 | INFO     | petC:initAI:428 - blue initAI running
2023-08-12 15:28:33.550 | INFO     | petC:hide:232 - blue hide
2023-08-12 15:28:33.560 | INFO     | petC:setMouseEvent:224 - setMouseEvent running--- purple
2023-08-12 15:28:33.565 | INFO     | petC:setMouseEvent:229 - 

2023-08-12 15:28:33.567 | INFO     | petC:initAI:428 - purple initAI running
2023-08-12 15:28:33.570 | INFO     | petC:hide:232 - purple hide
2023-08-12 15:28:33.573 | INFO     | __main__:initCtrlWindow:183 - init CtrlWindow
2023-08-12 15:28:34.147 | INFO     | ctrlWindow:__init__:21 - <__main__.Main object at 0x000001C4C3FDF400>
2023-08-12 15:28:34.149 | INFO     | ctrlWindow:initEvents:31 - init Events
2023-08-12 15:28:34.152 | DEBUG    | petC:getLogic:344 - standing still,stand
2023-08-12 15:28:34.154 | WARNING  | petC:inRect:327 - in rect
2023-08-12 15:28:34.156 | INFO     | __main__:initSysMenu:197 - initSysMenu
2023-08-12 15:28:36.267 | INFO     | petC:show:238 - green show
2023-08-12 15:28:36.289 | DEBUG    | petC:doTask:415 - green doTask
2023-08-12 15:28:36.295 | DEBUG    | petC:move:369 - moving green
