2023-08-09 15:17:33.323 | INFO     | __main__:__init__:137 - all init start
2023-08-09 15:17:33.341 | INFO     | __main__:initTimerThread:168 - timer started
2023-08-09 15:17:33.466 | INFO     | petC:setMouseEvent:191 - setMouseEvent running--- slime
2023-08-09 15:17:33.468 | INFO     | petC:setMouseEvent:196 - 

2023-08-09 15:17:33.469 | INFO     | petC:initAI:448 - slime initAI running
2023-08-09 15:17:33.471 | INFO     | AI:__init__:57 - slime's AI init
2023-08-09 15:17:33.473 | INFO     | AI:__init__:58 - infos:
2023-08-09 15:17:33.474 | INFO     | AI:__init__:59 -     -id: slime_AI
2023-08-09 15:17:33.491 | INFO     | petC:hide:199 - slime hide
2023-08-09 15:17:33.502 | INFO     | petC:setMouseEvent:191 - setMouseEvent running--- red
2023-08-09 15:17:33.505 | INFO     | petC:setMouseEvent:196 - 

2023-08-09 15:17:33.506 | INFO     | petC:initAI:448 - red initAI running
2023-08-09 15:17:33.508 | INFO     | AI:__init__:57 - red's AI init
2023-08-09 15:17:33.509 | INFO     | AI:__init__:58 - infos:
2023-08-09 15:17:33.511 | INFO     | AI:__init__:59 -     -id: red_AI
2023-08-09 15:17:33.514 | INFO     | petC:hide:199 - red hide
2023-08-09 15:17:33.525 | INFO     | petC:setMouseEvent:191 - setMouseEvent running--- orange
2023-08-09 15:17:33.527 | INFO     | petC:setMouseEvent:196 - 

2023-08-09 15:17:33.529 | INFO     | petC:initAI:448 - orange initAI running
2023-08-09 15:17:33.530 | INFO     | AI:__init__:57 - orange's AI init
2023-08-09 15:17:33.532 | INFO     | AI:__init__:58 - infos:
2023-08-09 15:17:33.534 | INFO     | AI:__init__:59 -     -id: orange_AI
2023-08-09 15:17:33.537 | INFO     | petC:hide:199 - orange hide
2023-08-09 15:17:33.546 | INFO     | petC:setMouseEvent:191 - setMouseEvent running--- yellow
2023-08-09 15:17:33.549 | INFO     | petC:setMouseEvent:196 - 

2023-08-09 15:17:33.551 | INFO     | petC:initAI:448 - yellow initAI running
2023-08-09 15:17:33.554 | INFO     | AI:__init__:57 - yellow's AI init
2023-08-09 15:17:33.555 | INFO     | AI:__init__:58 - infos:
2023-08-09 15:17:33.556 | INFO     | AI:__init__:59 -     -id: yellow_AI
2023-08-09 15:17:33.559 | INFO     | petC:hide:199 - yellow hide
2023-08-09 15:17:33.571 | INFO     | petC:setMouseEvent:191 - setMouseEvent running--- green
2023-08-09 15:17:33.573 | INFO     | petC:setMouseEvent:196 - 

2023-08-09 15:17:33.575 | INFO     | petC:initAI:448 - green initAI running
2023-08-09 15:17:33.577 | INFO     | AI:__init__:57 - green's AI init
2023-08-09 15:17:33.578 | INFO     | AI:__init__:58 - infos:
2023-08-09 15:17:33.580 | INFO     | AI:__init__:59 -     -id: green_AI
2023-08-09 15:17:33.582 | INFO     | petC:hide:199 - green hide
2023-08-09 15:17:33.595 | INFO     | petC:setMouseEvent:191 - setMouseEvent running--- blue
2023-08-09 15:17:33.597 | INFO     | petC:setMouseEvent:196 - 

2023-08-09 15:17:33.599 | INFO     | petC:initAI:448 - blue initAI running
2023-08-09 15:17:33.603 | INFO     | AI:__init__:57 - blue's AI init
2023-08-09 15:17:33.604 | INFO     | AI:__init__:58 - infos:
2023-08-09 15:17:33.606 | INFO     | AI:__init__:59 -     -id: blue_AI
2023-08-09 15:17:33.608 | INFO     | petC:hide:199 - blue hide
2023-08-09 15:17:33.620 | INFO     | petC:setMouseEvent:191 - setMouseEvent running--- purple
2023-08-09 15:17:33.622 | INFO     | petC:setMouseEvent:196 - 

2023-08-09 15:17:33.623 | INFO     | petC:initAI:448 - purple initAI running
2023-08-09 15:17:33.625 | INFO     | AI:__init__:57 - purple's AI init
2023-08-09 15:17:33.626 | INFO     | AI:__init__:58 - infos:
2023-08-09 15:17:33.628 | INFO     | AI:__init__:59 -     -id: purple_AI
2023-08-09 15:17:33.630 | INFO     | petC:hide:199 - purple hide
2023-08-09 15:17:33.636 | INFO     | __main__:initMoveThread:161 - Move started
2023-08-09 15:17:33.636 | INFO     | __main__:run:115 - move thread start
2023-08-09 15:17:33.638 | INFO     | __main__:initGenerator:155 - NLP started
2023-08-09 15:17:33.640 | DEBUG    | __main__:run:127 - move thread running
2023-08-09 15:17:33.642 | INFO     | __main__:initCtrlWindow:174 - init CtrlWindow
2023-08-09 15:17:34.197 | INFO     | ctrlWindow:__init__:21 - <__main__.Main object at 0x0000026614452A70>
2023-08-09 15:17:34.204 | INFO     | ctrlWindow:initEvents:31 - init Events
2023-08-09 15:17:34.208 | INFO     | __main__:initSysMenu:188 - initSysMenu
2023-08-09 15:17:37.376 | WARNING  | AI:init:17 - generator [96minited[0m~~~~~~~~~~~~~~~~~~~~~
