2023-08-11 16:46:14.513 | INFO     | __main__:__init__:122 - all init start
2023-08-11 16:46:14.761 | INFO     | petC:setMouseEvent:224 - setMouseEvent running--- slime
2023-08-11 16:46:14.762 | INFO     | petC:setMouseEvent:229 - 

2023-08-11 16:46:14.763 | INFO     | petC:initAI:428 - slime initAI running
2023-08-11 16:46:14.793 | INFO     | petC:hide:232 - slime hide
2023-08-11 16:46:14.812 | INFO     | petC:setMouseEvent:224 - setMouseEvent running--- red
2023-08-11 16:46:14.813 | INFO     | petC:setMouseEvent:229 - 

2023-08-11 16:46:14.813 | INFO     | petC:initAI:428 - red initAI running
2023-08-11 16:46:14.816 | INFO     | petC:hide:232 - red hide
2023-08-11 16:46:14.833 | INFO     | petC:setMouseEvent:224 - setMouseEvent running--- orange
2023-08-11 16:46:14.833 | INFO     | petC:setMouseEvent:229 - 

2023-08-11 16:46:14.834 | INFO     | petC:initAI:428 - orange initAI running
2023-08-11 16:46:14.837 | INFO     | petC:hide:232 - orange hide
2023-08-11 16:46:14.855 | INFO     | petC:setMouseEvent:224 - setMouseEvent running--- yellow
2023-08-11 16:46:14.855 | INFO     | petC:setMouseEvent:229 - 

2023-08-11 16:46:14.856 | INFO     | petC:initAI:428 - yellow initAI running
2023-08-11 16:46:14.858 | INFO     | petC:hide:232 - yellow hide
2023-08-11 16:46:14.880 | INFO     | petC:setMouseEvent:224 - setMouseEvent running--- green
2023-08-11 16:46:14.880 | INFO     | petC:setMouseEvent:229 - 

2023-08-11 16:46:14.881 | INFO     | petC:initAI:428 - green initAI running
2023-08-11 16:46:14.883 | INFO     | petC:hide:232 - green hide
2023-08-11 16:46:14.901 | INFO     | petC:setMouseEvent:224 - setMouseEvent running--- blue
2023-08-11 16:46:14.902 | INFO     | petC:setMouseEvent:229 - 

2023-08-11 16:46:14.903 | INFO     | petC:initAI:428 - blue initAI running
2023-08-11 16:46:14.905 | INFO     | petC:hide:232 - blue hide
2023-08-11 16:46:14.926 | INFO     | petC:setMouseEvent:224 - setMouseEvent running--- purple
2023-08-11 16:46:14.927 | INFO     | petC:setMouseEvent:229 - 

2023-08-11 16:46:14.927 | INFO     | petC:initAI:428 - purple initAI running
2023-08-11 16:46:14.930 | INFO     | petC:hide:232 - purple hide
2023-08-11 16:46:14.933 | INFO     | __main__:initCtrlWindow:182 - init CtrlWindow
2023-08-11 16:46:16.016 | INFO     | ctrlWindow:__init__:21 - <__main__.Main object at 0x000001BC3FDCF400>
2023-08-11 16:46:16.016 | INFO     | ctrlWindow:initEvents:31 - init Events
2023-08-11 16:46:16.019 | INFO     | __main__:initSysMenu:196 - initSysMenu
2023-08-11 16:46:18.063 | INFO     | petC:show:238 - green show
2023-08-11 16:46:18.120 | DEBUG    | petC:doTask:415 - green doTask
2023-08-11 16:46:18.146 | DEBUG    | petC:doTask:415 - green doTask
2023-08-11 16:46:18.169 | DEBUG    | petC:doTask:415 - green doTask
2023-08-11 16:46:18.190 | DEBUG    | petC:doTask:415 - green doTask
2023-08-11 16:46:18.212 | DEBUG    | petC:doTask:415 - green doTask
2023-08-11 16:46:18.234 | DEBUG    | petC:doTask:415 - green doTask
2023-08-11 16:46:18.256 | DEBUG    | petC:doTask:415 - green doTask
2023-08-11 16:46:18.281 | DEBUG    | petC:doTask:415 - green doTask
2023-08-11 16:46:18.308 | DEBUG    | petC:doTask:415 - green doTask
2023-08-11 16:46:18.337 | DEBUG    | petC:doTask:415 - green doTask
2023-08-11 16:46:18.364 | DEBUG    | petC:doTask:415 - green doTask
2023-08-11 16:46:18.394 | DEBUG    | petC:doTask:415 - green doTask
2023-08-11 16:46:18.417 | DEBUG    | petC:doTask:415 - green doTask
2023-08-11 16:46:18.440 | DEBUG    | petC:doTask:415 - green doTask
2023-08-11 16:46:18.462 | DEBUG    | petC:doTask:415 - green doTask
2023-08-11 16:46:18.485 | DEBUG    | petC:doTask:415 - green doTask
2023-08-11 16:46:18.512 | DEBUG    | petC:doTask:415 - green doTask
2023-08-11 16:46:18.540 | DEBUG    | petC:doTask:415 - green doTask
2023-08-11 16:46:18.571 | DEBUG    | petC:doTask:415 - green doTask
2023-08-11 16:46:18.603 | DEBUG    | petC:doTask:415 - green doTask
2023-08-11 16:46:18.634 | DEBUG    | petC:doTask:415 - green doTask
2023-08-11 16:46:18.659 | DEBUG    | petC:doTask:415 - green doTask
2023-08-11 16:46:18.682 | DEBUG    | petC:doTask:415 - green doTask
2023-08-11 16:46:18.706 | DEBUG    | petC:doTask:415 - green doTask
2023-08-11 16:46:18.736 | DEBUG    | petC:doTask:415 - green doTask
2023-08-11 16:46:18.767 | DEBUG    | petC:doTask:415 - green doTask
2023-08-11 16:46:18.796 | DEBUG    | petC:doTask:415 - green doTask
2023-08-11 16:46:18.821 | DEBUG    | petC:doTask:415 - green doTask
2023-08-11 16:46:18.843 | DEBUG    | petC:doTask:415 - green doTask
2023-08-11 16:46:18.864 | DEBUG    | petC:doTask:415 - green doTask
2023-08-11 16:46:18.884 | DEBUG    | petC:doTask:415 - green doTask
2023-08-11 16:46:18.907 | DEBUG    | petC:doTask:415 - green doTask
2023-08-11 16:46:18.933 | DEBUG    | petC:doTask:415 - green doTask
2023-08-11 16:46:18.961 | DEBUG    | petC:doTask:415 - green doTask
2023-08-11 16:46:18.990 | DEBUG    | petC:doTask:415 - green doTask
2023-08-11 16:46:19.015 | DEBUG    | petC:doTask:415 - green doTask
2023-08-11 16:46:19.038 | DEBUG    | petC:doTask:415 - green doTask
2023-08-11 16:46:19.061 | DEBUG    | petC:doTask:415 - green doTask
2023-08-11 16:46:19.083 | DEBUG    | petC:doTask:415 - green doTask
2023-08-11 16:46:19.105 | DEBUG    | petC:doTask:415 - green doTask
2023-08-11 16:46:19.129 | DEBUG    | petC:doTask:415 - green doTask
2023-08-11 16:46:19.158 | DEBUG    | petC:doTask:415 - green doTask
2023-08-11 16:46:19.189 | DEBUG    | petC:doTask:415 - green doTask
2023-08-11 16:46:19.220 | DEBUG    | petC:doTask:415 - green doTask
2023-08-11 16:46:19.245 | DEBUG    | petC:doTask:415 - green doTask
2023-08-11 16:46:19.267 | DEBUG    | petC:doTask:415 - green doTask
2023-08-11 16:46:19.287 | DEBUG    | petC:doTask:415 - green doTask
2023-08-11 16:46:19.308 | DEBUG    | petC:doTask:415 - green doTask
2023-08-11 16:46:19.326 | DEBUG    | petC:doTask:415 - green doTask
2023-08-11 16:46:19.346 | DEBUG    | petC:doTask:415 - green doTask
2023-08-11 16:46:19.368 | DEBUG    | petC:doTask:415 - green doTask
2023-08-11 16:46:19.394 | DEBUG    | petC:doTask:415 - green doTask
2023-08-11 16:46:19.420 | DEBUG    | petC:doTask:415 - green doTask
2023-08-11 16:46:19.451 | DEBUG    | petC:doTask:415 - green doTask
2023-08-11 16:46:19.476 | DEBUG    | petC:doTask:415 - green doTask
2023-08-11 16:46:19.500 | DEBUG    | petC:doTask:415 - green doTask
2023-08-11 16:46:19.519 | DEBUG    | petC:doTask:415 - green doTask
2023-08-11 16:46:19.540 | DEBUG    | petC:doTask:415 - green doTask
2023-08-11 16:46:19.561 | DEBUG    | petC:doTask:415 - green doTask
2023-08-11 16:46:19.590 | DEBUG    | petC:doTask:415 - green doTask
2023-08-11 16:46:19.620 | DEBUG    | petC:doTask:415 - green doTask
2023-08-11 16:46:19.650 | DEBUG    | petC:doTask:415 - green doTask
2023-08-11 16:46:19.675 | DEBUG    | petC:doTask:415 - green doTask
2023-08-11 16:46:19.697 | DEBUG    | petC:doTask:415 - green doTask
2023-08-11 16:46:19.718 | DEBUG    | petC:doTask:415 - green doTask
2023-08-11 16:46:19.737 | DEBUG    | petC:doTask:415 - green doTask
2023-08-11 16:46:19.757 | DEBUG    | petC:doTask:415 - green doTask
2023-08-11 16:46:19.784 | DEBUG    | petC:doTask:415 - green doTask
2023-08-11 16:46:19.812 | DEBUG    | petC:doTask:415 - green doTask
2023-08-11 16:46:19.842 | DEBUG    | petC:doTask:415 - green doTask
2023-08-11 16:46:19.870 | DEBUG    | petC:doTask:415 - green doTask
2023-08-11 16:46:19.896 | DEBUG    | petC:doTask:415 - green doTask
2023-08-11 16:46:19.918 | DEBUG    | petC:doTask:415 - green doTask
2023-08-11 16:46:19.938 | DEBUG    | petC:doTask:415 - green doTask
2023-08-11 16:46:19.961 | DEBUG    | petC:doTask:415 - green doTask
2023-08-11 16:46:19.982 | DEBUG    | petC:doTask:415 - green doTask
2023-08-11 16:46:20.007 | DEBUG    | petC:doTask:415 - green doTask
2023-08-11 16:46:20.032 | DEBUG    | petC:doTask:415 - green doTask
2023-08-11 16:46:20.059 | DEBUG    | petC:doTask:415 - green doTask
2023-08-11 16:46:20.085 | DEBUG    | petC:doTask:415 - green doTask
2023-08-11 16:46:20.111 | DEBUG    | petC:doTask:415 - green doTask
2023-08-11 16:46:20.132 | DEBUG    | petC:doTask:415 - green doTask
2023-08-11 16:46:20.157 | DEBUG    | petC:doTask:415 - green doTask
2023-08-11 16:46:20.177 | DEBUG    | petC:doTask:415 - green doTask
2023-08-11 16:46:20.203 | DEBUG    | petC:doTask:415 - green doTask
2023-08-11 16:46:20.229 | DEBUG    | petC:doTask:415 - green doTask
2023-08-11 16:46:20.255 | DEBUG    | petC:doTask:415 - green doTask
2023-08-11 16:46:20.280 | DEBUG    | petC:doTask:415 - green doTask
2023-08-11 16:46:20.306 | DEBUG    | petC:doTask:415 - green doTask
2023-08-11 16:46:20.331 | DEBUG    | petC:doTask:415 - green doTask
2023-08-11 16:46:20.355 | DEBUG    | petC:doTask:415 - green doTask
2023-08-11 16:46:20.376 | DEBUG    | petC:doTask:415 - green doTask
2023-08-11 16:46:20.398 | DEBUG    | petC:doTask:415 - green doTask
2023-08-11 16:46:20.423 | DEBUG    | petC:doTask:415 - green doTask
2023-08-11 16:46:20.453 | DEBUG    | petC:doTask:415 - green doTask
2023-08-11 16:46:20.484 | DEBUG    | petC:doTask:415 - green doTask
2023-08-11 16:46:20.524 | DEBUG    | petC:doTask:415 - green doTask
2023-08-11 16:46:20.560 | DEBUG    | petC:doTask:415 - green doTask
2023-08-11 16:46:20.586 | DEBUG    | petC:doTask:415 - green doTask
2023-08-11 16:46:20.614 | DEBUG    | petC:doTask:415 - green doTask
2023-08-11 16:46:20.644 | DEBUG    | petC:doTask:415 - green doTask
2023-08-11 16:46:20.676 | DEBUG    | petC:doTask:415 - green doTask
2023-08-11 16:46:20.705 | DEBUG    | petC:doTask:415 - green doTask
2023-08-11 16:46:20.734 | DEBUG    | petC:doTask:415 - green doTask
2023-08-11 16:46:20.757 | DEBUG    | petC:doTask:415 - green doTask
2023-08-11 16:46:20.781 | DEBUG    | petC:doTask:415 - green doTask
2023-08-11 16:46:20.803 | DEBUG    | petC:doTask:415 - green doTask
2023-08-11 16:46:20.828 | DEBUG    | petC:doTask:415 - green doTask
2023-08-11 16:46:20.857 | DEBUG    | petC:doTask:415 - green doTask
2023-08-11 16:46:20.888 | DEBUG    | petC:doTask:415 - green doTask
2023-08-11 16:46:20.918 | DEBUG    | petC:doTask:415 - green doTask
2023-08-11 16:46:20.947 | DEBUG    | petC:doTask:415 - green doTask
2023-08-11 16:46:20.970 | DEBUG    | petC:doTask:415 - green doTask
2023-08-11 16:46:20.992 | DEBUG    | petC:doTask:415 - green doTask
2023-08-11 16:46:21.014 | DEBUG    | petC:doTask:415 - green doTask
2023-08-11 16:46:21.039 | DEBUG    | petC:doTask:415 - green doTask
2023-08-11 16:46:21.069 | DEBUG    | petC:doTask:415 - green doTask
2023-08-11 16:46:21.100 | DEBUG    | petC:doTask:415 - green doTask
2023-08-11 16:46:21.129 | DEBUG    | petC:doTask:415 - green doTask
2023-08-11 16:46:21.157 | DEBUG    | petC:doTask:415 - green doTask
2023-08-11 16:46:21.181 | DEBUG    | petC:doTask:415 - green doTask
2023-08-11 16:46:21.204 | DEBUG    | petC:doTask:415 - green doTask
2023-08-11 16:46:21.225 | DEBUG    | petC:doTask:415 - green doTask
2023-08-11 16:46:21.248 | DEBUG    | petC:doTask:415 - green doTask
2023-08-11 16:46:21.274 | DEBUG    | petC:doTask:415 - green doTask
2023-08-11 16:46:21.301 | DEBUG    | petC:doTask:415 - green doTask
2023-08-11 16:46:21.328 | DEBUG    | petC:doTask:415 - green doTask
2023-08-11 16:46:21.357 | DEBUG    | petC:doTask:415 - green doTask
2023-08-11 16:46:21.383 | DEBUG    | petC:doTask:415 - green doTask
2023-08-11 16:46:21.407 | DEBUG    | petC:doTask:415 - green doTask
2023-08-11 16:46:21.429 | DEBUG    | petC:doTask:415 - green doTask
2023-08-11 16:46:21.452 | DEBUG    | petC:doTask:415 - green doTask
2023-08-11 16:46:21.476 | DEBUG    | petC:doTask:415 - green doTask
2023-08-11 16:46:21.507 | DEBUG    | petC:doTask:415 - green doTask
2023-08-11 16:46:21.542 | DEBUG    | petC:doTask:415 - green doTask
2023-08-11 16:46:21.575 | DEBUG    | petC:doTask:415 - green doTask
2023-08-11 16:46:21.598 | DEBUG    | petC:doTask:415 - green doTask
2023-08-11 16:46:21.622 | DEBUG    | petC:doTask:415 - green doTask
2023-08-11 16:46:21.644 | DEBUG    | petC:doTask:415 - green doTask
2023-08-11 16:46:21.668 | DEBUG    | petC:doTask:415 - green doTask
2023-08-11 16:46:21.699 | DEBUG    | petC:doTask:415 - green doTask
2023-08-11 16:46:21.726 | DEBUG    | petC:doTask:415 - green doTask
2023-08-11 16:46:21.755 | DEBUG    | petC:doTask:415 - green doTask
2023-08-11 16:46:21.782 | DEBUG    | petC:doTask:415 - green doTask
2023-08-11 16:46:21.805 | DEBUG    | petC:doTask:415 - green doTask
2023-08-11 16:46:21.829 | DEBUG    | petC:doTask:415 - green doTask
2023-08-11 16:46:21.851 | DEBUG    | petC:doTask:415 - green doTask
2023-08-11 16:46:21.873 | DEBUG    | petC:doTask:415 - green doTask
2023-08-11 16:46:21.901 | DEBUG    | petC:doTask:415 - green doTask
2023-08-11 16:46:21.928 | DEBUG    | petC:doTask:415 - green doTask
2023-08-11 16:46:21.957 | DEBUG    | petC:doTask:415 - green doTask
2023-08-11 16:46:21.988 | DEBUG    | petC:doTask:415 - green doTask
2023-08-11 16:46:22.013 | DEBUG    | petC:doTask:415 - green doTask
2023-08-11 16:46:22.035 | DEBUG    | petC:doTask:415 - green doTask
2023-08-11 16:46:22.057 | DEBUG    | petC:doTask:415 - green doTask
2023-08-11 16:46:22.079 | DEBUG    | petC:doTask:415 - green doTask
2023-08-11 16:46:22.109 | DEBUG    | petC:doTask:415 - green doTask
2023-08-11 16:46:22.136 | DEBUG    | petC:doTask:415 - green doTask
2023-08-11 16:46:22.163 | DEBUG    | petC:doTask:415 - green doTask
2023-08-11 16:46:22.191 | DEBUG    | petC:doTask:415 - green doTask
2023-08-11 16:46:22.219 | DEBUG    | petC:doTask:415 - green doTask
2023-08-11 16:46:22.243 | DEBUG    | petC:doTask:415 - green doTask
2023-08-11 16:46:22.267 | DEBUG    | petC:doTask:415 - green doTask
2023-08-11 16:46:22.289 | DEBUG    | petC:doTask:415 - green doTask
2023-08-11 16:46:22.316 | DEBUG    | petC:doTask:415 - green doTask
2023-08-11 16:46:22.341 | DEBUG    | petC:doTask:415 - green doTask
2023-08-11 16:46:22.367 | DEBUG    | petC:doTask:415 - green doTask
2023-08-11 16:46:22.394 | DEBUG    | petC:doTask:415 - green doTask
2023-08-11 16:46:22.419 | DEBUG    | petC:doTask:415 - green doTask
2023-08-11 16:46:22.444 | DEBUG    | petC:doTask:415 - green doTask
2023-08-11 16:46:22.468 | DEBUG    | petC:doTask:415 - green doTask
2023-08-11 16:46:22.491 | DEBUG    | petC:doTask:415 - green doTask
2023-08-11 16:46:22.515 | DEBUG    | petC:doTask:415 - green doTask
2023-08-11 16:46:22.559 | DEBUG    | petC:doTask:415 - green doTask
2023-08-11 16:46:22.593 | DEBUG    | petC:doTask:415 - green doTask
2023-08-11 16:46:22.622 | DEBUG    | petC:doTask:415 - green doTask
2023-08-11 16:46:22.651 | DEBUG    | petC:doTask:415 - green doTask
2023-08-11 16:46:22.675 | DEBUG    | petC:doTask:415 - green doTask
2023-08-11 16:46:22.699 | DEBUG    | petC:doTask:415 - green doTask
2023-08-11 16:46:22.723 | DEBUG    | petC:doTask:415 - green doTask
2023-08-11 16:46:22.755 | DEBUG    | petC:doTask:415 - green doTask
2023-08-11 16:46:22.780 | DEBUG    | petC:doTask:415 - green doTask
2023-08-11 16:46:22.806 | DEBUG    | petC:doTask:415 - green doTask
2023-08-11 16:46:22.834 | DEBUG    | petC:doTask:415 - green doTask
2023-08-11 16:46:22.859 | DEBUG    | petC:doTask:415 - green doTask
2023-08-11 16:46:22.884 | DEBUG    | petC:doTask:415 - green doTask
2023-08-11 16:46:22.909 | DEBUG    | petC:doTask:415 - green doTask
2023-08-11 16:46:22.932 | DEBUG    | petC:doTask:415 - green doTask
2023-08-11 16:46:22.959 | DEBUG    | petC:doTask:415 - green doTask
2023-08-11 16:46:22.992 | DEBUG    | petC:doTask:415 - green doTask
2023-08-11 16:46:23.025 | DEBUG    | petC:doTask:415 - green doTask
2023-08-11 16:46:23.058 | DEBUG    | petC:doTask:415 - green doTask
2023-08-11 16:46:23.084 | DEBUG    | petC:doTask:415 - green doTask
2023-08-11 16:46:23.107 | DEBUG    | petC:doTask:415 - green doTask
2023-08-11 16:46:23.128 | DEBUG    | petC:doTask:415 - green doTask
2023-08-11 16:46:23.150 | DEBUG    | petC:doTask:415 - green doTask
2023-08-11 16:46:23.178 | DEBUG    | petC:doTask:415 - green doTask
2023-08-11 16:46:23.212 | DEBUG    | petC:doTask:415 - green doTask
2023-08-11 16:46:23.246 | DEBUG    | petC:doTask:415 - green doTask
2023-08-11 16:46:23.274 | DEBUG    | petC:doTask:415 - green doTask
2023-08-11 16:46:23.301 | DEBUG    | petC:doTask:415 - green doTask
2023-08-11 16:46:23.322 | DEBUG    | petC:doTask:415 - green doTask
2023-08-11 16:46:23.344 | DEBUG    | petC:doTask:415 - green doTask
2023-08-11 16:46:23.373 | DEBUG    | petC:doTask:415 - green doTask
2023-08-11 16:46:23.409 | DEBUG    | petC:doTask:415 - green doTask
2023-08-11 16:46:23.452 | DEBUG    | petC:doTask:415 - green doTask
2023-08-11 16:46:23.488 | DEBUG    | petC:doTask:415 - green doTask
2023-08-11 16:46:23.521 | DEBUG    | petC:doTask:415 - green doTask
2023-08-11 16:46:23.549 | DEBUG    | petC:doTask:415 - green doTask
2023-08-11 16:46:23.578 | DEBUG    | petC:doTask:415 - green doTask
2023-08-11 16:46:23.612 | DEBUG    | petC:doTask:415 - green doTask
2023-08-11 16:46:23.649 | DEBUG    | petC:doTask:415 - green doTask
2023-08-11 16:46:23.682 | DEBUG    | petC:doTask:415 - green doTask
2023-08-11 16:46:23.710 | DEBUG    | petC:doTask:415 - green doTask
2023-08-11 16:46:23.732 | DEBUG    | petC:doTask:415 - green doTask
2023-08-11 16:46:23.757 | DEBUG    | petC:doTask:415 - green doTask
2023-08-11 16:46:23.793 | DEBUG    | petC:doTask:415 - green doTask
2023-08-11 16:46:23.832 | DEBUG    | petC:doTask:415 - green doTask
2023-08-11 16:46:23.865 | DEBUG    | petC:doTask:415 - green doTask
2023-08-11 16:46:23.893 | DEBUG    | petC:doTask:415 - green doTask
2023-08-11 16:46:23.918 | DEBUG    | petC:doTask:415 - green doTask
2023-08-11 16:46:23.942 | DEBUG    | petC:doTask:415 - green doTask
2023-08-11 16:46:23.964 | DEBUG    | petC:doTask:415 - green doTask
2023-08-11 16:46:23.994 | DEBUG    | petC:doTask:415 - green doTask
2023-08-11 16:46:24.024 | DEBUG    | petC:doTask:415 - green doTask
2023-08-11 16:46:24.059 | DEBUG    | petC:doTask:415 - green doTask
2023-08-11 16:46:24.093 | DEBUG    | petC:doTask:415 - green doTask
2023-08-11 16:46:24.119 | DEBUG    | petC:doTask:415 - green doTask
2023-08-11 16:46:24.142 | DEBUG    | petC:doTask:415 - green doTask
2023-08-11 16:46:24.164 | DEBUG    | petC:doTask:415 - green doTask
2023-08-11 16:46:24.187 | DEBUG    | petC:doTask:415 - green doTask
2023-08-11 16:46:24.216 | DEBUG    | petC:doTask:415 - green doTask
2023-08-11 16:46:24.247 | DEBUG    | petC:doTask:415 - green doTask
2023-08-11 16:46:24.277 | DEBUG    | petC:doTask:415 - green doTask
2023-08-11 16:46:24.309 | DEBUG    | petC:doTask:415 - green doTask
2023-08-11 16:46:24.334 | DEBUG    | petC:doTask:415 - green doTask
2023-08-11 16:46:24.362 | DEBUG    | petC:doTask:415 - green doTask
2023-08-11 16:46:24.385 | DEBUG    | petC:doTask:415 - green doTask
2023-08-11 16:46:24.411 | DEBUG    | petC:doTask:415 - green doTask
2023-08-11 16:46:24.445 | DEBUG    | petC:doTask:415 - green doTask
2023-08-11 16:46:24.480 | DEBUG    | petC:doTask:415 - green doTask
2023-08-11 16:46:24.513 | DEBUG    | petC:doTask:415 - green doTask
2023-08-11 16:46:24.539 | DEBUG    | petC:doTask:415 - green doTask
2023-08-11 16:46:24.562 | DEBUG    | petC:doTask:415 - green doTask
2023-08-11 16:46:24.584 | DEBUG    | petC:doTask:415 - green doTask
2023-08-11 16:46:24.609 | DEBUG    | petC:doTask:415 - green doTask
2023-08-11 16:46:24.641 | DEBUG    | petC:doTask:415 - green doTask
2023-08-11 16:46:24.670 | DEBUG    | petC:doTask:415 - green doTask
2023-08-11 16:46:24.704 | DEBUG    | petC:doTask:415 - green doTask
2023-08-11 16:46:24.729 | DEBUG    | petC:doTask:415 - green doTask
2023-08-11 16:46:24.752 | DEBUG    | petC:doTask:415 - green doTask
2023-08-11 16:46:24.778 | DEBUG    | petC:doTask:415 - green doTask
2023-08-11 16:46:24.802 | DEBUG    | petC:doTask:415 - green doTask
2023-08-11 16:46:24.827 | DEBUG    | petC:doTask:415 - green doTask
2023-08-11 16:46:24.856 | DEBUG    | petC:doTask:415 - green doTask
2023-08-11 16:46:24.890 | DEBUG    | petC:doTask:415 - green doTask
2023-08-11 16:46:24.918 | DEBUG    | petC:doTask:415 - green doTask
2023-08-11 16:46:24.952 | DEBUG    | petC:doTask:415 - green doTask
2023-08-11 16:46:24.986 | DEBUG    | petC:doTask:415 - green doTask
2023-08-11 16:46:25.019 | DEBUG    | petC:doTask:415 - green doTask
2023-08-11 16:46:25.045 | DEBUG    | petC:doTask:415 - green doTask
2023-08-11 16:46:25.073 | DEBUG    | petC:doTask:415 - green doTask
2023-08-11 16:46:25.103 | DEBUG    | petC:doTask:415 - green doTask
2023-08-11 16:46:25.128 | DEBUG    | petC:doTask:415 - green doTask
2023-08-11 16:46:25.156 | DEBUG    | petC:doTask:415 - green doTask
2023-08-11 16:46:25.187 | DEBUG    | petC:doTask:415 - green doTask
2023-08-11 16:46:25.217 | DEBUG    | petC:doTask:415 - green doTask
2023-08-11 16:46:25.246 | DEBUG    | petC:doTask:415 - green doTask
2023-08-11 16:46:25.272 | DEBUG    | petC:doTask:415 - green doTask
2023-08-11 16:46:25.310 | DEBUG    | petC:doTask:415 - green doTask
2023-08-11 16:46:25.337 | DEBUG    | petC:doTask:415 - green doTask
2023-08-11 16:46:25.360 | DEBUG    | petC:doTask:415 - green doTask
2023-08-11 16:46:25.382 | DEBUG    | petC:doTask:415 - green doTask
2023-08-11 16:46:25.407 | DEBUG    | petC:doTask:415 - green doTask
2023-08-11 16:46:25.439 | DEBUG    | petC:doTask:415 - green doTask
2023-08-11 16:46:25.467 | DEBUG    | petC:doTask:415 - green doTask
2023-08-11 16:46:25.500 | DEBUG    | petC:doTask:415 - green doTask
2023-08-11 16:46:25.532 | DEBUG    | petC:doTask:415 - green doTask
2023-08-11 16:46:25.562 | DEBUG    | petC:doTask:415 - green doTask
2023-08-11 16:46:25.589 | DEBUG    | petC:doTask:415 - green doTask
2023-08-11 16:46:25.617 | DEBUG    | petC:doTask:415 - green doTask
2023-08-11 16:46:25.643 | DEBUG    | petC:doTask:415 - green doTask
2023-08-11 16:46:25.669 | DEBUG    | petC:doTask:415 - green doTask
2023-08-11 16:46:25.703 | DEBUG    | petC:doTask:415 - green doTask
2023-08-11 16:46:25.729 | DEBUG    | petC:doTask:415 - green doTask
2023-08-11 16:46:25.760 | DEBUG    | petC:doTask:415 - green doTask
2023-08-11 16:46:25.794 | DEBUG    | petC:doTask:415 - green doTask
2023-08-11 16:46:25.860 | DEBUG    | petC:doTask:415 - green doTask
2023-08-11 16:46:25.906 | DEBUG    | petC:doTask:415 - green doTask
2023-08-11 16:46:25.980 | DEBUG    | petC:doTask:415 - green doTask
2023-08-11 16:46:26.018 | DEBUG    | petC:doTask:415 - green doTask
2023-08-11 16:46:26.070 | DEBUG    | petC:doTask:415 - green doTask
2023-08-11 16:46:26.166 | DEBUG    | petC:doTask:415 - green doTask
2023-08-11 16:46:26.236 | DEBUG    | petC:doTask:415 - green doTask
2023-08-11 16:46:26.292 | DEBUG    | petC:doTask:415 - green doTask
2023-08-11 16:46:26.367 | DEBUG    | petC:doTask:415 - green doTask
2023-08-11 16:46:26.391 | DEBUG    | petC:doTask:415 - green doTask
2023-08-11 16:46:26.416 | DEBUG    | petC:doTask:415 - green doTask
2023-08-11 16:46:26.441 | DEBUG    | petC:doTask:415 - green doTask
2023-08-11 16:46:26.469 | DEBUG    | petC:doTask:415 - green doTask
2023-08-11 16:46:26.502 | DEBUG    | petC:doTask:415 - green doTask
2023-08-11 16:46:26.531 | DEBUG    | petC:doTask:415 - green doTask
2023-08-11 16:46:26.562 | DEBUG    | petC:doTask:415 - green doTask
2023-08-11 16:46:26.586 | DEBUG    | petC:doTask:415 - green doTask
2023-08-11 16:46:26.609 | DEBUG    | petC:doTask:415 - green doTask
2023-08-11 16:46:26.633 | DEBUG    | petC:doTask:415 - green doTask
2023-08-11 16:46:26.660 | DEBUG    | petC:doTask:415 - green doTask
2023-08-11 16:46:26.694 | DEBUG    | petC:doTask:415 - green doTask
2023-08-11 16:46:26.727 | DEBUG    | petC:doTask:415 - green doTask
2023-08-11 16:46:26.762 | DEBUG    | petC:doTask:415 - green doTask
2023-08-11 16:46:26.795 | DEBUG    | petC:doTask:415 - green doTask
2023-08-11 16:46:26.836 | DEBUG    | petC:doTask:415 - green doTask
2023-08-11 16:46:26.867 | DEBUG    | petC:doTask:415 - green doTask
2023-08-11 16:46:26.898 | DEBUG    | petC:doTask:415 - green doTask
2023-08-11 16:46:26.925 | DEBUG    | petC:doTask:415 - green doTask
2023-08-11 16:46:26.952 | DEBUG    | petC:doTask:415 - green doTask
2023-08-11 16:46:26.979 | DEBUG    | petC:doTask:415 - green doTask
2023-08-11 16:46:27.003 | DEBUG    | petC:doTask:415 - green doTask
2023-08-11 16:46:27.024 | DEBUG    | petC:doTask:415 - green doTask
2023-08-11 16:46:27.048 | DEBUG    | petC:doTask:415 - green doTask
2023-08-11 16:46:27.074 | DEBUG    | petC:doTask:415 - green doTask
2023-08-11 16:46:27.099 | DEBUG    | petC:doTask:415 - green doTask
2023-08-11 16:46:27.127 | DEBUG    | petC:doTask:415 - green doTask
2023-08-11 16:46:27.156 | DEBUG    | petC:doTask:415 - green doTask
2023-08-11 16:46:27.183 | DEBUG    | petC:doTask:415 - green doTask
2023-08-11 16:46:27.211 | DEBUG    | petC:doTask:415 - green doTask
2023-08-11 16:46:27.236 | DEBUG    | petC:doTask:415 - green doTask
2023-08-11 16:46:27.260 | DEBUG    | petC:doTask:415 - green doTask
2023-08-11 16:46:27.291 | DEBUG    | petC:doTask:415 - green doTask
2023-08-11 16:46:27.326 | DEBUG    | petC:doTask:415 - green doTask
2023-08-11 16:46:27.354 | DEBUG    | petC:doTask:415 - green doTask
2023-08-11 16:46:27.390 | DEBUG    | petC:doTask:415 - green doTask
2023-08-11 16:46:27.418 | DEBUG    | petC:doTask:415 - green doTask
2023-08-11 16:46:27.447 | DEBUG    | petC:doTask:415 - green doTask
2023-08-11 16:46:27.473 | DEBUG    | petC:doTask:415 - green doTask
2023-08-11 16:46:27.501 | DEBUG    | petC:doTask:415 - green doTask
2023-08-11 16:46:27.531 | DEBUG    | petC:doTask:415 - green doTask
2023-08-11 16:46:27.563 | DEBUG    | petC:doTask:415 - green doTask
2023-08-11 16:46:27.594 | DEBUG    | petC:doTask:415 - green doTask
2023-08-11 16:46:27.627 | DEBUG    | petC:doTask:415 - green doTask
2023-08-11 16:46:27.654 | DEBUG    | petC:doTask:415 - green doTask
2023-08-11 16:46:27.684 | DEBUG    | petC:doTask:415 - green doTask
2023-08-11 16:46:27.718 | DEBUG    | petC:doTask:415 - green doTask
2023-08-11 16:46:27.754 | DEBUG    | petC:doTask:415 - green doTask
2023-08-11 16:46:27.791 | DEBUG    | petC:doTask:415 - green doTask
2023-08-11 16:46:27.824 | DEBUG    | petC:doTask:415 - green doTask
2023-08-11 16:46:27.858 | DEBUG    | petC:doTask:415 - green doTask
2023-08-11 16:46:27.887 | DEBUG    | petC:doTask:415 - green doTask
2023-08-11 16:46:27.919 | DEBUG    | petC:doTask:415 - green doTask
2023-08-11 16:46:27.953 | DEBUG    | petC:doTask:415 - green doTask
2023-08-11 16:46:27.987 | DEBUG    | petC:doTask:415 - green doTask
2023-08-11 16:46:28.022 | DEBUG    | petC:doTask:415 - green doTask
2023-08-11 16:46:28.055 | DEBUG    | petC:doTask:415 - green doTask
2023-08-11 16:46:28.083 | DEBUG    | petC:doTask:415 - green doTask
2023-08-11 16:46:28.109 | DEBUG    | petC:doTask:415 - green doTask
2023-08-11 16:46:28.135 | DEBUG    | petC:doTask:415 - green doTask
2023-08-11 16:46:28.163 | DEBUG    | petC:doTask:415 - green doTask
2023-08-11 16:46:28.194 | DEBUG    | petC:doTask:415 - green doTask
2023-08-11 16:46:28.223 | DEBUG    | petC:doTask:415 - green doTask
2023-08-11 16:46:28.254 | DEBUG    | petC:doTask:415 - green doTask
2023-08-11 16:46:28.280 | DEBUG    | petC:doTask:415 - green doTask
2023-08-11 16:46:28.304 | DEBUG    | petC:doTask:415 - green doTask
2023-08-11 16:46:28.327 | DEBUG    | petC:doTask:415 - green doTask
2023-08-11 16:46:28.354 | DEBUG    | petC:doTask:415 - green doTask
2023-08-11 16:46:28.382 | DEBUG    | petC:doTask:415 - green doTask
2023-08-11 16:46:28.409 | DEBUG    | petC:doTask:415 - green doTask
2023-08-11 16:46:28.439 | DEBUG    | petC:doTask:415 - green doTask
2023-08-11 16:46:28.466 | DEBUG    | petC:doTask:415 - green doTask
2023-08-11 16:46:28.487 | DEBUG    | petC:doTask:415 - green doTask
2023-08-11 16:46:28.508 | DEBUG    | petC:doTask:415 - green doTask
2023-08-11 16:46:28.531 | DEBUG    | petC:doTask:415 - green doTask
2023-08-11 16:46:28.554 | DEBUG    | petC:doTask:415 - green doTask
2023-08-11 16:46:28.582 | DEBUG    | petC:doTask:415 - green doTask
2023-08-11 16:46:28.609 | DEBUG    | petC:doTask:415 - green doTask
2023-08-11 16:46:28.638 | DEBUG    | petC:doTask:415 - green doTask
2023-08-11 16:46:28.673 | DEBUG    | petC:doTask:415 - green doTask
2023-08-11 16:46:28.697 | DEBUG    | petC:doTask:415 - green doTask
2023-08-11 16:46:28.721 | DEBUG    | petC:doTask:415 - green doTask
2023-08-11 16:46:28.749 | DEBUG    | petC:doTask:415 - green doTask
2023-08-11 16:46:28.775 | DEBUG    | petC:doTask:415 - green doTask
2023-08-11 16:46:28.803 | DEBUG    | petC:doTask:415 - green doTask
2023-08-11 16:46:28.829 | DEBUG    | petC:doTask:415 - green doTask
2023-08-11 16:46:28.857 | DEBUG    | petC:doTask:415 - green doTask
2023-08-11 16:46:28.887 | DEBUG    | petC:doTask:415 - green doTask
2023-08-11 16:46:28.913 | DEBUG    | petC:doTask:415 - green doTask
2023-08-11 16:46:28.939 | DEBUG    | petC:doTask:415 - green doTask
2023-08-11 16:46:28.964 | DEBUG    | petC:doTask:415 - green doTask
2023-08-11 16:46:28.995 | DEBUG    | petC:doTask:415 - green doTask
2023-08-11 16:46:29.024 | DEBUG    | petC:doTask:415 - green doTask
2023-08-11 16:46:29.054 | DEBUG    | petC:doTask:415 - green doTask
2023-08-11 16:46:29.082 | DEBUG    | petC:doTask:415 - green doTask
2023-08-11 16:46:29.111 | DEBUG    | petC:doTask:415 - green doTask
2023-08-11 16:46:29.136 | DEBUG    | petC:doTask:415 - green doTask
2023-08-11 16:46:29.161 | DEBUG    | petC:doTask:415 - green doTask
2023-08-11 16:46:29.184 | DEBUG    | petC:doTask:415 - green doTask
2023-08-11 16:46:29.213 | DEBUG    | petC:doTask:415 - green doTask
2023-08-11 16:46:29.243 | DEBUG    | petC:doTask:415 - green doTask
2023-08-11 16:46:29.273 | DEBUG    | petC:doTask:415 - green doTask
2023-08-11 16:46:29.303 | DEBUG    | petC:doTask:415 - green doTask
2023-08-11 16:46:29.331 | DEBUG    | petC:doTask:415 - green doTask
2023-08-11 16:46:29.354 | DEBUG    | petC:doTask:415 - green doTask
2023-08-11 16:46:29.377 | DEBUG    | petC:doTask:415 - green doTask
2023-08-11 16:46:29.400 | DEBUG    | petC:doTask:415 - green doTask
2023-08-11 16:46:29.425 | DEBUG    | petC:doTask:415 - green doTask
2023-08-11 16:46:29.455 | DEBUG    | petC:doTask:415 - green doTask
2023-08-11 16:46:29.484 | DEBUG    | petC:doTask:415 - green doTask
2023-08-11 16:46:29.510 | DEBUG    | petC:doTask:415 - green doTask
2023-08-11 16:46:29.538 | DEBUG    | petC:doTask:415 - green doTask
2023-08-11 16:46:29.565 | DEBUG    | petC:doTask:415 - green doTask
2023-08-11 16:46:29.587 | DEBUG    | petC:doTask:415 - green doTask
2023-08-11 16:46:29.610 | DEBUG    | petC:doTask:415 - green doTask
2023-08-11 16:46:29.635 | DEBUG    | petC:doTask:415 - green doTask
2023-08-11 16:46:29.661 | DEBUG    | petC:doTask:415 - green doTask
2023-08-11 16:46:29.691 | DEBUG    | petC:doTask:415 - green doTask
2023-08-11 16:46:29.721 | DEBUG    | petC:doTask:415 - green doTask
2023-08-11 16:46:29.748 | DEBUG    | petC:doTask:415 - green doTask
2023-08-11 16:46:29.775 | DEBUG    | petC:doTask:415 - green doTask
2023-08-11 16:46:29.798 | DEBUG    | petC:doTask:415 - green doTask
2023-08-11 16:46:29.821 | DEBUG    | petC:doTask:415 - green doTask
2023-08-11 16:46:29.848 | DEBUG    | petC:doTask:415 - green doTask
2023-08-11 16:46:29.876 | DEBUG    | petC:doTask:415 - green doTask
2023-08-11 16:46:29.906 | DEBUG    | petC:doTask:415 - green doTask
2023-08-11 16:46:29.935 | DEBUG    | petC:doTask:415 - green doTask
2023-08-11 16:46:29.962 | DEBUG    | petC:doTask:415 - green doTask
2023-08-11 16:46:29.989 | DEBUG    | petC:doTask:415 - green doTask
2023-08-11 16:46:30.016 | DEBUG    | petC:doTask:415 - green doTask
2023-08-11 16:46:30.043 | DEBUG    | petC:doTask:415 - green doTask
2023-08-11 16:46:30.072 | DEBUG    | petC:doTask:415 - green doTask
2023-08-11 16:46:30.098 | DEBUG    | petC:doTask:415 - green doTask
2023-08-11 16:46:30.126 | DEBUG    | petC:doTask:415 - green doTask
2023-08-11 16:46:30.153 | DEBUG    | petC:doTask:415 - green doTask
2023-08-11 16:46:30.174 | DEBUG    | petC:doTask:415 - green doTask
2023-08-11 16:46:30.195 | DEBUG    | petC:doTask:415 - green doTask
2023-08-11 16:46:30.219 | DEBUG    | petC:doTask:415 - green doTask
2023-08-11 16:46:30.242 | DEBUG    | petC:doTask:415 - green doTask
2023-08-11 16:46:30.269 | DEBUG    | petC:doTask:415 - green doTask
2023-08-11 16:46:30.296 | DEBUG    | petC:doTask:415 - green doTask
2023-08-11 16:46:30.324 | DEBUG    | petC:doTask:415 - green doTask
2023-08-11 16:46:30.357 | DEBUG    | petC:doTask:415 - green doTask
2023-08-11 16:46:30.381 | DEBUG    | petC:doTask:415 - green doTask
2023-08-11 16:46:30.405 | DEBUG    | petC:doTask:415 - green doTask
2023-08-11 16:46:30.429 | DEBUG    | petC:doTask:415 - green doTask
2023-08-11 16:46:30.456 | DEBUG    | petC:doTask:415 - green doTask
2023-08-11 16:46:30.484 | DEBUG    | petC:doTask:415 - green doTask
2023-08-11 16:46:30.512 | DEBUG    | petC:doTask:415 - green doTask
2023-08-11 16:46:30.541 | DEBUG    | petC:doTask:415 - green doTask
2023-08-11 16:46:30.570 | DEBUG    | petC:doTask:415 - green doTask
2023-08-11 16:46:30.593 | DEBUG    | petC:doTask:415 - green doTask
2023-08-11 16:46:30.618 | DEBUG    | petC:doTask:415 - green doTask
2023-08-11 16:46:30.642 | DEBUG    | petC:doTask:415 - green doTask
2023-08-11 16:46:30.667 | DEBUG    | petC:doTask:415 - green doTask
2023-08-11 16:46:30.695 | DEBUG    | petC:doTask:415 - green doTask
2023-08-11 16:46:30.723 | DEBUG    | petC:doTask:415 - green doTask
2023-08-11 16:46:30.753 | DEBUG    | petC:doTask:415 - green doTask
2023-08-11 16:46:30.785 | DEBUG    | petC:doTask:415 - green doTask
2023-08-11 16:46:30.813 | DEBUG    | petC:doTask:415 - green doTask
2023-08-11 16:46:30.840 | DEBUG    | petC:doTask:415 - green doTask
2023-08-11 16:46:30.867 | DEBUG    | petC:doTask:415 - green doTask
2023-08-11 16:46:30.895 | DEBUG    | petC:doTask:415 - green doTask
2023-08-11 16:46:30.927 | DEBUG    | petC:doTask:415 - green doTask
2023-08-11 16:46:30.954 | DEBUG    | petC:doTask:415 - green doTask
2023-08-11 16:46:30.984 | DEBUG    | petC:doTask:415 - green doTask
2023-08-11 16:46:31.013 | DEBUG    | petC:doTask:415 - green doTask
2023-08-11 16:46:31.044 | DEBUG    | petC:doTask:415 - green doTask
2023-08-11 16:46:31.073 | DEBUG    | petC:doTask:415 - green doTask
2023-08-11 16:46:31.104 | DEBUG    | petC:doTask:415 - green doTask
2023-08-11 16:46:31.135 | DEBUG    | petC:doTask:415 - green doTask
2023-08-11 16:46:31.166 | DEBUG    | petC:doTask:415 - green doTask
2023-08-11 16:46:31.195 | DEBUG    | petC:doTask:415 - green doTask
2023-08-11 16:46:31.227 | DEBUG    | petC:doTask:415 - green doTask
2023-08-11 16:46:31.259 | DEBUG    | petC:doTask:415 - green doTask
2023-08-11 16:46:31.291 | DEBUG    | petC:doTask:415 - green doTask
2023-08-11 16:46:31.319 | DEBUG    | petC:doTask:415 - green doTask
2023-08-11 16:46:31.349 | DEBUG    | petC:doTask:415 - green doTask
2023-08-11 16:46:31.379 | DEBUG    | petC:doTask:415 - green doTask
2023-08-11 16:46:31.405 | DEBUG    | petC:doTask:415 - green doTask
2023-08-11 16:46:31.434 | DEBUG    | petC:doTask:415 - green doTask
2023-08-11 16:46:31.460 | DEBUG    | petC:doTask:415 - green doTask
2023-08-11 16:46:31.489 | DEBUG    | petC:doTask:415 - green doTask
2023-08-11 16:46:31.518 | DEBUG    | petC:doTask:415 - green doTask
2023-08-11 16:46:31.545 | DEBUG    | petC:doTask:415 - green doTask
2023-08-11 16:46:31.573 | DEBUG    | petC:doTask:415 - green doTask
2023-08-11 16:46:31.601 | DEBUG    | petC:doTask:415 - green doTask
2023-08-11 16:46:31.629 | DEBUG    | petC:doTask:415 - green doTask
2023-08-11 16:46:31.658 | DEBUG    | petC:doTask:415 - green doTask
2023-08-11 16:46:31.684 | DEBUG    | petC:doTask:415 - green doTask
2023-08-11 16:46:31.716 | DEBUG    | petC:doTask:415 - green doTask
2023-08-11 16:46:31.744 | DEBUG    | petC:doTask:415 - green doTask
2023-08-11 16:46:31.771 | DEBUG    | petC:doTask:415 - green doTask
2023-08-11 16:46:31.798 | DEBUG    | petC:doTask:415 - green doTask
2023-08-11 16:46:31.825 | DEBUG    | petC:doTask:415 - green doTask
2023-08-11 16:46:31.854 | DEBUG    | petC:doTask:415 - green doTask
2023-08-11 16:46:31.883 | DEBUG    | petC:doTask:415 - green doTask
2023-08-11 16:46:31.910 | DEBUG    | petC:doTask:415 - green doTask
2023-08-11 16:46:31.938 | DEBUG    | petC:doTask:415 - green doTask
2023-08-11 16:46:31.964 | DEBUG    | petC:doTask:415 - green doTask
2023-08-11 16:46:31.994 | DEBUG    | petC:doTask:415 - green doTask
2023-08-11 16:46:32.021 | DEBUG    | petC:doTask:415 - green doTask
2023-08-11 16:46:32.047 | DEBUG    | petC:doTask:415 - green doTask
2023-08-11 16:46:32.078 | DEBUG    | petC:doTask:415 - green doTask
2023-08-11 16:46:32.102 | DEBUG    | petC:doTask:415 - green doTask
2023-08-11 16:46:32.129 | DEBUG    | petC:doTask:415 - green doTask
2023-08-11 16:46:32.155 | DEBUG    | petC:doTask:415 - green doTask
2023-08-11 16:46:32.177 | DEBUG    | petC:doTask:415 - green doTask
2023-08-11 16:46:32.200 | DEBUG    | petC:doTask:415 - green doTask
2023-08-11 16:46:32.228 | DEBUG    | petC:doTask:415 - green doTask
2023-08-11 16:46:32.259 | DEBUG    | petC:doTask:415 - green doTask
2023-08-11 16:46:32.288 | DEBUG    | petC:doTask:415 - green doTask
2023-08-11 16:46:32.318 | DEBUG    | petC:doTask:415 - green doTask
2023-08-11 16:46:32.343 | DEBUG    | petC:doTask:415 - green doTask
2023-08-11 16:46:32.367 | DEBUG    | petC:doTask:415 - green doTask
2023-08-11 16:46:32.391 | DEBUG    | petC:doTask:415 - green doTask
2023-08-11 16:46:32.416 | DEBUG    | petC:doTask:415 - green doTask
2023-08-11 16:46:32.444 | DEBUG    | petC:doTask:415 - green doTask
2023-08-11 16:46:32.475 | DEBUG    | petC:doTask:415 - green doTask
2023-08-11 16:46:32.507 | DEBUG    | petC:doTask:415 - green doTask
2023-08-11 16:46:32.537 | DEBUG    | petC:doTask:415 - green doTask
2023-08-11 16:46:32.563 | DEBUG    | petC:doTask:415 - green doTask
2023-08-11 16:46:32.588 | DEBUG    | petC:doTask:415 - green doTask
2023-08-11 16:46:32.615 | DEBUG    | petC:doTask:415 - green doTask
2023-08-11 16:46:32.643 | DEBUG    | petC:doTask:415 - green doTask
2023-08-11 16:46:32.674 | DEBUG    | petC:doTask:415 - green doTask
2023-08-11 16:46:32.706 | DEBUG    | petC:doTask:415 - green doTask
2023-08-11 16:46:32.739 | DEBUG    | petC:doTask:415 - green doTask
2023-08-11 16:46:32.766 | DEBUG    | petC:doTask:415 - green doTask
2023-08-11 16:46:32.791 | DEBUG    | petC:doTask:415 - green doTask
2023-08-11 16:46:32.816 | DEBUG    | petC:doTask:415 - green doTask
2023-08-11 16:46:32.844 | DEBUG    | petC:doTask:415 - green doTask
2023-08-11 16:46:32.870 | DEBUG    | petC:doTask:415 - green doTask
2023-08-11 16:46:32.900 | DEBUG    | petC:doTask:415 - green doTask
2023-08-11 16:46:32.936 | DEBUG    | petC:doTask:415 - green doTask
2023-08-11 16:46:32.965 | DEBUG    | petC:doTask:415 - green doTask
2023-08-11 16:46:32.995 | DEBUG    | petC:doTask:415 - green doTask
2023-08-11 16:46:33.020 | DEBUG    | petC:doTask:415 - green doTask
2023-08-11 16:46:33.047 | DEBUG    | petC:doTask:415 - green doTask
2023-08-11 16:46:33.084 | DEBUG    | petC:doTask:415 - green doTask
2023-08-11 16:46:33.116 | DEBUG    | petC:doTask:415 - green doTask
2023-08-11 16:46:33.146 | DEBUG    | petC:doTask:415 - green doTask
2023-08-11 16:46:33.178 | DEBUG    | petC:doTask:415 - green doTask
2023-08-11 16:46:33.206 | DEBUG    | petC:doTask:415 - green doTask
2023-08-11 16:46:33.235 | DEBUG    | petC:doTask:415 - green doTask
2023-08-11 16:46:33.264 | DEBUG    | petC:doTask:415 - green doTask
2023-08-11 16:46:33.300 | DEBUG    | petC:doTask:415 - green doTask
2023-08-11 16:46:33.333 | DEBUG    | petC:doTask:415 - green doTask
2023-08-11 16:46:33.365 | DEBUG    | petC:doTask:415 - green doTask
2023-08-11 16:46:33.392 | DEBUG    | petC:doTask:415 - green doTask
2023-08-11 16:46:33.420 | DEBUG    | petC:doTask:415 - green doTask
2023-08-11 16:46:33.447 | DEBUG    | petC:doTask:415 - green doTask
2023-08-11 16:46:33.474 | DEBUG    | petC:doTask:415 - green doTask
2023-08-11 16:46:33.507 | DEBUG    | petC:doTask:415 - green doTask
2023-08-11 16:46:33.538 | DEBUG    | petC:doTask:415 - green doTask
2023-08-11 16:46:33.568 | DEBUG    | petC:doTask:415 - green doTask
2023-08-11 16:46:33.597 | DEBUG    | petC:doTask:415 - green doTask
2023-08-11 16:46:33.623 | DEBUG    | petC:doTask:415 - green doTask
2023-08-11 16:46:33.647 | DEBUG    | petC:doTask:415 - green doTask
2023-08-11 16:46:33.669 | DEBUG    | petC:doTask:415 - green doTask
2023-08-11 16:46:33.693 | DEBUG    | petC:doTask:415 - green doTask
2023-08-11 16:46:33.722 | DEBUG    | petC:doTask:415 - green doTask
2023-08-11 16:46:33.749 | DEBUG    | petC:doTask:415 - green doTask
2023-08-11 16:46:33.778 | DEBUG    | petC:doTask:415 - green doTask
2023-08-11 16:46:33.808 | DEBUG    | petC:doTask:415 - green doTask
2023-08-11 16:46:33.832 | DEBUG    | petC:doTask:415 - green doTask
2023-08-11 16:46:33.857 | DEBUG    | petC:doTask:415 - green doTask
2023-08-11 16:46:33.884 | DEBUG    | petC:doTask:415 - green doTask
2023-08-11 16:46:33.915 | DEBUG    | petC:doTask:415 - green doTask
2023-08-11 16:46:33.947 | DEBUG    | petC:doTask:415 - green doTask
2023-08-11 16:46:33.979 | DEBUG    | petC:doTask:415 - green doTask
2023-08-11 16:46:34.009 | DEBUG    | petC:doTask:415 - green doTask
2023-08-11 16:46:34.038 | DEBUG    | petC:doTask:415 - green doTask
2023-08-11 16:46:34.061 | DEBUG    | petC:doTask:415 - green doTask
2023-08-11 16:46:34.085 | DEBUG    | petC:doTask:415 - green doTask
2023-08-11 16:46:34.108 | DEBUG    | petC:doTask:415 - green doTask
2023-08-11 16:46:34.138 | DEBUG    | petC:doTask:415 - green doTask
2023-08-11 16:46:34.168 | DEBUG    | petC:doTask:415 - green doTask
2023-08-11 16:46:34.199 | DEBUG    | petC:doTask:415 - green doTask
2023-08-11 16:46:34.225 | DEBUG    | petC:doTask:415 - green doTask
2023-08-11 16:46:34.252 | DEBUG    | petC:doTask:415 - green doTask
2023-08-11 16:46:34.275 | DEBUG    | petC:doTask:415 - green doTask
2023-08-11 16:46:34.298 | DEBUG    | petC:doTask:415 - green doTask
2023-08-11 16:46:34.320 | DEBUG    | petC:doTask:415 - green doTask
2023-08-11 16:46:34.348 | DEBUG    | petC:doTask:415 - green doTask
2023-08-11 16:46:34.381 | DEBUG    | petC:doTask:415 - green doTask
2023-08-11 16:46:34.429 | DEBUG    | petC:doTask:415 - green doTask
2023-08-11 16:46:34.459 | DEBUG    | petC:doTask:415 - green doTask
2023-08-11 16:46:34.483 | DEBUG    | petC:doTask:415 - green doTask
2023-08-11 16:46:34.507 | DEBUG    | petC:doTask:415 - green doTask
2023-08-11 16:46:34.533 | DEBUG    | petC:doTask:415 - green doTask
2023-08-11 16:46:34.561 | DEBUG    | petC:doTask:415 - green doTask
2023-08-11 16:46:34.591 | DEBUG    | petC:doTask:415 - green doTask
2023-08-11 16:46:34.623 | DEBUG    | petC:doTask:415 - green doTask
2023-08-11 16:46:34.656 | DEBUG    | petC:doTask:415 - green doTask
2023-08-11 16:46:34.687 | DEBUG    | petC:doTask:415 - green doTask
2023-08-11 16:46:34.714 | DEBUG    | petC:doTask:415 - green doTask
2023-08-11 16:46:34.745 | DEBUG    | petC:doTask:415 - green doTask
2023-08-11 16:46:34.776 | DEBUG    | petC:doTask:415 - green doTask
2023-08-11 16:46:34.808 | DEBUG    | petC:doTask:415 - green doTask
2023-08-11 16:46:34.837 | DEBUG    | petC:doTask:415 - green doTask
2023-08-11 16:46:34.864 | DEBUG    | petC:doTask:415 - green doTask
2023-08-11 16:46:34.890 | DEBUG    | petC:doTask:415 - green doTask
2023-08-11 16:46:34.912 | DEBUG    | petC:doTask:415 - green doTask
2023-08-11 16:46:34.935 | DEBUG    | petC:doTask:415 - green doTask
2023-08-11 16:46:34.960 | DEBUG    | petC:doTask:415 - green doTask
2023-08-11 16:46:34.988 | DEBUG    | petC:doTask:415 - green doTask
2023-08-11 16:46:35.015 | DEBUG    | petC:doTask:415 - green doTask
2023-08-11 16:46:35.043 | DEBUG    | petC:doTask:415 - green doTask
2023-08-11 16:46:35.073 | DEBUG    | petC:doTask:415 - green doTask
2023-08-11 16:46:35.097 | DEBUG    | petC:doTask:415 - green doTask
2023-08-11 16:46:35.121 | DEBUG    | petC:doTask:415 - green doTask
2023-08-11 16:46:35.145 | DEBUG    | petC:doTask:415 - green doTask
2023-08-11 16:46:35.173 | DEBUG    | petC:doTask:415 - green doTask
2023-08-11 16:46:35.202 | DEBUG    | petC:doTask:415 - green doTask
2023-08-11 16:46:35.230 | DEBUG    | petC:doTask:415 - green doTask
2023-08-11 16:46:35.257 | DEBUG    | petC:doTask:415 - green doTask
2023-08-11 16:46:35.283 | DEBUG    | petC:doTask:415 - green doTask
2023-08-11 16:46:35.305 | DEBUG    | petC:doTask:415 - green doTask
2023-08-11 16:46:35.326 | DEBUG    | petC:doTask:415 - green doTask
2023-08-11 16:46:35.349 | DEBUG    | petC:doTask:415 - green doTask
2023-08-11 16:46:35.371 | DEBUG    | petC:doTask:415 - green doTask
2023-08-11 16:46:35.394 | DEBUG    | petC:doTask:415 - green doTask
2023-08-11 16:46:35.416 | DEBUG    | petC:doTask:415 - green doTask
2023-08-11 16:46:35.438 | DEBUG    | petC:doTask:415 - green doTask
2023-08-11 16:46:35.465 | DEBUG    | petC:doTask:415 - green doTask
2023-08-11 16:46:35.500 | DEBUG    | petC:doTask:415 - green doTask
2023-08-11 16:46:35.539 | DEBUG    | petC:doTask:415 - green doTask
2023-08-11 16:46:35.586 | DEBUG    | petC:doTask:415 - green doTask
2023-08-11 16:46:35.618 | DEBUG    | petC:doTask:415 - green doTask
2023-08-11 16:46:35.660 | DEBUG    | petC:doTask:415 - green doTask
2023-08-11 16:46:35.691 | DEBUG    | petC:doTask:415 - green doTask
2023-08-11 16:46:35.715 | DEBUG    | petC:doTask:415 - green doTask
2023-08-11 16:46:35.743 | DEBUG    | petC:doTask:415 - green doTask
2023-08-11 16:46:35.774 | DEBUG    | petC:doTask:415 - green doTask
2023-08-11 16:46:35.806 | DEBUG    | petC:doTask:415 - green doTask
2023-08-11 16:46:35.834 | DEBUG    | petC:doTask:415 - green doTask
2023-08-11 16:46:35.861 | DEBUG    | petC:doTask:415 - green doTask
2023-08-11 16:46:35.887 | DEBUG    | petC:doTask:415 - green doTask
2023-08-11 16:46:35.912 | DEBUG    | petC:doTask:415 - green doTask
2023-08-11 16:46:35.937 | DEBUG    | petC:doTask:415 - green doTask
2023-08-11 16:46:35.964 | DEBUG    | petC:doTask:415 - green doTask
2023-08-11 16:46:35.999 | DEBUG    | petC:doTask:415 - green doTask
2023-08-11 16:46:36.030 | DEBUG    | petC:doTask:415 - green doTask
2023-08-11 16:46:36.063 | DEBUG    | petC:doTask:415 - green doTask
2023-08-11 16:46:36.094 | DEBUG    | petC:doTask:415 - green doTask
2023-08-11 16:46:36.118 | DEBUG    | petC:doTask:415 - green doTask
2023-08-11 16:46:36.139 | DEBUG    | petC:doTask:415 - green doTask
2023-08-11 16:46:36.160 | DEBUG    | petC:doTask:415 - green doTask
2023-08-11 16:46:36.184 | DEBUG    | petC:doTask:415 - green doTask
2023-08-11 16:46:36.216 | DEBUG    | petC:doTask:415 - green doTask
2023-08-11 16:46:36.255 | DEBUG    | petC:doTask:415 - green doTask
2023-08-11 16:46:36.292 | DEBUG    | petC:doTask:415 - green doTask
2023-08-11 16:46:36.327 | DEBUG    | petC:doTask:415 - green doTask
2023-08-11 16:46:36.362 | DEBUG    | petC:doTask:415 - green doTask
2023-08-11 16:46:36.396 | DEBUG    | petC:doTask:415 - green doTask
2023-08-11 16:46:36.429 | DEBUG    | petC:doTask:415 - green doTask
2023-08-11 16:46:36.463 | DEBUG    | petC:doTask:415 - green doTask
2023-08-11 16:46:36.495 | DEBUG    | petC:doTask:415 - green doTask
2023-08-11 16:46:36.532 | DEBUG    | petC:doTask:415 - green doTask
2023-08-11 16:46:36.564 | DEBUG    | petC:doTask:415 - green doTask
2023-08-11 16:46:36.587 | DEBUG    | petC:doTask:415 - green doTask
2023-08-11 16:46:36.611 | DEBUG    | petC:doTask:415 - green doTask
2023-08-11 16:46:36.637 | DEBUG    | petC:doTask:415 - green doTask
2023-08-11 16:46:36.667 | DEBUG    | petC:doTask:415 - green doTask
2023-08-11 16:46:36.698 | DEBUG    | petC:doTask:415 - green doTask
2023-08-11 16:46:36.737 | DEBUG    | petC:doTask:415 - green doTask
2023-08-11 16:46:36.761 | DEBUG    | petC:doTask:415 - green doTask
2023-08-11 16:46:36.789 | DEBUG    | petC:doTask:415 - green doTask
2023-08-11 16:46:36.817 | DEBUG    | petC:doTask:415 - green doTask
2023-08-11 16:46:36.850 | DEBUG    | petC:doTask:415 - green doTask
2023-08-11 16:46:36.884 | DEBUG    | petC:doTask:415 - green doTask
2023-08-11 16:46:36.914 | DEBUG    | petC:doTask:415 - green doTask
2023-08-11 16:46:36.938 | DEBUG    | petC:doTask:415 - green doTask
2023-08-11 16:46:36.962 | DEBUG    | petC:doTask:415 - green doTask
2023-08-11 16:46:36.985 | DEBUG    | petC:doTask:415 - green doTask
2023-08-11 16:46:37.009 | DEBUG    | petC:doTask:415 - green doTask
2023-08-11 16:46:37.043 | DEBUG    | petC:doTask:415 - green doTask
2023-08-11 16:46:37.080 | DEBUG    | petC:doTask:415 - green doTask
2023-08-11 16:46:37.117 | DEBUG    | petC:doTask:415 - green doTask
2023-08-11 16:46:37.154 | DEBUG    | petC:doTask:415 - green doTask
2023-08-11 16:46:37.185 | DEBUG    | petC:doTask:415 - green doTask
2023-08-11 16:46:37.214 | DEBUG    | petC:doTask:415 - green doTask
2023-08-11 16:46:37.243 | DEBUG    | petC:doTask:415 - green doTask
2023-08-11 16:46:37.275 | DEBUG    | petC:doTask:415 - green doTask
2023-08-11 16:46:37.307 | DEBUG    | petC:doTask:415 - green doTask
2023-08-11 16:46:37.336 | DEBUG    | petC:doTask:415 - green doTask
2023-08-11 16:46:37.359 | DEBUG    | petC:doTask:415 - green doTask
2023-08-11 16:46:37.383 | DEBUG    | petC:doTask:415 - green doTask
2023-08-11 16:46:37.413 | DEBUG    | petC:doTask:415 - green doTask
2023-08-11 16:46:37.440 | DEBUG    | petC:doTask:415 - green doTask
2023-08-11 16:46:37.464 | DEBUG    | petC:doTask:415 - green doTask
2023-08-11 16:46:37.491 | DEBUG    | petC:doTask:415 - green doTask
2023-08-11 16:46:37.518 | DEBUG    | petC:doTask:415 - green doTask
2023-08-11 16:46:37.545 | DEBUG    | petC:doTask:415 - green doTask
2023-08-11 16:46:37.566 | DEBUG    | petC:doTask:415 - green doTask
2023-08-11 16:46:37.589 | DEBUG    | petC:doTask:415 - green doTask
2023-08-11 16:46:37.610 | DEBUG    | petC:doTask:415 - green doTask
2023-08-11 16:46:37.631 | DEBUG    | petC:doTask:415 - green doTask
2023-08-11 16:46:37.656 | DEBUG    | petC:doTask:415 - green doTask
2023-08-11 16:46:37.681 | DEBUG    | petC:doTask:415 - green doTask
2023-08-11 16:46:37.713 | DEBUG    | petC:doTask:415 - green doTask
2023-08-11 16:46:37.745 | DEBUG    | petC:doTask:415 - green doTask
2023-08-11 16:46:37.771 | DEBUG    | petC:doTask:415 - green doTask
2023-08-11 16:46:37.792 | DEBUG    | petC:doTask:415 - green doTask
2023-08-11 16:46:37.817 | DEBUG    | petC:doTask:415 - green doTask
2023-08-11 16:46:37.844 | DEBUG    | petC:doTask:415 - green doTask
2023-08-11 16:46:37.874 | DEBUG    | petC:doTask:415 - green doTask
2023-08-11 16:46:37.908 | DEBUG    | petC:doTask:415 - green doTask
2023-08-11 16:46:37.937 | DEBUG    | petC:doTask:415 - green doTask
2023-08-11 16:46:37.960 | DEBUG    | petC:doTask:415 - green doTask
2023-08-11 16:46:37.985 | DEBUG    | petC:doTask:415 - green doTask
2023-08-11 16:46:38.010 | DEBUG    | petC:doTask:415 - green doTask
2023-08-11 16:46:38.037 | DEBUG    | petC:doTask:415 - green doTask
2023-08-11 16:46:38.069 | DEBUG    | petC:doTask:415 - green doTask
2023-08-11 16:46:38.098 | DEBUG    | petC:doTask:415 - green doTask
2023-08-11 16:46:38.128 | DEBUG    | petC:doTask:415 - green doTask
2023-08-11 16:46:38.155 | DEBUG    | petC:doTask:415 - green doTask
2023-08-11 16:46:38.185 | DEBUG    | petC:doTask:415 - green doTask
2023-08-11 16:46:38.208 | DEBUG    | petC:doTask:415 - green doTask
2023-08-11 16:46:38.231 | DEBUG    | petC:doTask:415 - green doTask
2023-08-11 16:46:38.255 | DEBUG    | petC:doTask:415 - green doTask
2023-08-11 16:46:38.280 | DEBUG    | petC:doTask:415 - green doTask
2023-08-11 16:46:38.306 | DEBUG    | petC:doTask:415 - green doTask
2023-08-11 16:46:38.332 | DEBUG    | petC:doTask:415 - green doTask
2023-08-11 16:46:38.357 | DEBUG    | petC:doTask:415 - green doTask
2023-08-11 16:46:38.378 | DEBUG    | petC:doTask:415 - green doTask
2023-08-11 16:46:38.400 | DEBUG    | petC:doTask:415 - green doTask
2023-08-11 16:46:38.420 | DEBUG    | petC:doTask:415 - green doTask
2023-08-11 16:46:38.441 | DEBUG    | petC:doTask:415 - green doTask
2023-08-11 16:46:38.463 | DEBUG    | petC:doTask:415 - green doTask
2023-08-11 16:46:38.491 | DEBUG    | petC:doTask:415 - green doTask
2023-08-11 16:46:38.522 | DEBUG    | petC:doTask:415 - green doTask
2023-08-11 16:46:38.548 | DEBUG    | petC:doTask:415 - green doTask
2023-08-11 16:46:38.575 | DEBUG    | petC:doTask:415 - green doTask
2023-08-11 16:46:38.597 | DEBUG    | petC:doTask:415 - green doTask
2023-08-11 16:46:38.620 | DEBUG    | petC:doTask:415 - green doTask
2023-08-11 16:46:38.644 | DEBUG    | petC:doTask:415 - green doTask
2023-08-11 16:46:38.674 | DEBUG    | petC:doTask:415 - green doTask
2023-08-11 16:46:38.706 | DEBUG    | petC:doTask:415 - green doTask
2023-08-11 16:46:38.741 | DEBUG    | petC:doTask:415 - green doTask
2023-08-11 16:46:38.773 | DEBUG    | petC:doTask:415 - green doTask
2023-08-11 16:46:38.802 | DEBUG    | petC:doTask:415 - green doTask
2023-08-11 16:46:38.827 | DEBUG    | petC:doTask:415 - green doTask
2023-08-11 16:46:38.852 | DEBUG    | petC:doTask:415 - green doTask
2023-08-11 16:46:38.874 | DEBUG    | petC:doTask:415 - green doTask
2023-08-11 16:46:38.904 | DEBUG    | petC:doTask:415 - green doTask
2023-08-11 16:46:38.935 | DEBUG    | petC:doTask:415 - green doTask
2023-08-11 16:46:38.963 | DEBUG    | petC:doTask:415 - green doTask
2023-08-11 16:46:38.995 | DEBUG    | petC:doTask:415 - green doTask
2023-08-11 16:46:39.020 | DEBUG    | petC:doTask:415 - green doTask
2023-08-11 16:46:39.043 | DEBUG    | petC:doTask:415 - green doTask
2023-08-11 16:46:39.064 | DEBUG    | petC:doTask:415 - green doTask
2023-08-11 16:46:39.089 | DEBUG    | petC:doTask:415 - green doTask
2023-08-11 16:46:39.123 | DEBUG    | petC:doTask:415 - green doTask
2023-08-11 16:46:39.156 | DEBUG    | petC:doTask:415 - green doTask
2023-08-11 16:46:39.191 | DEBUG    | petC:doTask:415 - green doTask
2023-08-11 16:46:39.220 | DEBUG    | petC:doTask:415 - green doTask
2023-08-11 16:46:39.249 | DEBUG    | petC:doTask:415 - green doTask
2023-08-11 16:46:39.274 | DEBUG    | petC:doTask:415 - green doTask
2023-08-11 16:46:39.297 | DEBUG    | petC:doTask:415 - green doTask
2023-08-11 16:46:39.330 | DEBUG    | petC:doTask:415 - green doTask
2023-08-11 16:46:39.362 | DEBUG    | petC:doTask:415 - green doTask
2023-08-11 16:46:39.396 | DEBUG    | petC:doTask:415 - green doTask
2023-08-11 16:46:39.432 | DEBUG    | petC:doTask:415 - green doTask
2023-08-11 16:46:39.457 | DEBUG    | petC:doTask:415 - green doTask
2023-08-11 16:46:39.480 | DEBUG    | petC:doTask:415 - green doTask
2023-08-11 16:46:39.503 | DEBUG    | petC:doTask:415 - green doTask
2023-08-11 16:46:39.534 | DEBUG    | petC:doTask:415 - green doTask
2023-08-11 16:46:39.563 | DEBUG    | petC:doTask:415 - green doTask
2023-08-11 16:46:39.594 | DEBUG    | petC:doTask:415 - green doTask
2023-08-11 16:46:39.626 | DEBUG    | petC:doTask:415 - green doTask
2023-08-11 16:46:39.653 | DEBUG    | petC:doTask:415 - green doTask
2023-08-11 16:46:39.679 | DEBUG    | petC:doTask:415 - green doTask
2023-08-11 16:46:39.705 | DEBUG    | petC:doTask:415 - green doTask
2023-08-11 16:46:39.735 | DEBUG    | petC:doTask:415 - green doTask
2023-08-11 16:46:39.767 | DEBUG    | petC:doTask:415 - green doTask
2023-08-11 16:46:39.798 | DEBUG    | petC:doTask:415 - green doTask
2023-08-11 16:46:39.826 | DEBUG    | petC:doTask:415 - green doTask
2023-08-11 16:46:39.853 | DEBUG    | petC:doTask:415 - green doTask
2023-08-11 16:46:39.876 | DEBUG    | petC:doTask:415 - green doTask
2023-08-11 16:46:39.902 | DEBUG    | petC:doTask:415 - green doTask
2023-08-11 16:46:39.928 | DEBUG    | petC:doTask:415 - green doTask
2023-08-11 16:46:39.958 | DEBUG    | petC:doTask:415 - green doTask
2023-08-11 16:46:40.002 | DEBUG    | petC:doTask:415 - green doTask
2023-08-11 16:46:40.039 | DEBUG    | petC:doTask:415 - green doTask
2023-08-11 16:46:40.066 | DEBUG    | petC:doTask:415 - green doTask
2023-08-11 16:46:40.090 | DEBUG    | petC:doTask:415 - green doTask
2023-08-11 16:46:40.118 | DEBUG    | petC:doTask:415 - green doTask
2023-08-11 16:46:40.147 | DEBUG    | petC:doTask:415 - green doTask
2023-08-11 16:46:40.175 | DEBUG    | petC:doTask:415 - green doTask
2023-08-11 16:46:40.204 | DEBUG    | petC:doTask:415 - green doTask
2023-08-11 16:46:40.233 | DEBUG    | petC:doTask:415 - green doTask
2023-08-11 16:46:40.259 | DEBUG    | petC:doTask:415 - green doTask
2023-08-11 16:46:40.283 | DEBUG    | petC:doTask:415 - green doTask
2023-08-11 16:46:40.306 | DEBUG    | petC:doTask:415 - green doTask
2023-08-11 16:46:40.330 | DEBUG    | petC:doTask:415 - green doTask
2023-08-11 16:46:40.361 | DEBUG    | petC:doTask:415 - green doTask
2023-08-11 16:46:40.387 | DEBUG    | petC:doTask:415 - green doTask
2023-08-11 16:46:40.414 | DEBUG    | petC:doTask:415 - green doTask
2023-08-11 16:46:40.445 | DEBUG    | petC:doTask:415 - green doTask
2023-08-11 16:46:40.474 | DEBUG    | petC:doTask:415 - green doTask
2023-08-11 16:46:40.498 | DEBUG    | petC:doTask:415 - green doTask
2023-08-11 16:46:40.519 | DEBUG    | petC:doTask:415 - green doTask
2023-08-11 16:46:40.541 | DEBUG    | petC:doTask:415 - green doTask
2023-08-11 16:46:40.567 | DEBUG    | petC:doTask:415 - green doTask
2023-08-11 16:46:40.598 | DEBUG    | petC:doTask:415 - green doTask
2023-08-11 16:46:40.629 | DEBUG    | petC:doTask:415 - green doTask
2023-08-11 16:46:40.660 | DEBUG    | petC:doTask:415 - green doTask
2023-08-11 16:46:40.684 | DEBUG    | petC:doTask:415 - green doTask
2023-08-11 16:46:40.707 | DEBUG    | petC:doTask:415 - green doTask
2023-08-11 16:46:40.733 | DEBUG    | petC:doTask:415 - green doTask
2023-08-11 16:46:40.759 | DEBUG    | petC:doTask:415 - green doTask
2023-08-11 16:46:40.791 | DEBUG    | petC:doTask:415 - green doTask
2023-08-11 16:46:40.825 | DEBUG    | petC:doTask:415 - green doTask
2023-08-11 16:46:40.855 | DEBUG    | petC:doTask:415 - green doTask
2023-08-11 16:46:40.883 | DEBUG    | petC:doTask:415 - green doTask
2023-08-11 16:46:40.906 | DEBUG    | petC:doTask:415 - green doTask
2023-08-11 16:46:40.928 | DEBUG    | petC:doTask:415 - green doTask
2023-08-11 16:46:40.950 | DEBUG    | petC:doTask:415 - green doTask
2023-08-11 16:46:40.975 | DEBUG    | petC:doTask:415 - green doTask
2023-08-11 16:46:41.005 | DEBUG    | petC:doTask:415 - green doTask
2023-08-11 16:46:41.036 | DEBUG    | petC:doTask:415 - green doTask
2023-08-11 16:46:41.062 | DEBUG    | petC:doTask:415 - green doTask
2023-08-11 16:46:41.088 | DEBUG    | petC:doTask:415 - green doTask
2023-08-11 16:46:41.112 | DEBUG    | petC:doTask:415 - green doTask
2023-08-11 16:46:41.137 | DEBUG    | petC:doTask:415 - green doTask
2023-08-11 16:46:41.162 | DEBUG    | petC:doTask:415 - green doTask
2023-08-11 16:46:41.191 | DEBUG    | petC:doTask:415 - green doTask
2023-08-11 16:46:41.219 | DEBUG    | petC:doTask:415 - green doTask
2023-08-11 16:46:41.250 | DEBUG    | petC:doTask:415 - green doTask
2023-08-11 16:46:41.278 | DEBUG    | petC:doTask:415 - green doTask
2023-08-11 16:46:41.304 | DEBUG    | petC:doTask:415 - green doTask
2023-08-11 16:46:41.328 | DEBUG    | petC:doTask:415 - green doTask
2023-08-11 16:46:41.352 | DEBUG    | petC:doTask:415 - green doTask
2023-08-11 16:46:41.378 | DEBUG    | petC:doTask:415 - green doTask
2023-08-11 16:46:41.407 | DEBUG    | petC:doTask:415 - green doTask
2023-08-11 16:46:41.439 | DEBUG    | petC:doTask:415 - green doTask
2023-08-11 16:46:41.473 | DEBUG    | petC:doTask:415 - green doTask
2023-08-11 16:46:41.508 | DEBUG    | petC:doTask:415 - green doTask
2023-08-11 16:46:41.538 | DEBUG    | petC:doTask:415 - green doTask
2023-08-11 16:46:41.560 | DEBUG    | petC:doTask:415 - green doTask
2023-08-11 16:46:41.581 | DEBUG    | petC:doTask:415 - green doTask
2023-08-11 16:46:41.607 | DEBUG    | petC:doTask:415 - green doTask
2023-08-11 16:46:41.635 | DEBUG    | petC:doTask:415 - green doTask
2023-08-11 16:46:41.663 | DEBUG    | petC:doTask:415 - green doTask
2023-08-11 16:46:41.690 | DEBUG    | petC:doTask:415 - green doTask
2023-08-11 16:46:41.716 | DEBUG    | petC:doTask:415 - green doTask
2023-08-11 16:46:41.737 | DEBUG    | petC:doTask:415 - green doTask
2023-08-11 16:46:41.759 | DEBUG    | petC:doTask:415 - green doTask
2023-08-11 16:46:41.782 | DEBUG    | petC:doTask:415 - green doTask
2023-08-11 16:46:41.807 | DEBUG    | petC:doTask:415 - green doTask
2023-08-11 16:46:41.837 | DEBUG    | petC:doTask:415 - green doTask
2023-08-11 16:46:41.866 | DEBUG    | petC:doTask:415 - green doTask
2023-08-11 16:46:41.896 | DEBUG    | petC:doTask:415 - green doTask
2023-08-11 16:46:41.924 | DEBUG    | petC:doTask:415 - green doTask
2023-08-11 16:46:41.947 | DEBUG    | petC:doTask:415 - green doTask
2023-08-11 16:46:41.970 | DEBUG    | petC:doTask:415 - green doTask
2023-08-11 16:46:41.993 | DEBUG    | petC:doTask:415 - green doTask
2023-08-11 16:46:42.020 | DEBUG    | petC:doTask:415 - green doTask
2023-08-11 16:46:42.047 | DEBUG    | petC:doTask:415 - green doTask
2023-08-11 16:46:42.075 | DEBUG    | petC:doTask:415 - green doTask
2023-08-11 16:46:42.107 | DEBUG    | petC:doTask:415 - green doTask
2023-08-11 16:46:42.135 | DEBUG    | petC:doTask:415 - green doTask
2023-08-11 16:46:42.159 | DEBUG    | petC:doTask:415 - green doTask
2023-08-11 16:46:42.184 | DEBUG    | petC:doTask:415 - green doTask
2023-08-11 16:46:42.210 | DEBUG    | petC:doTask:415 - green doTask
2023-08-11 16:46:42.241 | DEBUG    | petC:doTask:415 - green doTask
2023-08-11 16:46:42.274 | DEBUG    | petC:doTask:415 - green doTask
2023-08-11 16:46:42.306 | DEBUG    | petC:doTask:415 - green doTask
2023-08-11 16:46:42.337 | DEBUG    | petC:doTask:415 - green doTask
2023-08-11 16:46:42.366 | DEBUG    | petC:doTask:415 - green doTask
2023-08-11 16:46:42.392 | DEBUG    | petC:doTask:415 - green doTask
2023-08-11 16:46:42.415 | DEBUG    | petC:doTask:415 - green doTask
2023-08-11 16:46:42.439 | DEBUG    | petC:doTask:415 - green doTask
2023-08-11 16:46:42.464 | DEBUG    | petC:doTask:415 - green doTask
2023-08-11 16:46:42.493 | DEBUG    | petC:doTask:415 - green doTask
2023-08-11 16:46:42.521 | DEBUG    | petC:doTask:415 - green doTask
2023-08-11 16:46:42.548 | DEBUG    | petC:doTask:415 - green doTask
2023-08-11 16:46:42.571 | DEBUG    | petC:doTask:415 - green doTask
2023-08-11 16:46:42.593 | DEBUG    | petC:doTask:415 - green doTask
2023-08-11 16:46:42.614 | DEBUG    | petC:doTask:415 - green doTask
2023-08-11 16:46:42.635 | DEBUG    | petC:doTask:415 - green doTask
2023-08-11 16:46:42.660 | DEBUG    | petC:doTask:415 - green doTask
2023-08-11 16:46:42.689 | DEBUG    | petC:doTask:415 - green doTask
2023-08-11 16:46:42.718 | DEBUG    | petC:doTask:415 - green doTask
2023-08-11 16:46:42.745 | DEBUG    | petC:doTask:415 - green doTask
2023-08-11 16:46:42.773 | DEBUG    | petC:doTask:415 - green doTask
2023-08-11 16:46:42.795 | DEBUG    | petC:doTask:415 - green doTask
2023-08-11 16:46:42.817 | DEBUG    | petC:doTask:415 - green doTask
2023-08-11 16:46:42.838 | DEBUG    | petC:doTask:415 - green doTask
2023-08-11 16:46:42.863 | DEBUG    | petC:doTask:415 - green doTask
2023-08-11 16:46:42.894 | DEBUG    | petC:doTask:415 - green doTask
2023-08-11 16:46:42.923 | DEBUG    | petC:doTask:415 - green doTask
2023-08-11 16:46:42.953 | DEBUG    | petC:doTask:415 - green doTask
2023-08-11 16:46:42.982 | DEBUG    | petC:doTask:415 - green doTask
2023-08-11 16:46:43.006 | DEBUG    | petC:doTask:415 - green doTask
2023-08-11 16:46:43.031 | DEBUG    | petC:doTask:415 - green doTask
2023-08-11 16:46:43.052 | DEBUG    | petC:doTask:415 - green doTask
